<?xml version="1.0" encoding="UTF-8"?>
<testsuites tests="8" failures="0" errors="0" time="1.008189">
	<testsuite tests="8" failures="0" time="1.008000" name="go.opentelemetry.io/collector/filter" timestamp="2025-07-28T22:03:18-05:00">
		<properties>
			<property name="go.version" value="go1.24.5 linux/amd64"></property>
		</properties>
		<testcase classname="go.opentelemetry.io/collector/filter" name="TestConfig/strict/default" time="0.000000"></testcase>
		<testcase classname="go.opentelemetry.io/collector/filter" name="TestConfig/regexp/default" time="0.000000"></testcase>
		<testcase classname="go.opentelemetry.io/collector/filter" name="TestConfig" time="0.000000"></testcase>
		<testcase classname="go.opentelemetry.io/collector/filter" name="TestMatches" time="0.000000"></testcase>
		<testcase classname="go.opentelemetry.io/collector/filter" name="TestConfigInvalid/invalid/config_both_set" time="0.000000"></testcase>
		<testcase classname="go.opentelemetry.io/collector/filter" name="TestConfigInvalid/invalid/regexp" time="0.000000"></testcase>
		<testcase classname="go.opentelemetry.io/collector/filter" name="TestConfigInvalid/invalid/config_empty" time="0.000000"></testcase>
		<testcase classname="go.opentelemetry.io/collector/filter" name="TestConfigInvalid" time="0.000000"></testcase>
	</testsuite>
</testsuites>