<?xml version="1.0" encoding="UTF-8"?>
<testsuites tests="11" failures="0" errors="0" time="1.012355">
	<testsuite tests="11" failures="0" time="1.012000" name="go.opentelemetry.io/collector/extension/memorylimiterextension" timestamp="2025-07-28T22:03:17-05:00">
		<properties>
			<property name="go.version" value="go1.24.5 linux/amd64"></property>
		</properties>
		<testcase classname="go.opentelemetry.io/collector/extension/memorylimiterextension" name="TestCreateDefaultConfig" time="0.000000"></testcase>
		<testcase classname="go.opentelemetry.io/collector/extension/memorylimiterextension" name="TestCreate" time="0.000000"></testcase>
		<testcase classname="go.opentelemetry.io/collector/extension/memorylimiterextension" name="TestComponentFactoryType" time="0.000000"></testcase>
		<testcase classname="go.opentelemetry.io/collector/extension/memorylimiterextension" name="TestComponentConfigStruct" time="0.000000"></testcase>
		<testcase classname="go.opentelemetry.io/collector/extension/memorylimiterextension" name="TestComponentLifecycle/lifecycle" time="0.000000"></testcase>
		<testcase classname="go.opentelemetry.io/collector/extension/memorylimiterextension" name="TestComponentLifecycle" time="0.000000"></testcase>
		<testcase classname="go.opentelemetry.io/collector/extension/memorylimiterextension" name="TestMemoryPressureResponse/Below_memAllocLimit" time="0.000000"></testcase>
		<testcase classname="go.opentelemetry.io/collector/extension/memorylimiterextension" name="TestMemoryPressureResponse/Above_memAllocLimit" time="0.000000"></testcase>
		<testcase classname="go.opentelemetry.io/collector/extension/memorylimiterextension" name="TestMemoryPressureResponse/Below_memSpikeLimit" time="0.000000"></testcase>
		<testcase classname="go.opentelemetry.io/collector/extension/memorylimiterextension" name="TestMemoryPressureResponse/Above_memSpikeLimit" time="0.000000"></testcase>
		<testcase classname="go.opentelemetry.io/collector/extension/memorylimiterextension" name="TestMemoryPressureResponse" time="0.000000"></testcase>
	</testsuite>
	<testsuite tests="0" failures="0" time="0.000000" name="go.opentelemetry.io/collector/extension/memorylimiterextension/internal/metadata" timestamp="2025-07-28T22:03:17-05:00">
		<properties>
			<property name="go.version" value="go1.24.5 linux/amd64"></property>
		</properties>
	</testsuite>
</testsuites>