<?xml version="1.0" encoding="UTF-8"?>
<testsuites tests="46" failures="0" errors="0" time="0.006995">
	<testsuite tests="19" failures="0" time="0.000000" name="go.opentelemetry.io/collector/pdata/xpdata" timestamp="2025-09-25T17:01:02-05:00">
		<properties>
			<property name="go.version" value="go1.25.1 X:nodwarf5 linux/amd64"></property>
		</properties>
		<testcase classname="go.opentelemetry.io/collector/pdata/xpdata" name="TestMarshalAndUnmarshalAnyValue/IntValue/default" time="0.000000"></testcase>
		<testcase classname="go.opentelemetry.io/collector/pdata/xpdata" name="TestMarshalAndUnmarshalAnyValue/empty" time="0.000000"></testcase>
		<testcase classname="go.opentelemetry.io/collector/pdata/xpdata" name="TestMarshalAndUnmarshalAnyValue/StringValue/default" time="0.000000"></testcase>
		<testcase classname="go.opentelemetry.io/collector/pdata/xpdata" name="TestMarshalAndUnmarshalAnyValue/IntValue/test" time="0.000000"></testcase>
		<testcase classname="go.opentelemetry.io/collector/pdata/xpdata" name="TestMarshalAndUnmarshalAnyValue/DoubleValue/test" time="0.000000"></testcase>
		<testcase classname="go.opentelemetry.io/collector/pdata/xpdata" name="TestMarshalAndUnmarshalAnyValue/ArrayValue/default" time="0.000000"></testcase>
		<testcase classname="go.opentelemetry.io/collector/pdata/xpdata" name="TestMarshalAndUnmarshalAnyValue/ArrayValue/test" time="0.000000"></testcase>
		<testcase classname="go.opentelemetry.io/collector/pdata/xpdata" name="TestMarshalAndUnmarshalAnyValue/KvlistValue/test" time="0.000000"></testcase>
		<testcase classname="go.opentelemetry.io/collector/pdata/xpdata" name="TestMarshalAndUnmarshalAnyValue/BytesValue/default" time="0.000000"></testcase>
		<testcase classname="go.opentelemetry.io/collector/pdata/xpdata" name="TestMarshalAndUnmarshalAnyValue/StringValue/test" time="0.000000"></testcase>
		<testcase classname="go.opentelemetry.io/collector/pdata/xpdata" name="TestMarshalAndUnmarshalAnyValue/BoolValue/test" time="0.000000"></testcase>
		<testcase classname="go.opentelemetry.io/collector/pdata/xpdata" name="TestMarshalAndUnmarshalAnyValue/DoubleValue/default" time="0.000000"></testcase>
		<testcase classname="go.opentelemetry.io/collector/pdata/xpdata" name="TestMarshalAndUnmarshalAnyValue/BytesValue/test" time="0.000000"></testcase>
		<testcase classname="go.opentelemetry.io/collector/pdata/xpdata" name="TestMarshalAndUnmarshalAnyValue/BoolValue/default" time="0.000000"></testcase>
		<testcase classname="go.opentelemetry.io/collector/pdata/xpdata" name="TestMarshalAndUnmarshalAnyValue/KvlistValue/default" time="0.000000"></testcase>
		<testcase classname="go.opentelemetry.io/collector/pdata/xpdata" name="TestMarshalAndUnmarshalAnyValue" time="0.000000"></testcase>
		<testcase classname="go.opentelemetry.io/collector/pdata/xpdata" name="TestUnmarshalAnyValueUnknown" time="0.000000"></testcase>
		<testcase classname="go.opentelemetry.io/collector/pdata/xpdata" name="TestMapBuilder" time="0.000000"></testcase>
		<testcase classname="go.opentelemetry.io/collector/pdata/xpdata" name="FuzzUnmarshalJSONAnyValue" time="0.000000"></testcase>
	</testsuite>
	<testsuite tests="16" failures="0" time="0.000000" name="go.opentelemetry.io/collector/pdata/xpdata/entity" timestamp="2025-09-25T17:01:02-05:00">
		<properties>
			<property name="go.version" value="go1.25.1 X:nodwarf5 linux/amd64"></property>
		</properties>
		<testcase classname="go.opentelemetry.io/collector/pdata/xpdata/entity" name="TestEntityRef_MoveTo" time="0.000000"></testcase>
		<testcase classname="go.opentelemetry.io/collector/pdata/xpdata/entity" name="TestEntityRef_CopyTo" time="0.000000"></testcase>
		<testcase classname="go.opentelemetry.io/collector/pdata/xpdata/entity" name="TestEntityRef_SchemaUrl" time="0.000000"></testcase>
		<testcase classname="go.opentelemetry.io/collector/pdata/xpdata/entity" name="TestEntityRef_Type" time="0.000000"></testcase>
		<testcase classname="go.opentelemetry.io/collector/pdata/xpdata/entity" name="TestEntityRef_IdKeys" time="0.000000"></testcase>
		<testcase classname="go.opentelemetry.io/collector/pdata/xpdata/entity" name="TestEntityRef_DescriptionKeys" time="0.000000"></testcase>
		<testcase classname="go.opentelemetry.io/collector/pdata/xpdata/entity" name="TestEntityRefSlice" time="0.000000"></testcase>
		<testcase classname="go.opentelemetry.io/collector/pdata/xpdata/entity" name="TestEntityRefSliceReadOnly" time="0.000000"></testcase>
		<testcase classname="go.opentelemetry.io/collector/pdata/xpdata/entity" name="TestEntityRefSlice_CopyTo" time="0.000000"></testcase>
		<testcase classname="go.opentelemetry.io/collector/pdata/xpdata/entity" name="TestEntityRefSlice_EnsureCapacity" time="0.000000"></testcase>
		<testcase classname="go.opentelemetry.io/collector/pdata/xpdata/entity" name="TestEntityRefSlice_MoveAndAppendTo" time="0.000000"></testcase>
		<testcase classname="go.opentelemetry.io/collector/pdata/xpdata/entity" name="TestEntityRefSlice_RemoveIf" time="0.000000"></testcase>
		<testcase classname="go.opentelemetry.io/collector/pdata/xpdata/entity" name="TestEntityRefSlice_RemoveIfAll" time="0.000000"></testcase>
		<testcase classname="go.opentelemetry.io/collector/pdata/xpdata/entity" name="TestEntityRefSliceAll" time="0.000000"></testcase>
		<testcase classname="go.opentelemetry.io/collector/pdata/xpdata/entity" name="TestEntityRefSlice_Sort" time="0.000000"></testcase>
		<testcase classname="go.opentelemetry.io/collector/pdata/xpdata/entity" name="TestResourceEntityRefs" time="0.000000"></testcase>
	</testsuite>
	<testsuite tests="0" failures="0" time="0.000000" name="go.opentelemetry.io/collector/pdata/xpdata/pref" timestamp="2025-09-25T17:01:02-05:00">
		<properties>
			<property name="go.version" value="go1.25.1 X:nodwarf5 linux/amd64"></property>
		</properties>
	</testsuite>
	<testsuite tests="11" failures="0" time="0.000000" name="go.opentelemetry.io/collector/pdata/xpdata/request" timestamp="2025-09-25T17:01:02-05:00">
		<properties>
			<property name="go.version" value="go1.25.1 X:nodwarf5 linux/amd64"></property>
		</properties>
		<testcase classname="go.opentelemetry.io/collector/pdata/xpdata/request" name="TestEncodeDecodeContext/without_client_address" time="0.000000"></testcase>
		<testcase classname="go.opentelemetry.io/collector/pdata/xpdata/request" name="TestEncodeDecodeContext/with_client_IP_address" time="0.000000"></testcase>
		<testcase classname="go.opentelemetry.io/collector/pdata/xpdata/request" name="TestEncodeDecodeContext/with_client_TCP_address" time="0.000000"></testcase>
		<testcase classname="go.opentelemetry.io/collector/pdata/xpdata/request" name="TestEncodeDecodeContext/with_client_UDP_address" time="0.000000"></testcase>
		<testcase classname="go.opentelemetry.io/collector/pdata/xpdata/request" name="TestEncodeDecodeContext/with_client_unix_address" time="0.000000"></testcase>
		<testcase classname="go.opentelemetry.io/collector/pdata/xpdata/request" name="TestEncodeDecodeContext" time="0.000000"></testcase>
		<testcase classname="go.opentelemetry.io/collector/pdata/xpdata/request" name="TestMarshalUnmarshalLogsRequest" time="0.000000"></testcase>
		<testcase classname="go.opentelemetry.io/collector/pdata/xpdata/request" name="TestMarshalUnmarshalMetricsRequest" time="0.000000"></testcase>
		<testcase classname="go.opentelemetry.io/collector/pdata/xpdata/request" name="TestMarshalUnmarshalProfilesRequest" time="0.000000"></testcase>
		<testcase classname="go.opentelemetry.io/collector/pdata/xpdata/request" name="TestMarshalUnmarshalTracesRequest" time="0.000000"></testcase>
		<testcase classname="go.opentelemetry.io/collector/pdata/xpdata/request" name="TestIsRequestPayloadV1" time="0.000000"></testcase>
	</testsuite>
	<testsuite tests="0" failures="0" time="0.000000" name="go.opentelemetry.io/collector/pdata/xpdata/request/internal" timestamp="2025-09-25T17:01:02-05:00">
		<properties>
			<property name="go.version" value="go1.25.1 X:nodwarf5 linux/amd64"></property>
		</properties>
	</testsuite>
</testsuites>