<?xml version="1.0" encoding="UTF-8"?>
<testsuites tests="60" failures="0" errors="0" time="19.908692">
	<testsuite tests="60" failures="0" time="19.909000" name="go.opentelemetry.io/collector/exporter/otlpexporter" timestamp="2025-07-30T15:41:12-05:00">
		<properties>
			<property name="go.version" value="go1.24.5 linux/amd64"></property>
		</properties>
		<testcase classname="go.opentelemetry.io/collector/exporter/otlpexporter" name="TestUnmarshalDefaultConfig" time="0.000000"></testcase>
		<testcase classname="go.opentelemetry.io/collector/exporter/otlpexporter" name="TestUnmarshalConfig" time="0.000000"></testcase>
		<testcase classname="go.opentelemetry.io/collector/exporter/otlpexporter" name="TestUnmarshalInvalidConfig/no_endpoint" time="0.000000"></testcase>
		<testcase classname="go.opentelemetry.io/collector/exporter/otlpexporter" name="TestUnmarshalInvalidConfig/https_endpoint" time="0.000000"></testcase>
		<testcase classname="go.opentelemetry.io/collector/exporter/otlpexporter" name="TestUnmarshalInvalidConfig/http_endpoint" time="0.000000"></testcase>
		<testcase classname="go.opentelemetry.io/collector/exporter/otlpexporter" name="TestUnmarshalInvalidConfig/invalid_timeout" time="0.000000"></testcase>
		<testcase classname="go.opentelemetry.io/collector/exporter/otlpexporter" name="TestUnmarshalInvalidConfig/invalid_retry" time="0.000000"></testcase>
		<testcase classname="go.opentelemetry.io/collector/exporter/otlpexporter" name="TestUnmarshalInvalidConfig/invalid_tls" time="0.000000"></testcase>
		<testcase classname="go.opentelemetry.io/collector/exporter/otlpexporter" name="TestUnmarshalInvalidConfig/missing_port" time="0.000000"></testcase>
		<testcase classname="go.opentelemetry.io/collector/exporter/otlpexporter" name="TestUnmarshalInvalidConfig/invalid_port" time="0.000000"></testcase>
		<testcase classname="go.opentelemetry.io/collector/exporter/otlpexporter" name="TestUnmarshalInvalidConfig" time="0.010000"></testcase>
		<testcase classname="go.opentelemetry.io/collector/exporter/otlpexporter" name="TestValidDNSEndpoint" time="0.000000"></testcase>
		<testcase classname="go.opentelemetry.io/collector/exporter/otlpexporter" name="TestSanitizeEndpoint" time="0.000000"></testcase>
		<testcase classname="go.opentelemetry.io/collector/exporter/otlpexporter" name="TestCreateDefaultConfig" time="0.000000"></testcase>
		<testcase classname="go.opentelemetry.io/collector/exporter/otlpexporter" name="TestCreateMetrics" time="0.000000"></testcase>
		<testcase classname="go.opentelemetry.io/collector/exporter/otlpexporter" name="TestCreateTraces/UseSecure" time="0.000000"></testcase>
		<testcase classname="go.opentelemetry.io/collector/exporter/otlpexporter" name="TestCreateTraces/Keepalive" time="0.000000"></testcase>
		<testcase classname="go.opentelemetry.io/collector/exporter/otlpexporter" name="TestCreateTraces/NoneCompression" time="0.000000"></testcase>
		<testcase classname="go.opentelemetry.io/collector/exporter/otlpexporter" name="TestCreateTraces/GzipCompression" time="0.000000"></testcase>
		<testcase classname="go.opentelemetry.io/collector/exporter/otlpexporter" name="TestCreateTraces/SnappyCompression" time="0.000000"></testcase>
		<testcase classname="go.opentelemetry.io/collector/exporter/otlpexporter" name="TestCreateTraces/ZstdCompression" time="0.000000"></testcase>
		<testcase classname="go.opentelemetry.io/collector/exporter/otlpexporter" name="TestCreateTraces/Headers" time="0.000000"></testcase>
		<testcase classname="go.opentelemetry.io/collector/exporter/otlpexporter" name="TestCreateTraces/NumConsumers" time="0.000000"></testcase>
		<testcase classname="go.opentelemetry.io/collector/exporter/otlpexporter" name="TestCreateTraces/CaCert" time="0.000000"></testcase>
		<testcase classname="go.opentelemetry.io/collector/exporter/otlpexporter" name="TestCreateTraces/CertPemFileError" time="0.000000"></testcase>
		<testcase classname="go.opentelemetry.io/collector/exporter/otlpexporter" name="TestCreateTraces" time="0.010000"></testcase>
		<testcase classname="go.opentelemetry.io/collector/exporter/otlpexporter" name="TestCreateLogs" time="0.000000"></testcase>
		<testcase classname="go.opentelemetry.io/collector/exporter/otlpexporter" name="TestCreateProfiles/UseSecure" time="0.000000"></testcase>
		<testcase classname="go.opentelemetry.io/collector/exporter/otlpexporter" name="TestCreateProfiles/Keepalive" time="0.000000"></testcase>
		<testcase classname="go.opentelemetry.io/collector/exporter/otlpexporter" name="TestCreateProfiles/NoneCompression" time="0.000000"></testcase>
		<testcase classname="go.opentelemetry.io/collector/exporter/otlpexporter" name="TestCreateProfiles/GzipCompression" time="0.000000"></testcase>
		<testcase classname="go.opentelemetry.io/collector/exporter/otlpexporter" name="TestCreateProfiles/SnappyCompression" time="0.000000"></testcase>
		<testcase classname="go.opentelemetry.io/collector/exporter/otlpexporter" name="TestCreateProfiles/ZstdCompression" time="0.000000"></testcase>
		<testcase classname="go.opentelemetry.io/collector/exporter/otlpexporter" name="TestCreateProfiles/Headers" time="0.000000"></testcase>
		<testcase classname="go.opentelemetry.io/collector/exporter/otlpexporter" name="TestCreateProfiles/NumConsumers" time="0.000000"></testcase>
		<testcase classname="go.opentelemetry.io/collector/exporter/otlpexporter" name="TestCreateProfiles/CaCert" time="0.000000"></testcase>
		<testcase classname="go.opentelemetry.io/collector/exporter/otlpexporter" name="TestCreateProfiles/CertPemFileError" time="0.000000"></testcase>
		<testcase classname="go.opentelemetry.io/collector/exporter/otlpexporter" name="TestCreateProfiles" time="0.010000"></testcase>
		<testcase classname="go.opentelemetry.io/collector/exporter/otlpexporter" name="TestComponentFactoryType" time="0.000000"></testcase>
		<testcase classname="go.opentelemetry.io/collector/exporter/otlpexporter" name="TestComponentConfigStruct" time="0.000000"></testcase>
		<testcase classname="go.opentelemetry.io/collector/exporter/otlpexporter" name="TestComponentLifecycle/logs-shutdown" time="0.000000"></testcase>
		<testcase classname="go.opentelemetry.io/collector/exporter/otlpexporter" name="TestComponentLifecycle/logs-lifecycle" time="3.660000"></testcase>
		<testcase classname="go.opentelemetry.io/collector/exporter/otlpexporter" name="TestComponentLifecycle/metrics-shutdown" time="0.000000"></testcase>
		<testcase classname="go.opentelemetry.io/collector/exporter/otlpexporter" name="TestComponentLifecycle/metrics-lifecycle" time="4.000000"></testcase>
		<testcase classname="go.opentelemetry.io/collector/exporter/otlpexporter" name="TestComponentLifecycle/traces-shutdown" time="0.000000"></testcase>
		<testcase classname="go.opentelemetry.io/collector/exporter/otlpexporter" name="TestComponentLifecycle/traces-lifecycle" time="4.000000"></testcase>
		<testcase classname="go.opentelemetry.io/collector/exporter/otlpexporter" name="TestComponentLifecycle" time="11.660000"></testcase>
		<testcase classname="go.opentelemetry.io/collector/exporter/otlpexporter" name="TestSendTraces" time="0.010000"></testcase>
		<testcase classname="go.opentelemetry.io/collector/exporter/otlpexporter" name="TestSendTracesWhenEndpointHasHttpScheme/Use_https_scheme" time="0.010000"></testcase>
		<testcase classname="go.opentelemetry.io/collector/exporter/otlpexporter" name="TestSendTracesWhenEndpointHasHttpScheme/Use_http_scheme" time="0.010000"></testcase>
		<testcase classname="go.opentelemetry.io/collector/exporter/otlpexporter" name="TestSendTracesWhenEndpointHasHttpScheme" time="0.010000"></testcase>
		<testcase classname="go.opentelemetry.io/collector/exporter/otlpexporter" name="TestSendMetrics" time="0.010000"></testcase>
		<testcase classname="go.opentelemetry.io/collector/exporter/otlpexporter" name="TestSendTraceDataServerDownAndUp" time="4.019000"></testcase>
		<testcase classname="go.opentelemetry.io/collector/exporter/otlpexporter" name="TestSendTraceDataServerStartWhileRequest" time="2.000000"></testcase>
		<testcase classname="go.opentelemetry.io/collector/exporter/otlpexporter" name="TestSendTracesOnResourceExhaustion" time="1.110000"></testcase>
		<testcase classname="go.opentelemetry.io/collector/exporter/otlpexporter" name="TestSendLogData" time="0.010000"></testcase>
		<testcase classname="go.opentelemetry.io/collector/exporter/otlpexporter" name="TestSendProfiles" time="0.010000"></testcase>
		<testcase classname="go.opentelemetry.io/collector/exporter/otlpexporter" name="TestSendProfilesWhenEndpointHasHttpScheme/Use_https_scheme" time="0.010000"></testcase>
		<testcase classname="go.opentelemetry.io/collector/exporter/otlpexporter" name="TestSendProfilesWhenEndpointHasHttpScheme/Use_http_scheme" time="0.010000"></testcase>
		<testcase classname="go.opentelemetry.io/collector/exporter/otlpexporter" name="TestSendProfilesWhenEndpointHasHttpScheme" time="0.010000"></testcase>
	</testsuite>
	<testsuite tests="0" failures="0" time="0.000000" name="go.opentelemetry.io/collector/exporter/otlpexporter/internal/metadata" timestamp="2025-07-30T15:41:12-05:00">
		<properties>
			<property name="go.version" value="go1.24.5 linux/amd64"></property>
		</properties>
	</testsuite>
</testsuites>