<?xml version="1.0" encoding="UTF-8"?>
<testsuites tests="1" failures="0" errors="0" time="0.000079">
	<testsuite tests="1" failures="0" time="0.000000" name="go.opentelemetry.io/collector/confmap/provider/httpsprovider" timestamp="2025-09-25T17:00:58-05:00">
		<properties>
			<property name="go.version" value="go1.25.1 X:nodwarf5 linux/amd64"></property>
		</properties>
		<testcase classname="go.opentelemetry.io/collector/confmap/provider/httpsprovider" name="TestSupportedScheme" time="0.000000"></testcase>
	</testsuite>
</testsuites>