<?xml version="1.0" encoding="UTF-8"?>
<testsuites tests="1" failures="0" errors="0" time="1.008924">
	<testsuite tests="1" failures="0" time="1.008000" name="go.opentelemetry.io/collector/extension/extensiontest" timestamp="2025-07-28T22:03:17-05:00">
		<properties>
			<property name="go.version" value="go1.24.5 linux/amd64"></property>
		</properties>
		<testcase classname="go.opentelemetry.io/collector/extension/extensiontest" name="TestNewNopFactory" time="0.000000"></testcase>
	</testsuite>
</testsuites>