<?xml version="1.0" encoding="UTF-8"?>
<testsuites tests="244" failures="2" errors="0" time="0.984190">
	<testsuite tests="0" failures="0" time="0.000000" name="go.opentelemetry.io/collector/cmd/mdatagen" timestamp="2025-07-31T10:51:58-05:00">
		<properties>
			<property name="go.version" value="go1.24.5 linux/amd64"></property>
		</properties>
	</testsuite>
	<testsuite tests="124" failures="0" time="0.003000" name="go.opentelemetry.io/collector/cmd/mdatagen/internal" timestamp="2025-07-31T10:51:58-05:00">
		<properties>
			<property name="go.version" value="go1.24.5 linux/amd64"></property>
		</properties>
		<testcase classname="go.opentelemetry.io/collector/cmd/mdatagen/internal" name="TestNewCommand" time="0.000000"></testcase>
		<testcase classname="go.opentelemetry.io/collector/cmd/mdatagen/internal" name="TestRunContents/invalid.yaml" time="0.000000"></testcase>
		<testcase classname="go.opentelemetry.io/collector/cmd/mdatagen/internal" name="TestRunContents/basic_connector.yaml" time="0.020000"></testcase>
		<testcase classname="go.opentelemetry.io/collector/cmd/mdatagen/internal" name="TestRunContents/basic_receiver.yaml" time="0.030000"></testcase>
		<testcase classname="go.opentelemetry.io/collector/cmd/mdatagen/internal" name="TestRunContents/basic_pkg.yaml" time="0.010000"></testcase>
		<testcase classname="go.opentelemetry.io/collector/cmd/mdatagen/internal" name="TestRunContents/metrics_and_type.yaml" time="0.060000"></testcase>
		<testcase classname="go.opentelemetry.io/collector/cmd/mdatagen/internal" name="TestRunContents/resource_attributes_only.yaml" time="0.070000"></testcase>
		<testcase classname="go.opentelemetry.io/collector/cmd/mdatagen/internal" name="TestRunContents/status_only.yaml" time="0.030000"></testcase>
		<testcase classname="go.opentelemetry.io/collector/cmd/mdatagen/internal" name="TestRunContents/with_tests_receiver.yaml" time="0.040000"></testcase>
		<testcase classname="go.opentelemetry.io/collector/cmd/mdatagen/internal" name="TestRunContents/with_tests_exporter.yaml" time="0.030000"></testcase>
		<testcase classname="go.opentelemetry.io/collector/cmd/mdatagen/internal" name="TestRunContents/with_tests_processor.yaml" time="0.030000"></testcase>
		<testcase classname="go.opentelemetry.io/collector/cmd/mdatagen/internal" name="TestRunContents/with_tests_extension.yaml" time="0.020000"></testcase>
		<testcase classname="go.opentelemetry.io/collector/cmd/mdatagen/internal" name="TestRunContents/with_tests_connector.yaml" time="0.030000"></testcase>
		<testcase classname="go.opentelemetry.io/collector/cmd/mdatagen/internal" name="TestRunContents/with_goleak_ignores.yaml" time="0.040000"></testcase>
		<testcase classname="go.opentelemetry.io/collector/cmd/mdatagen/internal" name="TestRunContents/with_goleak_skip.yaml" time="0.050000"></testcase>
		<testcase classname="go.opentelemetry.io/collector/cmd/mdatagen/internal" name="TestRunContents/with_goleak_setup.yaml" time="0.050000"></testcase>
		<testcase classname="go.opentelemetry.io/collector/cmd/mdatagen/internal" name="TestRunContents/with_goleak_teardown.yaml" time="0.030000"></testcase>
		<testcase classname="go.opentelemetry.io/collector/cmd/mdatagen/internal" name="TestRunContents/with_telemetry.yaml" time="0.060000"></testcase>
		<testcase classname="go.opentelemetry.io/collector/cmd/mdatagen/internal" name="TestRunContents/invalid_telemetry_missing_value_type_for_histogram.yaml" time="0.010000"></testcase>
		<testcase classname="go.opentelemetry.io/collector/cmd/mdatagen/internal" name="TestRunContents/async_metric.yaml" time="0.050000"></testcase>
		<testcase classname="go.opentelemetry.io/collector/cmd/mdatagen/internal" name="TestRunContents/custom_generated_package_name.yaml" time="0.030000"></testcase>
		<testcase classname="go.opentelemetry.io/collector/cmd/mdatagen/internal" name="TestRunContents/with_optional_attribute.yaml" time="0.100000"></testcase>
		<testcase classname="go.opentelemetry.io/collector/cmd/mdatagen/internal" name="TestRunContents/events/basic_event.yaml" time="0.060000"></testcase>
		<testcase classname="go.opentelemetry.io/collector/cmd/mdatagen/internal" name="TestRunContents" time="0.850000"></testcase>
		<testcase classname="go.opentelemetry.io/collector/cmd/mdatagen/internal" name="TestRun/no_argument" time="0.000000"></testcase>
		<testcase classname="go.opentelemetry.io/collector/cmd/mdatagen/internal" name="TestRun/no_such_file" time="0.000000"></testcase>
		<testcase classname="go.opentelemetry.io/collector/cmd/mdatagen/internal" name="TestRun" time="0.000000"></testcase>
		<testcase classname="go.opentelemetry.io/collector/cmd/mdatagen/internal" name="TestInlineReplace/readme_with_empty_status" time="0.000000"></testcase>
		<testcase classname="go.opentelemetry.io/collector/cmd/mdatagen/internal" name="TestInlineReplace/readme_with_status_for_extension" time="0.000000"></testcase>
		<testcase classname="go.opentelemetry.io/collector/cmd/mdatagen/internal" name="TestInlineReplace/readme_with_status_for_converter" time="0.000000"></testcase>
		<testcase classname="go.opentelemetry.io/collector/cmd/mdatagen/internal" name="TestInlineReplace/readme_with_status_for_provider" time="0.000000"></testcase>
		<testcase classname="go.opentelemetry.io/collector/cmd/mdatagen/internal" name="TestInlineReplace/readme_with_status_with_codeowners_and_seeking_new" time="0.000000"></testcase>
		<testcase classname="go.opentelemetry.io/collector/cmd/mdatagen/internal" name="TestInlineReplace/readme_with_status_with_codeowners_and_emeritus" time="0.000000"></testcase>
		<testcase classname="go.opentelemetry.io/collector/cmd/mdatagen/internal" name="TestInlineReplace/readme_with_status_with_codeowners" time="0.000000"></testcase>
		<testcase classname="go.opentelemetry.io/collector/cmd/mdatagen/internal" name="TestInlineReplace/readme_with_status_table" time="0.000000"></testcase>
		<testcase classname="go.opentelemetry.io/collector/cmd/mdatagen/internal" name="TestInlineReplace/readme_with_no_status" time="0.000000"></testcase>
		<testcase classname="go.opentelemetry.io/collector/cmd/mdatagen/internal" name="TestInlineReplace/component_with_warnings" time="0.000000"></testcase>
		<testcase classname="go.opentelemetry.io/collector/cmd/mdatagen/internal" name="TestInlineReplace/readme_with_multiple_signals" time="0.000000"></testcase>
		<testcase classname="go.opentelemetry.io/collector/cmd/mdatagen/internal" name="TestInlineReplace/readme_with_multiple_signals_and_deprecation" time="0.000000"></testcase>
		<testcase classname="go.opentelemetry.io/collector/cmd/mdatagen/internal" name="TestInlineReplace/readme_with_cmd_class" time="0.000000"></testcase>
		<testcase classname="go.opentelemetry.io/collector/cmd/mdatagen/internal" name="TestInlineReplace" time="0.040000"></testcase>
		<testcase classname="go.opentelemetry.io/collector/cmd/mdatagen/internal" name="TestGenerateStatusMetadata/foo_component_with_beta_status" time="0.000000"></testcase>
		<testcase classname="go.opentelemetry.io/collector/cmd/mdatagen/internal" name="TestGenerateStatusMetadata/foo_component_with_alpha_status" time="0.000000"></testcase>
		<testcase classname="go.opentelemetry.io/collector/cmd/mdatagen/internal" name="TestGenerateStatusMetadata" time="0.000000"></testcase>
		<testcase classname="go.opentelemetry.io/collector/cmd/mdatagen/internal" name="TestGenerateTelemetryMetadata/foo_component_with_beta_status" time="0.000000"></testcase>
		<testcase classname="go.opentelemetry.io/collector/cmd/mdatagen/internal" name="TestGenerateTelemetryMetadata/foo_component_with_alpha_status" time="0.000000"></testcase>
		<testcase classname="go.opentelemetry.io/collector/cmd/mdatagen/internal" name="TestGenerateTelemetryMetadata" time="0.010000"></testcase>
		<testcase classname="go.opentelemetry.io/collector/cmd/mdatagen/internal" name="TestEventNameRender" time="0.000000"></testcase>
		<testcase classname="go.opentelemetry.io/collector/cmd/mdatagen/internal" name="TestFormatIdentifier/max.cpu" time="0.000000"></testcase>
		<testcase classname="go.opentelemetry.io/collector/cmd/mdatagen/internal" name="TestFormatIdentifier/max.foo" time="0.000000"></testcase>
		<testcase classname="go.opentelemetry.io/collector/cmd/mdatagen/internal" name="TestFormatIdentifier/cpu.utilization" time="0.000000"></testcase>
		<testcase classname="go.opentelemetry.io/collector/cmd/mdatagen/internal" name="TestFormatIdentifier/cpu" time="0.000000"></testcase>
		<testcase classname="go.opentelemetry.io/collector/cmd/mdatagen/internal" name="TestFormatIdentifier/max.ip.addr" time="0.000000"></testcase>
		<testcase classname="go.opentelemetry.io/collector/cmd/mdatagen/internal" name="TestFormatIdentifier/some_metric" time="0.000000"></testcase>
		<testcase classname="go.opentelemetry.io/collector/cmd/mdatagen/internal" name="TestFormatIdentifier/some-metric" time="0.000000"></testcase>
		<testcase classname="go.opentelemetry.io/collector/cmd/mdatagen/internal" name="TestFormatIdentifier/Upper.Case" time="0.000000"></testcase>
		<testcase classname="go.opentelemetry.io/collector/cmd/mdatagen/internal" name="TestFormatIdentifier/max.ip6" time="0.000000"></testcase>
		<testcase classname="go.opentelemetry.io/collector/cmd/mdatagen/internal" name="TestFormatIdentifier/max.ip6.idle" time="0.000000"></testcase>
		<testcase classname="go.opentelemetry.io/collector/cmd/mdatagen/internal" name="TestFormatIdentifier/node_netstat_IpExt_OutOctets" time="0.000000"></testcase>
		<testcase classname="go.opentelemetry.io/collector/cmd/mdatagen/internal" name="TestFormatIdentifier/cpu.state" time="0.000000"></testcase>
		<testcase classname="go.opentelemetry.io/collector/cmd/mdatagen/internal" name="TestFormatIdentifier/#00" time="0.000000"></testcase>
		<testcase classname="go.opentelemetry.io/collector/cmd/mdatagen/internal" name="TestFormatIdentifier" time="0.000000"></testcase>
		<testcase classname="go.opentelemetry.io/collector/cmd/mdatagen/internal" name="TestTwoPackagesInDirectory" time="0.000000"></testcase>
		<testcase classname="go.opentelemetry.io/collector/cmd/mdatagen/internal" name="TestLoadMetadata/samplereceiver/metadata.yaml" time="0.080000"></testcase>
		<testcase classname="go.opentelemetry.io/collector/cmd/mdatagen/internal" name="TestLoadMetadata/testdata/parent.yaml" time="0.010000"></testcase>
		<testcase classname="go.opentelemetry.io/collector/cmd/mdatagen/internal" name="TestLoadMetadata/testdata/generated_package_name.yaml" time="0.010000"></testcase>
		<testcase classname="go.opentelemetry.io/collector/cmd/mdatagen/internal" name="TestLoadMetadata/testdata/empty_test_config.yaml" time="0.010000"></testcase>
		<testcase classname="go.opentelemetry.io/collector/cmd/mdatagen/internal" name="TestLoadMetadata/testdata/invalid_type_rattr.yaml" time="0.000000"></testcase>
		<testcase classname="go.opentelemetry.io/collector/cmd/mdatagen/internal" name="TestLoadMetadata/testdata/no_enabled.yaml" time="0.000000"></testcase>
		<testcase classname="go.opentelemetry.io/collector/cmd/mdatagen/internal" name="TestLoadMetadata/testdata/events/no_enabled.yaml" time="0.000000"></testcase>
		<testcase classname="go.opentelemetry.io/collector/cmd/mdatagen/internal" name="TestLoadMetadata/testdata/no_value_type.yaml" time="0.000000"></testcase>
		<testcase classname="go.opentelemetry.io/collector/cmd/mdatagen/internal" name="TestLoadMetadata/testdata/unknown_value_type.yaml" time="0.000000"></testcase>
		<testcase classname="go.opentelemetry.io/collector/cmd/mdatagen/internal" name="TestLoadMetadata/testdata/invalid_aggregation.yaml" time="0.000000"></testcase>
		<testcase classname="go.opentelemetry.io/collector/cmd/mdatagen/internal" name="TestLoadMetadata/testdata/invalid_type_attr.yaml" time="0.000000"></testcase>
		<testcase classname="go.opentelemetry.io/collector/cmd/mdatagen/internal" name="TestLoadMetadata/testdata/~~this_file_doesn&#39;t_exist~~.yaml" time="0.000000"></testcase>
		<testcase classname="go.opentelemetry.io/collector/cmd/mdatagen/internal" name="TestLoadMetadata" time="0.130000"></testcase>
		<testcase classname="go.opentelemetry.io/collector/cmd/mdatagen/internal" name="TestValidate/testdata/no_type.yaml" time="0.010000"></testcase>
		<testcase classname="go.opentelemetry.io/collector/cmd/mdatagen/internal" name="TestValidate/testdata/no_status.yaml" time="0.000000"></testcase>
		<testcase classname="go.opentelemetry.io/collector/cmd/mdatagen/internal" name="TestValidate/testdata/no_class.yaml" time="0.010000"></testcase>
		<testcase classname="go.opentelemetry.io/collector/cmd/mdatagen/internal" name="TestValidate/testdata/invalid_class.yaml" time="0.000000"></testcase>
		<testcase classname="go.opentelemetry.io/collector/cmd/mdatagen/internal" name="TestValidate/testdata/no_stability.yaml" time="0.000000"></testcase>
		<testcase classname="go.opentelemetry.io/collector/cmd/mdatagen/internal" name="TestValidate/testdata/no_deprecation_info.yaml" time="0.010000"></testcase>
		<testcase classname="go.opentelemetry.io/collector/cmd/mdatagen/internal" name="TestValidate/testdata/no_deprecation_date_info.yaml" time="0.010000"></testcase>
		<testcase classname="go.opentelemetry.io/collector/cmd/mdatagen/internal" name="TestValidate/testdata/no_deprecation_migration_info.yaml" time="0.010000"></testcase>
		<testcase classname="go.opentelemetry.io/collector/cmd/mdatagen/internal" name="TestValidate/testdata/deprecation_info_invalid_date.yaml" time="0.000000"></testcase>
		<testcase classname="go.opentelemetry.io/collector/cmd/mdatagen/internal" name="TestValidate/testdata/invalid_stability.yaml" time="0.000000"></testcase>
		<testcase classname="go.opentelemetry.io/collector/cmd/mdatagen/internal" name="TestValidate/testdata/no_stability_component.yaml" time="0.010000"></testcase>
		<testcase classname="go.opentelemetry.io/collector/cmd/mdatagen/internal" name="TestValidate/testdata/invalid_stability_component.yaml" time="0.010000"></testcase>
		<testcase classname="go.opentelemetry.io/collector/cmd/mdatagen/internal" name="TestValidate/testdata/no_description_rattr.yaml" time="0.010000"></testcase>
		<testcase classname="go.opentelemetry.io/collector/cmd/mdatagen/internal" name="TestValidate/testdata/no_type_rattr.yaml" time="0.010000"></testcase>
		<testcase classname="go.opentelemetry.io/collector/cmd/mdatagen/internal" name="TestValidate/testdata/no_metric_description.yaml" time="0.010000"></testcase>
		<testcase classname="go.opentelemetry.io/collector/cmd/mdatagen/internal" name="TestValidate/testdata/events/no_description.yaml" time="0.010000"></testcase>
		<testcase classname="go.opentelemetry.io/collector/cmd/mdatagen/internal" name="TestValidate/testdata/no_metric_unit.yaml" time="0.010000"></testcase>
		<testcase classname="go.opentelemetry.io/collector/cmd/mdatagen/internal" name="TestValidate/testdata/no_metric_type.yaml" time="0.000000"></testcase>
		<testcase classname="go.opentelemetry.io/collector/cmd/mdatagen/internal" name="TestValidate/testdata/two_metric_types.yaml" time="0.010000"></testcase>
		<testcase classname="go.opentelemetry.io/collector/cmd/mdatagen/internal" name="TestValidate/testdata/invalid_input_type.yaml" time="0.010000"></testcase>
		<testcase classname="go.opentelemetry.io/collector/cmd/mdatagen/internal" name="TestValidate/testdata/unknown_metric_attribute.yaml" time="0.010000"></testcase>
		<testcase classname="go.opentelemetry.io/collector/cmd/mdatagen/internal" name="TestValidate/testdata/events/unknown_attribute.yaml" time="0.010000"></testcase>
		<testcase classname="go.opentelemetry.io/collector/cmd/mdatagen/internal" name="TestValidate/testdata/unused_attribute.yaml" time="0.010000"></testcase>
		<testcase classname="go.opentelemetry.io/collector/cmd/mdatagen/internal" name="TestValidate/testdata/no_description_attr.yaml" time="0.010000"></testcase>
		<testcase classname="go.opentelemetry.io/collector/cmd/mdatagen/internal" name="TestValidate/testdata/no_type_attr.yaml" time="0.010000"></testcase>
		<testcase classname="go.opentelemetry.io/collector/cmd/mdatagen/internal" name="TestValidate" time="0.150000"></testcase>
		<testcase classname="go.opentelemetry.io/collector/cmd/mdatagen/internal" name="TestValidateMetricDuplicates" time="0.300000"></testcase>
		<testcase classname="go.opentelemetry.io/collector/cmd/mdatagen/internal" name="TestSupportsSignal" time="0.000000"></testcase>
		<testcase classname="go.opentelemetry.io/collector/cmd/mdatagen/internal" name="TestCodeCovID/aes" time="0.000000"></testcase>
		<testcase classname="go.opentelemetry.io/collector/cmd/mdatagen/internal" name="TestCodeCovID/count" time="0.000000"></testcase>
		<testcase classname="go.opentelemetry.io/collector/cmd/mdatagen/internal" name="TestCodeCovID/file" time="0.000000"></testcase>
		<testcase classname="go.opentelemetry.io/collector/cmd/mdatagen/internal" name="TestCodeCovID" time="0.000000"></testcase>
		<testcase classname="go.opentelemetry.io/collector/cmd/mdatagen/internal" name="TestMetricData" time="0.000000"></testcase>
		<testcase classname="go.opentelemetry.io/collector/cmd/mdatagen/internal" name="TestDistroURL/core" time="0.000000"></testcase>
		<testcase classname="go.opentelemetry.io/collector/cmd/mdatagen/internal" name="TestDistroURL/contrib" time="0.000000"></testcase>
		<testcase classname="go.opentelemetry.io/collector/cmd/mdatagen/internal" name="TestDistroURL/k8s" time="0.000000"></testcase>
		<testcase classname="go.opentelemetry.io/collector/cmd/mdatagen/internal" name="TestDistroURL/otlp" time="0.000000"></testcase>
		<testcase classname="go.opentelemetry.io/collector/cmd/mdatagen/internal" name="TestDistroURL/not_found" time="0.000000"></testcase>
		<testcase classname="go.opentelemetry.io/collector/cmd/mdatagen/internal" name="TestDistroURL" time="0.000000"></testcase>
		<testcase classname="go.opentelemetry.io/collector/cmd/mdatagen/internal" name="TestSortedDistributions/all_combined" time="0.000000"></testcase>
		<testcase classname="go.opentelemetry.io/collector/cmd/mdatagen/internal" name="TestSortedDistributions/core_only" time="0.000000"></testcase>
		<testcase classname="go.opentelemetry.io/collector/cmd/mdatagen/internal" name="TestSortedDistributions/core_and_contrib_only" time="0.000000"></testcase>
		<testcase classname="go.opentelemetry.io/collector/cmd/mdatagen/internal" name="TestSortedDistributions/core_and_contrib_reversed" time="0.000000"></testcase>
		<testcase classname="go.opentelemetry.io/collector/cmd/mdatagen/internal" name="TestSortedDistributions/neither_core_nor_contrib" time="0.000000"></testcase>
		<testcase classname="go.opentelemetry.io/collector/cmd/mdatagen/internal" name="TestSortedDistributions/no_core,_contrib,_something_else" time="0.000000"></testcase>
		<testcase classname="go.opentelemetry.io/collector/cmd/mdatagen/internal" name="TestSortedDistributions/core,_no_contrib,_something_else" time="0.000000"></testcase>
		<testcase classname="go.opentelemetry.io/collector/cmd/mdatagen/internal" name="TestSortedDistributions" time="0.000000"></testcase>
		<testcase classname="go.opentelemetry.io/collector/cmd/mdatagen/internal" name="TestEnsureTemplatesLoaded" time="0.000000"></testcase>
	</testsuite>
	<testsuite tests="7" failures="0" time="0.000000" name="go.opentelemetry.io/collector/cmd/mdatagen/internal/sampleconnector" timestamp="2025-07-31T10:51:58-05:00">
		<properties>
			<property name="go.version" value="go1.24.5 linux/amd64"></property>
		</properties>
		<testcase classname="go.opentelemetry.io/collector/cmd/mdatagen/internal/sampleconnector" name="TestComponentFactoryType" time="0.000000"></testcase>
		<testcase classname="go.opentelemetry.io/collector/cmd/mdatagen/internal/sampleconnector" name="TestComponentConfigStruct" time="0.000000"></testcase>
		<testcase classname="go.opentelemetry.io/collector/cmd/mdatagen/internal/sampleconnector" name="TestComponentLifecycle/metrics_to_metrics-shutdown" time="0.000000"></testcase>
		<testcase classname="go.opentelemetry.io/collector/cmd/mdatagen/internal/sampleconnector" name="TestComponentLifecycle/metrics_to_metrics-lifecycle" time="0.000000"></testcase>
		<testcase classname="go.opentelemetry.io/collector/cmd/mdatagen/internal/sampleconnector" name="TestComponentLifecycle" time="0.010000"></testcase>
		<testcase classname="go.opentelemetry.io/collector/cmd/mdatagen/internal/sampleconnector" name="TestGeneratedMetrics" time="0.000000"></testcase>
		<testcase classname="go.opentelemetry.io/collector/cmd/mdatagen/internal/sampleconnector" name="TestNopConnector" time="0.000000"></testcase>
	</testsuite>
	<testsuite tests="22" failures="0" time="0.001000" name="go.opentelemetry.io/collector/cmd/mdatagen/internal/sampleconnector/internal/metadata" timestamp="2025-07-31T10:51:58-05:00">
		<properties>
			<property name="go.version" value="go1.24.5 linux/amd64"></property>
		</properties>
		<testcase classname="go.opentelemetry.io/collector/cmd/mdatagen/internal/sampleconnector/internal/metadata" name="TestMetricsBuilderConfig/default" time="0.010000"></testcase>
		<testcase classname="go.opentelemetry.io/collector/cmd/mdatagen/internal/sampleconnector/internal/metadata" name="TestMetricsBuilderConfig/all_set" time="0.010000"></testcase>
		<testcase classname="go.opentelemetry.io/collector/cmd/mdatagen/internal/sampleconnector/internal/metadata" name="TestMetricsBuilderConfig/none_set" time="0.010000"></testcase>
		<testcase classname="go.opentelemetry.io/collector/cmd/mdatagen/internal/sampleconnector/internal/metadata" name="TestMetricsBuilderConfig" time="0.020000"></testcase>
		<testcase classname="go.opentelemetry.io/collector/cmd/mdatagen/internal/sampleconnector/internal/metadata" name="TestAttributesConfig/default" time="0.010000"></testcase>
		<testcase classname="go.opentelemetry.io/collector/cmd/mdatagen/internal/sampleconnector/internal/metadata" name="TestAttributesConfig/all_set" time="0.010000"></testcase>
		<testcase classname="go.opentelemetry.io/collector/cmd/mdatagen/internal/sampleconnector/internal/metadata" name="TestAttributesConfig/none_set" time="0.000000"></testcase>
		<testcase classname="go.opentelemetry.io/collector/cmd/mdatagen/internal/sampleconnector/internal/metadata" name="TestAttributesConfig" time="0.020000"></testcase>
		<testcase classname="go.opentelemetry.io/collector/cmd/mdatagen/internal/sampleconnector/internal/metadata" name="TestResourceAttributesConfig/default" time="0.000000"></testcase>
		<testcase classname="go.opentelemetry.io/collector/cmd/mdatagen/internal/sampleconnector/internal/metadata" name="TestResourceAttributesConfig/all_set" time="0.010000"></testcase>
		<testcase classname="go.opentelemetry.io/collector/cmd/mdatagen/internal/sampleconnector/internal/metadata" name="TestResourceAttributesConfig/none_set" time="0.010000"></testcase>
		<testcase classname="go.opentelemetry.io/collector/cmd/mdatagen/internal/sampleconnector/internal/metadata" name="TestResourceAttributesConfig" time="0.020000"></testcase>
		<testcase classname="go.opentelemetry.io/collector/cmd/mdatagen/internal/sampleconnector/internal/metadata" name="TestMetricsBuilder/default" time="0.000000"></testcase>
		<testcase classname="go.opentelemetry.io/collector/cmd/mdatagen/internal/sampleconnector/internal/metadata" name="TestMetricsBuilder/all_set" time="0.010000"></testcase>
		<testcase classname="go.opentelemetry.io/collector/cmd/mdatagen/internal/sampleconnector/internal/metadata" name="TestMetricsBuilder/none_set" time="0.010000"></testcase>
		<testcase classname="go.opentelemetry.io/collector/cmd/mdatagen/internal/sampleconnector/internal/metadata" name="TestMetricsBuilder/filter_set_include" time="0.010000"></testcase>
		<testcase classname="go.opentelemetry.io/collector/cmd/mdatagen/internal/sampleconnector/internal/metadata" name="TestMetricsBuilder/filter_set_exclude" time="0.010000"></testcase>
		<testcase classname="go.opentelemetry.io/collector/cmd/mdatagen/internal/sampleconnector/internal/metadata" name="TestMetricsBuilder" time="0.040000"></testcase>
		<testcase classname="go.opentelemetry.io/collector/cmd/mdatagen/internal/sampleconnector/internal/metadata" name="TestResourceBuilder/default" time="0.010000"></testcase>
		<testcase classname="go.opentelemetry.io/collector/cmd/mdatagen/internal/sampleconnector/internal/metadata" name="TestResourceBuilder/all_set" time="0.010000"></testcase>
		<testcase classname="go.opentelemetry.io/collector/cmd/mdatagen/internal/sampleconnector/internal/metadata" name="TestResourceBuilder/none_set" time="0.010000"></testcase>
		<testcase classname="go.opentelemetry.io/collector/cmd/mdatagen/internal/sampleconnector/internal/metadata" name="TestResourceBuilder" time="0.020000"></testcase>
	</testsuite>
	<testsuite tests="9" failures="0" time="0.000000" name="go.opentelemetry.io/collector/cmd/mdatagen/internal/sampleprocessor" timestamp="2025-07-31T10:51:58-05:00">
		<properties>
			<property name="go.version" value="go1.24.5 linux/amd64"></property>
		</properties>
		<testcase classname="go.opentelemetry.io/collector/cmd/mdatagen/internal/sampleprocessor" name="TestComponentFactoryType" time="0.000000"></testcase>
		<testcase classname="go.opentelemetry.io/collector/cmd/mdatagen/internal/sampleprocessor" name="TestComponentConfigStruct" time="0.000000"></testcase>
		<testcase classname="go.opentelemetry.io/collector/cmd/mdatagen/internal/sampleprocessor" name="TestComponentLifecycle/logs-shutdown" time="0.000000"></testcase>
		<testcase classname="go.opentelemetry.io/collector/cmd/mdatagen/internal/sampleprocessor" name="TestComponentLifecycle/logs-lifecycle" time="0.000000"></testcase>
		<testcase classname="go.opentelemetry.io/collector/cmd/mdatagen/internal/sampleprocessor" name="TestComponentLifecycle/metrics-shutdown" time="0.000000"></testcase>
		<testcase classname="go.opentelemetry.io/collector/cmd/mdatagen/internal/sampleprocessor" name="TestComponentLifecycle/metrics-lifecycle" time="0.000000"></testcase>
		<testcase classname="go.opentelemetry.io/collector/cmd/mdatagen/internal/sampleprocessor" name="TestComponentLifecycle/traces-shutdown" time="0.000000"></testcase>
		<testcase classname="go.opentelemetry.io/collector/cmd/mdatagen/internal/sampleprocessor" name="TestComponentLifecycle/traces-lifecycle" time="0.000000"></testcase>
		<testcase classname="go.opentelemetry.io/collector/cmd/mdatagen/internal/sampleprocessor" name="TestComponentLifecycle" time="0.000000"></testcase>
	</testsuite>
	<testsuite tests="8" failures="0" time="0.000000" name="go.opentelemetry.io/collector/cmd/mdatagen/internal/sampleprocessor/internal/metadata" timestamp="2025-07-31T10:51:58-05:00">
		<properties>
			<property name="go.version" value="go1.24.5 linux/amd64"></property>
		</properties>
		<testcase classname="go.opentelemetry.io/collector/cmd/mdatagen/internal/sampleprocessor/internal/metadata" name="TestResourceAttributesConfig/default" time="0.000000"></testcase>
		<testcase classname="go.opentelemetry.io/collector/cmd/mdatagen/internal/sampleprocessor/internal/metadata" name="TestResourceAttributesConfig/all_set" time="0.000000"></testcase>
		<testcase classname="go.opentelemetry.io/collector/cmd/mdatagen/internal/sampleprocessor/internal/metadata" name="TestResourceAttributesConfig/none_set" time="0.000000"></testcase>
		<testcase classname="go.opentelemetry.io/collector/cmd/mdatagen/internal/sampleprocessor/internal/metadata" name="TestResourceAttributesConfig" time="0.010000"></testcase>
		<testcase classname="go.opentelemetry.io/collector/cmd/mdatagen/internal/sampleprocessor/internal/metadata" name="TestResourceBuilder/default" time="0.000000"></testcase>
		<testcase classname="go.opentelemetry.io/collector/cmd/mdatagen/internal/sampleprocessor/internal/metadata" name="TestResourceBuilder/all_set" time="0.000000"></testcase>
		<testcase classname="go.opentelemetry.io/collector/cmd/mdatagen/internal/sampleprocessor/internal/metadata" name="TestResourceBuilder/none_set" time="0.000000"></testcase>
		<testcase classname="go.opentelemetry.io/collector/cmd/mdatagen/internal/sampleprocessor/internal/metadata" name="TestResourceBuilder" time="0.010000"></testcase>
	</testsuite>
	<testsuite tests="11" failures="0" time="0.000000" name="go.opentelemetry.io/collector/cmd/mdatagen/internal/samplereceiver" timestamp="2025-07-31T10:51:58-05:00">
		<properties>
			<property name="go.version" value="go1.24.5 linux/amd64"></property>
		</properties>
		<testcase classname="go.opentelemetry.io/collector/cmd/mdatagen/internal/samplereceiver" name="TestComponentFactoryType" time="0.000000"></testcase>
		<testcase classname="go.opentelemetry.io/collector/cmd/mdatagen/internal/samplereceiver" name="TestComponentConfigStruct" time="0.000000"></testcase>
		<testcase classname="go.opentelemetry.io/collector/cmd/mdatagen/internal/samplereceiver" name="TestComponentLifecycle/logs-shutdown" time="0.000000"></testcase>
		<testcase classname="go.opentelemetry.io/collector/cmd/mdatagen/internal/samplereceiver" name="TestComponentLifecycle/logs-lifecycle" time="0.000000"></testcase>
		<testcase classname="go.opentelemetry.io/collector/cmd/mdatagen/internal/samplereceiver" name="TestComponentLifecycle/metrics-shutdown" time="0.000000"></testcase>
		<testcase classname="go.opentelemetry.io/collector/cmd/mdatagen/internal/samplereceiver" name="TestComponentLifecycle/metrics-lifecycle" time="0.000000"></testcase>
		<testcase classname="go.opentelemetry.io/collector/cmd/mdatagen/internal/samplereceiver" name="TestComponentLifecycle/traces-shutdown" time="0.000000"></testcase>
		<testcase classname="go.opentelemetry.io/collector/cmd/mdatagen/internal/samplereceiver" name="TestComponentLifecycle/traces-lifecycle" time="0.000000"></testcase>
		<testcase classname="go.opentelemetry.io/collector/cmd/mdatagen/internal/samplereceiver" name="TestComponentLifecycle" time="0.010000"></testcase>
		<testcase classname="go.opentelemetry.io/collector/cmd/mdatagen/internal/samplereceiver" name="TestGeneratedMetrics" time="0.000000"></testcase>
		<testcase classname="go.opentelemetry.io/collector/cmd/mdatagen/internal/samplereceiver" name="TestComponentTelemetry" time="0.000000"></testcase>
	</testsuite>
	<testsuite tests="32" failures="2" time="0.218000" name="go.opentelemetry.io/collector/cmd/mdatagen/internal/samplereceiver/internal/metadata" timestamp="2025-07-31T10:51:58-05:00">
		<properties>
			<property name="go.version" value="go1.24.5 linux/amd64"></property>
		</properties>
		<testcase classname="go.opentelemetry.io/collector/cmd/mdatagen/internal/samplereceiver/internal/metadata" name="TestMetricsBuilder/reag_default" time="0.010000">
			<failure message="Failed" type="">=== RUN   TestMetricsBuilder/reag_default&#xA;    generated_metrics_test.go:112: record another datapoint for default.metric&#xA;    generated_metrics_test.go:165: &#xA;        &#x9;Error Trace:&#x9;/home/sh/Dev/go/opentelemetry-collector/cmd/mdatagen/internal/samplereceiver/internal/metadata/generated_metrics_test.go:165&#xA;        &#x9;Error:      &#x9;Not equal: &#xA;        &#x9;            &#x9;expected: 1&#xA;        &#x9;            &#x9;actual  : 2&#xA;        &#x9;Test:       &#x9;TestMetricsBuilder/reag_default&#xA;    generated_metrics_test.go:177: &#xA;        &#x9;Error Trace:&#x9;/home/sh/Dev/go/opentelemetry-collector/cmd/mdatagen/internal/samplereceiver/internal/metadata/generated_metrics_test.go:177&#xA;        &#x9;Error:      &#x9;Not equal: &#xA;        &#x9;            &#x9;expected: 4&#xA;        &#x9;            &#x9;actual  : 1&#xA;        &#x9;Test:       &#x9;TestMetricsBuilder/reag_default&#xA;--- FAIL: TestMetricsBuilder/reag_default (0.01s)&#xA;</failure>
		</testcase>
		<testcase classname="go.opentelemetry.io/collector/cmd/mdatagen/internal/samplereceiver/internal/metadata" name="TestMetricsBuilder" time="0.050000">
			<failure message="Failed" type="">=== RUN   TestMetricsBuilder&#xA;--- FAIL: TestMetricsBuilder (0.05s)&#xA;</failure>
		</testcase>
		<testcase classname="go.opentelemetry.io/collector/cmd/mdatagen/internal/samplereceiver/internal/metadata" name="TestMetricsBuilderConfig/default" time="0.010000"></testcase>
		<testcase classname="go.opentelemetry.io/collector/cmd/mdatagen/internal/samplereceiver/internal/metadata" name="TestMetricsBuilderConfig/all_set" time="0.010000"></testcase>
		<testcase classname="go.opentelemetry.io/collector/cmd/mdatagen/internal/samplereceiver/internal/metadata" name="TestMetricsBuilderConfig/none_set" time="0.010000"></testcase>
		<testcase classname="go.opentelemetry.io/collector/cmd/mdatagen/internal/samplereceiver/internal/metadata" name="TestMetricsBuilderConfig" time="0.020000"></testcase>
		<testcase classname="go.opentelemetry.io/collector/cmd/mdatagen/internal/samplereceiver/internal/metadata" name="TestAttributesConfig/default" time="0.010000"></testcase>
		<testcase classname="go.opentelemetry.io/collector/cmd/mdatagen/internal/samplereceiver/internal/metadata" name="TestAttributesConfig/all_set" time="0.010000"></testcase>
		<testcase classname="go.opentelemetry.io/collector/cmd/mdatagen/internal/samplereceiver/internal/metadata" name="TestAttributesConfig/none_set" time="0.010000"></testcase>
		<testcase classname="go.opentelemetry.io/collector/cmd/mdatagen/internal/samplereceiver/internal/metadata" name="TestAttributesConfig" time="0.020000"></testcase>
		<testcase classname="go.opentelemetry.io/collector/cmd/mdatagen/internal/samplereceiver/internal/metadata" name="TestResourceAttributesConfig/default" time="0.010000"></testcase>
		<testcase classname="go.opentelemetry.io/collector/cmd/mdatagen/internal/samplereceiver/internal/metadata" name="TestResourceAttributesConfig/all_set" time="0.010000"></testcase>
		<testcase classname="go.opentelemetry.io/collector/cmd/mdatagen/internal/samplereceiver/internal/metadata" name="TestResourceAttributesConfig/none_set" time="0.010000"></testcase>
		<testcase classname="go.opentelemetry.io/collector/cmd/mdatagen/internal/samplereceiver/internal/metadata" name="TestResourceAttributesConfig" time="0.020000"></testcase>
		<testcase classname="go.opentelemetry.io/collector/cmd/mdatagen/internal/samplereceiver/internal/metadata" name="TestLogsBuilderAppendLogRecord" time="0.010000"></testcase>
		<testcase classname="go.opentelemetry.io/collector/cmd/mdatagen/internal/samplereceiver/internal/metadata" name="TestLogsBuilder/default" time="0.010000"></testcase>
		<testcase classname="go.opentelemetry.io/collector/cmd/mdatagen/internal/samplereceiver/internal/metadata" name="TestLogsBuilder/all_set" time="0.010000"></testcase>
		<testcase classname="go.opentelemetry.io/collector/cmd/mdatagen/internal/samplereceiver/internal/metadata" name="TestLogsBuilder/none_set" time="0.010000"></testcase>
		<testcase classname="go.opentelemetry.io/collector/cmd/mdatagen/internal/samplereceiver/internal/metadata" name="TestLogsBuilder/filter_set_include" time="0.010000"></testcase>
		<testcase classname="go.opentelemetry.io/collector/cmd/mdatagen/internal/samplereceiver/internal/metadata" name="TestLogsBuilder/filter_set_exclude" time="0.010000"></testcase>
		<testcase classname="go.opentelemetry.io/collector/cmd/mdatagen/internal/samplereceiver/internal/metadata" name="TestLogsBuilder" time="0.060000"></testcase>
		<testcase classname="go.opentelemetry.io/collector/cmd/mdatagen/internal/samplereceiver/internal/metadata" name="TestMetricsBuilder/default" time="0.010000"></testcase>
		<testcase classname="go.opentelemetry.io/collector/cmd/mdatagen/internal/samplereceiver/internal/metadata" name="TestMetricsBuilder/all_set" time="0.010000"></testcase>
		<testcase classname="go.opentelemetry.io/collector/cmd/mdatagen/internal/samplereceiver/internal/metadata" name="TestMetricsBuilder/none_set" time="0.010000"></testcase>
		<testcase classname="go.opentelemetry.io/collector/cmd/mdatagen/internal/samplereceiver/internal/metadata" name="TestMetricsBuilder/filter_set_include" time="0.010000"></testcase>
		<testcase classname="go.opentelemetry.io/collector/cmd/mdatagen/internal/samplereceiver/internal/metadata" name="TestMetricsBuilder/filter_set_exclude" time="0.010000"></testcase>
		<testcase classname="go.opentelemetry.io/collector/cmd/mdatagen/internal/samplereceiver/internal/metadata" name="TestResourceBuilder/default" time="0.010000"></testcase>
		<testcase classname="go.opentelemetry.io/collector/cmd/mdatagen/internal/samplereceiver/internal/metadata" name="TestResourceBuilder/all_set" time="0.010000"></testcase>
		<testcase classname="go.opentelemetry.io/collector/cmd/mdatagen/internal/samplereceiver/internal/metadata" name="TestResourceBuilder/none_set" time="0.010000"></testcase>
		<testcase classname="go.opentelemetry.io/collector/cmd/mdatagen/internal/samplereceiver/internal/metadata" name="TestResourceBuilder" time="0.020000"></testcase>
		<testcase classname="go.opentelemetry.io/collector/cmd/mdatagen/internal/samplereceiver/internal/metadata" name="TestProviders" time="0.000000"></testcase>
		<testcase classname="go.opentelemetry.io/collector/cmd/mdatagen/internal/samplereceiver/internal/metadata" name="TestNewTelemetryBuilder" time="0.000000"></testcase>
	</testsuite>
	<testsuite tests="1" failures="0" time="0.000000" name="go.opentelemetry.io/collector/cmd/mdatagen/internal/samplereceiver/internal/metadatatest" timestamp="2025-07-31T10:51:58-05:00">
		<properties>
			<property name="go.version" value="go1.24.5 linux/amd64"></property>
		</properties>
		<testcase classname="go.opentelemetry.io/collector/cmd/mdatagen/internal/samplereceiver/internal/metadatatest" name="TestSetupTelemetry" time="0.000000"></testcase>
	</testsuite>
	<testsuite tests="7" failures="0" time="0.000000" name="go.opentelemetry.io/collector/cmd/mdatagen/internal/samplescraper" timestamp="2025-07-31T10:51:58-05:00">
		<properties>
			<property name="go.version" value="go1.24.5 linux/amd64"></property>
		</properties>
		<testcase classname="go.opentelemetry.io/collector/cmd/mdatagen/internal/samplescraper" name="TestComponentFactoryType" time="0.000000"></testcase>
		<testcase classname="go.opentelemetry.io/collector/cmd/mdatagen/internal/samplescraper" name="TestComponentConfigStruct" time="0.000000"></testcase>
		<testcase classname="go.opentelemetry.io/collector/cmd/mdatagen/internal/samplescraper" name="TestComponentLifecycle/logs-shutdown" time="0.000000"></testcase>
		<testcase classname="go.opentelemetry.io/collector/cmd/mdatagen/internal/samplescraper" name="TestComponentLifecycle/logs-lifecycle" time="0.000000"></testcase>
		<testcase classname="go.opentelemetry.io/collector/cmd/mdatagen/internal/samplescraper" name="TestComponentLifecycle/metrics-shutdown" time="0.000000"></testcase>
		<testcase classname="go.opentelemetry.io/collector/cmd/mdatagen/internal/samplescraper" name="TestComponentLifecycle/metrics-lifecycle" time="0.000000"></testcase>
		<testcase classname="go.opentelemetry.io/collector/cmd/mdatagen/internal/samplescraper" name="TestComponentLifecycle" time="0.010000"></testcase>
	</testsuite>
	<testsuite tests="23" failures="0" time="0.000000" name="go.opentelemetry.io/collector/cmd/mdatagen/internal/samplescraper/internal/metadata" timestamp="2025-07-31T10:51:58-05:00">
		<properties>
			<property name="go.version" value="go1.24.5 linux/amd64"></property>
		</properties>
		<testcase classname="go.opentelemetry.io/collector/cmd/mdatagen/internal/samplescraper/internal/metadata" name="TestMetricsBuilderConfig/default" time="0.010000"></testcase>
		<testcase classname="go.opentelemetry.io/collector/cmd/mdatagen/internal/samplescraper/internal/metadata" name="TestMetricsBuilderConfig/all_set" time="0.010000"></testcase>
		<testcase classname="go.opentelemetry.io/collector/cmd/mdatagen/internal/samplescraper/internal/metadata" name="TestMetricsBuilderConfig/none_set" time="0.010000"></testcase>
		<testcase classname="go.opentelemetry.io/collector/cmd/mdatagen/internal/samplescraper/internal/metadata" name="TestMetricsBuilderConfig" time="0.020000"></testcase>
		<testcase classname="go.opentelemetry.io/collector/cmd/mdatagen/internal/samplescraper/internal/metadata" name="TestAttributesConfig/default" time="0.000000"></testcase>
		<testcase classname="go.opentelemetry.io/collector/cmd/mdatagen/internal/samplescraper/internal/metadata" name="TestAttributesConfig/all_set" time="0.010000"></testcase>
		<testcase classname="go.opentelemetry.io/collector/cmd/mdatagen/internal/samplescraper/internal/metadata" name="TestAttributesConfig/none_set" time="0.010000"></testcase>
		<testcase classname="go.opentelemetry.io/collector/cmd/mdatagen/internal/samplescraper/internal/metadata" name="TestAttributesConfig" time="0.020000"></testcase>
		<testcase classname="go.opentelemetry.io/collector/cmd/mdatagen/internal/samplescraper/internal/metadata" name="TestResourceAttributesConfig/default" time="0.000000"></testcase>
		<testcase classname="go.opentelemetry.io/collector/cmd/mdatagen/internal/samplescraper/internal/metadata" name="TestResourceAttributesConfig/all_set" time="0.010000"></testcase>
		<testcase classname="go.opentelemetry.io/collector/cmd/mdatagen/internal/samplescraper/internal/metadata" name="TestResourceAttributesConfig/none_set" time="0.010000"></testcase>
		<testcase classname="go.opentelemetry.io/collector/cmd/mdatagen/internal/samplescraper/internal/metadata" name="TestResourceAttributesConfig" time="0.020000"></testcase>
		<testcase classname="go.opentelemetry.io/collector/cmd/mdatagen/internal/samplescraper/internal/metadata" name="TestLogsBuilderAppendLogRecord" time="0.000000"></testcase>
		<testcase classname="go.opentelemetry.io/collector/cmd/mdatagen/internal/samplescraper/internal/metadata" name="TestMetricsBuilder/default" time="0.000000"></testcase>
		<testcase classname="go.opentelemetry.io/collector/cmd/mdatagen/internal/samplescraper/internal/metadata" name="TestMetricsBuilder/all_set" time="0.010000"></testcase>
		<testcase classname="go.opentelemetry.io/collector/cmd/mdatagen/internal/samplescraper/internal/metadata" name="TestMetricsBuilder/none_set" time="0.000000"></testcase>
		<testcase classname="go.opentelemetry.io/collector/cmd/mdatagen/internal/samplescraper/internal/metadata" name="TestMetricsBuilder/filter_set_include" time="0.010000"></testcase>
		<testcase classname="go.opentelemetry.io/collector/cmd/mdatagen/internal/samplescraper/internal/metadata" name="TestMetricsBuilder/filter_set_exclude" time="0.010000"></testcase>
		<testcase classname="go.opentelemetry.io/collector/cmd/mdatagen/internal/samplescraper/internal/metadata" name="TestMetricsBuilder" time="0.030000"></testcase>
		<testcase classname="go.opentelemetry.io/collector/cmd/mdatagen/internal/samplescraper/internal/metadata" name="TestResourceBuilder/default" time="0.000000"></testcase>
		<testcase classname="go.opentelemetry.io/collector/cmd/mdatagen/internal/samplescraper/internal/metadata" name="TestResourceBuilder/all_set" time="0.010000"></testcase>
		<testcase classname="go.opentelemetry.io/collector/cmd/mdatagen/internal/samplescraper/internal/metadata" name="TestResourceBuilder/none_set" time="0.010000"></testcase>
		<testcase classname="go.opentelemetry.io/collector/cmd/mdatagen/internal/samplescraper/internal/metadata" name="TestResourceBuilder" time="0.020000"></testcase>
	</testsuite>
	<testsuite tests="0" failures="0" time="0.000000" name="go.opentelemetry.io/collector/cmd/mdatagen/third_party/golint" timestamp="2025-07-31T10:51:58-05:00">
		<properties>
			<property name="go.version" value="go1.24.5 linux/amd64"></property>
		</properties>
	</testsuite>
</testsuites>