<?xml version="1.0" encoding="UTF-8"?>
<testsuites tests="11" failures="0" errors="0" time="0.000148">
	<testsuite tests="10" failures="0" time="0.000000" name="go.opentelemetry.io/collector/receiver/nopreceiver" timestamp="2025-09-24T16:28:11-05:00">
		<properties>
			<property name="go.version" value="go1.25.1 X:nodwarf5 linux/amd64"></property>
		</properties>
		<testcase classname="go.opentelemetry.io/collector/receiver/nopreceiver" name="TestComponentFactoryType" time="0.000000"></testcase>
		<testcase classname="go.opentelemetry.io/collector/receiver/nopreceiver" name="TestComponentConfigStruct" time="0.000000"></testcase>
		<testcase classname="go.opentelemetry.io/collector/receiver/nopreceiver" name="TestComponentLifecycle/logs-shutdown" time="0.000000"></testcase>
		<testcase classname="go.opentelemetry.io/collector/receiver/nopreceiver" name="TestComponentLifecycle/logs-lifecycle" time="0.000000"></testcase>
		<testcase classname="go.opentelemetry.io/collector/receiver/nopreceiver" name="TestComponentLifecycle/metrics-shutdown" time="0.000000"></testcase>
		<testcase classname="go.opentelemetry.io/collector/receiver/nopreceiver" name="TestComponentLifecycle/metrics-lifecycle" time="0.000000"></testcase>
		<testcase classname="go.opentelemetry.io/collector/receiver/nopreceiver" name="TestComponentLifecycle/traces-shutdown" time="0.000000"></testcase>
		<testcase classname="go.opentelemetry.io/collector/receiver/nopreceiver" name="TestComponentLifecycle/traces-lifecycle" time="0.000000"></testcase>
		<testcase classname="go.opentelemetry.io/collector/receiver/nopreceiver" name="TestComponentLifecycle" time="0.000000"></testcase>
		<testcase classname="go.opentelemetry.io/collector/receiver/nopreceiver" name="TestNewNopFactory" time="0.000000"></testcase>
	</testsuite>
	<testsuite tests="1" failures="0" time="0.000000" name="go.opentelemetry.io/collector/receiver/nopreceiver/internal/metadata" timestamp="2025-09-24T16:28:11-05:00">
		<properties>
			<property name="go.version" value="go1.25.1 X:nodwarf5 linux/amd64"></property>
		</properties>
		<testcase classname="go.opentelemetry.io/collector/receiver/nopreceiver/internal/metadata" name="TestLogsBuilderAppendLogRecord" time="0.000000"></testcase>
	</testsuite>
</testsuites>