<?xml version="1.0" encoding="UTF-8"?>
<testsuites tests="495" failures="0" errors="0" time="0.061506">
	<testsuite tests="47" failures="0" time="0.002000" name="go.opentelemetry.io/collector/service" timestamp="2025-09-25T17:01:03-05:00">
		<properties>
			<property name="go.version" value="go1.25.1 X:nodwarf5 linux/amd64"></property>
		</properties>
		<testcase classname="go.opentelemetry.io/collector/service" name="TestConfigValidate/valid" time="0.000000"></testcase>
		<testcase classname="go.opentelemetry.io/collector/service" name="TestConfigValidate/custom-service-telemetrySettings-encoding" time="0.000000"></testcase>
		<testcase classname="go.opentelemetry.io/collector/service" name="TestConfigValidate/duplicate-processor-reference" time="0.000000"></testcase>
		<testcase classname="go.opentelemetry.io/collector/service" name="TestConfigValidate/invalid-telemetry-metric-config" time="0.000000"></testcase>
		<testcase classname="go.opentelemetry.io/collector/service" name="TestConfigValidate" time="0.000000"></testcase>
		<testcase classname="go.opentelemetry.io/collector/service" name="TestConfmapMarshalConfig" time="0.000000"></testcase>
		<testcase classname="go.opentelemetry.io/collector/service" name="TestServiceGetFactory" time="0.010000"></testcase>
		<testcase classname="go.opentelemetry.io/collector/service" name="TestServiceGetExtensions" time="0.010000"></testcase>
		<testcase classname="go.opentelemetry.io/collector/service" name="TestServiceGetExporters" time="0.010000"></testcase>
		<testcase classname="go.opentelemetry.io/collector/service" name="TestServiceTelemetryCleanupOnError" time="0.010000"></testcase>
		<testcase classname="go.opentelemetry.io/collector/service" name="TestServiceTelemetryLogging" time="0.010000"></testcase>
		<testcase classname="go.opentelemetry.io/collector/service" name="TestServiceTelemetryMetrics/ipv4_no_resource" time="0.030000"></testcase>
		<testcase classname="go.opentelemetry.io/collector/service" name="TestServiceTelemetryMetrics/ipv6_no_resource" time="0.020000"></testcase>
		<testcase classname="go.opentelemetry.io/collector/service" name="TestServiceTelemetryMetrics/ipv4_resource_with_custom_attr" time="0.040000"></testcase>
		<testcase classname="go.opentelemetry.io/collector/service" name="TestServiceTelemetryMetrics/ipv6_resource_with_custom_attr" time="0.040000"></testcase>
		<testcase classname="go.opentelemetry.io/collector/service" name="TestServiceTelemetryMetrics/ipv4_override_service.name" time="0.020000"></testcase>
		<testcase classname="go.opentelemetry.io/collector/service" name="TestServiceTelemetryMetrics/ipv6_override_service.name" time="0.030000"></testcase>
		<testcase classname="go.opentelemetry.io/collector/service" name="TestServiceTelemetryMetrics/ipv4_suppress_service.name" time="0.020000"></testcase>
		<testcase classname="go.opentelemetry.io/collector/service" name="TestServiceTelemetryMetrics/ipv6_suppress_service.name" time="0.020000"></testcase>
		<testcase classname="go.opentelemetry.io/collector/service" name="TestServiceTelemetryMetrics/ipv4_override_service.instance.id" time="0.020000"></testcase>
		<testcase classname="go.opentelemetry.io/collector/service" name="TestServiceTelemetryMetrics/ipv6_override_service.instance.id" time="0.020000"></testcase>
		<testcase classname="go.opentelemetry.io/collector/service" name="TestServiceTelemetryMetrics/ipv4_suppress_service.instance.id" time="0.020000"></testcase>
		<testcase classname="go.opentelemetry.io/collector/service" name="TestServiceTelemetryMetrics/ipv6_suppress_service.instance.id" time="0.020000"></testcase>
		<testcase classname="go.opentelemetry.io/collector/service" name="TestServiceTelemetryMetrics/ipv4_override_service.version" time="0.020000"></testcase>
		<testcase classname="go.opentelemetry.io/collector/service" name="TestServiceTelemetryMetrics/ipv6_override_service.version" time="0.020000"></testcase>
		<testcase classname="go.opentelemetry.io/collector/service" name="TestServiceTelemetryMetrics/ipv4_suppress_service.version" time="0.020000"></testcase>
		<testcase classname="go.opentelemetry.io/collector/service" name="TestServiceTelemetryMetrics/ipv6_suppress_service.version" time="0.020000"></testcase>
		<testcase classname="go.opentelemetry.io/collector/service" name="TestServiceTelemetryMetrics" time="0.380000"></testcase>
		<testcase classname="go.opentelemetry.io/collector/service" name="TestServiceTelemetryZPages/ipv4" time="0.010000"></testcase>
		<testcase classname="go.opentelemetry.io/collector/service" name="TestServiceTelemetryZPages/ipv6" time="0.010000"></testcase>
		<testcase classname="go.opentelemetry.io/collector/service" name="TestServiceTelemetryZPages" time="0.030000"></testcase>
		<testcase classname="go.opentelemetry.io/collector/service" name="TestServiceTelemetryRestart" time="0.020000"></testcase>
		<testcase classname="go.opentelemetry.io/collector/service" name="TestServiceTelemetryShutdownError" time="0.010000"></testcase>
		<testcase classname="go.opentelemetry.io/collector/service" name="TestExtensionNotificationFailure" time="0.000000"></testcase>
		<testcase classname="go.opentelemetry.io/collector/service" name="TestNilCollectorEffectiveConfig" time="0.010000"></testcase>
		<testcase classname="go.opentelemetry.io/collector/service" name="TestServiceTelemetryLogger" time="0.000000"></testcase>
		<testcase classname="go.opentelemetry.io/collector/service" name="TestServiceFatalError" time="0.000000"></testcase>
		<testcase classname="go.opentelemetry.io/collector/service" name="TestServiceInvalidTelemetryConfiguration/log_config_with_processors_and_invalid_config" time="0.000000"></testcase>
		<testcase classname="go.opentelemetry.io/collector/service" name="TestServiceInvalidTelemetryConfiguration/invalid_metric_reader" time="0.000000"></testcase>
		<testcase classname="go.opentelemetry.io/collector/service" name="TestServiceInvalidTelemetryConfiguration/invalid_trace_exporter" time="0.000000"></testcase>
		<testcase classname="go.opentelemetry.io/collector/service" name="TestServiceInvalidTelemetryConfiguration" time="0.000000"></testcase>
		<testcase classname="go.opentelemetry.io/collector/service" name="TestValidateGraph/Connector_used_as_exporter_but_not_as_receiver" time="0.000000"></testcase>
		<testcase classname="go.opentelemetry.io/collector/service" name="TestValidateGraph/Connector_used_as_receiver_but_not_as_exporter" time="0.000000"></testcase>
		<testcase classname="go.opentelemetry.io/collector/service" name="TestValidateGraph/Connector_creates_direct_cycle_between_pipelines" time="0.000000"></testcase>
		<testcase classname="go.opentelemetry.io/collector/service" name="TestValidateGraph/Valid_connector_usage" time="0.000000"></testcase>
		<testcase classname="go.opentelemetry.io/collector/service" name="TestValidateGraph/Valid_without_Connector" time="0.000000"></testcase>
		<testcase classname="go.opentelemetry.io/collector/service" name="TestValidateGraph" time="0.000000"></testcase>
	</testsuite>
	<testsuite tests="21" failures="0" time="0.000000" name="go.opentelemetry.io/collector/service/extensions" timestamp="2025-09-25T17:01:03-05:00">
		<properties>
			<property name="go.version" value="go1.25.1 X:nodwarf5 linux/amd64"></property>
		</properties>
		<testcase classname="go.opentelemetry.io/collector/service/extensions" name="TestBuildExtensions/extension_not_configured" time="0.000000"></testcase>
		<testcase classname="go.opentelemetry.io/collector/service/extensions" name="TestBuildExtensions/missing_extension_factory" time="0.000000"></testcase>
		<testcase classname="go.opentelemetry.io/collector/service/extensions" name="TestBuildExtensions/error_on_create_extension" time="0.000000"></testcase>
		<testcase classname="go.opentelemetry.io/collector/service/extensions" name="TestBuildExtensions/bad_factory" time="0.000000"></testcase>
		<testcase classname="go.opentelemetry.io/collector/service/extensions" name="TestBuildExtensions" time="0.000000"></testcase>
		<testcase classname="go.opentelemetry.io/collector/service/extensions" name="TestOrdering/no_deps" time="0.000000"></testcase>
		<testcase classname="go.opentelemetry.io/collector/service/extensions" name="TestOrdering/deps" time="0.000000"></testcase>
		<testcase classname="go.opentelemetry.io/collector/service/extensions" name="TestOrdering/deps_double" time="0.000000"></testcase>
		<testcase classname="go.opentelemetry.io/collector/service/extensions" name="TestOrdering/unknown_dep" time="0.000000"></testcase>
		<testcase classname="go.opentelemetry.io/collector/service/extensions" name="TestOrdering/circular" time="0.000000"></testcase>
		<testcase classname="go.opentelemetry.io/collector/service/extensions" name="TestOrdering" time="0.000000"></testcase>
		<testcase classname="go.opentelemetry.io/collector/service/extensions" name="TestNotifyConfig/No_notifiable_extensions" time="0.000000"></testcase>
		<testcase classname="go.opentelemetry.io/collector/service/extensions" name="TestNotifyConfig/One_notifiable_extension" time="0.000000"></testcase>
		<testcase classname="go.opentelemetry.io/collector/service/extensions" name="TestNotifyConfig/Multiple_notifiable_extensions" time="0.000000"></testcase>
		<testcase classname="go.opentelemetry.io/collector/service/extensions" name="TestNotifyConfig/Errors_in_extension_notification" time="0.000000"></testcase>
		<testcase classname="go.opentelemetry.io/collector/service/extensions" name="TestNotifyConfig" time="0.000000"></testcase>
		<testcase classname="go.opentelemetry.io/collector/service/extensions" name="TestStatusReportedOnStartupShutdown/successful_startup/shutdown" time="0.000000"></testcase>
		<testcase classname="go.opentelemetry.io/collector/service/extensions" name="TestStatusReportedOnStartupShutdown/start_error" time="0.000000"></testcase>
		<testcase classname="go.opentelemetry.io/collector/service/extensions" name="TestStatusReportedOnStartupShutdown/shutdown_error" time="0.000000"></testcase>
		<testcase classname="go.opentelemetry.io/collector/service/extensions" name="TestStatusReportedOnStartupShutdown" time="0.000000"></testcase>
		<testcase classname="go.opentelemetry.io/collector/service/extensions" name="TestCycleErr" time="0.000000"></testcase>
	</testsuite>
	<testsuite tests="6" failures="0" time="0.000000" name="go.opentelemetry.io/collector/service/internal/attribute" timestamp="2025-09-25T17:01:03-05:00">
		<properties>
			<property name="go.version" value="go1.25.1 X:nodwarf5 linux/amd64"></property>
		</properties>
		<testcase classname="go.opentelemetry.io/collector/service/internal/attribute" name="TestReceiver" time="0.000000"></testcase>
		<testcase classname="go.opentelemetry.io/collector/service/internal/attribute" name="TestProcessor" time="0.000000"></testcase>
		<testcase classname="go.opentelemetry.io/collector/service/internal/attribute" name="TestExporter" time="0.000000"></testcase>
		<testcase classname="go.opentelemetry.io/collector/service/internal/attribute" name="TestConnector" time="0.000000"></testcase>
		<testcase classname="go.opentelemetry.io/collector/service/internal/attribute" name="TestExtension" time="0.000000"></testcase>
		<testcase classname="go.opentelemetry.io/collector/service/internal/attribute" name="TestSetEquality" time="0.050000"></testcase>
	</testsuite>
	<testsuite tests="0" failures="0" time="0.000000" name="go.opentelemetry.io/collector/service/internal/builders" timestamp="2025-09-25T17:01:03-05:00">
		<properties>
			<property name="go.version" value="go1.25.1 X:nodwarf5 linux/amd64"></property>
		</properties>
	</testsuite>
	<testsuite tests="38" failures="0" time="0.000000" name="go.opentelemetry.io/collector/service/internal/builders/builders_test" timestamp="2025-09-25T17:01:03-05:00">
		<properties>
			<property name="go.version" value="go1.25.1 X:nodwarf5 linux/amd64"></property>
		</properties>
		<testcase classname="go.opentelemetry.io/collector/service/internal/builders/builders_test" name="TestConnectorBuilder/unknown" time="0.000000"></testcase>
		<testcase classname="go.opentelemetry.io/collector/service/internal/builders/builders_test" name="TestConnectorBuilder/err" time="0.000000"></testcase>
		<testcase classname="go.opentelemetry.io/collector/service/internal/builders/builders_test" name="TestConnectorBuilder/all" time="0.000000"></testcase>
		<testcase classname="go.opentelemetry.io/collector/service/internal/builders/builders_test" name="TestConnectorBuilder/all/named" time="0.000000"></testcase>
		<testcase classname="go.opentelemetry.io/collector/service/internal/builders/builders_test" name="TestConnectorBuilder/no_next_consumer" time="0.000000"></testcase>
		<testcase classname="go.opentelemetry.io/collector/service/internal/builders/builders_test" name="TestConnectorBuilder" time="0.000000"></testcase>
		<testcase classname="go.opentelemetry.io/collector/service/internal/builders/builders_test" name="TestConnectorBuilderMissingConfig" time="0.000000"></testcase>
		<testcase classname="go.opentelemetry.io/collector/service/internal/builders/builders_test" name="TestConnectorBuilderGetters" time="0.000000"></testcase>
		<testcase classname="go.opentelemetry.io/collector/service/internal/builders/builders_test" name="TestNewNopConnectorConfigsAndFactories" time="0.000000"></testcase>
		<testcase classname="go.opentelemetry.io/collector/service/internal/builders/builders_test" name="TestExporterBuilder/unknown" time="0.000000"></testcase>
		<testcase classname="go.opentelemetry.io/collector/service/internal/builders/builders_test" name="TestExporterBuilder/err" time="0.000000"></testcase>
		<testcase classname="go.opentelemetry.io/collector/service/internal/builders/builders_test" name="TestExporterBuilder/all" time="0.000000"></testcase>
		<testcase classname="go.opentelemetry.io/collector/service/internal/builders/builders_test" name="TestExporterBuilder/all/named" time="0.000000"></testcase>
		<testcase classname="go.opentelemetry.io/collector/service/internal/builders/builders_test" name="TestExporterBuilder" time="0.000000"></testcase>
		<testcase classname="go.opentelemetry.io/collector/service/internal/builders/builders_test" name="TestExporterBuilderMissingConfig" time="0.000000"></testcase>
		<testcase classname="go.opentelemetry.io/collector/service/internal/builders/builders_test" name="TestExporterBuilderFactory" time="0.000000"></testcase>
		<testcase classname="go.opentelemetry.io/collector/service/internal/builders/builders_test" name="TestNewNopExporterConfigsAndFactories" time="0.000000"></testcase>
		<testcase classname="go.opentelemetry.io/collector/service/internal/builders/builders_test" name="TestExtensionBuilder" time="0.000000"></testcase>
		<testcase classname="go.opentelemetry.io/collector/service/internal/builders/builders_test" name="TestExtensionBuilderFactory" time="0.000000"></testcase>
		<testcase classname="go.opentelemetry.io/collector/service/internal/builders/builders_test" name="TestNewNopExtensionConfigsAndFactories" time="0.000000"></testcase>
		<testcase classname="go.opentelemetry.io/collector/service/internal/builders/builders_test" name="TestProcessorBuilder/unknown" time="0.000000"></testcase>
		<testcase classname="go.opentelemetry.io/collector/service/internal/builders/builders_test" name="TestProcessorBuilder/err" time="0.000000"></testcase>
		<testcase classname="go.opentelemetry.io/collector/service/internal/builders/builders_test" name="TestProcessorBuilder/all" time="0.000000"></testcase>
		<testcase classname="go.opentelemetry.io/collector/service/internal/builders/builders_test" name="TestProcessorBuilder/all/named" time="0.000000"></testcase>
		<testcase classname="go.opentelemetry.io/collector/service/internal/builders/builders_test" name="TestProcessorBuilder/no_next_consumer" time="0.000000"></testcase>
		<testcase classname="go.opentelemetry.io/collector/service/internal/builders/builders_test" name="TestProcessorBuilder" time="0.000000"></testcase>
		<testcase classname="go.opentelemetry.io/collector/service/internal/builders/builders_test" name="TestProcessorBuilderMissingConfig" time="0.000000"></testcase>
		<testcase classname="go.opentelemetry.io/collector/service/internal/builders/builders_test" name="TestProcessorBuilderFactory" time="0.000000"></testcase>
		<testcase classname="go.opentelemetry.io/collector/service/internal/builders/builders_test" name="TestNewNopProcessorBuilder" time="0.000000"></testcase>
		<testcase classname="go.opentelemetry.io/collector/service/internal/builders/builders_test" name="TestReceiverBuilder/unknown" time="0.000000"></testcase>
		<testcase classname="go.opentelemetry.io/collector/service/internal/builders/builders_test" name="TestReceiverBuilder/err" time="0.000000"></testcase>
		<testcase classname="go.opentelemetry.io/collector/service/internal/builders/builders_test" name="TestReceiverBuilder/all" time="0.000000"></testcase>
		<testcase classname="go.opentelemetry.io/collector/service/internal/builders/builders_test" name="TestReceiverBuilder/all/named" time="0.000000"></testcase>
		<testcase classname="go.opentelemetry.io/collector/service/internal/builders/builders_test" name="TestReceiverBuilder/no_next_consumer" time="0.000000"></testcase>
		<testcase classname="go.opentelemetry.io/collector/service/internal/builders/builders_test" name="TestReceiverBuilder" time="0.000000"></testcase>
		<testcase classname="go.opentelemetry.io/collector/service/internal/builders/builders_test" name="TestReceiverBuilderMissingConfig" time="0.000000"></testcase>
		<testcase classname="go.opentelemetry.io/collector/service/internal/builders/builders_test" name="TestReceiverBuilderFactory" time="0.000000"></testcase>
		<testcase classname="go.opentelemetry.io/collector/service/internal/builders/builders_test" name="TestNewNopReceiverConfigsAndFactories" time="0.000000"></testcase>
	</testsuite>
	<testsuite tests="4" failures="0" time="0.000000" name="go.opentelemetry.io/collector/service/internal/capabilityconsumer" timestamp="2025-09-25T17:01:03-05:00">
		<properties>
			<property name="go.version" value="go1.25.1 X:nodwarf5 linux/amd64"></property>
		</properties>
		<testcase classname="go.opentelemetry.io/collector/service/internal/capabilityconsumer" name="TestLogs" time="0.000000"></testcase>
		<testcase classname="go.opentelemetry.io/collector/service/internal/capabilityconsumer" name="TestMetrics" time="0.000000"></testcase>
		<testcase classname="go.opentelemetry.io/collector/service/internal/capabilityconsumer" name="TestTraces" time="0.000000"></testcase>
		<testcase classname="go.opentelemetry.io/collector/service/internal/capabilityconsumer" name="TestProfiles" time="0.000000"></testcase>
	</testsuite>
	<testsuite tests="232" failures="0" time="0.003000" name="go.opentelemetry.io/collector/service/internal/graph" timestamp="2025-09-25T17:01:04-05:00">
		<properties>
			<property name="go.version" value="go1.25.1 X:nodwarf5 linux/amd64"></property>
		</properties>
		<testcase classname="go.opentelemetry.io/collector/service/internal/graph" name="TestConnectorPipelinesGraph/with_internal_telemetry/pipelines_simple.yaml" time="0.000000"></testcase>
		<testcase classname="go.opentelemetry.io/collector/service/internal/graph" name="TestConnectorPipelinesGraph/with_internal_telemetry/pipelines_simple_mutate.yaml" time="0.000000"></testcase>
		<testcase classname="go.opentelemetry.io/collector/service/internal/graph" name="TestConnectorPipelinesGraph/with_internal_telemetry/pipelines_simple_multi_proc.yaml" time="0.000000"></testcase>
		<testcase classname="go.opentelemetry.io/collector/service/internal/graph" name="TestConnectorPipelinesGraph/with_internal_telemetry/pipelines_simple_no_proc.yaml" time="0.000000"></testcase>
		<testcase classname="go.opentelemetry.io/collector/service/internal/graph" name="TestConnectorPipelinesGraph/with_internal_telemetry/pipelines_multi.yaml" time="0.000000"></testcase>
		<testcase classname="go.opentelemetry.io/collector/service/internal/graph" name="TestConnectorPipelinesGraph/with_internal_telemetry/pipelines_multi_no_proc.yaml" time="0.000000"></testcase>
		<testcase classname="go.opentelemetry.io/collector/service/internal/graph" name="TestConnectorPipelinesGraph/with_internal_telemetry/multi_pipeline_receivers_and_exporters.yaml" time="0.000000"></testcase>
		<testcase classname="go.opentelemetry.io/collector/service/internal/graph" name="TestConnectorPipelinesGraph/with_internal_telemetry/pipelines_conn_simple_traces.yaml" time="0.000000"></testcase>
		<testcase classname="go.opentelemetry.io/collector/service/internal/graph" name="TestConnectorPipelinesGraph/with_internal_telemetry/pipelines_conn_simple_metrics.yaml" time="0.000000"></testcase>
		<testcase classname="go.opentelemetry.io/collector/service/internal/graph" name="TestConnectorPipelinesGraph/with_internal_telemetry/pipelines_conn_simple_logs.yaml" time="0.000000"></testcase>
		<testcase classname="go.opentelemetry.io/collector/service/internal/graph" name="TestConnectorPipelinesGraph/with_internal_telemetry/pipelines_conn_simple_profiles.yaml" time="0.000000"></testcase>
		<testcase classname="go.opentelemetry.io/collector/service/internal/graph" name="TestConnectorPipelinesGraph/with_internal_telemetry/pipelines_conn_fork_merge_traces.yaml" time="0.000000"></testcase>
		<testcase classname="go.opentelemetry.io/collector/service/internal/graph" name="TestConnectorPipelinesGraph/with_internal_telemetry/pipelines_conn_fork_merge_metrics.yaml" time="0.000000"></testcase>
		<testcase classname="go.opentelemetry.io/collector/service/internal/graph" name="TestConnectorPipelinesGraph/with_internal_telemetry/pipelines_conn_fork_merge_logs.yaml" time="0.000000"></testcase>
		<testcase classname="go.opentelemetry.io/collector/service/internal/graph" name="TestConnectorPipelinesGraph/with_internal_telemetry/pipelines_conn_fork_merge_profiles.yaml" time="0.000000"></testcase>
		<testcase classname="go.opentelemetry.io/collector/service/internal/graph" name="TestConnectorPipelinesGraph/with_internal_telemetry/pipelines_conn_translate_from_traces.yaml" time="0.000000"></testcase>
		<testcase classname="go.opentelemetry.io/collector/service/internal/graph" name="TestConnectorPipelinesGraph/with_internal_telemetry/pipelines_conn_translate_from_metrics.yaml" time="0.000000"></testcase>
		<testcase classname="go.opentelemetry.io/collector/service/internal/graph" name="TestConnectorPipelinesGraph/with_internal_telemetry/pipelines_conn_translate_from_logs.yaml" time="0.000000"></testcase>
		<testcase classname="go.opentelemetry.io/collector/service/internal/graph" name="TestConnectorPipelinesGraph/with_internal_telemetry/pipelines_conn_translate_from_profiles.yaml" time="0.000000"></testcase>
		<testcase classname="go.opentelemetry.io/collector/service/internal/graph" name="TestConnectorPipelinesGraph/with_internal_telemetry/pipelines_conn_matrix_immutable.yaml" time="0.000000"></testcase>
		<testcase classname="go.opentelemetry.io/collector/service/internal/graph" name="TestConnectorPipelinesGraph/with_internal_telemetry/pipelines_conn_matrix_mutable.yaml" time="0.000000"></testcase>
		<testcase classname="go.opentelemetry.io/collector/service/internal/graph" name="TestConnectorPipelinesGraph/with_internal_telemetry/pipelines_conn_lanes.yaml" time="0.000000"></testcase>
		<testcase classname="go.opentelemetry.io/collector/service/internal/graph" name="TestConnectorPipelinesGraph/with_internal_telemetry/pipelines_conn_mutate_traces.yaml" time="0.000000"></testcase>
		<testcase classname="go.opentelemetry.io/collector/service/internal/graph" name="TestConnectorPipelinesGraph/with_internal_telemetry/pipelines_conn_mutate_metrics.yaml" time="0.000000"></testcase>
		<testcase classname="go.opentelemetry.io/collector/service/internal/graph" name="TestConnectorPipelinesGraph/with_internal_telemetry/pipelines_conn_mutate_logs.yaml" time="0.000000"></testcase>
		<testcase classname="go.opentelemetry.io/collector/service/internal/graph" name="TestConnectorPipelinesGraph/with_internal_telemetry/pipelines_conn_mutate_profiles.yaml" time="0.000000"></testcase>
		<testcase classname="go.opentelemetry.io/collector/service/internal/graph" name="TestConnectorPipelinesGraph/with_internal_telemetry" time="0.040000"></testcase>
		<testcase classname="go.opentelemetry.io/collector/service/internal/graph" name="TestConnectorPipelinesGraph/without_internal_telemetry/pipelines_simple.yaml" time="0.000000"></testcase>
		<testcase classname="go.opentelemetry.io/collector/service/internal/graph" name="TestConnectorPipelinesGraph/without_internal_telemetry/pipelines_simple_mutate.yaml" time="0.000000"></testcase>
		<testcase classname="go.opentelemetry.io/collector/service/internal/graph" name="TestConnectorPipelinesGraph/without_internal_telemetry/pipelines_simple_multi_proc.yaml" time="0.000000"></testcase>
		<testcase classname="go.opentelemetry.io/collector/service/internal/graph" name="TestConnectorPipelinesGraph/without_internal_telemetry/pipelines_simple_no_proc.yaml" time="0.000000"></testcase>
		<testcase classname="go.opentelemetry.io/collector/service/internal/graph" name="TestConnectorPipelinesGraph/without_internal_telemetry/pipelines_multi.yaml" time="0.000000"></testcase>
		<testcase classname="go.opentelemetry.io/collector/service/internal/graph" name="TestConnectorPipelinesGraph/without_internal_telemetry/pipelines_multi_no_proc.yaml" time="0.000000"></testcase>
		<testcase classname="go.opentelemetry.io/collector/service/internal/graph" name="TestConnectorPipelinesGraph/without_internal_telemetry/multi_pipeline_receivers_and_exporters.yaml" time="0.000000"></testcase>
		<testcase classname="go.opentelemetry.io/collector/service/internal/graph" name="TestConnectorPipelinesGraph/without_internal_telemetry/pipelines_conn_simple_traces.yaml" time="0.000000"></testcase>
		<testcase classname="go.opentelemetry.io/collector/service/internal/graph" name="TestConnectorPipelinesGraph/without_internal_telemetry/pipelines_conn_simple_metrics.yaml" time="0.000000"></testcase>
		<testcase classname="go.opentelemetry.io/collector/service/internal/graph" name="TestConnectorPipelinesGraph/without_internal_telemetry/pipelines_conn_simple_logs.yaml" time="0.000000"></testcase>
		<testcase classname="go.opentelemetry.io/collector/service/internal/graph" name="TestConnectorPipelinesGraph/without_internal_telemetry/pipelines_conn_simple_profiles.yaml" time="0.000000"></testcase>
		<testcase classname="go.opentelemetry.io/collector/service/internal/graph" name="TestConnectorPipelinesGraph/without_internal_telemetry/pipelines_conn_fork_merge_traces.yaml" time="0.000000"></testcase>
		<testcase classname="go.opentelemetry.io/collector/service/internal/graph" name="TestConnectorPipelinesGraph/without_internal_telemetry/pipelines_conn_fork_merge_metrics.yaml" time="0.000000"></testcase>
		<testcase classname="go.opentelemetry.io/collector/service/internal/graph" name="TestConnectorPipelinesGraph/without_internal_telemetry/pipelines_conn_fork_merge_logs.yaml" time="0.000000"></testcase>
		<testcase classname="go.opentelemetry.io/collector/service/internal/graph" name="TestConnectorPipelinesGraph/without_internal_telemetry/pipelines_conn_fork_merge_profiles.yaml" time="0.000000"></testcase>
		<testcase classname="go.opentelemetry.io/collector/service/internal/graph" name="TestConnectorPipelinesGraph/without_internal_telemetry/pipelines_conn_translate_from_traces.yaml" time="0.000000"></testcase>
		<testcase classname="go.opentelemetry.io/collector/service/internal/graph" name="TestConnectorPipelinesGraph/without_internal_telemetry/pipelines_conn_translate_from_metrics.yaml" time="0.000000"></testcase>
		<testcase classname="go.opentelemetry.io/collector/service/internal/graph" name="TestConnectorPipelinesGraph/without_internal_telemetry/pipelines_conn_translate_from_logs.yaml" time="0.000000"></testcase>
		<testcase classname="go.opentelemetry.io/collector/service/internal/graph" name="TestConnectorPipelinesGraph/without_internal_telemetry/pipelines_conn_translate_from_profiles.yaml" time="0.000000"></testcase>
		<testcase classname="go.opentelemetry.io/collector/service/internal/graph" name="TestConnectorPipelinesGraph/without_internal_telemetry/pipelines_conn_matrix_immutable.yaml" time="0.000000"></testcase>
		<testcase classname="go.opentelemetry.io/collector/service/internal/graph" name="TestConnectorPipelinesGraph/without_internal_telemetry/pipelines_conn_matrix_mutable.yaml" time="0.000000"></testcase>
		<testcase classname="go.opentelemetry.io/collector/service/internal/graph" name="TestConnectorPipelinesGraph/without_internal_telemetry/pipelines_conn_lanes.yaml" time="0.000000"></testcase>
		<testcase classname="go.opentelemetry.io/collector/service/internal/graph" name="TestConnectorPipelinesGraph/without_internal_telemetry/pipelines_conn_mutate_traces.yaml" time="0.000000"></testcase>
		<testcase classname="go.opentelemetry.io/collector/service/internal/graph" name="TestConnectorPipelinesGraph/without_internal_telemetry/pipelines_conn_mutate_metrics.yaml" time="0.000000"></testcase>
		<testcase classname="go.opentelemetry.io/collector/service/internal/graph" name="TestConnectorPipelinesGraph/without_internal_telemetry/pipelines_conn_mutate_logs.yaml" time="0.000000"></testcase>
		<testcase classname="go.opentelemetry.io/collector/service/internal/graph" name="TestConnectorPipelinesGraph/without_internal_telemetry/pipelines_conn_mutate_profiles.yaml" time="0.000000"></testcase>
		<testcase classname="go.opentelemetry.io/collector/service/internal/graph" name="TestConnectorPipelinesGraph/without_internal_telemetry" time="0.040000"></testcase>
		<testcase classname="go.opentelemetry.io/collector/service/internal/graph" name="TestConnectorPipelinesGraph" time="0.080000"></testcase>
		<testcase classname="go.opentelemetry.io/collector/service/internal/graph" name="TestInstances/with_internal_telemetry/one_pipeline_each_signal" time="0.000000"></testcase>
		<testcase classname="go.opentelemetry.io/collector/service/internal/graph" name="TestInstances/with_internal_telemetry/shared_by_signals" time="0.000000"></testcase>
		<testcase classname="go.opentelemetry.io/collector/service/internal/graph" name="TestInstances/with_internal_telemetry" time="0.000000"></testcase>
		<testcase classname="go.opentelemetry.io/collector/service/internal/graph" name="TestInstances/without_internal_telemetry/one_pipeline_each_signal" time="0.000000"></testcase>
		<testcase classname="go.opentelemetry.io/collector/service/internal/graph" name="TestInstances/without_internal_telemetry/shared_by_signals" time="0.000000"></testcase>
		<testcase classname="go.opentelemetry.io/collector/service/internal/graph" name="TestInstances/without_internal_telemetry" time="0.000000"></testcase>
		<testcase classname="go.opentelemetry.io/collector/service/internal/graph" name="TestInstances" time="0.000000"></testcase>
		<testcase classname="go.opentelemetry.io/collector/service/internal/graph" name="TestConnectorRouter/with_internal_telemetry" time="0.000000"></testcase>
		<testcase classname="go.opentelemetry.io/collector/service/internal/graph" name="TestConnectorRouter/without_internal_telemetry" time="0.000000"></testcase>
		<testcase classname="go.opentelemetry.io/collector/service/internal/graph" name="TestConnectorRouter" time="0.000000"></testcase>
		<testcase classname="go.opentelemetry.io/collector/service/internal/graph" name="TestGraphBuildErrors/with_internal_telemetry/not_supported_exporter_logs" time="0.000000"></testcase>
		<testcase classname="go.opentelemetry.io/collector/service/internal/graph" name="TestGraphBuildErrors/with_internal_telemetry/not_supported_exporter_metrics" time="0.000000"></testcase>
		<testcase classname="go.opentelemetry.io/collector/service/internal/graph" name="TestGraphBuildErrors/with_internal_telemetry/not_supported_exporter_traces" time="0.000000"></testcase>
		<testcase classname="go.opentelemetry.io/collector/service/internal/graph" name="TestGraphBuildErrors/with_internal_telemetry/not_supported_exporter_profiles" time="0.000000"></testcase>
		<testcase classname="go.opentelemetry.io/collector/service/internal/graph" name="TestGraphBuildErrors/with_internal_telemetry/not_supported_processor_logs" time="0.000000"></testcase>
		<testcase classname="go.opentelemetry.io/collector/service/internal/graph" name="TestGraphBuildErrors/with_internal_telemetry/not_supported_processor_metrics" time="0.000000"></testcase>
		<testcase classname="go.opentelemetry.io/collector/service/internal/graph" name="TestGraphBuildErrors/with_internal_telemetry/not_supported_processor_traces" time="0.000000"></testcase>
		<testcase classname="go.opentelemetry.io/collector/service/internal/graph" name="TestGraphBuildErrors/with_internal_telemetry/not_supported_processor_profiles" time="0.000000"></testcase>
		<testcase classname="go.opentelemetry.io/collector/service/internal/graph" name="TestGraphBuildErrors/with_internal_telemetry/not_supported_receiver_logs" time="0.000000"></testcase>
		<testcase classname="go.opentelemetry.io/collector/service/internal/graph" name="TestGraphBuildErrors/with_internal_telemetry/not_supported_receiver_metrics" time="0.000000"></testcase>
		<testcase classname="go.opentelemetry.io/collector/service/internal/graph" name="TestGraphBuildErrors/with_internal_telemetry/not_supported_receiver_traces" time="0.000000"></testcase>
		<testcase classname="go.opentelemetry.io/collector/service/internal/graph" name="TestGraphBuildErrors/with_internal_telemetry/not_supported_receiver_profiles" time="0.000000"></testcase>
		<testcase classname="go.opentelemetry.io/collector/service/internal/graph" name="TestGraphBuildErrors/with_internal_telemetry/not_supported_connector_traces_traces.yaml" time="0.000000"></testcase>
		<testcase classname="go.opentelemetry.io/collector/service/internal/graph" name="TestGraphBuildErrors/with_internal_telemetry/not_supported_connector_traces_metrics.yaml" time="0.000000"></testcase>
		<testcase classname="go.opentelemetry.io/collector/service/internal/graph" name="TestGraphBuildErrors/with_internal_telemetry/not_supported_connector_traces_logs.yaml" time="0.000000"></testcase>
		<testcase classname="go.opentelemetry.io/collector/service/internal/graph" name="TestGraphBuildErrors/with_internal_telemetry/not_supported_connector_traces_profiles.yaml" time="0.000000"></testcase>
		<testcase classname="go.opentelemetry.io/collector/service/internal/graph" name="TestGraphBuildErrors/with_internal_telemetry/not_supported_connector_metrics_traces.yaml" time="0.000000"></testcase>
		<testcase classname="go.opentelemetry.io/collector/service/internal/graph" name="TestGraphBuildErrors/with_internal_telemetry/not_supported_connector_metrics_metrics.yaml" time="0.000000"></testcase>
		<testcase classname="go.opentelemetry.io/collector/service/internal/graph" name="TestGraphBuildErrors/with_internal_telemetry/not_supported_connector_metrics_logs.yaml" time="0.000000"></testcase>
		<testcase classname="go.opentelemetry.io/collector/service/internal/graph" name="TestGraphBuildErrors/with_internal_telemetry/not_supported_connector_metrics_profiles.yaml" time="0.000000"></testcase>
		<testcase classname="go.opentelemetry.io/collector/service/internal/graph" name="TestGraphBuildErrors/with_internal_telemetry/not_supported_connector_logs_traces.yaml" time="0.000000"></testcase>
		<testcase classname="go.opentelemetry.io/collector/service/internal/graph" name="TestGraphBuildErrors/with_internal_telemetry/not_supported_connector_logs_metrics.yaml" time="0.000000"></testcase>
		<testcase classname="go.opentelemetry.io/collector/service/internal/graph" name="TestGraphBuildErrors/with_internal_telemetry/not_supported_connector_logs_logs.yaml" time="0.000000"></testcase>
		<testcase classname="go.opentelemetry.io/collector/service/internal/graph" name="TestGraphBuildErrors/with_internal_telemetry/not_supported_connector_logs_profiles.yaml" time="0.000000"></testcase>
		<testcase classname="go.opentelemetry.io/collector/service/internal/graph" name="TestGraphBuildErrors/with_internal_telemetry/not_supported_connector_profiles_traces.yaml" time="0.000000"></testcase>
		<testcase classname="go.opentelemetry.io/collector/service/internal/graph" name="TestGraphBuildErrors/with_internal_telemetry/not_supported_connector_profiles_metrics.yaml" time="0.000000"></testcase>
		<testcase classname="go.opentelemetry.io/collector/service/internal/graph" name="TestGraphBuildErrors/with_internal_telemetry/not_supported_connector_profiles_logs.yaml" time="0.000000"></testcase>
		<testcase classname="go.opentelemetry.io/collector/service/internal/graph" name="TestGraphBuildErrors/with_internal_telemetry/not_supported_connector_profiles_profiles.yaml" time="0.000000"></testcase>
		<testcase classname="go.opentelemetry.io/collector/service/internal/graph" name="TestGraphBuildErrors/with_internal_telemetry/orphaned-connector-use-as-exporter" time="0.000000"></testcase>
		<testcase classname="go.opentelemetry.io/collector/service/internal/graph" name="TestGraphBuildErrors/with_internal_telemetry/orphaned-connector-use-as-receiver" time="0.000000"></testcase>
		<testcase classname="go.opentelemetry.io/collector/service/internal/graph" name="TestGraphBuildErrors/with_internal_telemetry/partially-orphaned-connector-use-as-exporter" time="0.000000"></testcase>
		<testcase classname="go.opentelemetry.io/collector/service/internal/graph" name="TestGraphBuildErrors/with_internal_telemetry/partially-orphaned-connector-use-as-receiver" time="0.000000"></testcase>
		<testcase classname="go.opentelemetry.io/collector/service/internal/graph" name="TestGraphBuildErrors/with_internal_telemetry/not_allowed_simple_cycle_traces.yaml" time="0.000000"></testcase>
		<testcase classname="go.opentelemetry.io/collector/service/internal/graph" name="TestGraphBuildErrors/with_internal_telemetry/not_allowed_simple_cycle_metrics.yaml" time="0.000000"></testcase>
		<testcase classname="go.opentelemetry.io/collector/service/internal/graph" name="TestGraphBuildErrors/with_internal_telemetry/not_allowed_simple_cycle_logs.yaml" time="0.000000"></testcase>
		<testcase classname="go.opentelemetry.io/collector/service/internal/graph" name="TestGraphBuildErrors/with_internal_telemetry/not_allowed_simple_cycle_profiles.yaml" time="0.000000"></testcase>
		<testcase classname="go.opentelemetry.io/collector/service/internal/graph" name="TestGraphBuildErrors/with_internal_telemetry/not_allowed_deep_cycle_traces.yaml" time="0.000000"></testcase>
		<testcase classname="go.opentelemetry.io/collector/service/internal/graph" name="TestGraphBuildErrors/with_internal_telemetry/not_allowed_deep_cycle_metrics.yaml" time="0.000000"></testcase>
		<testcase classname="go.opentelemetry.io/collector/service/internal/graph" name="TestGraphBuildErrors/with_internal_telemetry/not_allowed_deep_cycle_logs.yaml" time="0.000000"></testcase>
		<testcase classname="go.opentelemetry.io/collector/service/internal/graph" name="TestGraphBuildErrors/with_internal_telemetry/not_allowed_deep_cycle_profiles.yaml" time="0.000000"></testcase>
		<testcase classname="go.opentelemetry.io/collector/service/internal/graph" name="TestGraphBuildErrors/with_internal_telemetry/not_allowed_deep_cycle_multi_signal.yaml" time="0.000000"></testcase>
		<testcase classname="go.opentelemetry.io/collector/service/internal/graph" name="TestGraphBuildErrors/with_internal_telemetry/unknown_exporter_config" time="0.000000"></testcase>
		<testcase classname="go.opentelemetry.io/collector/service/internal/graph" name="TestGraphBuildErrors/with_internal_telemetry/unknown_exporter_factory" time="0.000000"></testcase>
		<testcase classname="go.opentelemetry.io/collector/service/internal/graph" name="TestGraphBuildErrors/with_internal_telemetry/unknown_processor_config" time="0.000000"></testcase>
		<testcase classname="go.opentelemetry.io/collector/service/internal/graph" name="TestGraphBuildErrors/with_internal_telemetry/unknown_processor_factory" time="0.000000"></testcase>
		<testcase classname="go.opentelemetry.io/collector/service/internal/graph" name="TestGraphBuildErrors/with_internal_telemetry/unknown_receiver_config" time="0.000000"></testcase>
		<testcase classname="go.opentelemetry.io/collector/service/internal/graph" name="TestGraphBuildErrors/with_internal_telemetry/unknown_receiver_factory" time="0.000000"></testcase>
		<testcase classname="go.opentelemetry.io/collector/service/internal/graph" name="TestGraphBuildErrors/with_internal_telemetry/unknown_connector_factory" time="0.000000"></testcase>
		<testcase classname="go.opentelemetry.io/collector/service/internal/graph" name="TestGraphBuildErrors/with_internal_telemetry" time="0.010000"></testcase>
		<testcase classname="go.opentelemetry.io/collector/service/internal/graph" name="TestGraphBuildErrors/without_internal_telemetry/not_supported_exporter_logs" time="0.000000"></testcase>
		<testcase classname="go.opentelemetry.io/collector/service/internal/graph" name="TestGraphBuildErrors/without_internal_telemetry/not_supported_exporter_metrics" time="0.000000"></testcase>
		<testcase classname="go.opentelemetry.io/collector/service/internal/graph" name="TestGraphBuildErrors/without_internal_telemetry/not_supported_exporter_traces" time="0.000000"></testcase>
		<testcase classname="go.opentelemetry.io/collector/service/internal/graph" name="TestGraphBuildErrors/without_internal_telemetry/not_supported_exporter_profiles" time="0.000000"></testcase>
		<testcase classname="go.opentelemetry.io/collector/service/internal/graph" name="TestGraphBuildErrors/without_internal_telemetry/not_supported_processor_logs" time="0.000000"></testcase>
		<testcase classname="go.opentelemetry.io/collector/service/internal/graph" name="TestGraphBuildErrors/without_internal_telemetry/not_supported_processor_metrics" time="0.000000"></testcase>
		<testcase classname="go.opentelemetry.io/collector/service/internal/graph" name="TestGraphBuildErrors/without_internal_telemetry/not_supported_processor_traces" time="0.000000"></testcase>
		<testcase classname="go.opentelemetry.io/collector/service/internal/graph" name="TestGraphBuildErrors/without_internal_telemetry/not_supported_processor_profiles" time="0.000000"></testcase>
		<testcase classname="go.opentelemetry.io/collector/service/internal/graph" name="TestGraphBuildErrors/without_internal_telemetry/not_supported_receiver_logs" time="0.000000"></testcase>
		<testcase classname="go.opentelemetry.io/collector/service/internal/graph" name="TestGraphBuildErrors/without_internal_telemetry/not_supported_receiver_metrics" time="0.000000"></testcase>
		<testcase classname="go.opentelemetry.io/collector/service/internal/graph" name="TestGraphBuildErrors/without_internal_telemetry/not_supported_receiver_traces" time="0.000000"></testcase>
		<testcase classname="go.opentelemetry.io/collector/service/internal/graph" name="TestGraphBuildErrors/without_internal_telemetry/not_supported_receiver_profiles" time="0.000000"></testcase>
		<testcase classname="go.opentelemetry.io/collector/service/internal/graph" name="TestGraphBuildErrors/without_internal_telemetry/not_supported_connector_traces_traces.yaml" time="0.000000"></testcase>
		<testcase classname="go.opentelemetry.io/collector/service/internal/graph" name="TestGraphBuildErrors/without_internal_telemetry/not_supported_connector_traces_metrics.yaml" time="0.000000"></testcase>
		<testcase classname="go.opentelemetry.io/collector/service/internal/graph" name="TestGraphBuildErrors/without_internal_telemetry/not_supported_connector_traces_logs.yaml" time="0.000000"></testcase>
		<testcase classname="go.opentelemetry.io/collector/service/internal/graph" name="TestGraphBuildErrors/without_internal_telemetry/not_supported_connector_traces_profiles.yaml" time="0.000000"></testcase>
		<testcase classname="go.opentelemetry.io/collector/service/internal/graph" name="TestGraphBuildErrors/without_internal_telemetry/not_supported_connector_metrics_traces.yaml" time="0.000000"></testcase>
		<testcase classname="go.opentelemetry.io/collector/service/internal/graph" name="TestGraphBuildErrors/without_internal_telemetry/not_supported_connector_metrics_metrics.yaml" time="0.000000"></testcase>
		<testcase classname="go.opentelemetry.io/collector/service/internal/graph" name="TestGraphBuildErrors/without_internal_telemetry/not_supported_connector_metrics_logs.yaml" time="0.000000"></testcase>
		<testcase classname="go.opentelemetry.io/collector/service/internal/graph" name="TestGraphBuildErrors/without_internal_telemetry/not_supported_connector_metrics_profiles.yaml" time="0.000000"></testcase>
		<testcase classname="go.opentelemetry.io/collector/service/internal/graph" name="TestGraphBuildErrors/without_internal_telemetry/not_supported_connector_logs_traces.yaml" time="0.000000"></testcase>
		<testcase classname="go.opentelemetry.io/collector/service/internal/graph" name="TestGraphBuildErrors/without_internal_telemetry/not_supported_connector_logs_metrics.yaml" time="0.000000"></testcase>
		<testcase classname="go.opentelemetry.io/collector/service/internal/graph" name="TestGraphBuildErrors/without_internal_telemetry/not_supported_connector_logs_logs.yaml" time="0.000000"></testcase>
		<testcase classname="go.opentelemetry.io/collector/service/internal/graph" name="TestGraphBuildErrors/without_internal_telemetry/not_supported_connector_logs_profiles.yaml" time="0.000000"></testcase>
		<testcase classname="go.opentelemetry.io/collector/service/internal/graph" name="TestGraphBuildErrors/without_internal_telemetry/not_supported_connector_profiles_traces.yaml" time="0.000000"></testcase>
		<testcase classname="go.opentelemetry.io/collector/service/internal/graph" name="TestGraphBuildErrors/without_internal_telemetry/not_supported_connector_profiles_metrics.yaml" time="0.000000"></testcase>
		<testcase classname="go.opentelemetry.io/collector/service/internal/graph" name="TestGraphBuildErrors/without_internal_telemetry/not_supported_connector_profiles_logs.yaml" time="0.000000"></testcase>
		<testcase classname="go.opentelemetry.io/collector/service/internal/graph" name="TestGraphBuildErrors/without_internal_telemetry/not_supported_connector_profiles_profiles.yaml" time="0.000000"></testcase>
		<testcase classname="go.opentelemetry.io/collector/service/internal/graph" name="TestGraphBuildErrors/without_internal_telemetry/orphaned-connector-use-as-exporter" time="0.000000"></testcase>
		<testcase classname="go.opentelemetry.io/collector/service/internal/graph" name="TestGraphBuildErrors/without_internal_telemetry/orphaned-connector-use-as-receiver" time="0.000000"></testcase>
		<testcase classname="go.opentelemetry.io/collector/service/internal/graph" name="TestGraphBuildErrors/without_internal_telemetry/partially-orphaned-connector-use-as-exporter" time="0.000000"></testcase>
		<testcase classname="go.opentelemetry.io/collector/service/internal/graph" name="TestGraphBuildErrors/without_internal_telemetry/partially-orphaned-connector-use-as-receiver" time="0.000000"></testcase>
		<testcase classname="go.opentelemetry.io/collector/service/internal/graph" name="TestGraphBuildErrors/without_internal_telemetry/not_allowed_simple_cycle_traces.yaml" time="0.000000"></testcase>
		<testcase classname="go.opentelemetry.io/collector/service/internal/graph" name="TestGraphBuildErrors/without_internal_telemetry/not_allowed_simple_cycle_metrics.yaml" time="0.000000"></testcase>
		<testcase classname="go.opentelemetry.io/collector/service/internal/graph" name="TestGraphBuildErrors/without_internal_telemetry/not_allowed_simple_cycle_logs.yaml" time="0.000000"></testcase>
		<testcase classname="go.opentelemetry.io/collector/service/internal/graph" name="TestGraphBuildErrors/without_internal_telemetry/not_allowed_simple_cycle_profiles.yaml" time="0.000000"></testcase>
		<testcase classname="go.opentelemetry.io/collector/service/internal/graph" name="TestGraphBuildErrors/without_internal_telemetry/not_allowed_deep_cycle_traces.yaml" time="0.000000"></testcase>
		<testcase classname="go.opentelemetry.io/collector/service/internal/graph" name="TestGraphBuildErrors/without_internal_telemetry/not_allowed_deep_cycle_metrics.yaml" time="0.000000"></testcase>
		<testcase classname="go.opentelemetry.io/collector/service/internal/graph" name="TestGraphBuildErrors/without_internal_telemetry/not_allowed_deep_cycle_logs.yaml" time="0.000000"></testcase>
		<testcase classname="go.opentelemetry.io/collector/service/internal/graph" name="TestGraphBuildErrors/without_internal_telemetry/not_allowed_deep_cycle_profiles.yaml" time="0.000000"></testcase>
		<testcase classname="go.opentelemetry.io/collector/service/internal/graph" name="TestGraphBuildErrors/without_internal_telemetry/not_allowed_deep_cycle_multi_signal.yaml" time="0.000000"></testcase>
		<testcase classname="go.opentelemetry.io/collector/service/internal/graph" name="TestGraphBuildErrors/without_internal_telemetry/unknown_exporter_config" time="0.000000"></testcase>
		<testcase classname="go.opentelemetry.io/collector/service/internal/graph" name="TestGraphBuildErrors/without_internal_telemetry/unknown_exporter_factory" time="0.000000"></testcase>
		<testcase classname="go.opentelemetry.io/collector/service/internal/graph" name="TestGraphBuildErrors/without_internal_telemetry/unknown_processor_config" time="0.000000"></testcase>
		<testcase classname="go.opentelemetry.io/collector/service/internal/graph" name="TestGraphBuildErrors/without_internal_telemetry/unknown_processor_factory" time="0.000000"></testcase>
		<testcase classname="go.opentelemetry.io/collector/service/internal/graph" name="TestGraphBuildErrors/without_internal_telemetry/unknown_receiver_config" time="0.000000"></testcase>
		<testcase classname="go.opentelemetry.io/collector/service/internal/graph" name="TestGraphBuildErrors/without_internal_telemetry/unknown_receiver_factory" time="0.000000"></testcase>
		<testcase classname="go.opentelemetry.io/collector/service/internal/graph" name="TestGraphBuildErrors/without_internal_telemetry/unknown_connector_factory" time="0.000000"></testcase>
		<testcase classname="go.opentelemetry.io/collector/service/internal/graph" name="TestGraphBuildErrors/without_internal_telemetry" time="0.010000"></testcase>
		<testcase classname="go.opentelemetry.io/collector/service/internal/graph" name="TestGraphBuildErrors" time="0.020000"></testcase>
		<testcase classname="go.opentelemetry.io/collector/service/internal/graph" name="TestGraphStartStop/with_internal_telemetry/single" time="0.000000"></testcase>
		<testcase classname="go.opentelemetry.io/collector/service/internal/graph" name="TestGraphStartStop/with_internal_telemetry/multi" time="0.000000"></testcase>
		<testcase classname="go.opentelemetry.io/collector/service/internal/graph" name="TestGraphStartStop/with_internal_telemetry/connected" time="0.000000"></testcase>
		<testcase classname="go.opentelemetry.io/collector/service/internal/graph" name="TestGraphStartStop/with_internal_telemetry" time="0.000000"></testcase>
		<testcase classname="go.opentelemetry.io/collector/service/internal/graph" name="TestGraphStartStop/without_internal_telemetry/single" time="0.000000"></testcase>
		<testcase classname="go.opentelemetry.io/collector/service/internal/graph" name="TestGraphStartStop/without_internal_telemetry/multi" time="0.000000"></testcase>
		<testcase classname="go.opentelemetry.io/collector/service/internal/graph" name="TestGraphStartStop/without_internal_telemetry/connected" time="0.000000"></testcase>
		<testcase classname="go.opentelemetry.io/collector/service/internal/graph" name="TestGraphStartStop/without_internal_telemetry" time="0.000000"></testcase>
		<testcase classname="go.opentelemetry.io/collector/service/internal/graph" name="TestGraphStartStop" time="0.000000"></testcase>
		<testcase classname="go.opentelemetry.io/collector/service/internal/graph" name="TestGraphStartStopCycle/with_internal_telemetry" time="0.000000"></testcase>
		<testcase classname="go.opentelemetry.io/collector/service/internal/graph" name="TestGraphStartStopCycle/without_internal_telemetry" time="0.000000"></testcase>
		<testcase classname="go.opentelemetry.io/collector/service/internal/graph" name="TestGraphStartStopCycle" time="0.000000"></testcase>
		<testcase classname="go.opentelemetry.io/collector/service/internal/graph" name="TestGraphStartStopComponentError/with_internal_telemetry" time="0.000000"></testcase>
		<testcase classname="go.opentelemetry.io/collector/service/internal/graph" name="TestGraphStartStopComponentError/without_internal_telemetry" time="0.000000"></testcase>
		<testcase classname="go.opentelemetry.io/collector/service/internal/graph" name="TestGraphStartStopComponentError" time="0.000000"></testcase>
		<testcase classname="go.opentelemetry.io/collector/service/internal/graph" name="TestGraphFailToStartAndShutdown/with_internal_telemetry/traces/receiver" time="0.000000"></testcase>
		<testcase classname="go.opentelemetry.io/collector/service/internal/graph" name="TestGraphFailToStartAndShutdown/with_internal_telemetry/traces/processor" time="0.000000"></testcase>
		<testcase classname="go.opentelemetry.io/collector/service/internal/graph" name="TestGraphFailToStartAndShutdown/with_internal_telemetry/traces/exporter" time="0.000000"></testcase>
		<testcase classname="go.opentelemetry.io/collector/service/internal/graph" name="TestGraphFailToStartAndShutdown/with_internal_telemetry/traces/traces/connector" time="0.000000"></testcase>
		<testcase classname="go.opentelemetry.io/collector/service/internal/graph" name="TestGraphFailToStartAndShutdown/with_internal_telemetry/traces/metrics/connector" time="0.000000"></testcase>
		<testcase classname="go.opentelemetry.io/collector/service/internal/graph" name="TestGraphFailToStartAndShutdown/with_internal_telemetry/traces/logs/connector" time="0.000000"></testcase>
		<testcase classname="go.opentelemetry.io/collector/service/internal/graph" name="TestGraphFailToStartAndShutdown/with_internal_telemetry/metrics/receiver" time="0.000000"></testcase>
		<testcase classname="go.opentelemetry.io/collector/service/internal/graph" name="TestGraphFailToStartAndShutdown/with_internal_telemetry/metrics/processor" time="0.000000"></testcase>
		<testcase classname="go.opentelemetry.io/collector/service/internal/graph" name="TestGraphFailToStartAndShutdown/with_internal_telemetry/metrics/exporter" time="0.000000"></testcase>
		<testcase classname="go.opentelemetry.io/collector/service/internal/graph" name="TestGraphFailToStartAndShutdown/with_internal_telemetry/metrics/traces/connector" time="0.000000"></testcase>
		<testcase classname="go.opentelemetry.io/collector/service/internal/graph" name="TestGraphFailToStartAndShutdown/with_internal_telemetry/metrics/metrics/connector" time="0.000000"></testcase>
		<testcase classname="go.opentelemetry.io/collector/service/internal/graph" name="TestGraphFailToStartAndShutdown/with_internal_telemetry/metrics/logs/connector" time="0.000000"></testcase>
		<testcase classname="go.opentelemetry.io/collector/service/internal/graph" name="TestGraphFailToStartAndShutdown/with_internal_telemetry/logs/receiver" time="0.000000"></testcase>
		<testcase classname="go.opentelemetry.io/collector/service/internal/graph" name="TestGraphFailToStartAndShutdown/with_internal_telemetry/logs/processor" time="0.000000"></testcase>
		<testcase classname="go.opentelemetry.io/collector/service/internal/graph" name="TestGraphFailToStartAndShutdown/with_internal_telemetry/logs/exporter" time="0.000000"></testcase>
		<testcase classname="go.opentelemetry.io/collector/service/internal/graph" name="TestGraphFailToStartAndShutdown/with_internal_telemetry/logs/traces/connector" time="0.000000"></testcase>
		<testcase classname="go.opentelemetry.io/collector/service/internal/graph" name="TestGraphFailToStartAndShutdown/with_internal_telemetry/logs/metrics/connector" time="0.000000"></testcase>
		<testcase classname="go.opentelemetry.io/collector/service/internal/graph" name="TestGraphFailToStartAndShutdown/with_internal_telemetry/logs/logs/connector" time="0.000000"></testcase>
		<testcase classname="go.opentelemetry.io/collector/service/internal/graph" name="TestGraphFailToStartAndShutdown/with_internal_telemetry" time="0.010000"></testcase>
		<testcase classname="go.opentelemetry.io/collector/service/internal/graph" name="TestGraphFailToStartAndShutdown/without_internal_telemetry/traces/receiver" time="0.000000"></testcase>
		<testcase classname="go.opentelemetry.io/collector/service/internal/graph" name="TestGraphFailToStartAndShutdown/without_internal_telemetry/traces/processor" time="0.000000"></testcase>
		<testcase classname="go.opentelemetry.io/collector/service/internal/graph" name="TestGraphFailToStartAndShutdown/without_internal_telemetry/traces/exporter" time="0.000000"></testcase>
		<testcase classname="go.opentelemetry.io/collector/service/internal/graph" name="TestGraphFailToStartAndShutdown/without_internal_telemetry/traces/traces/connector" time="0.000000"></testcase>
		<testcase classname="go.opentelemetry.io/collector/service/internal/graph" name="TestGraphFailToStartAndShutdown/without_internal_telemetry/traces/metrics/connector" time="0.000000"></testcase>
		<testcase classname="go.opentelemetry.io/collector/service/internal/graph" name="TestGraphFailToStartAndShutdown/without_internal_telemetry/traces/logs/connector" time="0.000000"></testcase>
		<testcase classname="go.opentelemetry.io/collector/service/internal/graph" name="TestGraphFailToStartAndShutdown/without_internal_telemetry/metrics/receiver" time="0.000000"></testcase>
		<testcase classname="go.opentelemetry.io/collector/service/internal/graph" name="TestGraphFailToStartAndShutdown/without_internal_telemetry/metrics/processor" time="0.000000"></testcase>
		<testcase classname="go.opentelemetry.io/collector/service/internal/graph" name="TestGraphFailToStartAndShutdown/without_internal_telemetry/metrics/exporter" time="0.000000"></testcase>
		<testcase classname="go.opentelemetry.io/collector/service/internal/graph" name="TestGraphFailToStartAndShutdown/without_internal_telemetry/metrics/traces/connector" time="0.000000"></testcase>
		<testcase classname="go.opentelemetry.io/collector/service/internal/graph" name="TestGraphFailToStartAndShutdown/without_internal_telemetry/metrics/metrics/connector" time="0.000000"></testcase>
		<testcase classname="go.opentelemetry.io/collector/service/internal/graph" name="TestGraphFailToStartAndShutdown/without_internal_telemetry/metrics/logs/connector" time="0.000000"></testcase>
		<testcase classname="go.opentelemetry.io/collector/service/internal/graph" name="TestGraphFailToStartAndShutdown/without_internal_telemetry/logs/receiver" time="0.000000"></testcase>
		<testcase classname="go.opentelemetry.io/collector/service/internal/graph" name="TestGraphFailToStartAndShutdown/without_internal_telemetry/logs/processor" time="0.000000"></testcase>
		<testcase classname="go.opentelemetry.io/collector/service/internal/graph" name="TestGraphFailToStartAndShutdown/without_internal_telemetry/logs/exporter" time="0.000000"></testcase>
		<testcase classname="go.opentelemetry.io/collector/service/internal/graph" name="TestGraphFailToStartAndShutdown/without_internal_telemetry/logs/traces/connector" time="0.000000"></testcase>
		<testcase classname="go.opentelemetry.io/collector/service/internal/graph" name="TestGraphFailToStartAndShutdown/without_internal_telemetry/logs/metrics/connector" time="0.000000"></testcase>
		<testcase classname="go.opentelemetry.io/collector/service/internal/graph" name="TestGraphFailToStartAndShutdown/without_internal_telemetry/logs/logs/connector" time="0.000000"></testcase>
		<testcase classname="go.opentelemetry.io/collector/service/internal/graph" name="TestGraphFailToStartAndShutdown/without_internal_telemetry" time="0.000000"></testcase>
		<testcase classname="go.opentelemetry.io/collector/service/internal/graph" name="TestGraphFailToStartAndShutdown" time="0.010000"></testcase>
		<testcase classname="go.opentelemetry.io/collector/service/internal/graph" name="TestStatusReportedOnStartupShutdown/with_internal_telemetry/successful_startup/shutdown" time="0.000000"></testcase>
		<testcase classname="go.opentelemetry.io/collector/service/internal/graph" name="TestStatusReportedOnStartupShutdown/with_internal_telemetry/early_startup_error" time="0.000000"></testcase>
		<testcase classname="go.opentelemetry.io/collector/service/internal/graph" name="TestStatusReportedOnStartupShutdown/with_internal_telemetry/late_startup_error" time="0.000000"></testcase>
		<testcase classname="go.opentelemetry.io/collector/service/internal/graph" name="TestStatusReportedOnStartupShutdown/with_internal_telemetry/early_shutdown_error" time="0.000000"></testcase>
		<testcase classname="go.opentelemetry.io/collector/service/internal/graph" name="TestStatusReportedOnStartupShutdown/with_internal_telemetry/late_shutdown_error" time="0.000000"></testcase>
		<testcase classname="go.opentelemetry.io/collector/service/internal/graph" name="TestStatusReportedOnStartupShutdown/with_internal_telemetry" time="0.000000"></testcase>
		<testcase classname="go.opentelemetry.io/collector/service/internal/graph" name="TestStatusReportedOnStartupShutdown/without_internal_telemetry/successful_startup/shutdown" time="0.000000"></testcase>
		<testcase classname="go.opentelemetry.io/collector/service/internal/graph" name="TestStatusReportedOnStartupShutdown/without_internal_telemetry/early_startup_error" time="0.000000"></testcase>
		<testcase classname="go.opentelemetry.io/collector/service/internal/graph" name="TestStatusReportedOnStartupShutdown/without_internal_telemetry/late_startup_error" time="0.000000"></testcase>
		<testcase classname="go.opentelemetry.io/collector/service/internal/graph" name="TestStatusReportedOnStartupShutdown/without_internal_telemetry/early_shutdown_error" time="0.000000"></testcase>
		<testcase classname="go.opentelemetry.io/collector/service/internal/graph" name="TestStatusReportedOnStartupShutdown/without_internal_telemetry/late_shutdown_error" time="0.000000"></testcase>
		<testcase classname="go.opentelemetry.io/collector/service/internal/graph" name="TestStatusReportedOnStartupShutdown/without_internal_telemetry" time="0.000000"></testcase>
		<testcase classname="go.opentelemetry.io/collector/service/internal/graph" name="TestStatusReportedOnStartupShutdown" time="0.000000"></testcase>
		<testcase classname="go.opentelemetry.io/collector/service/internal/graph" name="TestComponentInstrumentation" time="0.010000"></testcase>
	</testsuite>
	<testsuite tests="2" failures="0" time="0.000000" name="go.opentelemetry.io/collector/service/internal/metadata" timestamp="2025-09-25T17:01:04-05:00">
		<properties>
			<property name="go.version" value="go1.25.1 X:nodwarf5 linux/amd64"></property>
		</properties>
		<testcase classname="go.opentelemetry.io/collector/service/internal/metadata" name="TestProviders" time="0.000000"></testcase>
		<testcase classname="go.opentelemetry.io/collector/service/internal/metadata" name="TestNewTelemetryBuilder" time="0.000000"></testcase>
	</testsuite>
	<testsuite tests="1" failures="0" time="0.000000" name="go.opentelemetry.io/collector/service/internal/metadatatest" timestamp="2025-09-25T17:01:04-05:00">
		<properties>
			<property name="go.version" value="go1.25.1 X:nodwarf5 linux/amd64"></property>
		</properties>
		<testcase classname="go.opentelemetry.io/collector/service/internal/metadatatest" name="TestSetupTelemetry" time="0.000000"></testcase>
	</testsuite>
	<testsuite tests="0" failures="0" time="0.000000" name="go.opentelemetry.io/collector/service/internal/moduleinfo" timestamp="2025-09-25T17:01:04-05:00">
		<properties>
			<property name="go.version" value="go1.25.1 X:nodwarf5 linux/amd64"></property>
		</properties>
	</testsuite>
	<testsuite tests="33" failures="0" time="0.001000" name="go.opentelemetry.io/collector/service/internal/obsconsumer" timestamp="2025-09-25T17:01:04-05:00">
		<properties>
			<property name="go.version" value="go1.25.1 X:nodwarf5 linux/amd64"></property>
		</properties>
		<testcase classname="go.opentelemetry.io/collector/service/internal/obsconsumer" name="TestConsumeRefused/metrics" time="0.000000"></testcase>
		<testcase classname="go.opentelemetry.io/collector/service/internal/obsconsumer" name="TestConsumeRefused/logs" time="0.000000"></testcase>
		<testcase classname="go.opentelemetry.io/collector/service/internal/obsconsumer" name="TestConsumeRefused/traces" time="0.000000"></testcase>
		<testcase classname="go.opentelemetry.io/collector/service/internal/obsconsumer" name="TestConsumeRefused/profiles" time="0.000000"></testcase>
		<testcase classname="go.opentelemetry.io/collector/service/internal/obsconsumer" name="TestConsumeRefused" time="0.000000"></testcase>
		<testcase classname="go.opentelemetry.io/collector/service/internal/obsconsumer" name="TestLogsNopWhenGateDisabled" time="0.000000"></testcase>
		<testcase classname="go.opentelemetry.io/collector/service/internal/obsconsumer" name="TestLogsItemsOnly" time="0.000000"></testcase>
		<testcase classname="go.opentelemetry.io/collector/service/internal/obsconsumer" name="TestLogsConsumeSuccess" time="0.000000"></testcase>
		<testcase classname="go.opentelemetry.io/collector/service/internal/obsconsumer" name="TestLogsConsumeFailure" time="0.000000"></testcase>
		<testcase classname="go.opentelemetry.io/collector/service/internal/obsconsumer" name="TestLogsWithStaticAttributes" time="0.000000"></testcase>
		<testcase classname="go.opentelemetry.io/collector/service/internal/obsconsumer" name="TestLogsMultipleItemsMixedOutcomes" time="0.000000"></testcase>
		<testcase classname="go.opentelemetry.io/collector/service/internal/obsconsumer" name="TestLogsCapabilities" time="0.000000"></testcase>
		<testcase classname="go.opentelemetry.io/collector/service/internal/obsconsumer" name="TestMetricsNopWhenGateDisabled" time="0.000000"></testcase>
		<testcase classname="go.opentelemetry.io/collector/service/internal/obsconsumer" name="TestMetricsItemsOnly" time="0.000000"></testcase>
		<testcase classname="go.opentelemetry.io/collector/service/internal/obsconsumer" name="TestMetricsConsumeSuccess" time="0.000000"></testcase>
		<testcase classname="go.opentelemetry.io/collector/service/internal/obsconsumer" name="TestMetricsConsumeFailure" time="0.000000"></testcase>
		<testcase classname="go.opentelemetry.io/collector/service/internal/obsconsumer" name="TestMetricsWithStaticAttributes" time="0.000000"></testcase>
		<testcase classname="go.opentelemetry.io/collector/service/internal/obsconsumer" name="TestMetricsMultipleItemsMixedOutcomes" time="0.000000"></testcase>
		<testcase classname="go.opentelemetry.io/collector/service/internal/obsconsumer" name="TestMetricsCapabilities" time="0.000000"></testcase>
		<testcase classname="go.opentelemetry.io/collector/service/internal/obsconsumer" name="TestProfilesNopWhenGateDisabled" time="0.000000"></testcase>
		<testcase classname="go.opentelemetry.io/collector/service/internal/obsconsumer" name="TestProfilesItemsOnly" time="0.000000"></testcase>
		<testcase classname="go.opentelemetry.io/collector/service/internal/obsconsumer" name="TestProfilesConsumeSuccess" time="0.000000"></testcase>
		<testcase classname="go.opentelemetry.io/collector/service/internal/obsconsumer" name="TestProfilesConsumeFailure" time="0.000000"></testcase>
		<testcase classname="go.opentelemetry.io/collector/service/internal/obsconsumer" name="TestProfilesWithStaticAttributes" time="0.000000"></testcase>
		<testcase classname="go.opentelemetry.io/collector/service/internal/obsconsumer" name="TestProfilesMultipleItemsMixedOutcomes" time="0.000000"></testcase>
		<testcase classname="go.opentelemetry.io/collector/service/internal/obsconsumer" name="TestProfilesCapabilities" time="0.000000"></testcase>
		<testcase classname="go.opentelemetry.io/collector/service/internal/obsconsumer" name="TestTracesNopWhenGateDisabled" time="0.000000"></testcase>
		<testcase classname="go.opentelemetry.io/collector/service/internal/obsconsumer" name="TestTracesItemsOnly" time="0.000000"></testcase>
		<testcase classname="go.opentelemetry.io/collector/service/internal/obsconsumer" name="TestTracesConsumeSuccess" time="0.000000"></testcase>
		<testcase classname="go.opentelemetry.io/collector/service/internal/obsconsumer" name="TestTracesConsumeFailure" time="0.000000"></testcase>
		<testcase classname="go.opentelemetry.io/collector/service/internal/obsconsumer" name="TestTracesWithStaticAttributes" time="0.000000"></testcase>
		<testcase classname="go.opentelemetry.io/collector/service/internal/obsconsumer" name="TestTracesMultipleItemsMixedOutcomes" time="0.000000"></testcase>
		<testcase classname="go.opentelemetry.io/collector/service/internal/obsconsumer" name="TestTracesCapabilities" time="0.000000"></testcase>
	</testsuite>
	<testsuite tests="2" failures="0" time="0.000000" name="go.opentelemetry.io/collector/service/internal/proctelemetry" timestamp="2025-09-25T17:01:04-05:00">
		<properties>
			<property name="go.version" value="go1.25.1 X:nodwarf5 linux/amd64"></property>
		</properties>
		<testcase classname="go.opentelemetry.io/collector/service/internal/proctelemetry" name="TestProcessTelemetryWithHostProc" time="0.010000"></testcase>
		<testcase classname="go.opentelemetry.io/collector/service/internal/proctelemetry" name="TestProcessTelemetry" time="0.000000"></testcase>
	</testsuite>
	<testsuite tests="0" failures="0" time="0.000000" name="go.opentelemetry.io/collector/service/internal/promtest" timestamp="2025-09-25T17:01:04-05:00">
		<properties>
			<property name="go.version" value="go1.25.1 X:nodwarf5 linux/amd64"></property>
		</properties>
	</testsuite>
	<testsuite tests="8" failures="0" time="0.000000" name="go.opentelemetry.io/collector/service/internal/refconsumer" timestamp="2025-09-25T17:01:04-05:00">
		<properties>
			<property name="go.version" value="go1.25.1 X:nodwarf5 linux/amd64"></property>
		</properties>
		<testcase classname="go.opentelemetry.io/collector/service/internal/refconsumer" name="TestLogsNopWhenGateDisabled" time="0.000000"></testcase>
		<testcase classname="go.opentelemetry.io/collector/service/internal/refconsumer" name="TestLogs" time="0.000000"></testcase>
		<testcase classname="go.opentelemetry.io/collector/service/internal/refconsumer" name="TestMetricsNopWhenGateDisabled" time="0.000000"></testcase>
		<testcase classname="go.opentelemetry.io/collector/service/internal/refconsumer" name="TestMetrics" time="0.000000"></testcase>
		<testcase classname="go.opentelemetry.io/collector/service/internal/refconsumer" name="TestProfilesNopWhenGateDisabled" time="0.000000"></testcase>
		<testcase classname="go.opentelemetry.io/collector/service/internal/refconsumer" name="TestProfiles" time="0.000000"></testcase>
		<testcase classname="go.opentelemetry.io/collector/service/internal/refconsumer" name="TestTracesNopWhenGateDisabled" time="0.000000"></testcase>
		<testcase classname="go.opentelemetry.io/collector/service/internal/refconsumer" name="TestTraces" time="0.000000"></testcase>
	</testsuite>
	<testsuite tests="6" failures="0" time="0.001000" name="go.opentelemetry.io/collector/service/internal/resource" timestamp="2025-09-25T17:01:04-05:00">
		<properties>
			<property name="go.version" value="go1.25.1 X:nodwarf5 linux/amd64"></property>
		</properties>
		<testcase classname="go.opentelemetry.io/collector/service/internal/resource" name="TestNew/empty" time="0.000000"></testcase>
		<testcase classname="go.opentelemetry.io/collector/service/internal/resource" name="TestNew/overwrite" time="0.000000"></testcase>
		<testcase classname="go.opentelemetry.io/collector/service/internal/resource" name="TestNew/remove" time="0.000000"></testcase>
		<testcase classname="go.opentelemetry.io/collector/service/internal/resource" name="TestNew/add" time="0.000000"></testcase>
		<testcase classname="go.opentelemetry.io/collector/service/internal/resource" name="TestNew" time="0.000000"></testcase>
		<testcase classname="go.opentelemetry.io/collector/service/internal/resource" name="TestBuildResource" time="0.000000"></testcase>
	</testsuite>
	<testsuite tests="21" failures="0" time="0.001000" name="go.opentelemetry.io/collector/service/internal/status" timestamp="2025-09-25T17:01:04-05:00">
		<properties>
			<property name="go.version" value="go1.25.1 X:nodwarf5 linux/amd64"></property>
		</properties>
		<testcase classname="go.opentelemetry.io/collector/service/internal/status" name="TestNopStatusReporter" time="0.000000"></testcase>
		<testcase classname="go.opentelemetry.io/collector/service/internal/status" name="TestStatusFSM/successful_startup_and_shutdown" time="0.000000"></testcase>
		<testcase classname="go.opentelemetry.io/collector/service/internal/status" name="TestStatusFSM/component_recovered" time="0.000000"></testcase>
		<testcase classname="go.opentelemetry.io/collector/service/internal/status" name="TestStatusFSM/repeated_events_are_errors" time="0.000000"></testcase>
		<testcase classname="go.opentelemetry.io/collector/service/internal/status" name="TestStatusFSM/PermanentError_is_stoppable" time="0.000000"></testcase>
		<testcase classname="go.opentelemetry.io/collector/service/internal/status" name="TestStatusFSM/FatalError_is_terminal" time="0.000000"></testcase>
		<testcase classname="go.opentelemetry.io/collector/service/internal/status" name="TestStatusFSM/Stopped_is_terminal" time="0.000000"></testcase>
		<testcase classname="go.opentelemetry.io/collector/service/internal/status" name="TestStatusFSM" time="0.000000"></testcase>
		<testcase classname="go.opentelemetry.io/collector/service/internal/status" name="TestValidSeqsToStopped/transition_from:_StatusStarting_to:_StatusStopped" time="0.000000"></testcase>
		<testcase classname="go.opentelemetry.io/collector/service/internal/status" name="TestValidSeqsToStopped/transition_from:_StatusOK_to:_StatusStopped" time="0.000000"></testcase>
		<testcase classname="go.opentelemetry.io/collector/service/internal/status" name="TestValidSeqsToStopped/transition_from:_StatusRecoverableError_to:_StatusStopped" time="0.000000"></testcase>
		<testcase classname="go.opentelemetry.io/collector/service/internal/status" name="TestValidSeqsToStopped/transition_from:_StatusPermanentError_to:_StatusStopped" time="0.000000"></testcase>
		<testcase classname="go.opentelemetry.io/collector/service/internal/status" name="TestValidSeqsToStopped/transition_from:_StatusFatalError_to:_StatusStopped" time="0.000000"></testcase>
		<testcase classname="go.opentelemetry.io/collector/service/internal/status" name="TestValidSeqsToStopped" time="0.000000"></testcase>
		<testcase classname="go.opentelemetry.io/collector/service/internal/status" name="TestStatusFuncs" time="0.000000"></testcase>
		<testcase classname="go.opentelemetry.io/collector/service/internal/status" name="TestStatusFuncsConcurrent" time="0.010000"></testcase>
		<testcase classname="go.opentelemetry.io/collector/service/internal/status" name="TestReportComponentOKIfStarting/matching_condition:_StatusStarting" time="0.000000"></testcase>
		<testcase classname="go.opentelemetry.io/collector/service/internal/status" name="TestReportComponentOKIfStarting/non-matching_condition_StatusOK" time="0.000000"></testcase>
		<testcase classname="go.opentelemetry.io/collector/service/internal/status" name="TestReportComponentOKIfStarting/non-matching_condition_RecoverableError" time="0.000000"></testcase>
		<testcase classname="go.opentelemetry.io/collector/service/internal/status" name="TestReportComponentOKIfStarting/non-matching_condition_PermanentError" time="0.000000"></testcase>
		<testcase classname="go.opentelemetry.io/collector/service/internal/status" name="TestReportComponentOKIfStarting" time="0.000000"></testcase>
	</testsuite>
	<testsuite tests="9" failures="0" time="0.000000" name="go.opentelemetry.io/collector/service/internal/testcomponents" timestamp="2025-09-25T17:01:04-05:00">
		<properties>
			<property name="go.version" value="go1.25.1 X:nodwarf5 linux/amd64"></property>
		</properties>
		<testcase classname="go.opentelemetry.io/collector/service/internal/testcomponents" name="TestExampleConnector" time="0.000000"></testcase>
		<testcase classname="go.opentelemetry.io/collector/service/internal/testcomponents" name="TestExampleExporter" time="0.000000"></testcase>
		<testcase classname="go.opentelemetry.io/collector/service/internal/testcomponents" name="TestExampleProcessor" time="0.000000"></testcase>
		<testcase classname="go.opentelemetry.io/collector/service/internal/testcomponents" name="TestExampleReceiver" time="0.000000"></testcase>
		<testcase classname="go.opentelemetry.io/collector/service/internal/testcomponents" name="TestExampleRouter" time="0.000000"></testcase>
		<testcase classname="go.opentelemetry.io/collector/service/internal/testcomponents" name="TestTracesRouter" time="0.000000"></testcase>
		<testcase classname="go.opentelemetry.io/collector/service/internal/testcomponents" name="TestMetricsRouter" time="0.000000"></testcase>
		<testcase classname="go.opentelemetry.io/collector/service/internal/testcomponents" name="TestLogsRouter" time="0.000000"></testcase>
		<testcase classname="go.opentelemetry.io/collector/service/internal/testcomponents" name="TestProfilesRouter" time="0.000000"></testcase>
	</testsuite>
	<testsuite tests="2" failures="0" time="0.000000" name="go.opentelemetry.io/collector/service/internal/zpages" timestamp="2025-09-25T17:01:04-05:00">
		<properties>
			<property name="go.version" value="go1.25.1 X:nodwarf5 linux/amd64"></property>
		</properties>
		<testcase classname="go.opentelemetry.io/collector/service/internal/zpages" name="TestTemplateFuncs" time="0.000000"></testcase>
		<testcase classname="go.opentelemetry.io/collector/service/internal/zpages" name="TestNoCrash" time="0.000000"></testcase>
	</testsuite>
	<testsuite tests="9" failures="0" time="0.001000" name="go.opentelemetry.io/collector/service/pipelines" timestamp="2025-09-25T17:01:04-05:00">
		<properties>
			<property name="go.version" value="go1.25.1 X:nodwarf5 linux/amd64"></property>
		</properties>
		<testcase classname="go.opentelemetry.io/collector/service/pipelines" name="TestConfigValidate/valid" time="0.000000"></testcase>
		<testcase classname="go.opentelemetry.io/collector/service/pipelines" name="TestConfigValidate/duplicate-processor-reference" time="0.000000"></testcase>
		<testcase classname="go.opentelemetry.io/collector/service/pipelines" name="TestConfigValidate/missing-pipeline-receivers" time="0.000000"></testcase>
		<testcase classname="go.opentelemetry.io/collector/service/pipelines" name="TestConfigValidate/missing-pipeline-exporters" time="0.000000"></testcase>
		<testcase classname="go.opentelemetry.io/collector/service/pipelines" name="TestConfigValidate/missing-pipelines" time="0.000000"></testcase>
		<testcase classname="go.opentelemetry.io/collector/service/pipelines" name="TestConfigValidate/disabled-featuregate-profiles" time="0.000000"></testcase>
		<testcase classname="go.opentelemetry.io/collector/service/pipelines" name="TestConfigValidate/enabled-featuregate-profiles" time="0.000000"></testcase>
		<testcase classname="go.opentelemetry.io/collector/service/pipelines" name="TestConfigValidate" time="0.000000"></testcase>
		<testcase classname="go.opentelemetry.io/collector/service/pipelines" name="TestNoPipelinesFeatureGate" time="0.000000"></testcase>
	</testsuite>
	<testsuite tests="7" failures="0" time="0.000000" name="go.opentelemetry.io/collector/service/telemetry" timestamp="2025-09-25T17:01:04-05:00">
		<properties>
			<property name="go.version" value="go1.25.1 X:nodwarf5 linux/amd64"></property>
		</properties>
		<testcase classname="go.opentelemetry.io/collector/service/telemetry" name="TestNewFactory_CreateDefaultConfig" time="0.000000"></testcase>
		<testcase classname="go.opentelemetry.io/collector/service/telemetry" name="TestNewFactory_Defaults" time="0.000000"></testcase>
		<testcase classname="go.opentelemetry.io/collector/service/telemetry" name="TestNewFactory_Options" time="0.000000"></testcase>
		<testcase classname="go.opentelemetry.io/collector/service/telemetry" name="TestNewFactory_CreateResource" time="0.000000"></testcase>
		<testcase classname="go.opentelemetry.io/collector/service/telemetry" name="TestNewFactory_CreateLogger" time="0.000000"></testcase>
		<testcase classname="go.opentelemetry.io/collector/service/telemetry" name="TestNewFactory_CreateMeterProvider" time="0.000000"></testcase>
		<testcase classname="go.opentelemetry.io/collector/service/telemetry" name="TestNewFactory_CreateTracerProvider" time="0.000000"></testcase>
	</testsuite>
	<testsuite tests="6" failures="0" time="0.001000" name="go.opentelemetry.io/collector/service/telemetry/internal/migration" timestamp="2025-09-25T17:01:04-05:00">
		<properties>
			<property name="go.version" value="go1.25.1 X:nodwarf5 linux/amd64"></property>
		</properties>
		<testcase classname="go.opentelemetry.io/collector/service/telemetry/internal/migration" name="TestUnmarshalLogsConfigV020" time="0.000000"></testcase>
		<testcase classname="go.opentelemetry.io/collector/service/telemetry/internal/migration" name="TestUnmarshalTracesConfigV020" time="0.000000"></testcase>
		<testcase classname="go.opentelemetry.io/collector/service/telemetry/internal/migration" name="TestUnmarshalMetricsConfigV020" time="0.000000"></testcase>
		<testcase classname="go.opentelemetry.io/collector/service/telemetry/internal/migration" name="TestUnmarshalLogsConfigV030" time="0.000000"></testcase>
		<testcase classname="go.opentelemetry.io/collector/service/telemetry/internal/migration" name="TestUnmarshalTracesConfigV030" time="0.000000"></testcase>
		<testcase classname="go.opentelemetry.io/collector/service/telemetry/internal/migration" name="TestUnmarshalMetricsConfigV030" time="0.000000"></testcase>
	</testsuite>
	<testsuite tests="41" failures="0" time="0.001000" name="go.opentelemetry.io/collector/service/telemetry/otelconftelemetry" timestamp="2025-09-25T17:01:04-05:00">
		<properties>
			<property name="go.version" value="go1.25.1 X:nodwarf5 linux/amd64"></property>
		</properties>
		<testcase classname="go.opentelemetry.io/collector/service/telemetry/otelconftelemetry" name="TestComponentConfigStruct" time="0.000000"></testcase>
		<testcase classname="go.opentelemetry.io/collector/service/telemetry/otelconftelemetry" name="TestUnmarshalDefaultConfig" time="0.000000"></testcase>
		<testcase classname="go.opentelemetry.io/collector/service/telemetry/otelconftelemetry" name="TestDefaultConfig/UseLocalHostAsDefaultMetricsAddress/true" time="0.000000"></testcase>
		<testcase classname="go.opentelemetry.io/collector/service/telemetry/otelconftelemetry" name="TestDefaultConfig/UseLocalHostAsDefaultMetricsAddress/false" time="0.000000"></testcase>
		<testcase classname="go.opentelemetry.io/collector/service/telemetry/otelconftelemetry" name="TestDefaultConfig" time="0.000000"></testcase>
		<testcase classname="go.opentelemetry.io/collector/service/telemetry/otelconftelemetry" name="TestCreateLogger/no_log_config" time="0.000000"></testcase>
		<testcase classname="go.opentelemetry.io/collector/service/telemetry/otelconftelemetry" name="TestCreateLogger/log_config_with_invalid_processors" time="0.000000"></testcase>
		<testcase classname="go.opentelemetry.io/collector/service/telemetry/otelconftelemetry" name="TestCreateLogger/log_config_with_no_processors" time="0.000000"></testcase>
		<testcase classname="go.opentelemetry.io/collector/service/telemetry/otelconftelemetry" name="TestCreateLogger/log_config_with_processors" time="0.000000"></testcase>
		<testcase classname="go.opentelemetry.io/collector/service/telemetry/otelconftelemetry" name="TestCreateLogger/log_config_with_sampling" time="0.000000"></testcase>
		<testcase classname="go.opentelemetry.io/collector/service/telemetry/otelconftelemetry" name="TestCreateLogger" time="0.000000"></testcase>
		<testcase classname="go.opentelemetry.io/collector/service/telemetry/otelconftelemetry" name="TestCreateLoggerWithResource/auto-populated_fields_only" time="0.000000"></testcase>
		<testcase classname="go.opentelemetry.io/collector/service/telemetry/otelconftelemetry" name="TestCreateLoggerWithResource/override_service.name" time="0.000000"></testcase>
		<testcase classname="go.opentelemetry.io/collector/service/telemetry/otelconftelemetry" name="TestCreateLoggerWithResource/override_service.version" time="0.000000"></testcase>
		<testcase classname="go.opentelemetry.io/collector/service/telemetry/otelconftelemetry" name="TestCreateLoggerWithResource/custom_field_with_auto-populated" time="0.000000"></testcase>
		<testcase classname="go.opentelemetry.io/collector/service/telemetry/otelconftelemetry" name="TestCreateLoggerWithResource/resource_with_no_attributes" time="0.000000"></testcase>
		<testcase classname="go.opentelemetry.io/collector/service/telemetry/otelconftelemetry" name="TestCreateLoggerWithResource" time="0.000000"></testcase>
		<testcase classname="go.opentelemetry.io/collector/service/telemetry/otelconftelemetry" name="TestLogger_OTLP" time="0.010000"></testcase>
		<testcase classname="go.opentelemetry.io/collector/service/telemetry/otelconftelemetry" name="TestCreateMeterProvider/UseOpenTelemetryForInternalMetrics" time="0.000000"></testcase>
		<testcase classname="go.opentelemetry.io/collector/service/telemetry/otelconftelemetry" name="TestCreateMeterProvider" time="0.000000"></testcase>
		<testcase classname="go.opentelemetry.io/collector/service/telemetry/otelconftelemetry" name="TestCreateMeterProvider_Invalid" time="0.000000"></testcase>
		<testcase classname="go.opentelemetry.io/collector/service/telemetry/otelconftelemetry" name="TestCreateMeterProvider_Disabled" time="0.000000"></testcase>
		<testcase classname="go.opentelemetry.io/collector/service/telemetry/otelconftelemetry" name="TestInstrumentEnabled" time="0.000000"></testcase>
		<testcase classname="go.opentelemetry.io/collector/service/telemetry/otelconftelemetry" name="TestTelemetryMetrics_DefaultViews/no_configured_views" time="0.000000"></testcase>
		<testcase classname="go.opentelemetry.io/collector/service/telemetry/otelconftelemetry" name="TestTelemetryMetrics_DefaultViews/configured_views" time="0.000000"></testcase>
		<testcase classname="go.opentelemetry.io/collector/service/telemetry/otelconftelemetry" name="TestTelemetryMetrics_DefaultViews" time="0.000000"></testcase>
		<testcase classname="go.opentelemetry.io/collector/service/telemetry/otelconftelemetry" name="TestCreateResource/default" time="0.000000"></testcase>
		<testcase classname="go.opentelemetry.io/collector/service/telemetry/otelconftelemetry" name="TestCreateResource/with_resource_attributes" time="0.000000"></testcase>
		<testcase classname="go.opentelemetry.io/collector/service/telemetry/otelconftelemetry" name="TestCreateResource" time="0.000000"></testcase>
		<testcase classname="go.opentelemetry.io/collector/service/telemetry/otelconftelemetry" name="TestCreateTracerProvider" time="0.000000"></testcase>
		<testcase classname="go.opentelemetry.io/collector/service/telemetry/otelconftelemetry" name="TestCreateTracerProvider_Invalid" time="0.000000"></testcase>
		<testcase classname="go.opentelemetry.io/collector/service/telemetry/otelconftelemetry" name="TestCreateTracerProvider_Propagators" time="0.000000"></testcase>
		<testcase classname="go.opentelemetry.io/collector/service/telemetry/otelconftelemetry" name="TestCreateTracerProvider_InvalidPropagator" time="0.000000"></testcase>
		<testcase classname="go.opentelemetry.io/collector/service/telemetry/otelconftelemetry" name="TestCreateTracerProvider_Disabled" time="0.000000"></testcase>
		<testcase classname="go.opentelemetry.io/collector/service/telemetry/otelconftelemetry" name="TestConfig/config_empty.yaml" time="0.000000"></testcase>
		<testcase classname="go.opentelemetry.io/collector/service/telemetry/otelconftelemetry" name="TestConfig/config_logs.yaml" time="0.000000"></testcase>
		<testcase classname="go.opentelemetry.io/collector/service/telemetry/otelconftelemetry" name="TestConfig/config_metrics_empty_readers.yaml" time="0.000000"></testcase>
		<testcase classname="go.opentelemetry.io/collector/service/telemetry/otelconftelemetry" name="TestConfig/config_invalid_unknown_field.yaml" time="0.000000"></testcase>
		<testcase classname="go.opentelemetry.io/collector/service/telemetry/otelconftelemetry" name="TestConfig/config_invalid_metrics_empty_readers.yaml" time="0.000000"></testcase>
		<testcase classname="go.opentelemetry.io/collector/service/telemetry/otelconftelemetry" name="TestConfig/config_invalid_metrics_views_level.yaml" time="0.000000"></testcase>
		<testcase classname="go.opentelemetry.io/collector/service/telemetry/otelconftelemetry" name="TestConfig" time="0.010000"></testcase>
	</testsuite>
</testsuites>