<?xml version="1.0" encoding="UTF-8"?>
<testsuites tests="783" failures="0" errors="0" time="18.225883">
	<testsuite tests="0" failures="0" time="1.010000" name="go.opentelemetry.io/collector/pdata" timestamp="2025-07-28T22:03:25-05:00">
		<properties>
			<property name="go.version" value="go1.24.5 linux/amd64"></property>
		</properties>
	</testsuite>
	<testsuite tests="22" failures="0" time="1.027000" name="go.opentelemetry.io/collector/pdata/internal" timestamp="2025-07-28T22:03:25-05:00">
		<properties>
			<property name="go.version" value="go1.24.5 linux/amd64"></property>
		</properties>
		<testcase classname="go.opentelemetry.io/collector/pdata/internal" name="TestUnmarshalJSONIterInstrumentationScope/scope" time="0.000000"></testcase>
		<testcase classname="go.opentelemetry.io/collector/pdata/internal" name="TestUnmarshalJSONIterInstrumentationScope/with_attributes" time="0.000000"></testcase>
		<testcase classname="go.opentelemetry.io/collector/pdata/internal" name="TestUnmarshalJSONIterInstrumentationScope/unknown_field" time="0.000000"></testcase>
		<testcase classname="go.opentelemetry.io/collector/pdata/internal" name="TestUnmarshalJSONIterInstrumentationScope" time="0.000000"></testcase>
		<testcase classname="go.opentelemetry.io/collector/pdata/internal" name="TestReadAttributeUnknownField" time="0.000000"></testcase>
		<testcase classname="go.opentelemetry.io/collector/pdata/internal" name="TestReadAttributeValueUnknownField" time="0.000000"></testcase>
		<testcase classname="go.opentelemetry.io/collector/pdata/internal" name="TestReadResource/resource" time="0.000000"></testcase>
		<testcase classname="go.opentelemetry.io/collector/pdata/internal" name="TestReadResource/Unknown_field" time="0.000000"></testcase>
		<testcase classname="go.opentelemetry.io/collector/pdata/internal" name="TestReadResource" time="0.000000"></testcase>
		<testcase classname="go.opentelemetry.io/collector/pdata/internal" name="TestReadArray/values" time="0.000000"></testcase>
		<testcase classname="go.opentelemetry.io/collector/pdata/internal" name="TestReadArray" time="0.000000"></testcase>
		<testcase classname="go.opentelemetry.io/collector/pdata/internal" name="TestReadKvlistValue/values" time="0.000000"></testcase>
		<testcase classname="go.opentelemetry.io/collector/pdata/internal" name="TestReadKvlistValue/boolValue" time="0.000000"></testcase>
		<testcase classname="go.opentelemetry.io/collector/pdata/internal" name="TestReadKvlistValue/intValue" time="0.000000"></testcase>
		<testcase classname="go.opentelemetry.io/collector/pdata/internal" name="TestReadKvlistValue/doubleValue" time="0.000000"></testcase>
		<testcase classname="go.opentelemetry.io/collector/pdata/internal" name="TestReadKvlistValue" time="0.000000"></testcase>
		<testcase classname="go.opentelemetry.io/collector/pdata/internal" name="TestReadValueUnknownField" time="0.000000"></testcase>
		<testcase classname="go.opentelemetry.io/collector/pdata/internal" name="TestReadValueInvliadBytesValue" time="0.000000"></testcase>
		<testcase classname="go.opentelemetry.io/collector/pdata/internal" name="TestReadArrayUnknownField" time="0.000000"></testcase>
		<testcase classname="go.opentelemetry.io/collector/pdata/internal" name="TestReadArrayValueInvalidArrayValue" time="0.000000"></testcase>
		<testcase classname="go.opentelemetry.io/collector/pdata/internal" name="TestReadKvlistValueUnknownField" time="0.000000"></testcase>
		<testcase classname="go.opentelemetry.io/collector/pdata/internal" name="TestReadKvlistValueInvalidArrayValue" time="0.000000"></testcase>
	</testsuite>
	<testsuite tests="13" failures="0" time="1.016000" name="go.opentelemetry.io/collector/pdata/internal/data" timestamp="2025-07-28T22:03:25-05:00">
		<properties>
			<property name="go.version" value="go1.24.5 linux/amd64"></property>
		</properties>
		<testcase classname="go.opentelemetry.io/collector/pdata/internal/data" name="TestUnmarshalJSON" time="0.000000"></testcase>
		<testcase classname="go.opentelemetry.io/collector/pdata/internal/data" name="TestProfileID" time="0.000000"></testcase>
		<testcase classname="go.opentelemetry.io/collector/pdata/internal/data" name="TestProfileIDMarshal" time="0.000000"></testcase>
		<testcase classname="go.opentelemetry.io/collector/pdata/internal/data" name="TestProfileIDUnmarshal" time="0.000000"></testcase>
		<testcase classname="go.opentelemetry.io/collector/pdata/internal/data" name="TestProfileIDMarshalAndUnmarshalJSON" time="0.000000"></testcase>
		<testcase classname="go.opentelemetry.io/collector/pdata/internal/data" name="TestSpanID" time="0.000000"></testcase>
		<testcase classname="go.opentelemetry.io/collector/pdata/internal/data" name="TestSpanIDMarshal" time="0.000000"></testcase>
		<testcase classname="go.opentelemetry.io/collector/pdata/internal/data" name="TestSpanIDUnmarshal" time="0.000000"></testcase>
		<testcase classname="go.opentelemetry.io/collector/pdata/internal/data" name="TestSpanIDMarshalAndUnmarshalJSON" time="0.000000"></testcase>
		<testcase classname="go.opentelemetry.io/collector/pdata/internal/data" name="TestTraceID" time="0.000000"></testcase>
		<testcase classname="go.opentelemetry.io/collector/pdata/internal/data" name="TestTraceIDMarshal" time="0.000000"></testcase>
		<testcase classname="go.opentelemetry.io/collector/pdata/internal/data" name="TestTraceIDUnmarshal" time="0.000000"></testcase>
		<testcase classname="go.opentelemetry.io/collector/pdata/internal/data" name="TestTraceIDMarshalAndUnmarshalJSON" time="0.000000"></testcase>
	</testsuite>
	<testsuite tests="0" failures="0" time="0.000000" name="go.opentelemetry.io/collector/pdata/internal/data/protogen/collector/logs/v1" timestamp="2025-07-28T22:03:25-05:00">
		<properties>
			<property name="go.version" value="go1.24.5 linux/amd64"></property>
		</properties>
	</testsuite>
	<testsuite tests="0" failures="0" time="0.000000" name="go.opentelemetry.io/collector/pdata/internal/data/protogen/collector/metrics/v1" timestamp="2025-07-28T22:03:25-05:00">
		<properties>
			<property name="go.version" value="go1.24.5 linux/amd64"></property>
		</properties>
	</testsuite>
	<testsuite tests="0" failures="0" time="0.000000" name="go.opentelemetry.io/collector/pdata/internal/data/protogen/collector/profiles/v1development" timestamp="2025-07-28T22:03:25-05:00">
		<properties>
			<property name="go.version" value="go1.24.5 linux/amd64"></property>
		</properties>
	</testsuite>
	<testsuite tests="0" failures="0" time="0.000000" name="go.opentelemetry.io/collector/pdata/internal/data/protogen/collector/trace/v1" timestamp="2025-07-28T22:03:25-05:00">
		<properties>
			<property name="go.version" value="go1.24.5 linux/amd64"></property>
		</properties>
	</testsuite>
	<testsuite tests="0" failures="0" time="0.000000" name="go.opentelemetry.io/collector/pdata/internal/data/protogen/common/v1" timestamp="2025-07-28T22:03:25-05:00">
		<properties>
			<property name="go.version" value="go1.24.5 linux/amd64"></property>
		</properties>
	</testsuite>
	<testsuite tests="0" failures="0" time="0.000000" name="go.opentelemetry.io/collector/pdata/internal/data/protogen/logs/v1" timestamp="2025-07-28T22:03:25-05:00">
		<properties>
			<property name="go.version" value="go1.24.5 linux/amd64"></property>
		</properties>
	</testsuite>
	<testsuite tests="0" failures="0" time="0.000000" name="go.opentelemetry.io/collector/pdata/internal/data/protogen/metrics/v1" timestamp="2025-07-28T22:03:25-05:00">
		<properties>
			<property name="go.version" value="go1.24.5 linux/amd64"></property>
		</properties>
	</testsuite>
	<testsuite tests="0" failures="0" time="0.000000" name="go.opentelemetry.io/collector/pdata/internal/data/protogen/profiles/v1development" timestamp="2025-07-28T22:03:25-05:00">
		<properties>
			<property name="go.version" value="go1.24.5 linux/amd64"></property>
		</properties>
	</testsuite>
	<testsuite tests="0" failures="0" time="0.000000" name="go.opentelemetry.io/collector/pdata/internal/data/protogen/resource/v1" timestamp="2025-07-28T22:03:25-05:00">
		<properties>
			<property name="go.version" value="go1.24.5 linux/amd64"></property>
		</properties>
	</testsuite>
	<testsuite tests="0" failures="0" time="0.000000" name="go.opentelemetry.io/collector/pdata/internal/data/protogen/trace/v1" timestamp="2025-07-28T22:03:25-05:00">
		<properties>
			<property name="go.version" value="go1.24.5 linux/amd64"></property>
		</properties>
	</testsuite>
	<testsuite tests="53" failures="0" time="1.014000" name="go.opentelemetry.io/collector/pdata/internal/json" timestamp="2025-07-28T22:03:26-05:00">
		<properties>
			<property name="go.version" value="go1.24.5 linux/amd64"></property>
		</properties>
		<testcase classname="go.opentelemetry.io/collector/pdata/internal/json" name="TestReadInt32/number" time="0.000000"></testcase>
		<testcase classname="go.opentelemetry.io/collector/pdata/internal/json" name="TestReadInt32/string" time="0.000000"></testcase>
		<testcase classname="go.opentelemetry.io/collector/pdata/internal/json" name="TestReadInt32/negative_number" time="0.000000"></testcase>
		<testcase classname="go.opentelemetry.io/collector/pdata/internal/json" name="TestReadInt32/negative_string" time="0.000000"></testcase>
		<testcase classname="go.opentelemetry.io/collector/pdata/internal/json" name="TestReadInt32/wrong_string" time="0.000000"></testcase>
		<testcase classname="go.opentelemetry.io/collector/pdata/internal/json" name="TestReadInt32/wrong_type" time="0.000000"></testcase>
		<testcase classname="go.opentelemetry.io/collector/pdata/internal/json" name="TestReadInt32" time="0.000000"></testcase>
		<testcase classname="go.opentelemetry.io/collector/pdata/internal/json" name="TestReadUint32/number" time="0.000000"></testcase>
		<testcase classname="go.opentelemetry.io/collector/pdata/internal/json" name="TestReadUint32/string" time="0.000000"></testcase>
		<testcase classname="go.opentelemetry.io/collector/pdata/internal/json" name="TestReadUint32/negative_number" time="0.000000"></testcase>
		<testcase classname="go.opentelemetry.io/collector/pdata/internal/json" name="TestReadUint32/negative_string" time="0.000000"></testcase>
		<testcase classname="go.opentelemetry.io/collector/pdata/internal/json" name="TestReadUint32/wrong_string" time="0.000000"></testcase>
		<testcase classname="go.opentelemetry.io/collector/pdata/internal/json" name="TestReadUint32/wrong_type" time="0.000000"></testcase>
		<testcase classname="go.opentelemetry.io/collector/pdata/internal/json" name="TestReadUint32" time="0.000000"></testcase>
		<testcase classname="go.opentelemetry.io/collector/pdata/internal/json" name="TestReadInt64/number" time="0.000000"></testcase>
		<testcase classname="go.opentelemetry.io/collector/pdata/internal/json" name="TestReadInt64/string" time="0.000000"></testcase>
		<testcase classname="go.opentelemetry.io/collector/pdata/internal/json" name="TestReadInt64/negative_number" time="0.000000"></testcase>
		<testcase classname="go.opentelemetry.io/collector/pdata/internal/json" name="TestReadInt64/negative_string" time="0.000000"></testcase>
		<testcase classname="go.opentelemetry.io/collector/pdata/internal/json" name="TestReadInt64/wrong_string" time="0.000000"></testcase>
		<testcase classname="go.opentelemetry.io/collector/pdata/internal/json" name="TestReadInt64/wrong_type" time="0.000000"></testcase>
		<testcase classname="go.opentelemetry.io/collector/pdata/internal/json" name="TestReadInt64" time="0.000000"></testcase>
		<testcase classname="go.opentelemetry.io/collector/pdata/internal/json" name="TestReadUint64/number" time="0.000000"></testcase>
		<testcase classname="go.opentelemetry.io/collector/pdata/internal/json" name="TestReadUint64/string" time="0.000000"></testcase>
		<testcase classname="go.opentelemetry.io/collector/pdata/internal/json" name="TestReadUint64/negative_number" time="0.000000"></testcase>
		<testcase classname="go.opentelemetry.io/collector/pdata/internal/json" name="TestReadUint64/negative_string" time="0.000000"></testcase>
		<testcase classname="go.opentelemetry.io/collector/pdata/internal/json" name="TestReadUint64/wrong_string" time="0.000000"></testcase>
		<testcase classname="go.opentelemetry.io/collector/pdata/internal/json" name="TestReadUint64/wrong_type" time="0.000000"></testcase>
		<testcase classname="go.opentelemetry.io/collector/pdata/internal/json" name="TestReadUint64" time="0.000000"></testcase>
		<testcase classname="go.opentelemetry.io/collector/pdata/internal/json" name="TestReadFloat64/number" time="0.000000"></testcase>
		<testcase classname="go.opentelemetry.io/collector/pdata/internal/json" name="TestReadFloat64/string" time="0.000000"></testcase>
		<testcase classname="go.opentelemetry.io/collector/pdata/internal/json" name="TestReadFloat64/negative_number" time="0.000000"></testcase>
		<testcase classname="go.opentelemetry.io/collector/pdata/internal/json" name="TestReadFloat64/negative_string" time="0.000000"></testcase>
		<testcase classname="go.opentelemetry.io/collector/pdata/internal/json" name="TestReadFloat64/wrong_string" time="0.000000"></testcase>
		<testcase classname="go.opentelemetry.io/collector/pdata/internal/json" name="TestReadFloat64/wrong_type" time="0.000000"></testcase>
		<testcase classname="go.opentelemetry.io/collector/pdata/internal/json" name="TestReadFloat64/positive_infinity" time="0.000000"></testcase>
		<testcase classname="go.opentelemetry.io/collector/pdata/internal/json" name="TestReadFloat64/negative_infinity" time="0.000000"></testcase>
		<testcase classname="go.opentelemetry.io/collector/pdata/internal/json" name="TestReadFloat64/not-a-number" time="0.000000"></testcase>
		<testcase classname="go.opentelemetry.io/collector/pdata/internal/json" name="TestReadFloat64" time="0.000000"></testcase>
		<testcase classname="go.opentelemetry.io/collector/pdata/internal/json" name="TestReadFloat64MaxValue" time="0.000000"></testcase>
		<testcase classname="go.opentelemetry.io/collector/pdata/internal/json" name="TestReadEnumValue/foo_string" time="0.000000"></testcase>
		<testcase classname="go.opentelemetry.io/collector/pdata/internal/json" name="TestReadEnumValue/foo_number" time="0.000000"></testcase>
		<testcase classname="go.opentelemetry.io/collector/pdata/internal/json" name="TestReadEnumValue/unknown_number" time="0.000000"></testcase>
		<testcase classname="go.opentelemetry.io/collector/pdata/internal/json" name="TestReadEnumValue/bar_string" time="0.000000"></testcase>
		<testcase classname="go.opentelemetry.io/collector/pdata/internal/json" name="TestReadEnumValue/bar_number" time="0.000000"></testcase>
		<testcase classname="go.opentelemetry.io/collector/pdata/internal/json" name="TestReadEnumValue/unknown_string" time="0.000000"></testcase>
		<testcase classname="go.opentelemetry.io/collector/pdata/internal/json" name="TestReadEnumValue/wrong_type" time="0.000000"></testcase>
		<testcase classname="go.opentelemetry.io/collector/pdata/internal/json" name="TestReadEnumValue" time="0.000000"></testcase>
		<testcase classname="go.opentelemetry.io/collector/pdata/internal/json" name="TestNestedObject" time="0.000000"></testcase>
		<testcase classname="go.opentelemetry.io/collector/pdata/internal/json" name="TestMarshalFloat/positive_infinity" time="0.000000"></testcase>
		<testcase classname="go.opentelemetry.io/collector/pdata/internal/json" name="TestMarshalFloat/negative_infinity" time="0.000000"></testcase>
		<testcase classname="go.opentelemetry.io/collector/pdata/internal/json" name="TestMarshalFloat/not-a-number" time="0.000000"></testcase>
		<testcase classname="go.opentelemetry.io/collector/pdata/internal/json" name="TestMarshalFloat/regular_float" time="0.000000"></testcase>
		<testcase classname="go.opentelemetry.io/collector/pdata/internal/json" name="TestMarshalFloat" time="0.000000"></testcase>
	</testsuite>
	<testsuite tests="4" failures="0" time="1.010000" name="go.opentelemetry.io/collector/pdata/internal/otlp" timestamp="2025-07-28T22:03:26-05:00">
		<properties>
			<property name="go.version" value="go1.24.5 linux/amd64"></property>
		</properties>
		<testcase classname="go.opentelemetry.io/collector/pdata/internal/otlp" name="TestDeprecatedScopeLogs" time="0.000000"></testcase>
		<testcase classname="go.opentelemetry.io/collector/pdata/internal/otlp" name="TestDeprecatedScopeMetrics" time="0.000000"></testcase>
		<testcase classname="go.opentelemetry.io/collector/pdata/internal/otlp" name="TestMigrateProfiles" time="0.000000"></testcase>
		<testcase classname="go.opentelemetry.io/collector/pdata/internal/otlp" name="TestDeprecatedScopeSpans" time="0.000000"></testcase>
	</testsuite>
	<testsuite tests="173" failures="0" time="1.027000" name="go.opentelemetry.io/collector/pdata/pcommon" timestamp="2025-07-28T22:03:26-05:00">
		<properties>
			<property name="go.version" value="go1.24.5 linux/amd64"></property>
		</properties>
		<testcase classname="go.opentelemetry.io/collector/pdata/pcommon" name="TestNewByteSlice" time="0.000000"></testcase>
		<testcase classname="go.opentelemetry.io/collector/pdata/pcommon" name="TestByteSliceReadOnly" time="0.000000"></testcase>
		<testcase classname="go.opentelemetry.io/collector/pdata/pcommon" name="TestByteSliceAppend" time="0.000000"></testcase>
		<testcase classname="go.opentelemetry.io/collector/pdata/pcommon" name="TestByteSliceEnsureCapacity" time="0.000000"></testcase>
		<testcase classname="go.opentelemetry.io/collector/pdata/pcommon" name="TestByteSliceAll" time="0.000000"></testcase>
		<testcase classname="go.opentelemetry.io/collector/pdata/pcommon" name="TestByteSliceMoveAndAppendTo" time="0.000000"></testcase>
		<testcase classname="go.opentelemetry.io/collector/pdata/pcommon" name="TestByteSliceEqual" time="0.000000"></testcase>
		<testcase classname="go.opentelemetry.io/collector/pdata/pcommon" name="TestNewFloat64Slice" time="0.000000"></testcase>
		<testcase classname="go.opentelemetry.io/collector/pdata/pcommon" name="TestFloat64SliceReadOnly" time="0.000000"></testcase>
		<testcase classname="go.opentelemetry.io/collector/pdata/pcommon" name="TestFloat64SliceAppend" time="0.000000"></testcase>
		<testcase classname="go.opentelemetry.io/collector/pdata/pcommon" name="TestFloat64SliceEnsureCapacity" time="0.000000"></testcase>
		<testcase classname="go.opentelemetry.io/collector/pdata/pcommon" name="TestFloat64SliceAll" time="0.000000"></testcase>
		<testcase classname="go.opentelemetry.io/collector/pdata/pcommon" name="TestFloat64SliceMoveAndAppendTo" time="0.000000"></testcase>
		<testcase classname="go.opentelemetry.io/collector/pdata/pcommon" name="TestFloat64SliceEqual" time="0.000000"></testcase>
		<testcase classname="go.opentelemetry.io/collector/pdata/pcommon" name="TestInstrumentationScope_MoveTo" time="0.000000"></testcase>
		<testcase classname="go.opentelemetry.io/collector/pdata/pcommon" name="TestInstrumentationScope_CopyTo" time="0.000000"></testcase>
		<testcase classname="go.opentelemetry.io/collector/pdata/pcommon" name="TestInstrumentationScope_MarshalAndUnmarshalJSON" time="0.000000"></testcase>
		<testcase classname="go.opentelemetry.io/collector/pdata/pcommon" name="TestInstrumentationScope_Name" time="0.000000"></testcase>
		<testcase classname="go.opentelemetry.io/collector/pdata/pcommon" name="TestInstrumentationScope_Version" time="0.000000"></testcase>
		<testcase classname="go.opentelemetry.io/collector/pdata/pcommon" name="TestInstrumentationScope_Attributes" time="0.000000"></testcase>
		<testcase classname="go.opentelemetry.io/collector/pdata/pcommon" name="TestInstrumentationScope_DroppedAttributesCount" time="0.000000"></testcase>
		<testcase classname="go.opentelemetry.io/collector/pdata/pcommon" name="TestNewInt32Slice" time="0.000000"></testcase>
		<testcase classname="go.opentelemetry.io/collector/pdata/pcommon" name="TestInt32SliceReadOnly" time="0.000000"></testcase>
		<testcase classname="go.opentelemetry.io/collector/pdata/pcommon" name="TestInt32SliceAppend" time="0.000000"></testcase>
		<testcase classname="go.opentelemetry.io/collector/pdata/pcommon" name="TestInt32SliceEnsureCapacity" time="0.000000"></testcase>
		<testcase classname="go.opentelemetry.io/collector/pdata/pcommon" name="TestInt32SliceAll" time="0.000000"></testcase>
		<testcase classname="go.opentelemetry.io/collector/pdata/pcommon" name="TestInt32SliceMoveAndAppendTo" time="0.000000"></testcase>
		<testcase classname="go.opentelemetry.io/collector/pdata/pcommon" name="TestInt32SliceEqual" time="0.000000"></testcase>
		<testcase classname="go.opentelemetry.io/collector/pdata/pcommon" name="TestNewInt64Slice" time="0.000000"></testcase>
		<testcase classname="go.opentelemetry.io/collector/pdata/pcommon" name="TestInt64SliceReadOnly" time="0.000000"></testcase>
		<testcase classname="go.opentelemetry.io/collector/pdata/pcommon" name="TestInt64SliceAppend" time="0.000000"></testcase>
		<testcase classname="go.opentelemetry.io/collector/pdata/pcommon" name="TestInt64SliceEnsureCapacity" time="0.000000"></testcase>
		<testcase classname="go.opentelemetry.io/collector/pdata/pcommon" name="TestInt64SliceAll" time="0.000000"></testcase>
		<testcase classname="go.opentelemetry.io/collector/pdata/pcommon" name="TestInt64SliceMoveAndAppendTo" time="0.000000"></testcase>
		<testcase classname="go.opentelemetry.io/collector/pdata/pcommon" name="TestInt64SliceEqual" time="0.000000"></testcase>
		<testcase classname="go.opentelemetry.io/collector/pdata/pcommon" name="TestResource_MoveTo" time="0.000000"></testcase>
		<testcase classname="go.opentelemetry.io/collector/pdata/pcommon" name="TestResource_CopyTo" time="0.000000"></testcase>
		<testcase classname="go.opentelemetry.io/collector/pdata/pcommon" name="TestResource_MarshalAndUnmarshalJSON" time="0.000000"></testcase>
		<testcase classname="go.opentelemetry.io/collector/pdata/pcommon" name="TestResource_Attributes" time="0.000000"></testcase>
		<testcase classname="go.opentelemetry.io/collector/pdata/pcommon" name="TestResource_DroppedAttributesCount" time="0.000000"></testcase>
		<testcase classname="go.opentelemetry.io/collector/pdata/pcommon" name="TestNewStringSlice" time="0.000000"></testcase>
		<testcase classname="go.opentelemetry.io/collector/pdata/pcommon" name="TestStringSliceReadOnly" time="0.000000"></testcase>
		<testcase classname="go.opentelemetry.io/collector/pdata/pcommon" name="TestStringSliceAppend" time="0.000000"></testcase>
		<testcase classname="go.opentelemetry.io/collector/pdata/pcommon" name="TestStringSliceEnsureCapacity" time="0.000000"></testcase>
		<testcase classname="go.opentelemetry.io/collector/pdata/pcommon" name="TestStringSliceAll" time="0.000000"></testcase>
		<testcase classname="go.opentelemetry.io/collector/pdata/pcommon" name="TestStringSliceMoveAndAppendTo" time="0.000000"></testcase>
		<testcase classname="go.opentelemetry.io/collector/pdata/pcommon" name="TestStringSliceEqual" time="0.000000"></testcase>
		<testcase classname="go.opentelemetry.io/collector/pdata/pcommon" name="TestNewUInt64Slice" time="0.000000"></testcase>
		<testcase classname="go.opentelemetry.io/collector/pdata/pcommon" name="TestUInt64SliceReadOnly" time="0.000000"></testcase>
		<testcase classname="go.opentelemetry.io/collector/pdata/pcommon" name="TestUInt64SliceAppend" time="0.000000"></testcase>
		<testcase classname="go.opentelemetry.io/collector/pdata/pcommon" name="TestUInt64SliceEnsureCapacity" time="0.000000"></testcase>
		<testcase classname="go.opentelemetry.io/collector/pdata/pcommon" name="TestUInt64SliceAll" time="0.000000"></testcase>
		<testcase classname="go.opentelemetry.io/collector/pdata/pcommon" name="TestUInt64SliceMoveAndAppendTo" time="0.000000"></testcase>
		<testcase classname="go.opentelemetry.io/collector/pdata/pcommon" name="TestUInt64SliceEqual" time="0.000000"></testcase>
		<testcase classname="go.opentelemetry.io/collector/pdata/pcommon" name="TestMap" time="0.000000"></testcase>
		<testcase classname="go.opentelemetry.io/collector/pdata/pcommon" name="TestMapReadOnly" time="0.000000"></testcase>
		<testcase classname="go.opentelemetry.io/collector/pdata/pcommon" name="TestMapPutEmpty" time="0.000000"></testcase>
		<testcase classname="go.opentelemetry.io/collector/pdata/pcommon" name="TestMapPutEmptyMap" time="0.000000"></testcase>
		<testcase classname="go.opentelemetry.io/collector/pdata/pcommon" name="TestMapPutEmptySlice" time="0.000000"></testcase>
		<testcase classname="go.opentelemetry.io/collector/pdata/pcommon" name="TestMapPutEmptyBytes" time="0.000000"></testcase>
		<testcase classname="go.opentelemetry.io/collector/pdata/pcommon" name="TestMapWithEmpty" time="0.000000"></testcase>
		<testcase classname="go.opentelemetry.io/collector/pdata/pcommon" name="TestMapIterationNil" time="0.000000"></testcase>
		<testcase classname="go.opentelemetry.io/collector/pdata/pcommon" name="TestMap_Range" time="0.000000"></testcase>
		<testcase classname="go.opentelemetry.io/collector/pdata/pcommon" name="TestMap_All" time="0.000000"></testcase>
		<testcase classname="go.opentelemetry.io/collector/pdata/pcommon" name="TestMap_FromRaw" time="0.000000"></testcase>
		<testcase classname="go.opentelemetry.io/collector/pdata/pcommon" name="TestMap_MoveTo" time="0.000000"></testcase>
		<testcase classname="go.opentelemetry.io/collector/pdata/pcommon" name="TestMap_CopyTo" time="0.000000"></testcase>
		<testcase classname="go.opentelemetry.io/collector/pdata/pcommon" name="TestMap_EnsureCapacity_Zero" time="0.000000"></testcase>
		<testcase classname="go.opentelemetry.io/collector/pdata/pcommon" name="TestMap_EnsureCapacity" time="0.000000"></testcase>
		<testcase classname="go.opentelemetry.io/collector/pdata/pcommon" name="TestMap_EnsureCapacity_Existing" time="0.000000"></testcase>
		<testcase classname="go.opentelemetry.io/collector/pdata/pcommon" name="TestMap_Clear" time="0.000000"></testcase>
		<testcase classname="go.opentelemetry.io/collector/pdata/pcommon" name="TestMap_RemoveIf" time="0.000000"></testcase>
		<testcase classname="go.opentelemetry.io/collector/pdata/pcommon" name="TestInvalidMap" time="0.000000"></testcase>
		<testcase classname="go.opentelemetry.io/collector/pdata/pcommon" name="TestMapEqual/with_two_empty_maps" time="0.000000"></testcase>
		<testcase classname="go.opentelemetry.io/collector/pdata/pcommon" name="TestMapEqual/with_two_equal_values" time="0.000000"></testcase>
		<testcase classname="go.opentelemetry.io/collector/pdata/pcommon" name="TestMapEqual/with_multiple_equal_values" time="0.000000"></testcase>
		<testcase classname="go.opentelemetry.io/collector/pdata/pcommon" name="TestMapEqual/with_two_different_values" time="0.000000"></testcase>
		<testcase classname="go.opentelemetry.io/collector/pdata/pcommon" name="TestMapEqual/with_the_same_key_and_different_values" time="0.000000"></testcase>
		<testcase classname="go.opentelemetry.io/collector/pdata/pcommon" name="TestMapEqual/with_multiple_different_values" time="0.000000"></testcase>
		<testcase classname="go.opentelemetry.io/collector/pdata/pcommon" name="TestMapEqual" time="0.000000"></testcase>
		<testcase classname="go.opentelemetry.io/collector/pdata/pcommon" name="TestSlice" time="0.000000"></testcase>
		<testcase classname="go.opentelemetry.io/collector/pdata/pcommon" name="TestSliceReadOnly" time="0.000000"></testcase>
		<testcase classname="go.opentelemetry.io/collector/pdata/pcommon" name="TestSlice_CopyTo" time="0.000000"></testcase>
		<testcase classname="go.opentelemetry.io/collector/pdata/pcommon" name="TestSlice_EnsureCapacity" time="0.000000"></testcase>
		<testcase classname="go.opentelemetry.io/collector/pdata/pcommon" name="TestSlice_MoveAndAppendTo" time="0.000000"></testcase>
		<testcase classname="go.opentelemetry.io/collector/pdata/pcommon" name="TestSlice_RemoveIf" time="0.000000"></testcase>
		<testcase classname="go.opentelemetry.io/collector/pdata/pcommon" name="TestSliceAll" time="0.000000"></testcase>
		<testcase classname="go.opentelemetry.io/collector/pdata/pcommon" name="TestInvalidSlice" time="0.000000"></testcase>
		<testcase classname="go.opentelemetry.io/collector/pdata/pcommon" name="TestSliceEqual" time="0.000000"></testcase>
		<testcase classname="go.opentelemetry.io/collector/pdata/pcommon" name="TestSpanID" time="0.000000"></testcase>
		<testcase classname="go.opentelemetry.io/collector/pdata/pcommon" name="TestNewSpanIDEmpty" time="0.000000"></testcase>
		<testcase classname="go.opentelemetry.io/collector/pdata/pcommon" name="TestSpanIDString" time="0.000000"></testcase>
		<testcase classname="go.opentelemetry.io/collector/pdata/pcommon" name="TestSpanIDImmutable" time="0.000000"></testcase>
		<testcase classname="go.opentelemetry.io/collector/pdata/pcommon" name="TestUnixNanosConverters" time="0.000000"></testcase>
		<testcase classname="go.opentelemetry.io/collector/pdata/pcommon" name="TestZeroTimestamp" time="0.000000"></testcase>
		<testcase classname="go.opentelemetry.io/collector/pdata/pcommon" name="TestTraceState_MoveTo" time="0.000000"></testcase>
		<testcase classname="go.opentelemetry.io/collector/pdata/pcommon" name="TestTraceState_CopyTo" time="0.000000"></testcase>
		<testcase classname="go.opentelemetry.io/collector/pdata/pcommon" name="TestTraceState_FromRaw_AsRaw" time="0.000000"></testcase>
		<testcase classname="go.opentelemetry.io/collector/pdata/pcommon" name="TestInvalidTraceState" time="0.000000"></testcase>
		<testcase classname="go.opentelemetry.io/collector/pdata/pcommon" name="TestTraceID" time="0.000000"></testcase>
		<testcase classname="go.opentelemetry.io/collector/pdata/pcommon" name="TestNewTraceIDEmpty" time="0.000000"></testcase>
		<testcase classname="go.opentelemetry.io/collector/pdata/pcommon" name="TestTraceIDString" time="0.000000"></testcase>
		<testcase classname="go.opentelemetry.io/collector/pdata/pcommon" name="TestTraceIDImmutable" time="0.000000"></testcase>
		<testcase classname="go.opentelemetry.io/collector/pdata/pcommon" name="TestValue" time="0.000000"></testcase>
		<testcase classname="go.opentelemetry.io/collector/pdata/pcommon" name="TestValueReadOnly" time="0.000000"></testcase>
		<testcase classname="go.opentelemetry.io/collector/pdata/pcommon" name="TestValueType" time="0.000000"></testcase>
		<testcase classname="go.opentelemetry.io/collector/pdata/pcommon" name="TestValueMap" time="0.000000"></testcase>
		<testcase classname="go.opentelemetry.io/collector/pdata/pcommon" name="TestValueSlice" time="0.000000"></testcase>
		<testcase classname="go.opentelemetry.io/collector/pdata/pcommon" name="TestNilOrigSetValue" time="0.000000"></testcase>
		<testcase classname="go.opentelemetry.io/collector/pdata/pcommon" name="TestValue_MoveTo" time="0.000000"></testcase>
		<testcase classname="go.opentelemetry.io/collector/pdata/pcommon" name="TestValue_CopyTo" time="0.000000"></testcase>
		<testcase classname="go.opentelemetry.io/collector/pdata/pcommon" name="TestSliceWithNilValues" time="0.000000"></testcase>
		<testcase classname="go.opentelemetry.io/collector/pdata/pcommon" name="TestValueAsString/string" time="0.000000"></testcase>
		<testcase classname="go.opentelemetry.io/collector/pdata/pcommon" name="TestValueAsString/int64" time="0.000000"></testcase>
		<testcase classname="go.opentelemetry.io/collector/pdata/pcommon" name="TestValueAsString/float64" time="0.000000"></testcase>
		<testcase classname="go.opentelemetry.io/collector/pdata/pcommon" name="TestValueAsString/small_float64" time="0.000000"></testcase>
		<testcase classname="go.opentelemetry.io/collector/pdata/pcommon" name="TestValueAsString/bad_float64" time="0.000000"></testcase>
		<testcase classname="go.opentelemetry.io/collector/pdata/pcommon" name="TestValueAsString/boolean" time="0.000000"></testcase>
		<testcase classname="go.opentelemetry.io/collector/pdata/pcommon" name="TestValueAsString/empty_map" time="0.000000"></testcase>
		<testcase classname="go.opentelemetry.io/collector/pdata/pcommon" name="TestValueAsString/simple_map" time="0.000000"></testcase>
		<testcase classname="go.opentelemetry.io/collector/pdata/pcommon" name="TestValueAsString/empty_array" time="0.000000"></testcase>
		<testcase classname="go.opentelemetry.io/collector/pdata/pcommon" name="TestValueAsString/simple_array" time="0.000000"></testcase>
		<testcase classname="go.opentelemetry.io/collector/pdata/pcommon" name="TestValueAsString/empty" time="0.000000"></testcase>
		<testcase classname="go.opentelemetry.io/collector/pdata/pcommon" name="TestValueAsString/bytes" time="0.000000"></testcase>
		<testcase classname="go.opentelemetry.io/collector/pdata/pcommon" name="TestValueAsString" time="0.000000"></testcase>
		<testcase classname="go.opentelemetry.io/collector/pdata/pcommon" name="TestValueAsRaw/string" time="0.000000"></testcase>
		<testcase classname="go.opentelemetry.io/collector/pdata/pcommon" name="TestValueAsRaw/int" time="0.000000"></testcase>
		<testcase classname="go.opentelemetry.io/collector/pdata/pcommon" name="TestValueAsRaw/double" time="0.000000"></testcase>
		<testcase classname="go.opentelemetry.io/collector/pdata/pcommon" name="TestValueAsRaw/bytes" time="0.000000"></testcase>
		<testcase classname="go.opentelemetry.io/collector/pdata/pcommon" name="TestValueAsRaw/empty" time="0.000000"></testcase>
		<testcase classname="go.opentelemetry.io/collector/pdata/pcommon" name="TestValueAsRaw/slice" time="0.000000"></testcase>
		<testcase classname="go.opentelemetry.io/collector/pdata/pcommon" name="TestValueAsRaw/map" time="0.000000"></testcase>
		<testcase classname="go.opentelemetry.io/collector/pdata/pcommon" name="TestValueAsRaw" time="0.000000"></testcase>
		<testcase classname="go.opentelemetry.io/collector/pdata/pcommon" name="TestNewValueFromRaw/nil" time="0.000000"></testcase>
		<testcase classname="go.opentelemetry.io/collector/pdata/pcommon" name="TestNewValueFromRaw/string" time="0.000000"></testcase>
		<testcase classname="go.opentelemetry.io/collector/pdata/pcommon" name="TestNewValueFromRaw/int" time="0.000000"></testcase>
		<testcase classname="go.opentelemetry.io/collector/pdata/pcommon" name="TestNewValueFromRaw/int8" time="0.000000"></testcase>
		<testcase classname="go.opentelemetry.io/collector/pdata/pcommon" name="TestNewValueFromRaw/int16" time="0.000000"></testcase>
		<testcase classname="go.opentelemetry.io/collector/pdata/pcommon" name="TestNewValueFromRaw/int32" time="0.000000"></testcase>
		<testcase classname="go.opentelemetry.io/collector/pdata/pcommon" name="TestNewValueFromRaw/int64" time="0.000000"></testcase>
		<testcase classname="go.opentelemetry.io/collector/pdata/pcommon" name="TestNewValueFromRaw/uint" time="0.000000"></testcase>
		<testcase classname="go.opentelemetry.io/collector/pdata/pcommon" name="TestNewValueFromRaw/uint8" time="0.000000"></testcase>
		<testcase classname="go.opentelemetry.io/collector/pdata/pcommon" name="TestNewValueFromRaw/uint16" time="0.000000"></testcase>
		<testcase classname="go.opentelemetry.io/collector/pdata/pcommon" name="TestNewValueFromRaw/uint32" time="0.000000"></testcase>
		<testcase classname="go.opentelemetry.io/collector/pdata/pcommon" name="TestNewValueFromRaw/uint64" time="0.000000"></testcase>
		<testcase classname="go.opentelemetry.io/collector/pdata/pcommon" name="TestNewValueFromRaw/float32" time="0.000000"></testcase>
		<testcase classname="go.opentelemetry.io/collector/pdata/pcommon" name="TestNewValueFromRaw/float64" time="0.000000"></testcase>
		<testcase classname="go.opentelemetry.io/collector/pdata/pcommon" name="TestNewValueFromRaw/bool" time="0.000000"></testcase>
		<testcase classname="go.opentelemetry.io/collector/pdata/pcommon" name="TestNewValueFromRaw/bytes" time="0.000000"></testcase>
		<testcase classname="go.opentelemetry.io/collector/pdata/pcommon" name="TestNewValueFromRaw/map" time="0.000000"></testcase>
		<testcase classname="go.opentelemetry.io/collector/pdata/pcommon" name="TestNewValueFromRaw/empty_map" time="0.000000"></testcase>
		<testcase classname="go.opentelemetry.io/collector/pdata/pcommon" name="TestNewValueFromRaw/slice" time="0.000000"></testcase>
		<testcase classname="go.opentelemetry.io/collector/pdata/pcommon" name="TestNewValueFromRaw/empty_slice" time="0.000000"></testcase>
		<testcase classname="go.opentelemetry.io/collector/pdata/pcommon" name="TestNewValueFromRaw" time="0.000000"></testcase>
		<testcase classname="go.opentelemetry.io/collector/pdata/pcommon" name="TestNewValueFromRawInvalid" time="0.000000"></testcase>
		<testcase classname="go.opentelemetry.io/collector/pdata/pcommon" name="TestInvalidValue" time="0.000000"></testcase>
		<testcase classname="go.opentelemetry.io/collector/pdata/pcommon" name="TestValueEqual/different_types" time="0.000000"></testcase>
		<testcase classname="go.opentelemetry.io/collector/pdata/pcommon" name="TestValueEqual/same_empty" time="0.000000"></testcase>
		<testcase classname="go.opentelemetry.io/collector/pdata/pcommon" name="TestValueEqual/same_strings" time="0.000000"></testcase>
		<testcase classname="go.opentelemetry.io/collector/pdata/pcommon" name="TestValueEqual/different_strings" time="0.000000"></testcase>
		<testcase classname="go.opentelemetry.io/collector/pdata/pcommon" name="TestValueEqual/same_booleans" time="0.000000"></testcase>
		<testcase classname="go.opentelemetry.io/collector/pdata/pcommon" name="TestValueEqual/different_booleans" time="0.000000"></testcase>
		<testcase classname="go.opentelemetry.io/collector/pdata/pcommon" name="TestValueEqual/same_int" time="0.000000"></testcase>
		<testcase classname="go.opentelemetry.io/collector/pdata/pcommon" name="TestValueEqual/different_ints" time="0.000000"></testcase>
		<testcase classname="go.opentelemetry.io/collector/pdata/pcommon" name="TestValueEqual/same_double" time="0.000000"></testcase>
		<testcase classname="go.opentelemetry.io/collector/pdata/pcommon" name="TestValueEqual/different_doubles" time="0.000000"></testcase>
		<testcase classname="go.opentelemetry.io/collector/pdata/pcommon" name="TestValueEqual/same_byte_slice" time="0.000000"></testcase>
		<testcase classname="go.opentelemetry.io/collector/pdata/pcommon" name="TestValueEqual/different_byte_slice" time="0.000000"></testcase>
		<testcase classname="go.opentelemetry.io/collector/pdata/pcommon" name="TestValueEqual/same_slice" time="0.000000"></testcase>
		<testcase classname="go.opentelemetry.io/collector/pdata/pcommon" name="TestValueEqual/different_slice" time="0.000000"></testcase>
		<testcase classname="go.opentelemetry.io/collector/pdata/pcommon" name="TestValueEqual/same_map" time="0.000000"></testcase>
		<testcase classname="go.opentelemetry.io/collector/pdata/pcommon" name="TestValueEqual/different_maps" time="0.000000"></testcase>
		<testcase classname="go.opentelemetry.io/collector/pdata/pcommon" name="TestValueEqual" time="0.000000"></testcase>
	</testsuite>
	<testsuite tests="84" failures="0" time="1.300000" name="go.opentelemetry.io/collector/pdata/plog" timestamp="2025-07-28T22:03:26-05:00">
		<properties>
			<property name="go.version" value="go1.24.5 linux/amd64"></property>
		</properties>
		<testcase classname="go.opentelemetry.io/collector/pdata/plog" name="TestLogRecord_MoveTo" time="0.000000"></testcase>
		<testcase classname="go.opentelemetry.io/collector/pdata/plog" name="TestLogRecord_CopyTo" time="0.000000"></testcase>
		<testcase classname="go.opentelemetry.io/collector/pdata/plog" name="TestLogRecord_MarshalAndUnmarshalJSON" time="0.000000"></testcase>
		<testcase classname="go.opentelemetry.io/collector/pdata/plog" name="TestLogRecord_ObservedTimestamp" time="0.000000"></testcase>
		<testcase classname="go.opentelemetry.io/collector/pdata/plog" name="TestLogRecord_Timestamp" time="0.000000"></testcase>
		<testcase classname="go.opentelemetry.io/collector/pdata/plog" name="TestLogRecord_TraceID" time="0.000000"></testcase>
		<testcase classname="go.opentelemetry.io/collector/pdata/plog" name="TestLogRecord_SpanID" time="0.000000"></testcase>
		<testcase classname="go.opentelemetry.io/collector/pdata/plog" name="TestLogRecord_Flags" time="0.000000"></testcase>
		<testcase classname="go.opentelemetry.io/collector/pdata/plog" name="TestLogRecord_EventName" time="0.000000"></testcase>
		<testcase classname="go.opentelemetry.io/collector/pdata/plog" name="TestLogRecord_SeverityText" time="0.000000"></testcase>
		<testcase classname="go.opentelemetry.io/collector/pdata/plog" name="TestLogRecord_SeverityNumber" time="0.000000"></testcase>
		<testcase classname="go.opentelemetry.io/collector/pdata/plog" name="TestLogRecord_Body" time="0.000000"></testcase>
		<testcase classname="go.opentelemetry.io/collector/pdata/plog" name="TestLogRecord_Attributes" time="0.000000"></testcase>
		<testcase classname="go.opentelemetry.io/collector/pdata/plog" name="TestLogRecord_DroppedAttributesCount" time="0.000000"></testcase>
		<testcase classname="go.opentelemetry.io/collector/pdata/plog" name="TestLogRecordSlice" time="0.000000"></testcase>
		<testcase classname="go.opentelemetry.io/collector/pdata/plog" name="TestLogRecordSliceReadOnly" time="0.000000"></testcase>
		<testcase classname="go.opentelemetry.io/collector/pdata/plog" name="TestLogRecordSlice_CopyTo" time="0.000000"></testcase>
		<testcase classname="go.opentelemetry.io/collector/pdata/plog" name="TestLogRecordSlice_EnsureCapacity" time="0.000000"></testcase>
		<testcase classname="go.opentelemetry.io/collector/pdata/plog" name="TestLogRecordSlice_MoveAndAppendTo" time="0.000000"></testcase>
		<testcase classname="go.opentelemetry.io/collector/pdata/plog" name="TestLogRecordSlice_RemoveIf" time="0.000000"></testcase>
		<testcase classname="go.opentelemetry.io/collector/pdata/plog" name="TestLogRecordSliceAll" time="0.000000"></testcase>
		<testcase classname="go.opentelemetry.io/collector/pdata/plog" name="TestLogRecordSlice_Sort" time="0.000000"></testcase>
		<testcase classname="go.opentelemetry.io/collector/pdata/plog" name="TestResourceLogs_MoveTo" time="0.000000"></testcase>
		<testcase classname="go.opentelemetry.io/collector/pdata/plog" name="TestResourceLogs_CopyTo" time="0.000000"></testcase>
		<testcase classname="go.opentelemetry.io/collector/pdata/plog" name="TestResourceLogs_MarshalAndUnmarshalJSON" time="0.010000"></testcase>
		<testcase classname="go.opentelemetry.io/collector/pdata/plog" name="TestResourceLogs_Resource" time="0.000000"></testcase>
		<testcase classname="go.opentelemetry.io/collector/pdata/plog" name="TestResourceLogs_SchemaUrl" time="0.000000"></testcase>
		<testcase classname="go.opentelemetry.io/collector/pdata/plog" name="TestResourceLogs_ScopeLogs" time="0.000000"></testcase>
		<testcase classname="go.opentelemetry.io/collector/pdata/plog" name="TestResourceLogsSlice" time="0.020000"></testcase>
		<testcase classname="go.opentelemetry.io/collector/pdata/plog" name="TestResourceLogsSliceReadOnly" time="0.000000"></testcase>
		<testcase classname="go.opentelemetry.io/collector/pdata/plog" name="TestResourceLogsSlice_CopyTo" time="0.030000"></testcase>
		<testcase classname="go.opentelemetry.io/collector/pdata/plog" name="TestResourceLogsSlice_EnsureCapacity" time="0.030000"></testcase>
		<testcase classname="go.opentelemetry.io/collector/pdata/plog" name="TestResourceLogsSlice_MoveAndAppendTo" time="0.090000"></testcase>
		<testcase classname="go.opentelemetry.io/collector/pdata/plog" name="TestResourceLogsSlice_RemoveIf" time="0.000000"></testcase>
		<testcase classname="go.opentelemetry.io/collector/pdata/plog" name="TestResourceLogsSliceAll" time="0.000000"></testcase>
		<testcase classname="go.opentelemetry.io/collector/pdata/plog" name="TestResourceLogsSlice_Sort" time="0.000000"></testcase>
		<testcase classname="go.opentelemetry.io/collector/pdata/plog" name="TestScopeLogs_MoveTo" time="0.000000"></testcase>
		<testcase classname="go.opentelemetry.io/collector/pdata/plog" name="TestScopeLogs_CopyTo" time="0.000000"></testcase>
		<testcase classname="go.opentelemetry.io/collector/pdata/plog" name="TestScopeLogs_MarshalAndUnmarshalJSON" time="0.000000"></testcase>
		<testcase classname="go.opentelemetry.io/collector/pdata/plog" name="TestScopeLogs_Scope" time="0.000000"></testcase>
		<testcase classname="go.opentelemetry.io/collector/pdata/plog" name="TestScopeLogs_SchemaUrl" time="0.000000"></testcase>
		<testcase classname="go.opentelemetry.io/collector/pdata/plog" name="TestScopeLogs_LogRecords" time="0.000000"></testcase>
		<testcase classname="go.opentelemetry.io/collector/pdata/plog" name="TestScopeLogsSlice" time="0.000000"></testcase>
		<testcase classname="go.opentelemetry.io/collector/pdata/plog" name="TestScopeLogsSliceReadOnly" time="0.000000"></testcase>
		<testcase classname="go.opentelemetry.io/collector/pdata/plog" name="TestScopeLogsSlice_CopyTo" time="0.000000"></testcase>
		<testcase classname="go.opentelemetry.io/collector/pdata/plog" name="TestScopeLogsSlice_EnsureCapacity" time="0.000000"></testcase>
		<testcase classname="go.opentelemetry.io/collector/pdata/plog" name="TestScopeLogsSlice_MoveAndAppendTo" time="0.010000"></testcase>
		<testcase classname="go.opentelemetry.io/collector/pdata/plog" name="TestScopeLogsSlice_RemoveIf" time="0.000000"></testcase>
		<testcase classname="go.opentelemetry.io/collector/pdata/plog" name="TestScopeLogsSliceAll" time="0.000000"></testcase>
		<testcase classname="go.opentelemetry.io/collector/pdata/plog" name="TestScopeLogsSlice_Sort" time="0.000000"></testcase>
		<testcase classname="go.opentelemetry.io/collector/pdata/plog" name="TestLogsJSON" time="0.000000"></testcase>
		<testcase classname="go.opentelemetry.io/collector/pdata/plog" name="TestJSONUnmarshal" time="0.000000"></testcase>
		<testcase classname="go.opentelemetry.io/collector/pdata/plog" name="TestJSONMarshal" time="0.000000"></testcase>
		<testcase classname="go.opentelemetry.io/collector/pdata/plog" name="TestJSONMarshalAndUnmarshal" time="0.040000"></testcase>
		<testcase classname="go.opentelemetry.io/collector/pdata/plog" name="TestJSONUnmarshalInvalid" time="0.000000"></testcase>
		<testcase classname="go.opentelemetry.io/collector/pdata/plog" name="TestUnmarshalJsoniterLogsData" time="0.000000"></testcase>
		<testcase classname="go.opentelemetry.io/collector/pdata/plog" name="TestUnmarshalJsoniterResourceLogs" time="0.000000"></testcase>
		<testcase classname="go.opentelemetry.io/collector/pdata/plog" name="TestUnmarshalJsoniterScopeLogs" time="0.000000"></testcase>
		<testcase classname="go.opentelemetry.io/collector/pdata/plog" name="TestUnmarshalJsoniterLogRecord" time="0.000000"></testcase>
		<testcase classname="go.opentelemetry.io/collector/pdata/plog" name="TestUnmarshalJsoniterLogWrongTraceID" time="0.000000"></testcase>
		<testcase classname="go.opentelemetry.io/collector/pdata/plog" name="TestUnmarshalJsoniterLogWrongSpanID" time="0.000000"></testcase>
		<testcase classname="go.opentelemetry.io/collector/pdata/plog" name="TestLogRecordFlags" time="0.000000"></testcase>
		<testcase classname="go.opentelemetry.io/collector/pdata/plog" name="TestDefaultLogRecordFlags" time="0.000000"></testcase>
		<testcase classname="go.opentelemetry.io/collector/pdata/plog" name="TestLogRecordCount" time="0.000000"></testcase>
		<testcase classname="go.opentelemetry.io/collector/pdata/plog" name="TestLogRecordCountWithEmpty" time="0.000000"></testcase>
		<testcase classname="go.opentelemetry.io/collector/pdata/plog" name="TestToFromLogOtlp" time="0.000000"></testcase>
		<testcase classname="go.opentelemetry.io/collector/pdata/plog" name="TestResourceLogsWireCompatibility" time="0.020000"></testcase>
		<testcase classname="go.opentelemetry.io/collector/pdata/plog" name="TestLogsCopyTo" time="0.010000"></testcase>
		<testcase classname="go.opentelemetry.io/collector/pdata/plog" name="TestReadOnlyLogsInvalidUsage" time="0.000000"></testcase>
		<testcase classname="go.opentelemetry.io/collector/pdata/plog" name="TestProtoLogsUnmarshalerError" time="0.000000"></testcase>
		<testcase classname="go.opentelemetry.io/collector/pdata/plog" name="TestProtoSizer" time="0.000000"></testcase>
		<testcase classname="go.opentelemetry.io/collector/pdata/plog" name="TestProtoSizerEmptyLogs" time="0.000000"></testcase>
		<testcase classname="go.opentelemetry.io/collector/pdata/plog" name="TestSeverityNumberString" time="0.000000"></testcase>
		<testcase classname="go.opentelemetry.io/collector/pdata/plog" name="FuzzUnmarshalJsonLogs" time="0.000000"></testcase>
		<testcase classname="go.opentelemetry.io/collector/pdata/plog" name="FuzzUnmarshalPBLogs" time="0.000000"></testcase>
		<testcase classname="go.opentelemetry.io/collector/pdata/plog" name="ExampleNewLogs" time="0.000000"></testcase>
		<testcase classname="go.opentelemetry.io/collector/pdata/plog" name="ExampleLogRecord_SetSeverityNumber" time="0.000000"></testcase>
		<testcase classname="go.opentelemetry.io/collector/pdata/plog" name="ExampleLogRecord_Body" time="0.000000"></testcase>
		<testcase classname="go.opentelemetry.io/collector/pdata/plog" name="ExampleLogRecord_TraceID" time="0.000000"></testcase>
		<testcase classname="go.opentelemetry.io/collector/pdata/plog" name="ExampleLogRecord_ObservedTimestamp" time="0.000000"></testcase>
		<testcase classname="go.opentelemetry.io/collector/pdata/plog" name="ExampleLogRecord_EventName" time="0.000000"></testcase>
		<testcase classname="go.opentelemetry.io/collector/pdata/plog" name="ExampleLogRecordFlags" time="0.000000"></testcase>
		<testcase classname="go.opentelemetry.io/collector/pdata/plog" name="ExampleSeverityNumber" time="0.000000"></testcase>
		<testcase classname="go.opentelemetry.io/collector/pdata/plog" name="ExampleLogRecord_DroppedAttributesCount" time="0.000000"></testcase>
	</testsuite>
	<testsuite tests="16" failures="0" time="1.014000" name="go.opentelemetry.io/collector/pdata/plog/plogotlp" timestamp="2025-07-28T22:03:26-05:00">
		<properties>
			<property name="go.version" value="go1.24.5 linux/amd64"></property>
		</properties>
		<testcase classname="go.opentelemetry.io/collector/pdata/plog/plogotlp" name="TestExportPartialSuccess_MoveTo" time="0.000000"></testcase>
		<testcase classname="go.opentelemetry.io/collector/pdata/plog/plogotlp" name="TestExportPartialSuccess_CopyTo" time="0.000000"></testcase>
		<testcase classname="go.opentelemetry.io/collector/pdata/plog/plogotlp" name="TestExportPartialSuccess_MarshalAndUnmarshalJSON" time="0.000000"></testcase>
		<testcase classname="go.opentelemetry.io/collector/pdata/plog/plogotlp" name="TestExportPartialSuccess_RejectedLogRecords" time="0.000000"></testcase>
		<testcase classname="go.opentelemetry.io/collector/pdata/plog/plogotlp" name="TestExportPartialSuccess_ErrorMessage" time="0.000000"></testcase>
		<testcase classname="go.opentelemetry.io/collector/pdata/plog/plogotlp" name="TestGrpc" time="0.000000"></testcase>
		<testcase classname="go.opentelemetry.io/collector/pdata/plog/plogotlp" name="TestGrpcError" time="0.000000"></testcase>
		<testcase classname="go.opentelemetry.io/collector/pdata/plog/plogotlp" name="TestRequestToPData" time="0.000000"></testcase>
		<testcase classname="go.opentelemetry.io/collector/pdata/plog/plogotlp" name="TestRequestJSON" time="0.000000"></testcase>
		<testcase classname="go.opentelemetry.io/collector/pdata/plog/plogotlp" name="TestExportResponseJSON" time="0.000000"></testcase>
		<testcase classname="go.opentelemetry.io/collector/pdata/plog/plogotlp" name="TestUnmarshalJSONExportResponse" time="0.000000"></testcase>
		<testcase classname="go.opentelemetry.io/collector/pdata/plog/plogotlp" name="TestUnmarshalJsoniterExportPartialSuccess" time="0.000000"></testcase>
		<testcase classname="go.opentelemetry.io/collector/pdata/plog/plogotlp" name="FuzzRequestUnmarshalJSON" time="0.000000"></testcase>
		<testcase classname="go.opentelemetry.io/collector/pdata/plog/plogotlp" name="FuzzResponseUnmarshalJSON" time="0.000000"></testcase>
		<testcase classname="go.opentelemetry.io/collector/pdata/plog/plogotlp" name="FuzzRequestUnmarshalProto" time="0.000000"></testcase>
		<testcase classname="go.opentelemetry.io/collector/pdata/plog/plogotlp" name="FuzzResponseUnmarshalProto" time="0.000000"></testcase>
	</testsuite>
	<testsuite tests="255" failures="0" time="16.108000" name="go.opentelemetry.io/collector/pdata/pmetric" timestamp="2025-07-28T22:03:27-05:00">
		<properties>
			<property name="go.version" value="go1.24.5 linux/amd64"></property>
		</properties>
		<testcase classname="go.opentelemetry.io/collector/pdata/pmetric" name="TestAggregationTemporalityString" time="0.000000"></testcase>
		<testcase classname="go.opentelemetry.io/collector/pdata/pmetric" name="TestExemplarValueTypeString" time="0.000000"></testcase>
		<testcase classname="go.opentelemetry.io/collector/pdata/pmetric" name="TestExemplar_MoveTo" time="0.000000"></testcase>
		<testcase classname="go.opentelemetry.io/collector/pdata/pmetric" name="TestExemplar_CopyTo" time="0.000000"></testcase>
		<testcase classname="go.opentelemetry.io/collector/pdata/pmetric" name="TestExemplar_MarshalAndUnmarshalJSON" time="0.000000"></testcase>
		<testcase classname="go.opentelemetry.io/collector/pdata/pmetric" name="TestExemplar_Timestamp" time="0.000000"></testcase>
		<testcase classname="go.opentelemetry.io/collector/pdata/pmetric" name="TestExemplar_ValueType" time="0.000000"></testcase>
		<testcase classname="go.opentelemetry.io/collector/pdata/pmetric" name="TestExemplar_DoubleValue" time="0.000000"></testcase>
		<testcase classname="go.opentelemetry.io/collector/pdata/pmetric" name="TestExemplar_IntValue" time="0.000000"></testcase>
		<testcase classname="go.opentelemetry.io/collector/pdata/pmetric" name="TestExemplar_FilteredAttributes" time="0.000000"></testcase>
		<testcase classname="go.opentelemetry.io/collector/pdata/pmetric" name="TestExemplar_TraceID" time="0.000000"></testcase>
		<testcase classname="go.opentelemetry.io/collector/pdata/pmetric" name="TestExemplar_SpanID" time="0.000000"></testcase>
		<testcase classname="go.opentelemetry.io/collector/pdata/pmetric" name="TestExemplarSlice" time="0.000000"></testcase>
		<testcase classname="go.opentelemetry.io/collector/pdata/pmetric" name="TestExemplarSliceReadOnly" time="0.000000"></testcase>
		<testcase classname="go.opentelemetry.io/collector/pdata/pmetric" name="TestExemplarSlice_CopyTo" time="0.000000"></testcase>
		<testcase classname="go.opentelemetry.io/collector/pdata/pmetric" name="TestExemplarSlice_EnsureCapacity" time="0.000000"></testcase>
		<testcase classname="go.opentelemetry.io/collector/pdata/pmetric" name="TestExemplarSlice_MoveAndAppendTo" time="0.000000"></testcase>
		<testcase classname="go.opentelemetry.io/collector/pdata/pmetric" name="TestExemplarSlice_RemoveIf" time="0.000000"></testcase>
		<testcase classname="go.opentelemetry.io/collector/pdata/pmetric" name="TestExemplarSliceAll" time="0.000000"></testcase>
		<testcase classname="go.opentelemetry.io/collector/pdata/pmetric" name="TestExponentialHistogram_MoveTo" time="0.000000"></testcase>
		<testcase classname="go.opentelemetry.io/collector/pdata/pmetric" name="TestExponentialHistogram_CopyTo" time="0.000000"></testcase>
		<testcase classname="go.opentelemetry.io/collector/pdata/pmetric" name="TestExponentialHistogram_MarshalAndUnmarshalJSON" time="0.010000"></testcase>
		<testcase classname="go.opentelemetry.io/collector/pdata/pmetric" name="TestExponentialHistogram_AggregationTemporality" time="0.000000"></testcase>
		<testcase classname="go.opentelemetry.io/collector/pdata/pmetric" name="TestExponentialHistogram_DataPoints" time="0.000000"></testcase>
		<testcase classname="go.opentelemetry.io/collector/pdata/pmetric" name="TestExponentialHistogramDataPoint_MoveTo" time="0.000000"></testcase>
		<testcase classname="go.opentelemetry.io/collector/pdata/pmetric" name="TestExponentialHistogramDataPoint_CopyTo" time="0.000000"></testcase>
		<testcase classname="go.opentelemetry.io/collector/pdata/pmetric" name="TestExponentialHistogramDataPoint_MarshalAndUnmarshalJSON" time="0.000000"></testcase>
		<testcase classname="go.opentelemetry.io/collector/pdata/pmetric" name="TestExponentialHistogramDataPoint_Attributes" time="0.000000"></testcase>
		<testcase classname="go.opentelemetry.io/collector/pdata/pmetric" name="TestExponentialHistogramDataPoint_StartTimestamp" time="0.000000"></testcase>
		<testcase classname="go.opentelemetry.io/collector/pdata/pmetric" name="TestExponentialHistogramDataPoint_Timestamp" time="0.000000"></testcase>
		<testcase classname="go.opentelemetry.io/collector/pdata/pmetric" name="TestExponentialHistogramDataPoint_Count" time="0.000000"></testcase>
		<testcase classname="go.opentelemetry.io/collector/pdata/pmetric" name="TestExponentialHistogramDataPoint_Scale" time="0.000000"></testcase>
		<testcase classname="go.opentelemetry.io/collector/pdata/pmetric" name="TestExponentialHistogramDataPoint_ZeroCount" time="0.000000"></testcase>
		<testcase classname="go.opentelemetry.io/collector/pdata/pmetric" name="TestExponentialHistogramDataPoint_Positive" time="0.000000"></testcase>
		<testcase classname="go.opentelemetry.io/collector/pdata/pmetric" name="TestExponentialHistogramDataPoint_Negative" time="0.000000"></testcase>
		<testcase classname="go.opentelemetry.io/collector/pdata/pmetric" name="TestExponentialHistogramDataPoint_Exemplars" time="0.000000"></testcase>
		<testcase classname="go.opentelemetry.io/collector/pdata/pmetric" name="TestExponentialHistogramDataPoint_Flags" time="0.000000"></testcase>
		<testcase classname="go.opentelemetry.io/collector/pdata/pmetric" name="TestExponentialHistogramDataPoint_Sum" time="0.000000"></testcase>
		<testcase classname="go.opentelemetry.io/collector/pdata/pmetric" name="TestExponentialHistogramDataPoint_Min" time="0.000000"></testcase>
		<testcase classname="go.opentelemetry.io/collector/pdata/pmetric" name="TestExponentialHistogramDataPoint_Max" time="0.000000"></testcase>
		<testcase classname="go.opentelemetry.io/collector/pdata/pmetric" name="TestExponentialHistogramDataPoint_ZeroThreshold" time="0.000000"></testcase>
		<testcase classname="go.opentelemetry.io/collector/pdata/pmetric" name="TestExponentialHistogramDataPointBuckets_MoveTo" time="0.000000"></testcase>
		<testcase classname="go.opentelemetry.io/collector/pdata/pmetric" name="TestExponentialHistogramDataPointBuckets_CopyTo" time="0.000000"></testcase>
		<testcase classname="go.opentelemetry.io/collector/pdata/pmetric" name="TestExponentialHistogramDataPointBuckets_MarshalAndUnmarshalJSON" time="0.000000"></testcase>
		<testcase classname="go.opentelemetry.io/collector/pdata/pmetric" name="TestExponentialHistogramDataPointBuckets_Offset" time="0.000000"></testcase>
		<testcase classname="go.opentelemetry.io/collector/pdata/pmetric" name="TestExponentialHistogramDataPointBuckets_BucketCounts" time="0.000000"></testcase>
		<testcase classname="go.opentelemetry.io/collector/pdata/pmetric" name="TestExponentialHistogramDataPointSlice" time="0.000000"></testcase>
		<testcase classname="go.opentelemetry.io/collector/pdata/pmetric" name="TestExponentialHistogramDataPointSliceReadOnly" time="0.000000"></testcase>
		<testcase classname="go.opentelemetry.io/collector/pdata/pmetric" name="TestExponentialHistogramDataPointSlice_CopyTo" time="0.010000"></testcase>
		<testcase classname="go.opentelemetry.io/collector/pdata/pmetric" name="TestExponentialHistogramDataPointSlice_EnsureCapacity" time="0.010000"></testcase>
		<testcase classname="go.opentelemetry.io/collector/pdata/pmetric" name="TestExponentialHistogramDataPointSlice_MoveAndAppendTo" time="0.010000"></testcase>
		<testcase classname="go.opentelemetry.io/collector/pdata/pmetric" name="TestExponentialHistogramDataPointSlice_RemoveIf" time="0.000000"></testcase>
		<testcase classname="go.opentelemetry.io/collector/pdata/pmetric" name="TestExponentialHistogramDataPointSliceAll" time="0.000000"></testcase>
		<testcase classname="go.opentelemetry.io/collector/pdata/pmetric" name="TestExponentialHistogramDataPointSlice_Sort" time="0.000000"></testcase>
		<testcase classname="go.opentelemetry.io/collector/pdata/pmetric" name="TestGauge_MoveTo" time="0.000000"></testcase>
		<testcase classname="go.opentelemetry.io/collector/pdata/pmetric" name="TestGauge_CopyTo" time="0.000000"></testcase>
		<testcase classname="go.opentelemetry.io/collector/pdata/pmetric" name="TestGauge_MarshalAndUnmarshalJSON" time="0.010000"></testcase>
		<testcase classname="go.opentelemetry.io/collector/pdata/pmetric" name="TestGauge_DataPoints" time="0.000000"></testcase>
		<testcase classname="go.opentelemetry.io/collector/pdata/pmetric" name="TestHistogram_MoveTo" time="0.010000"></testcase>
		<testcase classname="go.opentelemetry.io/collector/pdata/pmetric" name="TestHistogram_CopyTo" time="0.000000"></testcase>
		<testcase classname="go.opentelemetry.io/collector/pdata/pmetric" name="TestHistogram_MarshalAndUnmarshalJSON" time="0.000000"></testcase>
		<testcase classname="go.opentelemetry.io/collector/pdata/pmetric" name="TestHistogram_AggregationTemporality" time="0.000000"></testcase>
		<testcase classname="go.opentelemetry.io/collector/pdata/pmetric" name="TestHistogram_DataPoints" time="0.000000"></testcase>
		<testcase classname="go.opentelemetry.io/collector/pdata/pmetric" name="TestHistogramDataPoint_MoveTo" time="0.000000"></testcase>
		<testcase classname="go.opentelemetry.io/collector/pdata/pmetric" name="TestHistogramDataPoint_CopyTo" time="0.000000"></testcase>
		<testcase classname="go.opentelemetry.io/collector/pdata/pmetric" name="TestHistogramDataPoint_MarshalAndUnmarshalJSON" time="0.000000"></testcase>
		<testcase classname="go.opentelemetry.io/collector/pdata/pmetric" name="TestHistogramDataPoint_Attributes" time="0.000000"></testcase>
		<testcase classname="go.opentelemetry.io/collector/pdata/pmetric" name="TestHistogramDataPoint_StartTimestamp" time="0.000000"></testcase>
		<testcase classname="go.opentelemetry.io/collector/pdata/pmetric" name="TestHistogramDataPoint_Timestamp" time="0.000000"></testcase>
		<testcase classname="go.opentelemetry.io/collector/pdata/pmetric" name="TestHistogramDataPoint_Count" time="0.000000"></testcase>
		<testcase classname="go.opentelemetry.io/collector/pdata/pmetric" name="TestHistogramDataPoint_BucketCounts" time="0.000000"></testcase>
		<testcase classname="go.opentelemetry.io/collector/pdata/pmetric" name="TestHistogramDataPoint_ExplicitBounds" time="0.000000"></testcase>
		<testcase classname="go.opentelemetry.io/collector/pdata/pmetric" name="TestHistogramDataPoint_Exemplars" time="0.000000"></testcase>
		<testcase classname="go.opentelemetry.io/collector/pdata/pmetric" name="TestHistogramDataPoint_Flags" time="0.000000"></testcase>
		<testcase classname="go.opentelemetry.io/collector/pdata/pmetric" name="TestHistogramDataPoint_Sum" time="0.000000"></testcase>
		<testcase classname="go.opentelemetry.io/collector/pdata/pmetric" name="TestHistogramDataPoint_Min" time="0.000000"></testcase>
		<testcase classname="go.opentelemetry.io/collector/pdata/pmetric" name="TestHistogramDataPoint_Max" time="0.000000"></testcase>
		<testcase classname="go.opentelemetry.io/collector/pdata/pmetric" name="TestHistogramDataPointSlice" time="0.000000"></testcase>
		<testcase classname="go.opentelemetry.io/collector/pdata/pmetric" name="TestHistogramDataPointSliceReadOnly" time="0.000000"></testcase>
		<testcase classname="go.opentelemetry.io/collector/pdata/pmetric" name="TestHistogramDataPointSlice_CopyTo" time="0.000000"></testcase>
		<testcase classname="go.opentelemetry.io/collector/pdata/pmetric" name="TestHistogramDataPointSlice_EnsureCapacity" time="0.000000"></testcase>
		<testcase classname="go.opentelemetry.io/collector/pdata/pmetric" name="TestHistogramDataPointSlice_MoveAndAppendTo" time="0.010000"></testcase>
		<testcase classname="go.opentelemetry.io/collector/pdata/pmetric" name="TestHistogramDataPointSlice_RemoveIf" time="0.000000"></testcase>
		<testcase classname="go.opentelemetry.io/collector/pdata/pmetric" name="TestHistogramDataPointSliceAll" time="0.000000"></testcase>
		<testcase classname="go.opentelemetry.io/collector/pdata/pmetric" name="TestHistogramDataPointSlice_Sort" time="0.000000"></testcase>
		<testcase classname="go.opentelemetry.io/collector/pdata/pmetric" name="TestMetric_MoveTo" time="0.000000"></testcase>
		<testcase classname="go.opentelemetry.io/collector/pdata/pmetric" name="TestMetric_CopyTo" time="0.000000"></testcase>
		<testcase classname="go.opentelemetry.io/collector/pdata/pmetric" name="TestMetric_MarshalAndUnmarshalJSON" time="0.000000"></testcase>
		<testcase classname="go.opentelemetry.io/collector/pdata/pmetric" name="TestMetric_Name" time="0.000000"></testcase>
		<testcase classname="go.opentelemetry.io/collector/pdata/pmetric" name="TestMetric_Description" time="0.000000"></testcase>
		<testcase classname="go.opentelemetry.io/collector/pdata/pmetric" name="TestMetric_Unit" time="0.000000"></testcase>
		<testcase classname="go.opentelemetry.io/collector/pdata/pmetric" name="TestMetric_Metadata" time="0.000000"></testcase>
		<testcase classname="go.opentelemetry.io/collector/pdata/pmetric" name="TestMetric_Type" time="0.000000"></testcase>
		<testcase classname="go.opentelemetry.io/collector/pdata/pmetric" name="TestMetric_Gauge" time="0.000000"></testcase>
		<testcase classname="go.opentelemetry.io/collector/pdata/pmetric" name="TestMetric_CopyTo_Gauge" time="0.000000"></testcase>
		<testcase classname="go.opentelemetry.io/collector/pdata/pmetric" name="TestMetric_Sum" time="0.000000"></testcase>
		<testcase classname="go.opentelemetry.io/collector/pdata/pmetric" name="TestMetric_CopyTo_Sum" time="0.000000"></testcase>
		<testcase classname="go.opentelemetry.io/collector/pdata/pmetric" name="TestMetric_Histogram" time="0.000000"></testcase>
		<testcase classname="go.opentelemetry.io/collector/pdata/pmetric" name="TestMetric_CopyTo_Histogram" time="0.000000"></testcase>
		<testcase classname="go.opentelemetry.io/collector/pdata/pmetric" name="TestMetric_ExponentialHistogram" time="0.000000"></testcase>
		<testcase classname="go.opentelemetry.io/collector/pdata/pmetric" name="TestMetric_CopyTo_ExponentialHistogram" time="0.000000"></testcase>
		<testcase classname="go.opentelemetry.io/collector/pdata/pmetric" name="TestMetric_Summary" time="0.000000"></testcase>
		<testcase classname="go.opentelemetry.io/collector/pdata/pmetric" name="TestMetric_CopyTo_Summary" time="0.000000"></testcase>
		<testcase classname="go.opentelemetry.io/collector/pdata/pmetric" name="TestMetricSlice" time="0.010000"></testcase>
		<testcase classname="go.opentelemetry.io/collector/pdata/pmetric" name="TestMetricSliceReadOnly" time="0.000000"></testcase>
		<testcase classname="go.opentelemetry.io/collector/pdata/pmetric" name="TestMetricSlice_CopyTo" time="0.030000"></testcase>
		<testcase classname="go.opentelemetry.io/collector/pdata/pmetric" name="TestMetricSlice_EnsureCapacity" time="0.030000"></testcase>
		<testcase classname="go.opentelemetry.io/collector/pdata/pmetric" name="TestMetricSlice_MoveAndAppendTo" time="0.090000"></testcase>
		<testcase classname="go.opentelemetry.io/collector/pdata/pmetric" name="TestMetricSlice_RemoveIf" time="0.000000"></testcase>
		<testcase classname="go.opentelemetry.io/collector/pdata/pmetric" name="TestMetricSliceAll" time="0.000000"></testcase>
		<testcase classname="go.opentelemetry.io/collector/pdata/pmetric" name="TestMetricSlice_Sort" time="0.000000"></testcase>
		<testcase classname="go.opentelemetry.io/collector/pdata/pmetric" name="TestNumberDataPoint_MoveTo" time="0.000000"></testcase>
		<testcase classname="go.opentelemetry.io/collector/pdata/pmetric" name="TestNumberDataPoint_CopyTo" time="0.000000"></testcase>
		<testcase classname="go.opentelemetry.io/collector/pdata/pmetric" name="TestNumberDataPoint_MarshalAndUnmarshalJSON" time="0.000000"></testcase>
		<testcase classname="go.opentelemetry.io/collector/pdata/pmetric" name="TestNumberDataPoint_Attributes" time="0.000000"></testcase>
		<testcase classname="go.opentelemetry.io/collector/pdata/pmetric" name="TestNumberDataPoint_StartTimestamp" time="0.000000"></testcase>
		<testcase classname="go.opentelemetry.io/collector/pdata/pmetric" name="TestNumberDataPoint_Timestamp" time="0.000000"></testcase>
		<testcase classname="go.opentelemetry.io/collector/pdata/pmetric" name="TestNumberDataPoint_ValueType" time="0.000000"></testcase>
		<testcase classname="go.opentelemetry.io/collector/pdata/pmetric" name="TestNumberDataPoint_DoubleValue" time="0.000000"></testcase>
		<testcase classname="go.opentelemetry.io/collector/pdata/pmetric" name="TestNumberDataPoint_IntValue" time="0.000000"></testcase>
		<testcase classname="go.opentelemetry.io/collector/pdata/pmetric" name="TestNumberDataPoint_Exemplars" time="0.000000"></testcase>
		<testcase classname="go.opentelemetry.io/collector/pdata/pmetric" name="TestNumberDataPoint_Flags" time="0.000000"></testcase>
		<testcase classname="go.opentelemetry.io/collector/pdata/pmetric" name="TestNumberDataPointSlice" time="0.000000"></testcase>
		<testcase classname="go.opentelemetry.io/collector/pdata/pmetric" name="TestNumberDataPointSliceReadOnly" time="0.000000"></testcase>
		<testcase classname="go.opentelemetry.io/collector/pdata/pmetric" name="TestNumberDataPointSlice_CopyTo" time="0.000000"></testcase>
		<testcase classname="go.opentelemetry.io/collector/pdata/pmetric" name="TestNumberDataPointSlice_EnsureCapacity" time="0.000000"></testcase>
		<testcase classname="go.opentelemetry.io/collector/pdata/pmetric" name="TestNumberDataPointSlice_MoveAndAppendTo" time="0.010000"></testcase>
		<testcase classname="go.opentelemetry.io/collector/pdata/pmetric" name="TestNumberDataPointSlice_RemoveIf" time="0.000000"></testcase>
		<testcase classname="go.opentelemetry.io/collector/pdata/pmetric" name="TestNumberDataPointSliceAll" time="0.000000"></testcase>
		<testcase classname="go.opentelemetry.io/collector/pdata/pmetric" name="TestNumberDataPointSlice_Sort" time="0.000000"></testcase>
		<testcase classname="go.opentelemetry.io/collector/pdata/pmetric" name="TestResourceMetrics_MoveTo" time="0.220000"></testcase>
		<testcase classname="go.opentelemetry.io/collector/pdata/pmetric" name="TestResourceMetrics_CopyTo" time="0.110000"></testcase>
		<testcase classname="go.opentelemetry.io/collector/pdata/pmetric" name="TestResourceMetrics_MarshalAndUnmarshalJSON" time="0.270000"></testcase>
		<testcase classname="go.opentelemetry.io/collector/pdata/pmetric" name="TestResourceMetrics_Resource" time="0.000000"></testcase>
		<testcase classname="go.opentelemetry.io/collector/pdata/pmetric" name="TestResourceMetrics_SchemaUrl" time="0.000000"></testcase>
		<testcase classname="go.opentelemetry.io/collector/pdata/pmetric" name="TestResourceMetrics_ScopeMetrics" time="0.110000"></testcase>
		<testcase classname="go.opentelemetry.io/collector/pdata/pmetric" name="TestResourceMetricsSlice" time="0.780000"></testcase>
		<testcase classname="go.opentelemetry.io/collector/pdata/pmetric" name="TestResourceMetricsSliceReadOnly" time="0.000000"></testcase>
		<testcase classname="go.opentelemetry.io/collector/pdata/pmetric" name="TestResourceMetricsSlice_CopyTo" time="1.880000"></testcase>
		<testcase classname="go.opentelemetry.io/collector/pdata/pmetric" name="TestResourceMetricsSlice_EnsureCapacity" time="1.700000"></testcase>
		<testcase classname="go.opentelemetry.io/collector/pdata/pmetric" name="TestResourceMetricsSlice_MoveAndAppendTo" time="4.700000"></testcase>
		<testcase classname="go.opentelemetry.io/collector/pdata/pmetric" name="TestResourceMetricsSlice_RemoveIf" time="0.010000"></testcase>
		<testcase classname="go.opentelemetry.io/collector/pdata/pmetric" name="TestResourceMetricsSliceAll" time="0.010000"></testcase>
		<testcase classname="go.opentelemetry.io/collector/pdata/pmetric" name="TestResourceMetricsSlice_Sort" time="0.030000"></testcase>
		<testcase classname="go.opentelemetry.io/collector/pdata/pmetric" name="TestScopeMetrics_MoveTo" time="0.030000"></testcase>
		<testcase classname="go.opentelemetry.io/collector/pdata/pmetric" name="TestScopeMetrics_CopyTo" time="0.010000"></testcase>
		<testcase classname="go.opentelemetry.io/collector/pdata/pmetric" name="TestScopeMetrics_MarshalAndUnmarshalJSON" time="0.030000"></testcase>
		<testcase classname="go.opentelemetry.io/collector/pdata/pmetric" name="TestScopeMetrics_Scope" time="0.000000"></testcase>
		<testcase classname="go.opentelemetry.io/collector/pdata/pmetric" name="TestScopeMetrics_SchemaUrl" time="0.000000"></testcase>
		<testcase classname="go.opentelemetry.io/collector/pdata/pmetric" name="TestScopeMetrics_Metrics" time="0.010000"></testcase>
		<testcase classname="go.opentelemetry.io/collector/pdata/pmetric" name="TestScopeMetricsSlice" time="0.110000"></testcase>
		<testcase classname="go.opentelemetry.io/collector/pdata/pmetric" name="TestScopeMetricsSliceReadOnly" time="0.000000"></testcase>
		<testcase classname="go.opentelemetry.io/collector/pdata/pmetric" name="TestScopeMetricsSlice_CopyTo" time="0.290000"></testcase>
		<testcase classname="go.opentelemetry.io/collector/pdata/pmetric" name="TestScopeMetricsSlice_EnsureCapacity" time="0.250000"></testcase>
		<testcase classname="go.opentelemetry.io/collector/pdata/pmetric" name="TestScopeMetricsSlice_MoveAndAppendTo" time="0.670000"></testcase>
		<testcase classname="go.opentelemetry.io/collector/pdata/pmetric" name="TestScopeMetricsSlice_RemoveIf" time="0.000000"></testcase>
		<testcase classname="go.opentelemetry.io/collector/pdata/pmetric" name="TestScopeMetricsSliceAll" time="0.000000"></testcase>
		<testcase classname="go.opentelemetry.io/collector/pdata/pmetric" name="TestScopeMetricsSlice_Sort" time="0.000000"></testcase>
		<testcase classname="go.opentelemetry.io/collector/pdata/pmetric" name="TestSum_MoveTo" time="0.000000"></testcase>
		<testcase classname="go.opentelemetry.io/collector/pdata/pmetric" name="TestSum_CopyTo" time="0.000000"></testcase>
		<testcase classname="go.opentelemetry.io/collector/pdata/pmetric" name="TestSum_MarshalAndUnmarshalJSON" time="0.000000"></testcase>
		<testcase classname="go.opentelemetry.io/collector/pdata/pmetric" name="TestSum_AggregationTemporality" time="0.000000"></testcase>
		<testcase classname="go.opentelemetry.io/collector/pdata/pmetric" name="TestSum_IsMonotonic" time="0.000000"></testcase>
		<testcase classname="go.opentelemetry.io/collector/pdata/pmetric" name="TestSum_DataPoints" time="0.000000"></testcase>
		<testcase classname="go.opentelemetry.io/collector/pdata/pmetric" name="TestSummary_MoveTo" time="0.000000"></testcase>
		<testcase classname="go.opentelemetry.io/collector/pdata/pmetric" name="TestSummary_CopyTo" time="0.000000"></testcase>
		<testcase classname="go.opentelemetry.io/collector/pdata/pmetric" name="TestSummary_MarshalAndUnmarshalJSON" time="0.000000"></testcase>
		<testcase classname="go.opentelemetry.io/collector/pdata/pmetric" name="TestSummary_DataPoints" time="0.000000"></testcase>
		<testcase classname="go.opentelemetry.io/collector/pdata/pmetric" name="TestSummaryDataPoint_MoveTo" time="0.000000"></testcase>
		<testcase classname="go.opentelemetry.io/collector/pdata/pmetric" name="TestSummaryDataPoint_CopyTo" time="0.000000"></testcase>
		<testcase classname="go.opentelemetry.io/collector/pdata/pmetric" name="TestSummaryDataPoint_MarshalAndUnmarshalJSON" time="0.000000"></testcase>
		<testcase classname="go.opentelemetry.io/collector/pdata/pmetric" name="TestSummaryDataPoint_Attributes" time="0.000000"></testcase>
		<testcase classname="go.opentelemetry.io/collector/pdata/pmetric" name="TestSummaryDataPoint_StartTimestamp" time="0.000000"></testcase>
		<testcase classname="go.opentelemetry.io/collector/pdata/pmetric" name="TestSummaryDataPoint_Timestamp" time="0.000000"></testcase>
		<testcase classname="go.opentelemetry.io/collector/pdata/pmetric" name="TestSummaryDataPoint_Count" time="0.000000"></testcase>
		<testcase classname="go.opentelemetry.io/collector/pdata/pmetric" name="TestSummaryDataPoint_Sum" time="0.000000"></testcase>
		<testcase classname="go.opentelemetry.io/collector/pdata/pmetric" name="TestSummaryDataPoint_QuantileValues" time="0.000000"></testcase>
		<testcase classname="go.opentelemetry.io/collector/pdata/pmetric" name="TestSummaryDataPoint_Flags" time="0.000000"></testcase>
		<testcase classname="go.opentelemetry.io/collector/pdata/pmetric" name="TestSummaryDataPointSlice" time="0.000000"></testcase>
		<testcase classname="go.opentelemetry.io/collector/pdata/pmetric" name="TestSummaryDataPointSliceReadOnly" time="0.000000"></testcase>
		<testcase classname="go.opentelemetry.io/collector/pdata/pmetric" name="TestSummaryDataPointSlice_CopyTo" time="0.000000"></testcase>
		<testcase classname="go.opentelemetry.io/collector/pdata/pmetric" name="TestSummaryDataPointSlice_EnsureCapacity" time="0.000000"></testcase>
		<testcase classname="go.opentelemetry.io/collector/pdata/pmetric" name="TestSummaryDataPointSlice_MoveAndAppendTo" time="0.000000"></testcase>
		<testcase classname="go.opentelemetry.io/collector/pdata/pmetric" name="TestSummaryDataPointSlice_RemoveIf" time="0.000000"></testcase>
		<testcase classname="go.opentelemetry.io/collector/pdata/pmetric" name="TestSummaryDataPointSliceAll" time="0.000000"></testcase>
		<testcase classname="go.opentelemetry.io/collector/pdata/pmetric" name="TestSummaryDataPointSlice_Sort" time="0.000000"></testcase>
		<testcase classname="go.opentelemetry.io/collector/pdata/pmetric" name="TestSummaryDataPointValueAtQuantile_MoveTo" time="0.000000"></testcase>
		<testcase classname="go.opentelemetry.io/collector/pdata/pmetric" name="TestSummaryDataPointValueAtQuantile_CopyTo" time="0.000000"></testcase>
		<testcase classname="go.opentelemetry.io/collector/pdata/pmetric" name="TestSummaryDataPointValueAtQuantile_MarshalAndUnmarshalJSON" time="0.000000"></testcase>
		<testcase classname="go.opentelemetry.io/collector/pdata/pmetric" name="TestSummaryDataPointValueAtQuantile_Quantile" time="0.000000"></testcase>
		<testcase classname="go.opentelemetry.io/collector/pdata/pmetric" name="TestSummaryDataPointValueAtQuantile_Value" time="0.000000"></testcase>
		<testcase classname="go.opentelemetry.io/collector/pdata/pmetric" name="TestSummaryDataPointValueAtQuantileSlice" time="0.000000"></testcase>
		<testcase classname="go.opentelemetry.io/collector/pdata/pmetric" name="TestSummaryDataPointValueAtQuantileSliceReadOnly" time="0.000000"></testcase>
		<testcase classname="go.opentelemetry.io/collector/pdata/pmetric" name="TestSummaryDataPointValueAtQuantileSlice_CopyTo" time="0.000000"></testcase>
		<testcase classname="go.opentelemetry.io/collector/pdata/pmetric" name="TestSummaryDataPointValueAtQuantileSlice_EnsureCapacity" time="0.000000"></testcase>
		<testcase classname="go.opentelemetry.io/collector/pdata/pmetric" name="TestSummaryDataPointValueAtQuantileSlice_MoveAndAppendTo" time="0.000000"></testcase>
		<testcase classname="go.opentelemetry.io/collector/pdata/pmetric" name="TestSummaryDataPointValueAtQuantileSlice_RemoveIf" time="0.000000"></testcase>
		<testcase classname="go.opentelemetry.io/collector/pdata/pmetric" name="TestSummaryDataPointValueAtQuantileSliceAll" time="0.000000"></testcase>
		<testcase classname="go.opentelemetry.io/collector/pdata/pmetric" name="TestSummaryDataPointValueAtQuantileSlice_Sort" time="0.000000"></testcase>
		<testcase classname="go.opentelemetry.io/collector/pdata/pmetric" name="TestJSONUnmarshal" time="0.000000"></testcase>
		<testcase classname="go.opentelemetry.io/collector/pdata/pmetric" name="TestJSONMarshal" time="0.000000"></testcase>
		<testcase classname="go.opentelemetry.io/collector/pdata/pmetric" name="TestJSONMarshalAndUnmarshal" time="1.730000"></testcase>
[...]
		<testcase classname="go.opentelemetry.io/collector/pdata/pmetric/pmetricotlp" name="FuzzResponseUnmarshalJSON" time="0.000000"></testcase>
		<testcase classname="go.opentelemetry.io/collector/pdata/pmetric/pmetricotlp" name="FuzzRequestUnmarshalProto" time="0.000000"></testcase>
		<testcase classname="go.opentelemetry.io/collector/pdata/pmetric/pmetricotlp" name="FuzzResponseUnmarshalProto" time="0.000000"></testcase>
	</testsuite>
	<testsuite tests="131" failures="0" time="4.770000" name="go.opentelemetry.io/collector/pdata/ptrace" timestamp="2025-07-28T22:03:27-05:00">
		<properties>
			<property name="go.version" value="go1.24.5 linux/amd64"></property>
		</properties>
		<testcase classname="go.opentelemetry.io/collector/pdata/ptrace" name="TestResourceSpans_MoveTo" time="0.070000"></testcase>
		<testcase classname="go.opentelemetry.io/collector/pdata/ptrace" name="TestResourceSpans_CopyTo" time="0.030000"></testcase>
		<testcase classname="go.opentelemetry.io/collector/pdata/ptrace" name="TestResourceSpans_MarshalAndUnmarshalJSON" time="0.060000"></testcase>
		<testcase classname="go.opentelemetry.io/collector/pdata/ptrace" name="TestResourceSpans_Resource" time="0.000000"></testcase>
		<testcase classname="go.opentelemetry.io/collector/pdata/ptrace" name="TestResourceSpans_SchemaUrl" time="0.000000"></testcase>
		<testcase classname="go.opentelemetry.io/collector/pdata/ptrace" name="TestResourceSpans_ScopeSpans" time="0.040000"></testcase>
		<testcase classname="go.opentelemetry.io/collector/pdata/ptrace" name="TestResourceSpansSlice" time="0.200000"></testcase>
		<testcase classname="go.opentelemetry.io/collector/pdata/ptrace" name="TestResourceSpansSliceReadOnly" time="0.000000"></testcase>
		<testcase classname="go.opentelemetry.io/collector/pdata/ptrace" name="TestResourceSpansSlice_CopyTo" time="0.420000"></testcase>
		<testcase classname="go.opentelemetry.io/collector/pdata/ptrace" name="TestResourceSpansSlice_EnsureCapacity" time="0.410000"></testcase>
		<testcase classname="go.opentelemetry.io/collector/pdata/ptrace" name="TestResourceSpansSlice_MoveAndAppendTo" time="1.240000"></testcase>
		<testcase classname="go.opentelemetry.io/collector/pdata/ptrace" name="TestResourceSpansSlice_RemoveIf" time="0.000000"></testcase>
		<testcase classname="go.opentelemetry.io/collector/pdata/ptrace" name="TestResourceSpansSliceAll" time="0.010000"></testcase>
		<testcase classname="go.opentelemetry.io/collector/pdata/ptrace" name="TestResourceSpansSlice_Sort" time="0.010000"></testcase>
		<testcase classname="go.opentelemetry.io/collector/pdata/ptrace" name="TestScopeSpans_MoveTo" time="0.010000"></testcase>
		<testcase classname="go.opentelemetry.io/collector/pdata/ptrace" name="TestScopeSpans_CopyTo" time="0.010000"></testcase>
		<testcase classname="go.opentelemetry.io/collector/pdata/ptrace" name="TestScopeSpans_MarshalAndUnmarshalJSON" time="0.010000"></testcase>
		<testcase classname="go.opentelemetry.io/collector/pdata/ptrace" name="TestScopeSpans_Scope" time="0.000000"></testcase>
		<testcase classname="go.opentelemetry.io/collector/pdata/ptrace" name="TestScopeSpans_SchemaUrl" time="0.000000"></testcase>
		<testcase classname="go.opentelemetry.io/collector/pdata/ptrace" name="TestScopeSpans_Spans" time="0.010000"></testcase>
		<testcase classname="go.opentelemetry.io/collector/pdata/ptrace" name="TestScopeSpansSlice" time="0.020000"></testcase>
		<testcase classname="go.opentelemetry.io/collector/pdata/ptrace" name="TestScopeSpansSliceReadOnly" time="0.000000"></testcase>
		<testcase classname="go.opentelemetry.io/collector/pdata/ptrace" name="TestScopeSpansSlice_CopyTo" time="0.050000"></testcase>
		<testcase classname="go.opentelemetry.io/collector/pdata/ptrace" name="TestScopeSpansSlice_EnsureCapacity" time="0.060000"></testcase>
		<testcase classname="go.opentelemetry.io/collector/pdata/ptrace" name="TestScopeSpansSlice_MoveAndAppendTo" time="0.160000"></testcase>
		<testcase classname="go.opentelemetry.io/collector/pdata/ptrace" name="TestScopeSpansSlice_RemoveIf" time="0.000000"></testcase>
		<testcase classname="go.opentelemetry.io/collector/pdata/ptrace" name="TestScopeSpansSliceAll" time="0.000000"></testcase>
		<testcase classname="go.opentelemetry.io/collector/pdata/ptrace" name="TestScopeSpansSlice_Sort" time="0.000000"></testcase>
		<testcase classname="go.opentelemetry.io/collector/pdata/ptrace" name="TestSpan_MoveTo" time="0.000000"></testcase>
		<testcase classname="go.opentelemetry.io/collector/pdata/ptrace" name="TestSpan_CopyTo" time="0.000000"></testcase>
		<testcase classname="go.opentelemetry.io/collector/pdata/ptrace" name="TestSpan_MarshalAndUnmarshalJSON" time="0.000000"></testcase>
		<testcase classname="go.opentelemetry.io/collector/pdata/ptrace" name="TestSpan_TraceID" time="0.000000"></testcase>
		<testcase classname="go.opentelemetry.io/collector/pdata/ptrace" name="TestSpan_SpanID" time="0.000000"></testcase>
		<testcase classname="go.opentelemetry.io/collector/pdata/ptrace" name="TestSpan_TraceState" time="0.000000"></testcase>
		<testcase classname="go.opentelemetry.io/collector/pdata/ptrace" name="TestSpan_ParentSpanID" time="0.000000"></testcase>
		<testcase classname="go.opentelemetry.io/collector/pdata/ptrace" name="TestSpan_Name" time="0.000000"></testcase>
		<testcase classname="go.opentelemetry.io/collector/pdata/ptrace" name="TestSpan_Flags" time="0.000000"></testcase>
		<testcase classname="go.opentelemetry.io/collector/pdata/ptrace" name="TestSpan_Kind" time="0.000000"></testcase>
		<testcase classname="go.opentelemetry.io/collector/pdata/ptrace" name="TestSpan_StartTimestamp" time="0.000000"></testcase>
		<testcase classname="go.opentelemetry.io/collector/pdata/ptrace" name="TestSpan_EndTimestamp" time="0.000000"></testcase>
		<testcase classname="go.opentelemetry.io/collector/pdata/ptrace" name="TestSpan_Attributes" time="0.000000"></testcase>
		<testcase classname="go.opentelemetry.io/collector/pdata/ptrace" name="TestSpan_DroppedAttributesCount" time="0.000000"></testcase>
		<testcase classname="go.opentelemetry.io/collector/pdata/ptrace" name="TestSpan_Events" time="0.000000"></testcase>
		<testcase classname="go.opentelemetry.io/collector/pdata/ptrace" name="TestSpan_DroppedEventsCount" time="0.000000"></testcase>
		<testcase classname="go.opentelemetry.io/collector/pdata/ptrace" name="TestSpan_Links" time="0.000000"></testcase>
		<testcase classname="go.opentelemetry.io/collector/pdata/ptrace" name="TestSpan_DroppedLinksCount" time="0.000000"></testcase>
		<testcase classname="go.opentelemetry.io/collector/pdata/ptrace" name="TestSpan_Status" time="0.000000"></testcase>
		<testcase classname="go.opentelemetry.io/collector/pdata/ptrace" name="TestSpanEvent_MoveTo" time="0.000000"></testcase>
		<testcase classname="go.opentelemetry.io/collector/pdata/ptrace" name="TestSpanEvent_CopyTo" time="0.000000"></testcase>
		<testcase classname="go.opentelemetry.io/collector/pdata/ptrace" name="TestSpanEvent_MarshalAndUnmarshalJSON" time="0.000000"></testcase>
		<testcase classname="go.opentelemetry.io/collector/pdata/ptrace" name="TestSpanEvent_Timestamp" time="0.000000"></testcase>
		<testcase classname="go.opentelemetry.io/collector/pdata/ptrace" name="TestSpanEvent_Name" time="0.000000"></testcase>
		<testcase classname="go.opentelemetry.io/collector/pdata/ptrace" name="TestSpanEvent_Attributes" time="0.000000"></testcase>
		<testcase classname="go.opentelemetry.io/collector/pdata/ptrace" name="TestSpanEvent_DroppedAttributesCount" time="0.000000"></testcase>
		<testcase classname="go.opentelemetry.io/collector/pdata/ptrace" name="TestSpanEventSlice" time="0.000000"></testcase>
		<testcase classname="go.opentelemetry.io/collector/pdata/ptrace" name="TestSpanEventSliceReadOnly" time="0.000000"></testcase>
		<testcase classname="go.opentelemetry.io/collector/pdata/ptrace" name="TestSpanEventSlice_CopyTo" time="0.000000"></testcase>
		<testcase classname="go.opentelemetry.io/collector/pdata/ptrace" name="TestSpanEventSlice_EnsureCapacity" time="0.000000"></testcase>
		<testcase classname="go.opentelemetry.io/collector/pdata/ptrace" name="TestSpanEventSlice_MoveAndAppendTo" time="0.000000"></testcase>
		<testcase classname="go.opentelemetry.io/collector/pdata/ptrace" name="TestSpanEventSlice_RemoveIf" time="0.000000"></testcase>
		<testcase classname="go.opentelemetry.io/collector/pdata/ptrace" name="TestSpanEventSliceAll" time="0.000000"></testcase>
		<testcase classname="go.opentelemetry.io/collector/pdata/ptrace" name="TestSpanEventSlice_Sort" time="0.000000"></testcase>
		<testcase classname="go.opentelemetry.io/collector/pdata/ptrace" name="TestSpanLink_MoveTo" time="0.000000"></testcase>
		<testcase classname="go.opentelemetry.io/collector/pdata/ptrace" name="TestSpanLink_CopyTo" time="0.000000"></testcase>
		<testcase classname="go.opentelemetry.io/collector/pdata/ptrace" name="TestSpanLink_MarshalAndUnmarshalJSON" time="0.000000"></testcase>
		<testcase classname="go.opentelemetry.io/collector/pdata/ptrace" name="TestSpanLink_TraceID" time="0.000000"></testcase>
		<testcase classname="go.opentelemetry.io/collector/pdata/ptrace" name="TestSpanLink_SpanID" time="0.000000"></testcase>
		<testcase classname="go.opentelemetry.io/collector/pdata/ptrace" name="TestSpanLink_TraceState" time="0.000000"></testcase>
		<testcase classname="go.opentelemetry.io/collector/pdata/ptrace" name="TestSpanLink_Flags" time="0.000000"></testcase>
		<testcase classname="go.opentelemetry.io/collector/pdata/ptrace" name="TestSpanLink_Attributes" time="0.000000"></testcase>
		<testcase classname="go.opentelemetry.io/collector/pdata/ptrace" name="TestSpanLink_DroppedAttributesCount" time="0.000000"></testcase>
		<testcase classname="go.opentelemetry.io/collector/pdata/ptrace" name="TestSpanLinkSlice" time="0.000000"></testcase>
		<testcase classname="go.opentelemetry.io/collector/pdata/ptrace" name="TestSpanLinkSliceReadOnly" time="0.000000"></testcase>
		<testcase classname="go.opentelemetry.io/collector/pdata/ptrace" name="TestSpanLinkSlice_CopyTo" time="0.000000"></testcase>
		<testcase classname="go.opentelemetry.io/collector/pdata/ptrace" name="TestSpanLinkSlice_EnsureCapacity" time="0.000000"></testcase>
		<testcase classname="go.opentelemetry.io/collector/pdata/ptrace" name="TestSpanLinkSlice_MoveAndAppendTo" time="0.000000"></testcase>
		<testcase classname="go.opentelemetry.io/collector/pdata/ptrace" name="TestSpanLinkSlice_RemoveIf" time="0.000000"></testcase>
		<testcase classname="go.opentelemetry.io/collector/pdata/ptrace" name="TestSpanLinkSliceAll" time="0.000000"></testcase>
		<testcase classname="go.opentelemetry.io/collector/pdata/ptrace" name="TestSpanLinkSlice_Sort" time="0.000000"></testcase>
		<testcase classname="go.opentelemetry.io/collector/pdata/ptrace" name="TestSpanSlice" time="0.000000"></testcase>
		<testcase classname="go.opentelemetry.io/collector/pdata/ptrace" name="TestSpanSliceReadOnly" time="0.000000"></testcase>
		<testcase classname="go.opentelemetry.io/collector/pdata/ptrace" name="TestSpanSlice_CopyTo" time="0.010000"></testcase>
		<testcase classname="go.opentelemetry.io/collector/pdata/ptrace" name="TestSpanSlice_EnsureCapacity" time="0.010000"></testcase>
		<testcase classname="go.opentelemetry.io/collector/pdata/ptrace" name="TestSpanSlice_MoveAndAppendTo" time="0.020000"></testcase>
		<testcase classname="go.opentelemetry.io/collector/pdata/ptrace" name="TestSpanSlice_RemoveIf" time="0.000000"></testcase>
		<testcase classname="go.opentelemetry.io/collector/pdata/ptrace" name="TestSpanSliceAll" time="0.000000"></testcase>
		<testcase classname="go.opentelemetry.io/collector/pdata/ptrace" name="TestSpanSlice_Sort" time="0.000000"></testcase>
		<testcase classname="go.opentelemetry.io/collector/pdata/ptrace" name="TestStatus_MoveTo" time="0.000000"></testcase>
		<testcase classname="go.opentelemetry.io/collector/pdata/ptrace" name="TestStatus_CopyTo" time="0.000000"></testcase>
		<testcase classname="go.opentelemetry.io/collector/pdata/ptrace" name="TestStatus_MarshalAndUnmarshalJSON" time="0.000000"></testcase>
		<testcase classname="go.opentelemetry.io/collector/pdata/ptrace" name="TestStatus_Code" time="0.000000"></testcase>
		<testcase classname="go.opentelemetry.io/collector/pdata/ptrace" name="TestStatus_Message" time="0.000000"></testcase>
		<testcase classname="go.opentelemetry.io/collector/pdata/ptrace" name="TestJSONUnmarshal" time="0.000000"></testcase>
		<testcase classname="go.opentelemetry.io/collector/pdata/ptrace" name="TestJSONMarshal" time="0.000000"></testcase>
		<testcase classname="go.opentelemetry.io/collector/pdata/ptrace" name="TestJSONUnmarshalInvalid" time="0.000000"></testcase>
		<testcase classname="go.opentelemetry.io/collector/pdata/ptrace" name="TestJSONMarshalAndUnmarshal" time="0.450000"></testcase>
		<testcase classname="go.opentelemetry.io/collector/pdata/ptrace" name="TestUnmarshalJsoniterTraceData" time="0.000000"></testcase>
		<testcase classname="go.opentelemetry.io/collector/pdata/ptrace" name="TestUnmarshalJsoniterResourceSpans" time="0.000000"></testcase>
		<testcase classname="go.opentelemetry.io/collector/pdata/ptrace" name="TestUnmarshalJsoniterScopeSpans" time="0.000000"></testcase>
		<testcase classname="go.opentelemetry.io/collector/pdata/ptrace" name="TestUnmarshalJsoniterSpan" time="0.000000"></testcase>
		<testcase classname="go.opentelemetry.io/collector/pdata/ptrace" name="TestUnmarshalJsoniterSpanInvalidTraceIDField" time="0.000000"></testcase>
		<testcase classname="go.opentelemetry.io/collector/pdata/ptrace" name="TestUnmarshalJsoniterSpanInvalidSpanIDField" time="0.000000"></testcase>
		<testcase classname="go.opentelemetry.io/collector/pdata/ptrace" name="TestUnmarshalJsoniterSpanInvalidParentSpanIDField" time="0.000000"></testcase>
		<testcase classname="go.opentelemetry.io/collector/pdata/ptrace" name="TestUnmarshalJsoniterSpanStatus" time="0.000000"></testcase>
		<testcase classname="go.opentelemetry.io/collector/pdata/ptrace" name="TestUnmarshalJsoniterSpanLink" time="0.000000"></testcase>
		<testcase classname="go.opentelemetry.io/collector/pdata/ptrace" name="TestUnmarshalJsoniterSpanLinkInvalidTraceIDField" time="0.000000"></testcase>
		<testcase classname="go.opentelemetry.io/collector/pdata/ptrace" name="TestUnmarshalJsoniterSpanLinkInvalidSpanIDField" time="0.000000"></testcase>
		<testcase classname="go.opentelemetry.io/collector/pdata/ptrace" name="TestUnmarshalJsoniterSpanEvent" time="0.000000"></testcase>
		<testcase classname="go.opentelemetry.io/collector/pdata/ptrace" name="TestProtoTracesUnmarshalerError" time="0.000000"></testcase>
		<testcase classname="go.opentelemetry.io/collector/pdata/ptrace" name="TestProtoSizer" time="0.000000"></testcase>
		<testcase classname="go.opentelemetry.io/collector/pdata/ptrace" name="TestProtoSizerEmptyTraces" time="0.000000"></testcase>
		<testcase classname="go.opentelemetry.io/collector/pdata/ptrace" name="TestSpanKindString" time="0.000000"></testcase>
		<testcase classname="go.opentelemetry.io/collector/pdata/ptrace" name="TestStatusCodeString" time="0.000000"></testcase>
		<testcase classname="go.opentelemetry.io/collector/pdata/ptrace" name="TestSpanCount" time="0.000000"></testcase>
		<testcase classname="go.opentelemetry.io/collector/pdata/ptrace" name="TestSpanCountWithEmpty" time="0.000000"></testcase>
		<testcase classname="go.opentelemetry.io/collector/pdata/ptrace" name="TestToFromOtlp" time="0.000000"></testcase>
		<testcase classname="go.opentelemetry.io/collector/pdata/ptrace" name="TestResourceSpansWireCompatibility" time="0.220000"></testcase>
		<testcase classname="go.opentelemetry.io/collector/pdata/ptrace" name="TestTracesCopyTo" time="0.180000"></testcase>
		<testcase classname="go.opentelemetry.io/collector/pdata/ptrace" name="TestReadOnlyTracesInvalidUsage" time="0.000000"></testcase>
		<testcase classname="go.opentelemetry.io/collector/pdata/ptrace" name="FuzzUnmarshalJSONTraces" time="0.000000"></testcase>
		<testcase classname="go.opentelemetry.io/collector/pdata/ptrace" name="FuzzUnmarshalPBTraces" time="0.000000"></testcase>
		<testcase classname="go.opentelemetry.io/collector/pdata/ptrace" name="ExampleNewTraces" time="0.000000"></testcase>
		<testcase classname="go.opentelemetry.io/collector/pdata/ptrace" name="ExampleSpan_SetTraceID" time="0.000000"></testcase>
		<testcase classname="go.opentelemetry.io/collector/pdata/ptrace" name="ExampleSpan_Events" time="0.000000"></testcase>
		<testcase classname="go.opentelemetry.io/collector/pdata/ptrace" name="ExampleSpan_Status" time="0.000000"></testcase>
		<testcase classname="go.opentelemetry.io/collector/pdata/ptrace" name="ExampleSpanKind" time="0.000000"></testcase>
		<testcase classname="go.opentelemetry.io/collector/pdata/ptrace" name="ExampleSpan_Links" time="0.000000"></testcase>
		<testcase classname="go.opentelemetry.io/collector/pdata/ptrace" name="ExampleSpan_TraceState" time="0.000000"></testcase>
		<testcase classname="go.opentelemetry.io/collector/pdata/ptrace" name="ExampleSpan_Flags" time="0.000000"></testcase>
		<testcase classname="go.opentelemetry.io/collector/pdata/ptrace" name="ExampleStatusCode" time="0.000000"></testcase>
		<testcase classname="go.opentelemetry.io/collector/pdata/ptrace" name="ExampleSpan_DroppedAttributesCount" time="0.000000"></testcase>
	</testsuite>
	<testsuite tests="16" failures="0" time="1.018000" name="go.opentelemetry.io/collector/pdata/ptrace/ptraceotlp" timestamp="2025-07-28T22:03:27-05:00">
		<properties>
			<property name="go.version" value="go1.24.5 linux/amd64"></property>
		</properties>
		<testcase classname="go.opentelemetry.io/collector/pdata/ptrace/ptraceotlp" name="TestExportPartialSuccess_MoveTo" time="0.000000"></testcase>
		<testcase classname="go.opentelemetry.io/collector/pdata/ptrace/ptraceotlp" name="TestExportPartialSuccess_CopyTo" time="0.000000"></testcase>
		<testcase classname="go.opentelemetry.io/collector/pdata/ptrace/ptraceotlp" name="TestExportPartialSuccess_MarshalAndUnmarshalJSON" time="0.000000"></testcase>
		<testcase classname="go.opentelemetry.io/collector/pdata/ptrace/ptraceotlp" name="TestExportPartialSuccess_RejectedSpans" time="0.000000"></testcase>
		<testcase classname="go.opentelemetry.io/collector/pdata/ptrace/ptraceotlp" name="TestExportPartialSuccess_ErrorMessage" time="0.000000"></testcase>
		<testcase classname="go.opentelemetry.io/collector/pdata/ptrace/ptraceotlp" name="TestGrpc" time="0.000000"></testcase>
		<testcase classname="go.opentelemetry.io/collector/pdata/ptrace/ptraceotlp" name="TestGrpcError" time="0.000000"></testcase>
		<testcase classname="go.opentelemetry.io/collector/pdata/ptrace/ptraceotlp" name="TestRequestToPData" time="0.000000"></testcase>
		<testcase classname="go.opentelemetry.io/collector/pdata/ptrace/ptraceotlp" name="TestRequestJSON" time="0.000000"></testcase>
		<testcase classname="go.opentelemetry.io/collector/pdata/ptrace/ptraceotlp" name="TestExportResponseJSON" time="0.000000"></testcase>
		<testcase classname="go.opentelemetry.io/collector/pdata/ptrace/ptraceotlp" name="TestUnmarshalJSONExportResponse" time="0.000000"></testcase>
		<testcase classname="go.opentelemetry.io/collector/pdata/ptrace/ptraceotlp" name="TestUnmarshalJsoniterExportPartialSuccess" time="0.000000"></testcase>
		<testcase classname="go.opentelemetry.io/collector/pdata/ptrace/ptraceotlp" name="FuzzRequestUnmarshalJSON" time="0.000000"></testcase>
		<testcase classname="go.opentelemetry.io/collector/pdata/ptrace/ptraceotlp" name="FuzzResponseUnmarshalJSON" time="0.000000"></testcase>
		<testcase classname="go.opentelemetry.io/collector/pdata/ptrace/ptraceotlp" name="FuzzRequestUnmarshalProto" time="0.000000"></testcase>
		<testcase classname="go.opentelemetry.io/collector/pdata/ptrace/ptraceotlp" name="FuzzResponseUnmarshalProto" time="0.000000"></testcase>
	</testsuite>
</testsuites>