<?xml version="1.0" encoding="UTF-8"?>
<testsuites tests="73" failures="0" errors="0" time="0.000521">
	<testsuite tests="73" failures="0" time="0.001000" name="go.opentelemetry.io/collector/config/configgrpc" timestamp="2025-07-28T22:03:11-05:00">
		<properties>
			<property name="go.version" value="go1.24.5 linux/amd64"></property>
		</properties>
		<testcase classname="go.opentelemetry.io/collector/config/configgrpc" name="TestClientMiddlewareOrdering" time="0.000000"></testcase>
		<testcase classname="go.opentelemetry.io/collector/config/configgrpc" name="TestClientMiddlewareToClientErrors/extension_not_found" time="0.000000"></testcase>
		<testcase classname="go.opentelemetry.io/collector/config/configgrpc" name="TestClientMiddlewareToClientErrors/get_client_options_fails" time="0.000000"></testcase>
		<testcase classname="go.opentelemetry.io/collector/config/configgrpc" name="TestClientMiddlewareToClientErrors" time="0.000000"></testcase>
		<testcase classname="go.opentelemetry.io/collector/config/configgrpc" name="TestNewDefaultKeepaliveClientConfig" time="0.000000"></testcase>
		<testcase classname="go.opentelemetry.io/collector/config/configgrpc" name="TestNewDefaultClientConfig" time="0.000000"></testcase>
		<testcase classname="go.opentelemetry.io/collector/config/configgrpc" name="TestNewDefaultKeepaliveServerParameters" time="0.000000"></testcase>
		<testcase classname="go.opentelemetry.io/collector/config/configgrpc" name="TestNewDefaultKeepaliveEnforcementPolicy" time="0.000000"></testcase>
		<testcase classname="go.opentelemetry.io/collector/config/configgrpc" name="TestNewDefaultKeepaliveServerConfig" time="0.000000"></testcase>
		<testcase classname="go.opentelemetry.io/collector/config/configgrpc" name="TestNewDefaultServerConfig" time="0.000000"></testcase>
		<testcase classname="go.opentelemetry.io/collector/config/configgrpc" name="TestDefaultGrpcClientSettings" time="0.000000"></testcase>
		<testcase classname="go.opentelemetry.io/collector/config/configgrpc" name="TestGrpcClientExtraOption" time="0.000000"></testcase>
		<testcase classname="go.opentelemetry.io/collector/config/configgrpc" name="TestAllGrpcClientSettings/test_all_with_gzip_compression" time="0.000000"></testcase>
		<testcase classname="go.opentelemetry.io/collector/config/configgrpc" name="TestAllGrpcClientSettings/test_all_with_snappy_compression" time="0.000000"></testcase>
		<testcase classname="go.opentelemetry.io/collector/config/configgrpc" name="TestAllGrpcClientSettings/test_all_with_zstd_compression" time="0.000000"></testcase>
		<testcase classname="go.opentelemetry.io/collector/config/configgrpc" name="TestAllGrpcClientSettings" time="0.000000"></testcase>
		<testcase classname="go.opentelemetry.io/collector/config/configgrpc" name="TestHeaders" time="0.000000"></testcase>
		<testcase classname="go.opentelemetry.io/collector/config/configgrpc" name="TestDefaultGrpcServerSettings" time="0.000000"></testcase>
		<testcase classname="go.opentelemetry.io/collector/config/configgrpc" name="TestGrpcServerExtraOption" time="0.000000"></testcase>
		<testcase classname="go.opentelemetry.io/collector/config/configgrpc" name="TestGrpcServerValidate/invalid_max_recv_msg_size_mib_value" time="0.000000"></testcase>
		<testcase classname="go.opentelemetry.io/collector/config/configgrpc" name="TestGrpcServerValidate/invalid_max_recv_msg_size_mib_value#01" time="0.000000"></testcase>
		<testcase classname="go.opentelemetry.io/collector/config/configgrpc" name="TestGrpcServerValidate/invalid_read_buffer_size_value" time="0.000000"></testcase>
		<testcase classname="go.opentelemetry.io/collector/config/configgrpc" name="TestGrpcServerValidate/invalid_write_buffer_size_value" time="0.000000"></testcase>
		<testcase classname="go.opentelemetry.io/collector/config/configgrpc" name="TestGrpcServerValidate" time="0.000000"></testcase>
		<testcase classname="go.opentelemetry.io/collector/config/configgrpc" name="TestAllGrpcServerSettingsExceptAuth" time="0.000000"></testcase>
		<testcase classname="go.opentelemetry.io/collector/config/configgrpc" name="TestGrpcServerAuthSettings" time="0.000000"></testcase>
		<testcase classname="go.opentelemetry.io/collector/config/configgrpc" name="TestGrpcClientConfigInvalidBalancer" time="0.000000"></testcase>
		<testcase classname="go.opentelemetry.io/collector/config/configgrpc" name="TestGRPCClientSettingsError/failed_to_load_TLS_config:_failed_to_load_CA_CertPool_File:_failed_to_load_cert_/doesnt/exist:" time="0.000000"></testcase>
		<testcase classname="go.opentelemetry.io/collector/config/configgrpc" name="TestGRPCClientSettingsError/failed_to_load_TLS_config:_failed_to_load_TLS_cert_and_key:_for_auth_via_TLS,_provide_both_certificate_and_key,_or_neither" time="0.000000"></testcase>
		<testcase classname="go.opentelemetry.io/collector/config/configgrpc" name="TestGRPCClientSettingsError/failed_to_resolve_authenticator_&#34;doesntexist&#34;:_authenticator_not_found" time="0.000000"></testcase>
		<testcase classname="go.opentelemetry.io/collector/config/configgrpc" name="TestGRPCClientSettingsError/no_extensions_configuration_available" time="0.000000"></testcase>
		<testcase classname="go.opentelemetry.io/collector/config/configgrpc" name="TestGRPCClientSettingsError/unsupported_compression_type_&#34;zlib&#34;" time="0.000000"></testcase>
		<testcase classname="go.opentelemetry.io/collector/config/configgrpc" name="TestGRPCClientSettingsError/unsupported_compression_type_&#34;deflate&#34;" time="0.000000"></testcase>
		<testcase classname="go.opentelemetry.io/collector/config/configgrpc" name="TestGRPCClientSettingsError/unsupported_compression_type_&#34;bad&#34;" time="0.000000"></testcase>
		<testcase classname="go.opentelemetry.io/collector/config/configgrpc" name="TestGRPCClientSettingsError" time="0.000000"></testcase>
		<testcase classname="go.opentelemetry.io/collector/config/configgrpc" name="TestUseSecure" time="0.000000"></testcase>
		<testcase classname="go.opentelemetry.io/collector/config/configgrpc" name="TestGRPCServerSettingsError/failed_to_load_TLS_config:_failed_to_load_CA_CertPool_File:_failed_to_load_cert_/doesnt/exist:" time="0.000000"></testcase>
		<testcase classname="go.opentelemetry.io/collector/config/configgrpc" name="TestGRPCServerSettingsError/failed_to_load_TLS_config:_failed_to_load_TLS_cert_and_key:_for_auth_via_TLS,_provide_both_certificate_and_key,_or_neither" time="0.000000"></testcase>
		<testcase classname="go.opentelemetry.io/collector/config/configgrpc" name="TestGRPCServerSettingsError/failed_to_load_client_CA_CertPool:_failed_to_load_CA_/doesnt/exist:" time="0.000000"></testcase>
		<testcase classname="go.opentelemetry.io/collector/config/configgrpc" name="TestGRPCServerSettingsError" time="0.000000"></testcase>
		<testcase classname="go.opentelemetry.io/collector/config/configgrpc" name="TestGRPCServerSettings_ToListener_Error" time="0.000000"></testcase>
		<testcase classname="go.opentelemetry.io/collector/config/configgrpc" name="TestHttpReception/noTLS" time="0.000000"></testcase>
		<testcase classname="go.opentelemetry.io/collector/config/configgrpc" name="TestHttpReception/TLS" time="0.010000"></testcase>
		<testcase classname="go.opentelemetry.io/collector/config/configgrpc" name="TestHttpReception/NoServerCertificates" time="2.000000"></testcase>
		<testcase classname="go.opentelemetry.io/collector/config/configgrpc" name="TestHttpReception/mTLS" time="0.060000"></testcase>
		<testcase classname="go.opentelemetry.io/collector/config/configgrpc" name="TestHttpReception/NoClientCertificate" time="2.009000"></testcase>
		<testcase classname="go.opentelemetry.io/collector/config/configgrpc" name="TestHttpReception/WrongClientCA" time="2.020000"></testcase>
		<testcase classname="go.opentelemetry.io/collector/config/configgrpc" name="TestHttpReception" time="6.100000"></testcase>
		<testcase classname="go.opentelemetry.io/collector/config/configgrpc" name="TestReceiveOnUnixDomainSocket" time="0.010000"></testcase>
		<testcase classname="go.opentelemetry.io/collector/config/configgrpc" name="TestContextWithClient/no_peer_information,_empty_client" time="0.000000"></testcase>
		<testcase classname="go.opentelemetry.io/collector/config/configgrpc" name="TestContextWithClient/existing_client_with_IP,_no_peer_information" time="0.000000"></testcase>
		<testcase classname="go.opentelemetry.io/collector/config/configgrpc" name="TestContextWithClient/empty_client,_with_peer_information" time="0.000000"></testcase>
		<testcase classname="go.opentelemetry.io/collector/config/configgrpc" name="TestContextWithClient/existing_client,_existing_IP_gets_overridden_with_peer_information" time="0.000000"></testcase>
		<testcase classname="go.opentelemetry.io/collector/config/configgrpc" name="TestContextWithClient/existing_client_with_metadata" time="0.000000"></testcase>
		<testcase classname="go.opentelemetry.io/collector/config/configgrpc" name="TestContextWithClient/existing_client_with_metadata_in_context" time="0.000000"></testcase>
		<testcase classname="go.opentelemetry.io/collector/config/configgrpc" name="TestContextWithClient/existing_client_with_metadata_in_context,_no_metadata_processing" time="0.000000"></testcase>
		<testcase classname="go.opentelemetry.io/collector/config/configgrpc" name="TestContextWithClient/existing_client_with_Host_and_metadata" time="0.000000"></testcase>
		<testcase classname="go.opentelemetry.io/collector/config/configgrpc" name="TestContextWithClient" time="0.000000"></testcase>
		<testcase classname="go.opentelemetry.io/collector/config/configgrpc" name="TestStreamInterceptorEnhancesClient" time="0.000000"></testcase>
		<testcase classname="go.opentelemetry.io/collector/config/configgrpc" name="TestClientInfoInterceptors/unary" time="0.010000"></testcase>
		<testcase classname="go.opentelemetry.io/collector/config/configgrpc" name="TestClientInfoInterceptors" time="0.010000"></testcase>
		<testcase classname="go.opentelemetry.io/collector/config/configgrpc" name="TestDefaultUnaryInterceptorAuthSucceeded" time="0.000000"></testcase>
		<testcase classname="go.opentelemetry.io/collector/config/configgrpc" name="TestDefaultUnaryInterceptorAuthFailure" time="0.000000"></testcase>
		<testcase classname="go.opentelemetry.io/collector/config/configgrpc" name="TestDefaultUnaryInterceptorMissingMetadata" time="0.000000"></testcase>
		<testcase classname="go.opentelemetry.io/collector/config/configgrpc" name="TestDefaultStreamInterceptorAuthSucceeded" time="0.000000"></testcase>
		<testcase classname="go.opentelemetry.io/collector/config/configgrpc" name="TestDefaultStreamInterceptorAuthFailure" time="0.000000"></testcase>
		<testcase classname="go.opentelemetry.io/collector/config/configgrpc" name="TestDefaultStreamInterceptorMissingMetadata" time="0.000000"></testcase>
		<testcase classname="go.opentelemetry.io/collector/config/configgrpc" name="TestGrpcServerUnaryInterceptor" time="0.010000"></testcase>
		<testcase classname="go.opentelemetry.io/collector/config/configgrpc" name="TestServerMiddlewareToServerErrors/extension_not_found" time="0.000000"></testcase>
		<testcase classname="go.opentelemetry.io/collector/config/configgrpc" name="TestServerMiddlewareToServerErrors/get_server_options_fails" time="0.000000"></testcase>
		<testcase classname="go.opentelemetry.io/collector/config/configgrpc" name="TestServerMiddlewareToServerErrors" time="0.000000"></testcase>
		<testcase classname="go.opentelemetry.io/collector/config/configgrpc" name="TestWrapServerStream" time="0.000000"></testcase>
		<testcase classname="go.opentelemetry.io/collector/config/configgrpc" name="TestDoubleWrapping" time="0.000000"></testcase>
	</testsuite>
</testsuites>