<?xml version="1.0" encoding="UTF-8"?>
<testsuites tests="3" failures="0" errors="0" time="1.009448">
	<testsuite tests="3" failures="0" time="1.008000" name="go.opentelemetry.io/collector/receiver" timestamp="2025-07-30T15:41:53-05:00">
		<properties>
			<property name="go.version" value="go1.24.5 linux/amd64"></property>
		</properties>
		<testcase classname="go.opentelemetry.io/collector/receiver" name="TestNewFactory" time="0.000000"></testcase>
		<testcase classname="go.opentelemetry.io/collector/receiver" name="TestNewFactoryWithOptions" time="0.000000"></testcase>
		<testcase classname="go.opentelemetry.io/collector/receiver" name="Example" time="0.000000"></testcase>
	</testsuite>
	<testsuite tests="0" failures="0" time="0.000000" name="go.opentelemetry.io/collector/receiver/internal" timestamp="2025-07-30T15:41:53-05:00">
		<properties>
			<property name="go.version" value="go1.24.5 linux/amd64"></property>
		</properties>
	</testsuite>
</testsuites>