<?xml version="1.0" encoding="UTF-8"?>
<testsuites tests="2" failures="0" errors="0" time="0.000070">
	<testsuite tests="2" failures="0" time="0.000000" name="go.opentelemetry.io/collector/consumer/consumererror/xconsumererror" timestamp="2025-09-25T17:00:59-05:00">
		<properties>
			<property name="go.version" value="go1.25.1 X:nodwarf5 linux/amd64"></property>
		</properties>
		<testcase classname="go.opentelemetry.io/collector/consumer/consumererror/xconsumererror" name="TestProfiles" time="0.000000"></testcase>
		<testcase classname="go.opentelemetry.io/collector/consumer/consumererror/xconsumererror" name="TestProfiles_Unwrap" time="0.000000"></testcase>
	</testsuite>
</testsuites>