<?xml version="1.0" encoding="UTF-8"?>
<testsuites tests="5" failures="0" errors="0" time="1.012228">
	<testsuite tests="5" failures="0" time="1.012000" name="go.opentelemetry.io/collector/extension/extensionmiddleware/extensionmiddlewaretest" timestamp="2025-07-30T15:41:20-05:00">
		<properties>
			<property name="go.version" value="go1.24.5 linux/amd64"></property>
		</properties>
		<testcase classname="go.opentelemetry.io/collector/extension/extensionmiddleware/extensionmiddlewaretest" name="TestErrClient" time="0.000000"></testcase>
		<testcase classname="go.opentelemetry.io/collector/extension/extensionmiddleware/extensionmiddlewaretest" name="TestErrServer" time="0.000000"></testcase>
		<testcase classname="go.opentelemetry.io/collector/extension/extensionmiddleware/extensionmiddlewaretest" name="TestNopClient" time="0.000000"></testcase>
		<testcase classname="go.opentelemetry.io/collector/extension/extensionmiddleware/extensionmiddlewaretest" name="TestNopServer" time="0.000000"></testcase>
		<testcase classname="go.opentelemetry.io/collector/extension/extensionmiddleware/extensionmiddlewaretest" name="TestRoundTripperFunc" time="0.000000"></testcase>
	</testsuite>
</testsuites>