<?xml version="1.0" encoding="UTF-8"?>
<testsuites tests="38" failures="0" errors="0" time="0.000385">
	<testsuite tests="38" failures="0" time="0.000000" name="go.opentelemetry.io/collector/featuregate" timestamp="2025-09-24T16:28:09-05:00">
		<properties>
			<property name="go.version" value="go1.25.1 X:nodwarf5 linux/amd64"></property>
		</properties>
		<testcase classname="go.opentelemetry.io/collector/featuregate" name="TestNewFlag/empty_item" time="0.000000"></testcase>
		<testcase classname="go.opentelemetry.io/collector/featuregate" name="TestNewFlag/simple_enable_alpha" time="0.000000"></testcase>
		<testcase classname="go.opentelemetry.io/collector/featuregate" name="TestNewFlag/plus_enable_alpha" time="0.000000"></testcase>
		<testcase classname="go.opentelemetry.io/collector/featuregate" name="TestNewFlag/disabled_beta" time="0.000000"></testcase>
		<testcase classname="go.opentelemetry.io/collector/featuregate" name="TestNewFlag/multiple_items" time="0.000000"></testcase>
		<testcase classname="go.opentelemetry.io/collector/featuregate" name="TestNewFlag/multiple_items_with_plus" time="0.000000"></testcase>
		<testcase classname="go.opentelemetry.io/collector/featuregate" name="TestNewFlag/repeated_items" time="0.000000"></testcase>
		<testcase classname="go.opentelemetry.io/collector/featuregate" name="TestNewFlag/multiple_plus_items" time="0.000000"></testcase>
		<testcase classname="go.opentelemetry.io/collector/featuregate" name="TestNewFlag/enable_stable" time="0.000000"></testcase>
		<testcase classname="go.opentelemetry.io/collector/featuregate" name="TestNewFlag/disable_stable" time="0.000000"></testcase>
		<testcase classname="go.opentelemetry.io/collector/featuregate" name="TestNewFlag/enable_deprecated" time="0.000000"></testcase>
		<testcase classname="go.opentelemetry.io/collector/featuregate" name="TestNewFlag/disable_deprecated" time="0.000000"></testcase>
		<testcase classname="go.opentelemetry.io/collector/featuregate" name="TestNewFlag/enable_missing" time="0.000000"></testcase>
		<testcase classname="go.opentelemetry.io/collector/featuregate" name="TestNewFlag/disable_missing" time="0.000000"></testcase>
		<testcase classname="go.opentelemetry.io/collector/featuregate" name="TestNewFlag" time="0.000000"></testcase>
		<testcase classname="go.opentelemetry.io/collector/featuregate" name="TestFlagStringNotInitialize" time="0.000000"></testcase>
		<testcase classname="go.opentelemetry.io/collector/featuregate" name="TestGate" time="0.000000"></testcase>
		<testcase classname="go.opentelemetry.io/collector/featuregate" name="TestGlobalRegistry" time="0.000000"></testcase>
		<testcase classname="go.opentelemetry.io/collector/featuregate" name="TestRegistry" time="0.000000"></testcase>
		<testcase classname="go.opentelemetry.io/collector/featuregate" name="TestRegistryApplyError" time="0.000000"></testcase>
		<testcase classname="go.opentelemetry.io/collector/featuregate" name="TestRegistryApply" time="0.000000"></testcase>
		<testcase classname="go.opentelemetry.io/collector/featuregate" name="TestRegisterGateLifecycle/StageAlpha_Flag" time="0.000000"></testcase>
		<testcase classname="go.opentelemetry.io/collector/featuregate" name="TestRegisterGateLifecycle/StageAlpha_Flag_with_all_options" time="0.000000"></testcase>
		<testcase classname="go.opentelemetry.io/collector/featuregate" name="TestRegisterGateLifecycle/StageBeta_Flag" time="0.000000"></testcase>
		<testcase classname="go.opentelemetry.io/collector/featuregate" name="TestRegisterGateLifecycle/StageStable_Flag" time="0.000000"></testcase>
		<testcase classname="go.opentelemetry.io/collector/featuregate" name="TestRegisterGateLifecycle/StageDeprecated_Flag" time="0.000000"></testcase>
		<testcase classname="go.opentelemetry.io/collector/featuregate" name="TestRegisterGateLifecycle/Invalid_stage" time="0.000000"></testcase>
		<testcase classname="go.opentelemetry.io/collector/featuregate" name="TestRegisterGateLifecycle/StageStable_gate_missing_removal_version" time="0.000000"></testcase>
		<testcase classname="go.opentelemetry.io/collector/featuregate" name="TestRegisterGateLifecycle/StageDeprecated_gate_missing_removal_version" time="0.000000"></testcase>
		<testcase classname="go.opentelemetry.io/collector/featuregate" name="TestRegisterGateLifecycle/Duplicate_gate" time="0.000000"></testcase>
		<testcase classname="go.opentelemetry.io/collector/featuregate" name="TestRegisterGateLifecycle/Invalid_gate_name" time="0.000000"></testcase>
		<testcase classname="go.opentelemetry.io/collector/featuregate" name="TestRegisterGateLifecycle/Invalid_empty_gate" time="0.000000"></testcase>
		<testcase classname="go.opentelemetry.io/collector/featuregate" name="TestRegisterGateLifecycle/Invalid_gate_to_version" time="0.000000"></testcase>
		<testcase classname="go.opentelemetry.io/collector/featuregate" name="TestRegisterGateLifecycle/Invalid_gate_from_version" time="0.000000"></testcase>
		<testcase classname="go.opentelemetry.io/collector/featuregate" name="TestRegisterGateLifecycle/Invalid_gate_reference_URL" time="0.000000"></testcase>
		<testcase classname="go.opentelemetry.io/collector/featuregate" name="TestRegisterGateLifecycle/Empty_version_range" time="0.000000"></testcase>
		<testcase classname="go.opentelemetry.io/collector/featuregate" name="TestRegisterGateLifecycle" time="0.000000"></testcase>
		<testcase classname="go.opentelemetry.io/collector/featuregate" name="TestStageString" time="0.000000"></testcase>
	</testsuite>
</testsuites>