<?xml version="1.0" encoding="UTF-8"?>
<testsuites tests="0" failures="0" errors="0" time="0.000079">
	<testsuite tests="0" failures="0" time="0.000000" name="go.opentelemetry.io/collector/internal/cmd/pdatagen" timestamp="2025-09-25T17:01:01-05:00">
		<properties>
			<property name="go.version" value="go1.25.1 X:nodwarf5 linux/amd64"></property>
		</properties>
	</testsuite>
	<testsuite tests="0" failures="0" time="0.000000" name="go.opentelemetry.io/collector/internal/cmd/pdatagen/internal/pdata" timestamp="2025-09-25T17:01:01-05:00">
		<properties>
			<property name="go.version" value="go1.25.1 X:nodwarf5 linux/amd64"></property>
		</properties>
	</testsuite>
	<testsuite tests="0" failures="0" time="0.000000" name="go.opentelemetry.io/collector/internal/cmd/pdatagen/internal/proto" timestamp="2025-09-25T17:01:01-05:00">
		<properties>
			<property name="go.version" value="go1.25.1 X:nodwarf5 linux/amd64"></property>
		</properties>
	</testsuite>
	<testsuite tests="0" failures="0" time="0.000000" name="go.opentelemetry.io/collector/internal/cmd/pdatagen/internal/template" timestamp="2025-09-25T17:01:01-05:00">
		<properties>
			<property name="go.version" value="go1.25.1 X:nodwarf5 linux/amd64"></property>
		</properties>
	</testsuite>
</testsuites>