mode: set
go.opentelemetry.io/collector/exporter/cortexexporter/cortex.go:53.105,55.19 1 1
go.opentelemetry.io/collector/exporter/cortexexporter/cortex.go:59.2,60.16 2 1
go.opentelemetry.io/collector/exporter/cortexexporter/cortex.go:64.2,70.8 1 1
go.opentelemetry.io/collector/exporter/cortexexporter/cortex.go:55.19,57.3 1 1
go.opentelemetry.io/collector/exporter/cortexexporter/cortex.go:60.16,62.3 1 1
go.opentelemetry.io/collector/exporter/cortexexporter/cortex.go:75.59,79.2 3 1
go.opentelemetry.io/collector/exporter/cortexexporter/cortex.go:84.91,87.9 3 1
go.opentelemetry.io/collector/exporter/cortexexporter/cortex.go:88.22,89.78 1 1
go.opentelemetry.io/collector/exporter/cortexexporter/cortex.go:90.10,96.37 5 1
go.opentelemetry.io/collector/exporter/cortexexporter/cortex.go:132.3,132.47 1 1
go.opentelemetry.io/collector/exporter/cortexexporter/cortex.go:136.3,136.19 1 1
go.opentelemetry.io/collector/exporter/cortexexporter/cortex.go:140.3,140.16 1 1
go.opentelemetry.io/collector/exporter/cortexexporter/cortex.go:96.37,98.64 1 1
go.opentelemetry.io/collector/exporter/cortexexporter/cortex.go:98.64,100.48 1 1
go.opentelemetry.io/collector/exporter/cortexexporter/cortex.go:100.48,103.13 2 1
go.opentelemetry.io/collector/exporter/cortexexporter/cortex.go:109.6,109.52 1 1
go.opentelemetry.io/collector/exporter/cortexexporter/cortex.go:103.13,106.15 3 1
go.opentelemetry.io/collector/exporter/cortexexporter/cortex.go:111.76,112.66 1 1
go.opentelemetry.io/collector/exporter/cortexexporter/cortex.go:115.43,116.69 1 1
go.opentelemetry.io/collector/exporter/cortexexporter/cortex.go:119.41,120.67 1 1
go.opentelemetry.io/collector/exporter/cortexexporter/cortex.go:123.14,126.15 3 0
go.opentelemetry.io/collector/exporter/cortexexporter/cortex.go:112.66,114.8 1 0
go.opentelemetry.io/collector/exporter/cortexexporter/cortex.go:116.69,118.8 1 0
go.opentelemetry.io/collector/exporter/cortexexporter/cortex.go:120.67,122.8 1 0
go.opentelemetry.io/collector/exporter/cortexexporter/cortex.go:132.47,134.4 1 1
go.opentelemetry.io/collector/exporter/cortexexporter/cortex.go:136.19,138.4 1 0
go.opentelemetry.io/collector/exporter/cortexexporter/cortex.go:147.110,152.15 2 1
go.opentelemetry.io/collector/exporter/cortexexporter/cortex.go:193.2,193.78 1 0
go.opentelemetry.io/collector/exporter/cortexexporter/cortex.go:154.74,155.36 1 1
go.opentelemetry.io/collector/exporter/cortexexporter/cortex.go:159.3,159.45 1 1
go.opentelemetry.io/collector/exporter/cortexexporter/cortex.go:171.3,171.13 1 1
go.opentelemetry.io/collector/exporter/cortexexporter/cortex.go:174.76,175.37 1 1
go.opentelemetry.io/collector/exporter/cortexexporter/cortex.go:178.3,178.46 1 1
go.opentelemetry.io/collector/exporter/cortexexporter/cortex.go:190.3,190.13 1 1
go.opentelemetry.io/collector/exporter/cortexexporter/cortex.go:155.36,157.4 1 1
go.opentelemetry.io/collector/exporter/cortexexporter/cortex.go:159.45,170.4 4 1
go.opentelemetry.io/collector/exporter/cortexexporter/cortex.go:175.37,177.4 1 0
go.opentelemetry.io/collector/exporter/cortexexporter/cortex.go:178.46,189.4 4 1
go.opentelemetry.io/collector/exporter/cortexexporter/cortex.go:199.113,201.39 1 1
go.opentelemetry.io/collector/exporter/cortexexporter/cortex.go:205.2,205.48 1 1
go.opentelemetry.io/collector/exporter/cortexexporter/cortex.go:252.2,252.12 1 1
go.opentelemetry.io/collector/exporter/cortexexporter/cortex.go:201.39,203.3 1 1
go.opentelemetry.io/collector/exporter/cortexexporter/cortex.go:205.48,233.39 11 1
go.opentelemetry.io/collector/exporter/cortexexporter/cortex.go:245.3,250.48 3 1
go.opentelemetry.io/collector/exporter/cortexexporter/cortex.go:233.39,243.4 5 1
go.opentelemetry.io/collector/exporter/cortexexporter/cortex.go:258.111,260.37 1 1
go.opentelemetry.io/collector/exporter/cortexexporter/cortex.go:264.2,264.46 1 1
go.opentelemetry.io/collector/exporter/cortexexporter/cortex.go:299.2,299.12 1 1
go.opentelemetry.io/collector/exporter/cortexexporter/cortex.go:260.37,262.3 1 1
go.opentelemetry.io/collector/exporter/cortexexporter/cortex.go:264.46,289.47 10 1
go.opentelemetry.io/collector/exporter/cortexexporter/cortex.go:289.47,297.4 4 1
go.opentelemetry.io/collector/exporter/cortexexporter/cortex.go:305.98,308.16 2 1
go.opentelemetry.io/collector/exporter/cortexexporter/cortex.go:313.2,314.16 2 1
go.opentelemetry.io/collector/exporter/cortexexporter/cortex.go:317.2,323.16 4 1
go.opentelemetry.io/collector/exporter/cortexexporter/cortex.go:328.2,328.38 1 1
go.opentelemetry.io/collector/exporter/cortexexporter/cortex.go:334.2,346.16 9 1
go.opentelemetry.io/collector/exporter/cortexexporter/cortex.go:351.2,351.64 1 1
go.opentelemetry.io/collector/exporter/cortexexporter/cortex.go:359.2,359.12 1 1
go.opentelemetry.io/collector/exporter/cortexexporter/cortex.go:308.16,310.3 1 1
go.opentelemetry.io/collector/exporter/cortexexporter/cortex.go:314.16,316.3 1 0
go.opentelemetry.io/collector/exporter/cortexexporter/cortex.go:323.16,325.3 1 0
go.opentelemetry.io/collector/exporter/cortexexporter/cortex.go:328.38,330.3 1 0
go.opentelemetry.io/collector/exporter/cortexexporter/cortex.go:346.16,348.3 1 1
go.opentelemetry.io/collector/exporter/cortexexporter/cortex.go:351.64,354.21 3 1
go.opentelemetry.io/collector/exporter/cortexexporter/cortex.go:357.3,357.83 1 1
go.opentelemetry.io/collector/exporter/cortexexporter/cortex.go:354.21,356.4 1 0
go.opentelemetry.io/collector/exporter/cortexexporter/factory.go:31.45,36.2 1 1
go.opentelemetry.io/collector/exporter/cortexexporter/factory.go:39.64,45.16 3 1
go.opentelemetry.io/collector/exporter/cortexexporter/factory.go:49.2,51.16 2 1
go.opentelemetry.io/collector/exporter/cortexexporter/factory.go:55.2,64.16 2 1
go.opentelemetry.io/collector/exporter/cortexexporter/factory.go:68.2,68.18 1 1
go.opentelemetry.io/collector/exporter/cortexexporter/factory.go:45.16,47.3 1 0
go.opentelemetry.io/collector/exporter/cortexexporter/factory.go:51.16,53.3 1 0
go.opentelemetry.io/collector/exporter/cortexexporter/factory.go:64.16,66.3 1 0
go.opentelemetry.io/collector/exporter/cortexexporter/factory.go:71.50,94.2 3 1
go.opentelemetry.io/collector/exporter/cortexexporter/helper.go:46.42,46.59 1 1
go.opentelemetry.io/collector/exporter/cortexexporter/helper.go:47.42,47.74 1 1
go.opentelemetry.io/collector/exporter/cortexexporter/helper.go:48.42,48.69 1 1
go.opentelemetry.io/collector/exporter/cortexexporter/helper.go:51.56,53.17 1 1
go.opentelemetry.io/collector/exporter/cortexexporter/helper.go:57.2,57.24 1 1
go.opentelemetry.io/collector/exporter/cortexexporter/helper.go:65.2,65.14 1 1
go.opentelemetry.io/collector/exporter/cortexexporter/helper.go:53.17,55.3 1 1
go.opentelemetry.io/collector/exporter/cortexexporter/helper.go:59.66,60.67 1 1
go.opentelemetry.io/collector/exporter/cortexexporter/helper.go:61.65,62.14 1 1
go.opentelemetry.io/collector/exporter/cortexexporter/helper.go:71.33,73.52 1 1
go.opentelemetry.io/collector/exporter/cortexexporter/helper.go:77.2,80.8 3 1
go.opentelemetry.io/collector/exporter/cortexexporter/helper.go:73.52,75.3 1 1
go.opentelemetry.io/collector/exporter/cortexexporter/helper.go:80.8,82.3 1 1
go.opentelemetry.io/collector/exporter/cortexexporter/helper.go:82.8,88.3 2 1
go.opentelemetry.io/collector/exporter/cortexexporter/helper.go:95.87,101.29 4 1
go.opentelemetry.io/collector/exporter/cortexexporter/helper.go:108.2,108.19 1 1
go.opentelemetry.io/collector/exporter/cortexexporter/helper.go:101.29,106.3 4 1
go.opentelemetry.io/collector/exporter/cortexexporter/helper.go:114.87,119.28 2 1
go.opentelemetry.io/collector/exporter/cortexexporter/helper.go:126.2,126.38 1 1
go.opentelemetry.io/collector/exporter/cortexexporter/helper.go:140.2,142.23 2 1
go.opentelemetry.io/collector/exporter/cortexexporter/helper.go:146.2,146.10 1 1
go.opentelemetry.io/collector/exporter/cortexexporter/helper.go:119.28,124.3 1 1
go.opentelemetry.io/collector/exporter/cortexexporter/helper.go:126.38,127.25 1 1
go.opentelemetry.io/collector/exporter/cortexexporter/helper.go:130.3,131.12 2 1
go.opentelemetry.io/collector/exporter/cortexexporter/helper.go:134.3,137.4 1 1
go.opentelemetry.io/collector/exporter/cortexexporter/helper.go:127.25,128.9 1 1
go.opentelemetry.io/collector/exporter/cortexexporter/helper.go:131.12,133.4 1 1
go.opentelemetry.io/collector/exporter/cortexexporter/helper.go:142.23,144.3 1 1
go.opentelemetry.io/collector/exporter/cortexexporter/helper.go:151.71,153.17 1 1
go.opentelemetry.io/collector/exporter/cortexexporter/helper.go:157.2,164.17 4 1
go.opentelemetry.io/collector/exporter/cortexexporter/helper.go:167.2,178.30 2 1
go.opentelemetry.io/collector/exporter/cortexexporter/helper.go:182.2,182.29 1 1
go.opentelemetry.io/collector/exporter/cortexexporter/helper.go:153.17,155.3 1 1
go.opentelemetry.io/collector/exporter/cortexexporter/helper.go:164.17,166.3 1 1
go.opentelemetry.io/collector/exporter/cortexexporter/helper.go:178.30,181.3 2 1
go.opentelemetry.io/collector/exporter/cortexexporter/helper.go:187.88,188.21 1 1
go.opentelemetry.io/collector/exporter/cortexexporter/helper.go:191.2,192.26 2 1
go.opentelemetry.io/collector/exporter/cortexexporter/helper.go:195.2,199.22 2 1
go.opentelemetry.io/collector/exporter/cortexexporter/helper.go:188.21,190.3 1 1
go.opentelemetry.io/collector/exporter/cortexexporter/helper.go:192.26,194.3 1 1
go.opentelemetry.io/collector/exporter/cortexexporter/helper.go:204.32,205.17 1 1
go.opentelemetry.io/collector/exporter/cortexexporter/helper.go:212.2,213.33 2 1
go.opentelemetry.io/collector/exporter/cortexexporter/helper.go:216.2,216.17 1 1
go.opentelemetry.io/collector/exporter/cortexexporter/helper.go:219.2,219.10 1 1
go.opentelemetry.io/collector/exporter/cortexexporter/helper.go:205.17,207.3 1 0
go.opentelemetry.io/collector/exporter/cortexexporter/helper.go:213.33,215.3 1 1
go.opentelemetry.io/collector/exporter/cortexexporter/helper.go:216.17,218.3 1 1
go.opentelemetry.io/collector/exporter/cortexexporter/helper.go:224.32,225.47 1 1
go.opentelemetry.io/collector/exporter/cortexexporter/helper.go:229.2,229.12 1 1
go.opentelemetry.io/collector/exporter/cortexexporter/helper.go:225.47,227.3 1 1
