mode: set
go.opentelemetry.io/collector/exporter/exporterhelper/internal/queuebatch/async_queue.go:22.102,28.2 1 1
go.opentelemetry.io/collector/exporter/exporterhelper/internal/queuebatch/async_queue.go:31.80,32.58 1 1
go.opentelemetry.io/collector/exporter/exporterhelper/internal/queuebatch/async_queue.go:32.58,34.3 1 1
go.opentelemetry.io/collector/exporter/exporterhelper/internal/queuebatch/async_queue.go:35.2,36.39 2 1
go.opentelemetry.io/collector/exporter/exporterhelper/internal/queuebatch/async_queue.go:36.39,39.13 3 1
go.opentelemetry.io/collector/exporter/exporterhelper/internal/queuebatch/async_queue.go:39.13,42.8 3 1
go.opentelemetry.io/collector/exporter/exporterhelper/internal/queuebatch/async_queue.go:42.8,44.12 2 1
go.opentelemetry.io/collector/exporter/exporterhelper/internal/queuebatch/async_queue.go:44.12,46.6 1 1
go.opentelemetry.io/collector/exporter/exporterhelper/internal/queuebatch/async_queue.go:47.5,47.35 1 1
go.opentelemetry.io/collector/exporter/exporterhelper/internal/queuebatch/async_queue.go:51.2,53.12 2 1
go.opentelemetry.io/collector/exporter/exporterhelper/internal/queuebatch/async_queue.go:56.66,58.57 2 1
go.opentelemetry.io/collector/exporter/exporterhelper/internal/queuebatch/async_queue.go:58.57,61.3 2 1
go.opentelemetry.io/collector/exporter/exporterhelper/internal/queuebatch/async_queue.go:63.2,64.12 2 1
go.opentelemetry.io/collector/exporter/exporterhelper/internal/queuebatch/async_queue.go:68.62,72.2 3 1
go.opentelemetry.io/collector/exporter/exporterhelper/internal/queuebatch/batch_context.go:17.57,18.16 1 1
go.opentelemetry.io/collector/exporter/exporterhelper/internal/queuebatch/batch_context.go:18.16,20.3 1 0
go.opentelemetry.io/collector/exporter/exporterhelper/internal/queuebatch/batch_context.go:21.2,21.66 1 1
go.opentelemetry.io/collector/exporter/exporterhelper/internal/queuebatch/batch_context.go:21.66,23.3 1 1
go.opentelemetry.io/collector/exporter/exporterhelper/internal/queuebatch/batch_context.go:24.2,24.23 1 1
go.opentelemetry.io/collector/exporter/exporterhelper/internal/queuebatch/batch_context.go:27.59,28.69 1 1
go.opentelemetry.io/collector/exporter/exporterhelper/internal/queuebatch/batch_context.go:28.69,30.3 1 1
go.opentelemetry.io/collector/exporter/exporterhelper/internal/queuebatch/batch_context.go:31.2,31.30 1 1
go.opentelemetry.io/collector/exporter/exporterhelper/internal/queuebatch/batch_context.go:34.89,40.2 1 1
go.opentelemetry.io/collector/exporter/exporterhelper/internal/queuebatch/cond.go:20.35,22.2 1 1
go.opentelemetry.io/collector/exporter/exporterhelper/internal/queuebatch/cond.go:26.25,27.20 1 1
go.opentelemetry.io/collector/exporter/exporterhelper/internal/queuebatch/cond.go:27.20,29.3 1 1
go.opentelemetry.io/collector/exporter/exporterhelper/internal/queuebatch/cond.go:30.2,31.20 2 1
go.opentelemetry.io/collector/exporter/exporterhelper/internal/queuebatch/cond.go:36.28,37.35 1 0
go.opentelemetry.io/collector/exporter/exporterhelper/internal/queuebatch/cond.go:37.35,39.3 1 0
go.opentelemetry.io/collector/exporter/exporterhelper/internal/queuebatch/cond.go:43.48,46.9 3 1
go.opentelemetry.io/collector/exporter/exporterhelper/internal/queuebatch/cond.go:47.20,49.21 2 1
go.opentelemetry.io/collector/exporter/exporterhelper/internal/queuebatch/cond.go:49.21,54.4 1 0
go.opentelemetry.io/collector/exporter/exporterhelper/internal/queuebatch/cond.go:54.9,57.4 1 1
go.opentelemetry.io/collector/exporter/exporterhelper/internal/queuebatch/cond.go:58.3,58.19 1 1
go.opentelemetry.io/collector/exporter/exporterhelper/internal/queuebatch/cond.go:59.14,61.13 2 1
go.opentelemetry.io/collector/exporter/exporterhelper/internal/queuebatch/config.go:57.56,58.44 1 1
go.opentelemetry.io/collector/exporter/exporterhelper/internal/queuebatch/config.go:58.44,60.3 1 0
go.opentelemetry.io/collector/exporter/exporterhelper/internal/queuebatch/config.go:63.2,63.28 1 1
go.opentelemetry.io/collector/exporter/exporterhelper/internal/queuebatch/config.go:63.28,66.3 2 1
go.opentelemetry.io/collector/exporter/exporterhelper/internal/queuebatch/config.go:68.2,68.12 1 1
go.opentelemetry.io/collector/exporter/exporterhelper/internal/queuebatch/config.go:72.37,73.18 1 1
go.opentelemetry.io/collector/exporter/exporterhelper/internal/queuebatch/config.go:73.18,75.3 1 1
go.opentelemetry.io/collector/exporter/exporterhelper/internal/queuebatch/config.go:77.2,77.27 1 1
go.opentelemetry.io/collector/exporter/exporterhelper/internal/queuebatch/config.go:77.27,79.3 1 1
go.opentelemetry.io/collector/exporter/exporterhelper/internal/queuebatch/config.go:81.2,81.24 1 1
go.opentelemetry.io/collector/exporter/exporterhelper/internal/queuebatch/config.go:81.24,83.3 1 1
go.opentelemetry.io/collector/exporter/exporterhelper/internal/queuebatch/config.go:86.2,86.47 1 1
go.opentelemetry.io/collector/exporter/exporterhelper/internal/queuebatch/config.go:86.47,88.3 1 1
go.opentelemetry.io/collector/exporter/exporterhelper/internal/queuebatch/config.go:91.2,91.68 1 1
go.opentelemetry.io/collector/exporter/exporterhelper/internal/queuebatch/config.go:91.68,93.3 1 1
go.opentelemetry.io/collector/exporter/exporterhelper/internal/queuebatch/config.go:95.2,95.22 1 1
go.opentelemetry.io/collector/exporter/exporterhelper/internal/queuebatch/config.go:95.22,97.81 1 1
go.opentelemetry.io/collector/exporter/exporterhelper/internal/queuebatch/config.go:97.81,99.4 1 1
go.opentelemetry.io/collector/exporter/exporterhelper/internal/queuebatch/config.go:102.3,102.40 1 1
go.opentelemetry.io/collector/exporter/exporterhelper/internal/queuebatch/config.go:102.40,104.4 1 1
go.opentelemetry.io/collector/exporter/exporterhelper/internal/queuebatch/config.go:107.2,107.12 1 1
go.opentelemetry.io/collector/exporter/exporterhelper/internal/queuebatch/config.go:122.42,123.16 1 1
go.opentelemetry.io/collector/exporter/exporterhelper/internal/queuebatch/config.go:123.16,125.3 1 0
go.opentelemetry.io/collector/exporter/exporterhelper/internal/queuebatch/config.go:127.2,127.27 1 1
go.opentelemetry.io/collector/exporter/exporterhelper/internal/queuebatch/config.go:127.27,129.3 1 1
go.opentelemetry.io/collector/exporter/exporterhelper/internal/queuebatch/config.go:131.2,131.21 1 1
go.opentelemetry.io/collector/exporter/exporterhelper/internal/queuebatch/config.go:131.21,133.3 1 1
go.opentelemetry.io/collector/exporter/exporterhelper/internal/queuebatch/config.go:135.2,135.21 1 1
go.opentelemetry.io/collector/exporter/exporterhelper/internal/queuebatch/config.go:135.21,137.3 1 1
go.opentelemetry.io/collector/exporter/exporterhelper/internal/queuebatch/config.go:139.2,139.50 1 1
go.opentelemetry.io/collector/exporter/exporterhelper/internal/queuebatch/config.go:139.50,141.3 1 1
go.opentelemetry.io/collector/exporter/exporterhelper/internal/queuebatch/config.go:143.2,143.12 1 1
go.opentelemetry.io/collector/exporter/exporterhelper/internal/queuebatch/disabled_batcher.go:21.78,23.2 1 1
go.opentelemetry.io/collector/exporter/exporterhelper/internal/queuebatch/disabled_batcher.go:25.75,27.2 1 1
go.opentelemetry.io/collector/exporter/exporterhelper/internal/queuebatch/memory_queue.go:16.18,20.3 1 1
go.opentelemetry.io/collector/exporter/exporterhelper/internal/queuebatch/memory_queue.go:54.73,65.2 4 1
go.opentelemetry.io/collector/exporter/exporterhelper/internal/queuebatch/memory_queue.go:69.66,72.17 2 1
go.opentelemetry.io/collector/exporter/exporterhelper/internal/queuebatch/memory_queue.go:72.17,74.3 1 1
go.opentelemetry.io/collector/exporter/exporterhelper/internal/queuebatch/memory_queue.go:76.2,76.17 1 1
go.opentelemetry.io/collector/exporter/exporterhelper/internal/queuebatch/memory_queue.go:76.17,78.3 1 1
go.opentelemetry.io/collector/exporter/exporterhelper/internal/queuebatch/memory_queue.go:81.2,81.21 1 1
go.opentelemetry.io/collector/exporter/exporterhelper/internal/queuebatch/memory_queue.go:81.21,83.3 1 1
go.opentelemetry.io/collector/exporter/exporterhelper/internal/queuebatch/memory_queue.go:85.2,86.16 2 1
go.opentelemetry.io/collector/exporter/exporterhelper/internal/queuebatch/memory_queue.go:86.16,88.3 1 1
go.opentelemetry.io/collector/exporter/exporterhelper/internal/queuebatch/memory_queue.go:90.2,90.22 1 1
go.opentelemetry.io/collector/exporter/exporterhelper/internal/queuebatch/memory_queue.go:90.22,94.10 1 1
go.opentelemetry.io/collector/exporter/exporterhelper/internal/queuebatch/memory_queue.go:95.29,97.18 2 1
go.opentelemetry.io/collector/exporter/exporterhelper/internal/queuebatch/memory_queue.go:98.21,99.20 1 1
go.opentelemetry.io/collector/exporter/exporterhelper/internal/queuebatch/memory_queue.go:102.2,102.12 1 1
go.opentelemetry.io/collector/exporter/exporterhelper/internal/queuebatch/memory_queue.go:105.95,109.30 3 1
go.opentelemetry.io/collector/exporter/exporterhelper/internal/queuebatch/memory_queue.go:109.30,110.26 1 1
go.opentelemetry.io/collector/exporter/exporterhelper/internal/queuebatch/memory_queue.go:110.26,112.4 1 1
go.opentelemetry.io/collector/exporter/exporterhelper/internal/queuebatch/memory_queue.go:114.3,114.51 1 1
go.opentelemetry.io/collector/exporter/exporterhelper/internal/queuebatch/memory_queue.go:114.51,116.4 1 1
go.opentelemetry.io/collector/exporter/exporterhelper/internal/queuebatch/memory_queue.go:119.2,123.23 4 1
go.opentelemetry.io/collector/exporter/exporterhelper/internal/queuebatch/memory_queue.go:123.23,127.3 1 1
go.opentelemetry.io/collector/exporter/exporterhelper/internal/queuebatch/memory_queue.go:129.2,132.18 3 1
go.opentelemetry.io/collector/exporter/exporterhelper/internal/queuebatch/memory_queue.go:138.82,142.6 3 1
go.opentelemetry.io/collector/exporter/exporterhelper/internal/queuebatch/memory_queue.go:142.6,143.29 1 1
go.opentelemetry.io/collector/exporter/exporterhelper/internal/queuebatch/memory_queue.go:143.29,146.4 2 1
go.opentelemetry.io/collector/exporter/exporterhelper/internal/queuebatch/memory_queue.go:148.3,148.17 1 1
go.opentelemetry.io/collector/exporter/exporterhelper/internal/queuebatch/memory_queue.go:148.17,151.4 2 1
go.opentelemetry.io/collector/exporter/exporterhelper/internal/queuebatch/memory_queue.go:155.3,155.28 1 1
go.opentelemetry.io/collector/exporter/exporterhelper/internal/queuebatch/memory_queue.go:159.63,164.22 5 1
go.opentelemetry.io/collector/exporter/exporterhelper/internal/queuebatch/memory_queue.go:164.22,168.3 2 1
go.opentelemetry.io/collector/exporter/exporterhelper/internal/queuebatch/memory_queue.go:169.2,169.26 1 1
go.opentelemetry.io/collector/exporter/exporterhelper/internal/queuebatch/memory_queue.go:173.59,179.2 5 1
go.opentelemetry.io/collector/exporter/exporterhelper/internal/queuebatch/memory_queue.go:181.40,185.2 3 1
go.opentelemetry.io/collector/exporter/exporterhelper/internal/queuebatch/memory_queue.go:187.44,189.2 1 1
go.opentelemetry.io/collector/exporter/exporterhelper/internal/queuebatch/memory_queue.go:203.71,206.19 2 1
go.opentelemetry.io/collector/exporter/exporterhelper/internal/queuebatch/memory_queue.go:206.19,210.3 3 1
go.opentelemetry.io/collector/exporter/exporterhelper/internal/queuebatch/memory_queue.go:211.2,212.12 2 1
go.opentelemetry.io/collector/exporter/exporterhelper/internal/queuebatch/memory_queue.go:215.45,217.2 1 1
go.opentelemetry.io/collector/exporter/exporterhelper/internal/queuebatch/memory_queue.go:219.59,223.19 3 1
go.opentelemetry.io/collector/exporter/exporterhelper/internal/queuebatch/memory_queue.go:223.19,225.3 1 1
go.opentelemetry.io/collector/exporter/exporterhelper/internal/queuebatch/memory_queue.go:226.2,227.30 2 1
go.opentelemetry.io/collector/exporter/exporterhelper/internal/queuebatch/memory_queue.go:238.94,241.2 2 1
go.opentelemetry.io/collector/exporter/exporterhelper/internal/queuebatch/memory_queue.go:243.43,245.2 1 1
go.opentelemetry.io/collector/exporter/exporterhelper/internal/queuebatch/multi_batcher.go:40.93,42.26 2 1
go.opentelemetry.io/collector/exporter/exporterhelper/internal/queuebatch/multi_batcher.go:42.26,44.40 2 1
go.opentelemetry.io/collector/exporter/exporterhelper/internal/queuebatch/multi_batcher.go:44.40,46.4 1 1
go.opentelemetry.io/collector/exporter/exporterhelper/internal/queuebatch/multi_batcher.go:49.2,59.29 2 1
go.opentelemetry.io/collector/exporter/exporterhelper/internal/queuebatch/multi_batcher.go:59.29,61.3 1 1
go.opentelemetry.io/collector/exporter/exporterhelper/internal/queuebatch/multi_batcher.go:62.2,62.11 1 1
go.opentelemetry.io/collector/exporter/exporterhelper/internal/queuebatch/multi_batcher.go:65.90,66.27 1 1
go.opentelemetry.io/collector/exporter/exporterhelper/internal/queuebatch/multi_batcher.go:66.27,68.3 1 1
go.opentelemetry.io/collector/exporter/exporterhelper/internal/queuebatch/multi_batcher.go:70.2,73.11 3 1
go.opentelemetry.io/collector/exporter/exporterhelper/internal/queuebatch/multi_batcher.go:73.11,75.3 1 1
go.opentelemetry.io/collector/exporter/exporterhelper/internal/queuebatch/multi_batcher.go:76.2,80.12 4 1
go.opentelemetry.io/collector/exporter/exporterhelper/internal/queuebatch/multi_batcher.go:80.12,82.3 1 0
go.opentelemetry.io/collector/exporter/exporterhelper/internal/queuebatch/multi_batcher.go:83.2,83.26 1 1
go.opentelemetry.io/collector/exporter/exporterhelper/internal/queuebatch/multi_batcher.go:86.79,87.27 1 1
go.opentelemetry.io/collector/exporter/exporterhelper/internal/queuebatch/multi_batcher.go:87.27,89.3 1 1
go.opentelemetry.io/collector/exporter/exporterhelper/internal/queuebatch/multi_batcher.go:90.2,90.12 1 1
go.opentelemetry.io/collector/exporter/exporterhelper/internal/queuebatch/multi_batcher.go:93.86,96.2 2 1
go.opentelemetry.io/collector/exporter/exporterhelper/internal/queuebatch/multi_batcher.go:98.61,99.27 1 1
go.opentelemetry.io/collector/exporter/exporterhelper/internal/queuebatch/multi_batcher.go:99.27,102.3 2 1
go.opentelemetry.io/collector/exporter/exporterhelper/internal/queuebatch/multi_batcher.go:104.2,105.46 2 1
go.opentelemetry.io/collector/exporter/exporterhelper/internal/queuebatch/multi_batcher.go:105.46,107.13 2 1
go.opentelemetry.io/collector/exporter/exporterhelper/internal/queuebatch/multi_batcher.go:107.13,110.4 2 1
go.opentelemetry.io/collector/exporter/exporterhelper/internal/queuebatch/multi_batcher.go:111.3,111.14 1 1
go.opentelemetry.io/collector/exporter/exporterhelper/internal/queuebatch/multi_batcher.go:113.2,114.12 2 1
go.opentelemetry.io/collector/exporter/exporterhelper/internal/queuebatch/obs_queue.go:35.91,37.16 2 1
go.opentelemetry.io/collector/exporter/exporterhelper/internal/queuebatch/obs_queue.go:37.16,39.3 1 0
go.opentelemetry.io/collector/exporter/exporterhelper/internal/queuebatch/obs_queue.go:41.2,43.99 3 1
go.opentelemetry.io/collector/exporter/exporterhelper/internal/queuebatch/obs_queue.go:43.99,46.3 2 1
go.opentelemetry.io/collector/exporter/exporterhelper/internal/queuebatch/obs_queue.go:47.2,47.16 1 1
go.opentelemetry.io/collector/exporter/exporterhelper/internal/queuebatch/obs_queue.go:47.16,49.3 1 0
go.opentelemetry.io/collector/exporter/exporterhelper/internal/queuebatch/obs_queue.go:51.2,51.103 1 1
go.opentelemetry.io/collector/exporter/exporterhelper/internal/queuebatch/obs_queue.go:51.103,54.3 2 1
go.opentelemetry.io/collector/exporter/exporterhelper/internal/queuebatch/obs_queue.go:55.2,55.16 1 1
go.opentelemetry.io/collector/exporter/exporterhelper/internal/queuebatch/obs_queue.go:55.16,57.3 1 0
go.opentelemetry.io/collector/exporter/exporterhelper/internal/queuebatch/obs_queue.go:59.2,68.20 3 1
go.opentelemetry.io/collector/exporter/exporterhelper/internal/queuebatch/obs_queue.go:69.29,70.55 1 1
go.opentelemetry.io/collector/exporter/exporterhelper/internal/queuebatch/obs_queue.go:71.30,72.62 1 1
go.opentelemetry.io/collector/exporter/exporterhelper/internal/queuebatch/obs_queue.go:73.27,74.60 1 1
go.opentelemetry.io/collector/exporter/exporterhelper/internal/queuebatch/obs_queue.go:77.2,77.16 1 1
go.opentelemetry.io/collector/exporter/exporterhelper/internal/queuebatch/obs_queue.go:80.60,83.2 2 1
go.opentelemetry.io/collector/exporter/exporterhelper/internal/queuebatch/obs_queue.go:85.64,95.47 5 1
go.opentelemetry.io/collector/exporter/exporterhelper/internal/queuebatch/obs_queue.go:95.47,97.3 1 1
go.opentelemetry.io/collector/exporter/exporterhelper/internal/queuebatch/obs_queue.go:98.2,98.12 1 1
go.opentelemetry.io/collector/exporter/exporterhelper/internal/queuebatch/partitioner.go:19.64,21.2 1 1
go.opentelemetry.io/collector/exporter/exporterhelper/internal/queuebatch/partitioner.go:29.32,33.2 1 1
go.opentelemetry.io/collector/exporter/exporterhelper/internal/queuebatch/persistent_queue.go:48.18,50.3 1 1
go.opentelemetry.io/collector/exporter/exporterhelper/internal/queuebatch/persistent_queue.go:105.81,115.2 5 1
go.opentelemetry.io/collector/exporter/exporterhelper/internal/queuebatch/persistent_queue.go:118.85,120.16 2 1
go.opentelemetry.io/collector/exporter/exporterhelper/internal/queuebatch/persistent_queue.go:120.16,122.3 1 1
go.opentelemetry.io/collector/exporter/exporterhelper/internal/queuebatch/persistent_queue.go:123.2,124.12 2 1
go.opentelemetry.io/collector/exporter/exporterhelper/internal/queuebatch/persistent_queue.go:127.44,131.2 3 1
go.opentelemetry.io/collector/exporter/exporterhelper/internal/queuebatch/persistent_queue.go:133.48,135.2 1 0
go.opentelemetry.io/collector/exporter/exporterhelper/internal/queuebatch/persistent_queue.go:137.86,144.2 4 1
go.opentelemetry.io/collector/exporter/exporterhelper/internal/queuebatch/persistent_queue.go:146.84,151.16 4 1
go.opentelemetry.io/collector/exporter/exporterhelper/internal/queuebatch/persistent_queue.go:151.16,153.3 1 1
go.opentelemetry.io/collector/exporter/exporterhelper/internal/queuebatch/persistent_queue.go:155.2,155.16 1 1
go.opentelemetry.io/collector/exporter/exporterhelper/internal/queuebatch/persistent_queue.go:155.16,157.3 1 1
go.opentelemetry.io/collector/exporter/exporterhelper/internal/queuebatch/persistent_queue.go:159.2,159.16 1 1
go.opentelemetry.io/collector/exporter/exporterhelper/internal/queuebatch/persistent_queue.go:159.16,160.37 1 1
go.opentelemetry.io/collector/exporter/exporterhelper/internal/queuebatch/persistent_queue.go:160.37,162.4 1 1
go.opentelemetry.io/collector/exporter/exporterhelper/internal/queuebatch/persistent_queue.go:162.9,164.4 1 1
go.opentelemetry.io/collector/exporter/exporterhelper/internal/queuebatch/persistent_queue.go:165.3,166.29 2 1
go.opentelemetry.io/collector/exporter/exporterhelper/internal/queuebatch/persistent_queue.go:169.2,172.41 2 1
go.opentelemetry.io/collector/exporter/exporterhelper/internal/queuebatch/persistent_queue.go:172.41,173.80 1 1
go.opentelemetry.io/collector/exporter/exporterhelper/internal/queuebatch/persistent_queue.go:173.80,175.4 1 1
go.opentelemetry.io/collector/exporter/exporterhelper/internal/queuebatch/persistent_queue.go:178.2,178.42 1 1
go.opentelemetry.io/collector/exporter/exporterhelper/internal/queuebatch/persistent_queue.go:182.96,184.16 2 1
go.opentelemetry.io/collector/exporter/exporterhelper/internal/queuebatch/persistent_queue.go:184.16,185.37 1 0
go.opentelemetry.io/collector/exporter/exporterhelper/internal/queuebatch/persistent_queue.go:185.37,189.4 1 0
go.opentelemetry.io/collector/exporter/exporterhelper/internal/queuebatch/persistent_queue.go:189.9,192.4 1 0
go.opentelemetry.io/collector/exporter/exporterhelper/internal/queuebatch/persistent_queue.go:193.3,193.16 1 0
go.opentelemetry.io/collector/exporter/exporterhelper/internal/queuebatch/persistent_queue.go:195.2,195.30 1 1
go.opentelemetry.io/collector/exporter/exporterhelper/internal/queuebatch/persistent_queue.go:198.67,200.22 1 1
go.opentelemetry.io/collector/exporter/exporterhelper/internal/queuebatch/persistent_queue.go:200.22,202.3 1 1
go.opentelemetry.io/collector/exporter/exporterhelper/internal/queuebatch/persistent_queue.go:204.2,210.52 6 1
go.opentelemetry.io/collector/exporter/exporterhelper/internal/queuebatch/persistent_queue.go:215.74,218.23 1 1
go.opentelemetry.io/collector/exporter/exporterhelper/internal/queuebatch/persistent_queue.go:218.23,220.3 1 1
go.opentelemetry.io/collector/exporter/exporterhelper/internal/queuebatch/persistent_queue.go:223.2,223.90 1 1
go.opentelemetry.io/collector/exporter/exporterhelper/internal/queuebatch/persistent_queue.go:228.70,230.23 2 1
go.opentelemetry.io/collector/exporter/exporterhelper/internal/queuebatch/persistent_queue.go:230.23,232.3 1 1
go.opentelemetry.io/collector/exporter/exporterhelper/internal/queuebatch/persistent_queue.go:233.2,233.12 1 1
go.opentelemetry.io/collector/exporter/exporterhelper/internal/queuebatch/persistent_queue.go:239.71,243.2 3 1
go.opentelemetry.io/collector/exporter/exporterhelper/internal/queuebatch/persistent_queue.go:246.77,248.54 2 1
go.opentelemetry.io/collector/exporter/exporterhelper/internal/queuebatch/persistent_queue.go:248.54,249.30 1 1
go.opentelemetry.io/collector/exporter/exporterhelper/internal/queuebatch/persistent_queue.go:249.30,251.4 1 1
go.opentelemetry.io/collector/exporter/exporterhelper/internal/queuebatch/persistent_queue.go:252.3,252.51 1 1
go.opentelemetry.io/collector/exporter/exporterhelper/internal/queuebatch/persistent_queue.go:252.51,254.4 1 0
go.opentelemetry.io/collector/exporter/exporterhelper/internal/queuebatch/persistent_queue.go:257.2,258.16 2 1
go.opentelemetry.io/collector/exporter/exporterhelper/internal/queuebatch/persistent_queue.go:258.16,260.3 1 0
go.opentelemetry.io/collector/exporter/exporterhelper/internal/queuebatch/persistent_queue.go:263.2,267.52 2 1
go.opentelemetry.io/collector/exporter/exporterhelper/internal/queuebatch/persistent_queue.go:267.52,269.3 1 1
go.opentelemetry.io/collector/exporter/exporterhelper/internal/queuebatch/persistent_queue.go:271.2,277.40 4 1
go.opentelemetry.io/collector/exporter/exporterhelper/internal/queuebatch/persistent_queue.go:277.40,278.49 1 1
go.opentelemetry.io/collector/exporter/exporterhelper/internal/queuebatch/persistent_queue.go:278.49,280.4 1 0
go.opentelemetry.io/collector/exporter/exporterhelper/internal/queuebatch/persistent_queue.go:283.2,283.12 1 1
go.opentelemetry.io/collector/exporter/exporterhelper/internal/queuebatch/persistent_queue.go:286.90,290.6 3 1
go.opentelemetry.io/collector/exporter/exporterhelper/internal/queuebatch/persistent_queue.go:290.6,291.17 1 1
go.opentelemetry.io/collector/exporter/exporterhelper/internal/queuebatch/persistent_queue.go:291.17,294.4 2 1
go.opentelemetry.io/collector/exporter/exporterhelper/internal/queuebatch/persistent_queue.go:297.3,297.55 1 1
go.opentelemetry.io/collector/exporter/exporterhelper/internal/queuebatch/persistent_queue.go:297.55,300.55 2 1
go.opentelemetry.io/collector/exporter/exporterhelper/internal/queuebatch/persistent_queue.go:300.55,303.5 2 1
go.opentelemetry.io/collector/exporter/exporterhelper/internal/queuebatch/persistent_queue.go:304.4,304.16 1 1
go.opentelemetry.io/collector/exporter/exporterhelper/internal/queuebatch/persistent_queue.go:304.16,308.5 3 1
go.opentelemetry.io/collector/exporter/exporterhelper/internal/queuebatch/persistent_queue.go:313.3,313.28 1 1
go.opentelemetry.io/collector/exporter/exporterhelper/internal/queuebatch/persistent_queue.go:320.82,332.16 7 1
go.opentelemetry.io/collector/exporter/exporterhelper/internal/queuebatch/persistent_queue.go:332.16,334.3 1 1
go.opentelemetry.io/collector/exporter/exporterhelper/internal/queuebatch/persistent_queue.go:336.2,336.16 1 1
go.opentelemetry.io/collector/exporter/exporterhelper/internal/queuebatch/persistent_queue.go:336.16,339.61 2 1
go.opentelemetry.io/collector/exporter/exporterhelper/internal/queuebatch/persistent_queue.go:339.61,341.4 1 0
go.opentelemetry.io/collector/exporter/exporterhelper/internal/queuebatch/persistent_queue.go:343.3,343.27 1 1
go.opentelemetry.io/collector/exporter/exporterhelper/internal/queuebatch/persistent_queue.go:348.2,350.29 2 1
go.opentelemetry.io/collector/exporter/exporterhelper/internal/queuebatch/persistent_queue.go:354.84,358.15 2 1
go.opentelemetry.io/collector/exporter/exporterhelper/internal/queuebatch/persistent_queue.go:358.15,359.62 1 1
go.opentelemetry.io/collector/exporter/exporterhelper/internal/queuebatch/persistent_queue.go:359.62,361.4 1 0
go.opentelemetry.io/collector/exporter/exporterhelper/internal/queuebatch/persistent_queue.go:362.3,362.17 1 1
go.opentelemetry.io/collector/exporter/exporterhelper/internal/queuebatch/persistent_queue.go:365.2,369.31 2 1
go.opentelemetry.io/collector/exporter/exporterhelper/internal/queuebatch/persistent_queue.go:369.31,371.3 1 1
go.opentelemetry.io/collector/exporter/exporterhelper/internal/queuebatch/persistent_queue.go:372.2,374.38 2 1
go.opentelemetry.io/collector/exporter/exporterhelper/internal/queuebatch/persistent_queue.go:374.38,378.3 1 1
go.opentelemetry.io/collector/exporter/exporterhelper/internal/queuebatch/persistent_queue.go:380.2,380.78 1 1
go.opentelemetry.io/collector/exporter/exporterhelper/internal/queuebatch/persistent_queue.go:380.78,382.3 1 0
go.opentelemetry.io/collector/exporter/exporterhelper/internal/queuebatch/persistent_queue.go:386.2,386.39 1 1
go.opentelemetry.io/collector/exporter/exporterhelper/internal/queuebatch/persistent_queue.go:386.39,387.70 1 1
go.opentelemetry.io/collector/exporter/exporterhelper/internal/queuebatch/persistent_queue.go:387.70,389.4 1 0
go.opentelemetry.io/collector/exporter/exporterhelper/internal/queuebatch/persistent_queue.go:395.88,402.16 6 1
go.opentelemetry.io/collector/exporter/exporterhelper/internal/queuebatch/persistent_queue.go:402.16,404.3 1 1
go.opentelemetry.io/collector/exporter/exporterhelper/internal/queuebatch/persistent_queue.go:405.2,405.16 1 1
go.opentelemetry.io/collector/exporter/exporterhelper/internal/queuebatch/persistent_queue.go:405.16,408.3 2 1
go.opentelemetry.io/collector/exporter/exporterhelper/internal/queuebatch/persistent_queue.go:410.2,410.31 1 1
go.opentelemetry.io/collector/exporter/exporterhelper/internal/queuebatch/persistent_queue.go:410.31,413.3 2 1
go.opentelemetry.io/collector/exporter/exporterhelper/internal/queuebatch/persistent_queue.go:415.2,419.37 4 1
go.opentelemetry.io/collector/exporter/exporterhelper/internal/queuebatch/persistent_queue.go:419.37,423.3 3 1
go.opentelemetry.io/collector/exporter/exporterhelper/internal/queuebatch/persistent_queue.go:424.2,427.23 3 1
go.opentelemetry.io/collector/exporter/exporterhelper/internal/queuebatch/persistent_queue.go:427.23,429.3 1 0
go.opentelemetry.io/collector/exporter/exporterhelper/internal/queuebatch/persistent_queue.go:431.2,431.24 1 1
go.opentelemetry.io/collector/exporter/exporterhelper/internal/queuebatch/persistent_queue.go:431.24,434.3 2 0
go.opentelemetry.io/collector/exporter/exporterhelper/internal/queuebatch/persistent_queue.go:436.2,437.35 2 1
go.opentelemetry.io/collector/exporter/exporterhelper/internal/queuebatch/persistent_queue.go:437.35,438.22 1 1
go.opentelemetry.io/collector/exporter/exporterhelper/internal/queuebatch/persistent_queue.go:438.22,440.12 2 0
go.opentelemetry.io/collector/exporter/exporterhelper/internal/queuebatch/persistent_queue.go:442.3,444.17 2 1
go.opentelemetry.io/collector/exporter/exporterhelper/internal/queuebatch/persistent_queue.go:444.17,446.12 2 1
go.opentelemetry.io/collector/exporter/exporterhelper/internal/queuebatch/persistent_queue.go:448.3,448.38 1 1
go.opentelemetry.io/collector/exporter/exporterhelper/internal/queuebatch/persistent_queue.go:448.38,450.4 1 0
go.opentelemetry.io/collector/exporter/exporterhelper/internal/queuebatch/persistent_queue.go:453.2,453.18 1 1
go.opentelemetry.io/collector/exporter/exporterhelper/internal/queuebatch/persistent_queue.go:453.18,456.3 1 0
go.opentelemetry.io/collector/exporter/exporterhelper/internal/queuebatch/persistent_queue.go:456.8,459.3 1 1
go.opentelemetry.io/collector/exporter/exporterhelper/internal/queuebatch/persistent_queue.go:463.94,465.30 2 1
go.opentelemetry.io/collector/exporter/exporterhelper/internal/queuebatch/persistent_queue.go:465.30,466.55 1 1
go.opentelemetry.io/collector/exporter/exporterhelper/internal/queuebatch/persistent_queue.go:466.55,469.9 3 1
go.opentelemetry.io/collector/exporter/exporterhelper/internal/queuebatch/persistent_queue.go:473.2,475.62 3 1
go.opentelemetry.io/collector/exporter/exporterhelper/internal/queuebatch/persistent_queue.go:475.62,479.3 1 1
go.opentelemetry.io/collector/exporter/exporterhelper/internal/queuebatch/persistent_queue.go:479.8,482.3 1 1
go.opentelemetry.io/collector/exporter/exporterhelper/internal/queuebatch/persistent_queue.go:484.2,484.55 1 1
go.opentelemetry.io/collector/exporter/exporterhelper/internal/queuebatch/persistent_queue.go:484.55,487.3 1 1
go.opentelemetry.io/collector/exporter/exporterhelper/internal/queuebatch/persistent_queue.go:489.2,489.52 1 1
go.opentelemetry.io/collector/exporter/exporterhelper/internal/queuebatch/persistent_queue.go:489.52,493.3 1 1
go.opentelemetry.io/collector/exporter/exporterhelper/internal/queuebatch/persistent_queue.go:495.2,495.12 1 1
go.opentelemetry.io/collector/exporter/exporterhelper/internal/queuebatch/persistent_queue.go:498.158,500.12 2 1
go.opentelemetry.io/collector/exporter/exporterhelper/internal/queuebatch/persistent_queue.go:500.12,502.3 1 1
go.opentelemetry.io/collector/exporter/exporterhelper/internal/queuebatch/persistent_queue.go:504.2,505.9 2 1
go.opentelemetry.io/collector/exporter/exporterhelper/internal/queuebatch/persistent_queue.go:505.9,507.3 1 1
go.opentelemetry.io/collector/exporter/exporterhelper/internal/queuebatch/persistent_queue.go:509.2,509.84 1 1
go.opentelemetry.io/collector/exporter/exporterhelper/internal/queuebatch/persistent_queue.go:512.38,514.2 1 1
go.opentelemetry.io/collector/exporter/exporterhelper/internal/queuebatch/persistent_queue.go:516.44,518.2 1 1
go.opentelemetry.io/collector/exporter/exporterhelper/internal/queuebatch/persistent_queue.go:520.51,521.16 1 1
go.opentelemetry.io/collector/exporter/exporterhelper/internal/queuebatch/persistent_queue.go:521.16,523.3 1 1
go.opentelemetry.io/collector/exporter/exporterhelper/internal/queuebatch/persistent_queue.go:525.2,525.18 1 1
go.opentelemetry.io/collector/exporter/exporterhelper/internal/queuebatch/persistent_queue.go:525.18,527.3 1 1
go.opentelemetry.io/collector/exporter/exporterhelper/internal/queuebatch/persistent_queue.go:528.2,528.45 1 1
go.opentelemetry.io/collector/exporter/exporterhelper/internal/queuebatch/persistent_queue.go:531.49,536.27 4 1
go.opentelemetry.io/collector/exporter/exporterhelper/internal/queuebatch/persistent_queue.go:536.27,538.3 1 1
go.opentelemetry.io/collector/exporter/exporterhelper/internal/queuebatch/persistent_queue.go:539.2,539.12 1 1
go.opentelemetry.io/collector/exporter/exporterhelper/internal/queuebatch/persistent_queue.go:542.58,543.19 1 1
go.opentelemetry.io/collector/exporter/exporterhelper/internal/queuebatch/persistent_queue.go:543.19,545.3 1 1
go.opentelemetry.io/collector/exporter/exporterhelper/internal/queuebatch/persistent_queue.go:548.2,548.18 1 1
go.opentelemetry.io/collector/exporter/exporterhelper/internal/queuebatch/persistent_queue.go:548.18,550.3 1 1
go.opentelemetry.io/collector/exporter/exporterhelper/internal/queuebatch/persistent_queue.go:551.2,552.15 2 1
go.opentelemetry.io/collector/exporter/exporterhelper/internal/queuebatch/persistent_queue.go:552.15,554.3 1 1
go.opentelemetry.io/collector/exporter/exporterhelper/internal/queuebatch/persistent_queue.go:556.2,558.23 2 1
go.opentelemetry.io/collector/exporter/exporterhelper/internal/queuebatch/persistent_queue.go:558.23,560.3 1 0
go.opentelemetry.io/collector/exporter/exporterhelper/internal/queuebatch/persistent_queue.go:562.2,563.28 2 1
go.opentelemetry.io/collector/exporter/exporterhelper/internal/queuebatch/persistent_queue.go:563.28,566.3 2 1
go.opentelemetry.io/collector/exporter/exporterhelper/internal/queuebatch/persistent_queue.go:567.2,567.17 1 1
go.opentelemetry.io/collector/exporter/exporterhelper/internal/queuebatch/persistent_queue.go:578.103,582.2 3 1
go.opentelemetry.io/collector/exporter/exporterhelper/internal/queuebatch/persistent_queue.go:584.40,586.2 1 1
go.opentelemetry.io/collector/exporter/exporterhelper/internal/queuebatch/queue_batch.go:38.24,40.2 1 1
go.opentelemetry.io/collector/exporter/exporterhelper/internal/queuebatch/queue_batch.go:46.24,50.2 2 1
go.opentelemetry.io/collector/exporter/exporterhelper/internal/queuebatch/queue_batch.go:57.24,58.21 1 1
go.opentelemetry.io/collector/exporter/exporterhelper/internal/queuebatch/queue_batch.go:58.21,60.3 1 0
go.opentelemetry.io/collector/exporter/exporterhelper/internal/queuebatch/queue_batch.go:62.2,63.9 2 1
go.opentelemetry.io/collector/exporter/exporterhelper/internal/queuebatch/queue_batch.go:63.9,65.3 1 0
go.opentelemetry.io/collector/exporter/exporterhelper/internal/queuebatch/queue_batch.go:67.2,68.22 2 1
go.opentelemetry.io/collector/exporter/exporterhelper/internal/queuebatch/queue_batch.go:68.22,69.17 1 1
go.opentelemetry.io/collector/exporter/exporterhelper/internal/queuebatch/queue_batch.go:69.17,79.4 1 1
go.opentelemetry.io/collector/exporter/exporterhelper/internal/queuebatch/queue_batch.go:79.9,88.4 1 1
go.opentelemetry.io/collector/exporter/exporterhelper/internal/queuebatch/queue_batch.go:91.3,91.23 1 1
go.opentelemetry.io/collector/exporter/exporterhelper/internal/queuebatch/queue_batch.go:92.8,94.3 1 1
go.opentelemetry.io/collector/exporter/exporterhelper/internal/queuebatch/queue_batch.go:96.2,98.26 2 1
go.opentelemetry.io/collector/exporter/exporterhelper/internal/queuebatch/queue_batch.go:98.26,105.3 1 1
go.opentelemetry.io/collector/exporter/exporterhelper/internal/queuebatch/queue_batch.go:105.8,117.3 1 1
go.opentelemetry.io/collector/exporter/exporterhelper/internal/queuebatch/queue_batch.go:119.2,120.16 2 1
go.opentelemetry.io/collector/exporter/exporterhelper/internal/queuebatch/queue_batch.go:120.16,122.3 1 0
go.opentelemetry.io/collector/exporter/exporterhelper/internal/queuebatch/queue_batch.go:124.2,124.48 1 1
go.opentelemetry.io/collector/exporter/exporterhelper/internal/queuebatch/queue_batch.go:128.77,129.52 1 1
go.opentelemetry.io/collector/exporter/exporterhelper/internal/queuebatch/queue_batch.go:129.52,131.3 1 0
go.opentelemetry.io/collector/exporter/exporterhelper/internal/queuebatch/queue_batch.go:132.2,132.50 1 1
go.opentelemetry.io/collector/exporter/exporterhelper/internal/queuebatch/queue_batch.go:132.50,134.3 1 1
go.opentelemetry.io/collector/exporter/exporterhelper/internal/queuebatch/queue_batch.go:135.2,135.12 1 1
go.opentelemetry.io/collector/exporter/exporterhelper/internal/queuebatch/queue_batch.go:139.59,143.2 1 1
go.opentelemetry.io/collector/exporter/exporterhelper/internal/queuebatch/queue_batch.go:146.76,148.2 1 1
go.opentelemetry.io/collector/exporter/exporterhelper/internal/queuebatch/shard_batcher.go:42.198,52.2 1 1
go.opentelemetry.io/collector/exporter/exporterhelper/internal/queuebatch/shard_batcher.go:54.38,55.29 1 1
go.opentelemetry.io/collector/exporter/exporterhelper/internal/queuebatch/shard_batcher.go:55.29,57.3 1 1
go.opentelemetry.io/collector/exporter/exporterhelper/internal/queuebatch/shard_batcher.go:60.86,63.28 2 1
go.opentelemetry.io/collector/exporter/exporterhelper/internal/queuebatch/shard_batcher.go:63.28,65.27 2 1
go.opentelemetry.io/collector/exporter/exporterhelper/internal/queuebatch/shard_batcher.go:65.27,67.53 2 1
go.opentelemetry.io/collector/exporter/exporterhelper/internal/queuebatch/shard_batcher.go:67.53,71.5 3 1
go.opentelemetry.io/collector/exporter/exporterhelper/internal/queuebatch/shard_batcher.go:72.4,79.10 4 1
go.opentelemetry.io/collector/exporter/exporterhelper/internal/queuebatch/shard_batcher.go:82.3,82.24 1 1
go.opentelemetry.io/collector/exporter/exporterhelper/internal/queuebatch/shard_batcher.go:82.24,86.4 3 0
go.opentelemetry.io/collector/exporter/exporterhelper/internal/queuebatch/shard_batcher.go:89.3,89.23 1 1
go.opentelemetry.io/collector/exporter/exporterhelper/internal/queuebatch/shard_batcher.go:89.23,91.4 1 1
go.opentelemetry.io/collector/exporter/exporterhelper/internal/queuebatch/shard_batcher.go:95.3,96.48 2 1
go.opentelemetry.io/collector/exporter/exporterhelper/internal/queuebatch/shard_batcher.go:96.48,105.4 3 1
go.opentelemetry.io/collector/exporter/exporterhelper/internal/queuebatch/shard_batcher.go:107.3,108.37 2 1
go.opentelemetry.io/collector/exporter/exporterhelper/internal/queuebatch/shard_batcher.go:108.37,110.4 1 1
go.opentelemetry.io/collector/exporter/exporterhelper/internal/queuebatch/shard_batcher.go:112.3,112.9 1 1
go.opentelemetry.io/collector/exporter/exporterhelper/internal/queuebatch/shard_batcher.go:115.2,117.26 2 1
go.opentelemetry.io/collector/exporter/exporterhelper/internal/queuebatch/shard_batcher.go:117.26,119.52 2 1
go.opentelemetry.io/collector/exporter/exporterhelper/internal/queuebatch/shard_batcher.go:119.52,123.4 3 1
go.opentelemetry.io/collector/exporter/exporterhelper/internal/queuebatch/shard_batcher.go:124.3,131.9 4 1
go.opentelemetry.io/collector/exporter/exporterhelper/internal/queuebatch/shard_batcher.go:134.2,134.23 1 1
go.opentelemetry.io/collector/exporter/exporterhelper/internal/queuebatch/shard_batcher.go:134.23,138.3 3 0
go.opentelemetry.io/collector/exporter/exporterhelper/internal/queuebatch/shard_batcher.go:141.2,141.22 1 1
go.opentelemetry.io/collector/exporter/exporterhelper/internal/queuebatch/shard_batcher.go:141.22,143.3 1 1
go.opentelemetry.io/collector/exporter/exporterhelper/internal/queuebatch/shard_batcher.go:151.2,159.80 5 1
go.opentelemetry.io/collector/exporter/exporterhelper/internal/queuebatch/shard_batcher.go:159.80,162.3 2 1
go.opentelemetry.io/collector/exporter/exporterhelper/internal/queuebatch/shard_batcher.go:164.2,167.22 2 1
go.opentelemetry.io/collector/exporter/exporterhelper/internal/queuebatch/shard_batcher.go:167.22,169.48 2 1
go.opentelemetry.io/collector/exporter/exporterhelper/internal/queuebatch/shard_batcher.go:169.48,178.4 3 1
go.opentelemetry.io/collector/exporter/exporterhelper/internal/queuebatch/shard_batcher.go:181.2,182.23 2 1
go.opentelemetry.io/collector/exporter/exporterhelper/internal/queuebatch/shard_batcher.go:182.23,184.3 1 1
go.opentelemetry.io/collector/exporter/exporterhelper/internal/queuebatch/shard_batcher.go:185.2,185.36 1 1
go.opentelemetry.io/collector/exporter/exporterhelper/internal/queuebatch/shard_batcher.go:185.36,187.3 1 1
go.opentelemetry.io/collector/exporter/exporterhelper/internal/queuebatch/shard_batcher.go:191.68,192.29 1 1
go.opentelemetry.io/collector/exporter/exporterhelper/internal/queuebatch/shard_batcher.go:192.29,195.13 3 1
go.opentelemetry.io/collector/exporter/exporterhelper/internal/queuebatch/shard_batcher.go:195.13,197.8 2 1
go.opentelemetry.io/collector/exporter/exporterhelper/internal/queuebatch/shard_batcher.go:197.8,198.12 1 1
go.opentelemetry.io/collector/exporter/exporterhelper/internal/queuebatch/shard_batcher.go:199.26,200.12 1 1
go.opentelemetry.io/collector/exporter/exporterhelper/internal/queuebatch/shard_batcher.go:201.23,202.39 1 1
go.opentelemetry.io/collector/exporter/exporterhelper/internal/queuebatch/shard_batcher.go:210.56,212.28 2 1
go.opentelemetry.io/collector/exporter/exporterhelper/internal/queuebatch/shard_batcher.go:212.28,215.3 2 1
go.opentelemetry.io/collector/exporter/exporterhelper/internal/queuebatch/shard_batcher.go:216.2,222.17 5 1
go.opentelemetry.io/collector/exporter/exporterhelper/internal/queuebatch/shard_batcher.go:226.84,228.26 2 1
go.opentelemetry.io/collector/exporter/exporterhelper/internal/queuebatch/shard_batcher.go:228.26,230.3 1 1
go.opentelemetry.io/collector/exporter/exporterhelper/internal/queuebatch/shard_batcher.go:231.2,231.12 1 1
go.opentelemetry.io/collector/exporter/exporterhelper/internal/queuebatch/shard_batcher.go:231.12,234.27 3 1
go.opentelemetry.io/collector/exporter/exporterhelper/internal/queuebatch/shard_batcher.go:234.27,236.4 1 1
go.opentelemetry.io/collector/exporter/exporterhelper/internal/queuebatch/shard_batcher.go:241.53,246.2 3 1
go.opentelemetry.io/collector/exporter/exporterhelper/internal/queuebatch/shard_batcher.go:250.40,251.24 1 1
go.opentelemetry.io/collector/exporter/exporterhelper/internal/queuebatch/shard_batcher.go:251.24,253.3 1 1
go.opentelemetry.io/collector/exporter/exporterhelper/internal/queuebatch/shard_batcher.go:263.54,268.2 1 1
go.opentelemetry.io/collector/exporter/exporterhelper/internal/queuebatch/shard_batcher.go:270.44,275.23 5 1
go.opentelemetry.io/collector/exporter/exporterhelper/internal/queuebatch/shard_batcher.go:275.23,278.3 1 1
