mode: set
go.opentelemetry.io/collector/service/service.go:111.87,128.33 2 1
go.opentelemetry.io/collector/service/service.go:128.33,130.3 1 1
go.opentelemetry.io/collector/service/service.go:134.2,136.16 3 1
go.opentelemetry.io/collector/service/service.go:136.16,138.3 1 1
go.opentelemetry.io/collector/service/service.go:139.2,144.27 3 1
go.opentelemetry.io/collector/service/service.go:144.27,146.3 1 1
go.opentelemetry.io/collector/service/service.go:147.2,147.33 1 1
go.opentelemetry.io/collector/service/service.go:147.33,149.82 2 1
go.opentelemetry.io/collector/service/service.go:149.82,152.4 2 1
go.opentelemetry.io/collector/service/service.go:155.2,160.16 3 1
go.opentelemetry.io/collector/service/service.go:160.16,162.3 1 1
go.opentelemetry.io/collector/service/service.go:163.2,163.15 1 1
go.opentelemetry.io/collector/service/service.go:163.15,164.23 1 1
go.opentelemetry.io/collector/service/service.go:164.23,167.4 2 1
go.opentelemetry.io/collector/service/service.go:169.2,177.16 4 1
go.opentelemetry.io/collector/service/service.go:177.16,179.3 1 1
go.opentelemetry.io/collector/service/service.go:180.2,180.15 1 1
go.opentelemetry.io/collector/service/service.go:180.15,181.23 1 1
go.opentelemetry.io/collector/service/service.go:181.23,183.4 1 1
go.opentelemetry.io/collector/service/service.go:185.2,192.16 4 1
go.opentelemetry.io/collector/service/service.go:192.16,194.3 1 1
go.opentelemetry.io/collector/service/service.go:195.2,195.15 1 1
go.opentelemetry.io/collector/service/service.go:195.15,196.23 1 1
go.opentelemetry.io/collector/service/service.go:196.23,198.4 1 1
go.opentelemetry.io/collector/service/service.go:200.2,208.95 3 1
go.opentelemetry.io/collector/service/service.go:208.95,209.47 1 1
go.opentelemetry.io/collector/service/service.go:209.47,211.4 1 0
go.opentelemetry.io/collector/service/service.go:215.2,216.16 2 1
go.opentelemetry.io/collector/service/service.go:216.16,218.3 1 1
go.opentelemetry.io/collector/service/service.go:221.2,222.16 2 1
go.opentelemetry.io/collector/service/service.go:222.16,224.3 1 0
go.opentelemetry.io/collector/service/service.go:227.2,227.104 1 1
go.opentelemetry.io/collector/service/service.go:227.104,229.3 1 0
go.opentelemetry.io/collector/service/service.go:231.2,231.17 1 1
go.opentelemetry.io/collector/service/service.go:240.54,246.72 2 1
go.opentelemetry.io/collector/service/service.go:246.72,248.3 1 0
go.opentelemetry.io/collector/service/service.go:250.2,250.30 1 1
go.opentelemetry.io/collector/service/service.go:250.30,251.89 1 1
go.opentelemetry.io/collector/service/service.go:251.89,253.4 1 1
go.opentelemetry.io/collector/service/service.go:256.2,256.67 1 1
go.opentelemetry.io/collector/service/service.go:256.67,258.3 1 0
go.opentelemetry.io/collector/service/service.go:260.2,260.73 1 1
go.opentelemetry.io/collector/service/service.go:260.73,262.3 1 0
go.opentelemetry.io/collector/service/service.go:264.2,265.12 2 1
go.opentelemetry.io/collector/service/service.go:273.57,280.76 3 1
go.opentelemetry.io/collector/service/service.go:280.76,282.3 1 0
go.opentelemetry.io/collector/service/service.go:284.2,284.79 1 1
go.opentelemetry.io/collector/service/service.go:284.79,286.3 1 0
go.opentelemetry.io/collector/service/service.go:288.2,288.65 1 1
go.opentelemetry.io/collector/service/service.go:288.65,290.3 1 0
go.opentelemetry.io/collector/service/service.go:292.2,296.57 2 1
go.opentelemetry.io/collector/service/service.go:296.57,298.3 1 1
go.opentelemetry.io/collector/service/service.go:299.2,299.56 1 1
go.opentelemetry.io/collector/service/service.go:299.56,301.3 1 1
go.opentelemetry.io/collector/service/service.go:302.2,302.61 1 1
go.opentelemetry.io/collector/service/service.go:302.61,304.3 1 1
go.opentelemetry.io/collector/service/service.go:306.2,306.13 1 1
go.opentelemetry.io/collector/service/service.go:310.86,317.140 3 1
go.opentelemetry.io/collector/service/service.go:317.140,319.3 1 0
go.opentelemetry.io/collector/service/service.go:320.2,320.12 1 1
go.opentelemetry.io/collector/service/service.go:324.70,335.17 2 1
go.opentelemetry.io/collector/service/service.go:335.17,337.3 1 1
go.opentelemetry.io/collector/service/service.go:338.2,338.12 1 1
go.opentelemetry.io/collector/service/service.go:343.42,345.2 1 1
go.opentelemetry.io/collector/service/service.go:348.68,364.16 3 1
go.opentelemetry.io/collector/service/service.go:364.16,366.3 1 1
go.opentelemetry.io/collector/service/service.go:367.2,367.12 1 1
go.opentelemetry.io/collector/service/service.go:379.9,380.14 1 1
go.opentelemetry.io/collector/service/service.go:383.78,384.57 1 1
go.opentelemetry.io/collector/service/service.go:384.57,386.4 1 1
go.opentelemetry.io/collector/service/service.go:387.10,392.4 1 1
go.opentelemetry.io/collector/service/service.go:394.2,394.12 1 1
go.opentelemetry.io/collector/service/extensions/extensions.go:39.78,41.41 2 1
go.opentelemetry.io/collector/service/extensions/extensions.go:41.41,51.46 6 1
go.opentelemetry.io/collector/service/extensions/extensions.go:51.46,59.4 3 1
go.opentelemetry.io/collector/service/extensions/extensions.go:60.3,61.39 2 1
go.opentelemetry.io/collector/service/extensions/extensions.go:63.2,63.12 1 1
go.opentelemetry.io/collector/service/extensions/extensions.go:67.60,70.50 3 1
go.opentelemetry.io/collector/service/extensions/extensions.go:70.50,78.43 5 1
go.opentelemetry.io/collector/service/extensions/extensions.go:78.43,84.12 3 1
go.opentelemetry.io/collector/service/extensions/extensions.go:86.3,89.4 1 1
go.opentelemetry.io/collector/service/extensions/extensions.go:92.2,92.13 1 1
go.opentelemetry.io/collector/service/extensions/extensions.go:95.52,96.41 1 0
go.opentelemetry.io/collector/service/extensions/extensions.go:96.41,98.64 2 0
go.opentelemetry.io/collector/service/extensions/extensions.go:98.64,99.37 1 0
go.opentelemetry.io/collector/service/extensions/extensions.go:99.37,101.5 1 0
go.opentelemetry.io/collector/service/extensions/extensions.go:104.2,104.12 1 0
go.opentelemetry.io/collector/service/extensions/extensions.go:107.55,109.41 2 0
go.opentelemetry.io/collector/service/extensions/extensions.go:109.41,111.64 2 0
go.opentelemetry.io/collector/service/extensions/extensions.go:111.64,113.4 1 0
go.opentelemetry.io/collector/service/extensions/extensions.go:115.2,115.13 1 0
go.opentelemetry.io/collector/service/extensions/extensions.go:118.84,120.41 2 1
go.opentelemetry.io/collector/service/extensions/extensions.go:120.41,122.62 2 1
go.opentelemetry.io/collector/service/extensions/extensions.go:122.62,125.4 2 1
go.opentelemetry.io/collector/service/extensions/extensions.go:127.2,127.13 1 1
go.opentelemetry.io/collector/service/extensions/extensions.go:130.118,131.41 1 0
go.opentelemetry.io/collector/service/extensions/extensions.go:131.41,133.50 2 0
go.opentelemetry.io/collector/service/extensions/extensions.go:133.50,135.4 1 0
go.opentelemetry.io/collector/service/extensions/extensions.go:139.77,141.35 2 0
go.opentelemetry.io/collector/service/extensions/extensions.go:141.35,143.3 1 0
go.opentelemetry.io/collector/service/extensions/extensions.go:144.2,144.15 1 0
go.opentelemetry.io/collector/service/extensions/extensions.go:147.77,155.38 6 0
go.opentelemetry.io/collector/service/extensions/extensions.go:155.38,158.3 2 0
go.opentelemetry.io/collector/service/extensions/extensions.go:160.2,160.44 1 0
go.opentelemetry.io/collector/service/extensions/extensions.go:160.44,162.3 1 0
go.opentelemetry.io/collector/service/extensions/extensions.go:163.2,164.25 2 0
go.opentelemetry.io/collector/service/extensions/extensions.go:164.25,169.3 1 0
go.opentelemetry.io/collector/service/extensions/extensions.go:170.2,170.31 1 0
go.opentelemetry.io/collector/service/extensions/extensions.go:188.43,190.2 1 1
go.opentelemetry.io/collector/service/extensions/extensions.go:192.52,193.40 1 1
go.opentelemetry.io/collector/service/extensions/extensions.go:193.40,195.3 1 1
go.opentelemetry.io/collector/service/extensions/extensions.go:199.97,208.30 2 1
go.opentelemetry.io/collector/service/extensions/extensions.go:208.30,210.3 1 1
go.opentelemetry.io/collector/service/extensions/extensions.go:212.2,212.28 1 1
go.opentelemetry.io/collector/service/extensions/extensions.go:212.28,221.17 4 1
go.opentelemetry.io/collector/service/extensions/extensions.go:221.17,223.4 1 1
go.opentelemetry.io/collector/service/extensions/extensions.go:226.3,226.17 1 1
go.opentelemetry.io/collector/service/extensions/extensions.go:226.17,228.4 1 1
go.opentelemetry.io/collector/service/extensions/extensions.go:230.3,231.39 2 1
go.opentelemetry.io/collector/service/extensions/extensions.go:233.2,234.16 2 1
go.opentelemetry.io/collector/service/extensions/extensions.go:234.16,236.3 1 1
go.opentelemetry.io/collector/service/extensions/extensions.go:237.2,238.18 2 1
go.opentelemetry.io/collector/service/extensions/graph.go:24.26,26.2 1 1
go.opentelemetry.io/collector/service/extensions/graph.go:28.61,31.33 3 1
go.opentelemetry.io/collector/service/extensions/graph.go:31.33,38.3 3 1
go.opentelemetry.io/collector/service/extensions/graph.go:39.2,39.38 1 1
go.opentelemetry.io/collector/service/extensions/graph.go:39.38,41.59 2 1
go.opentelemetry.io/collector/service/extensions/graph.go:41.59,42.45 1 1
go.opentelemetry.io/collector/service/extensions/graph.go:42.45,44.12 2 1
go.opentelemetry.io/collector/service/extensions/graph.go:44.12,46.6 1 1
go.opentelemetry.io/collector/service/extensions/graph.go:47.5,47.39 1 1
go.opentelemetry.io/collector/service/extensions/graph.go:51.2,52.16 2 1
go.opentelemetry.io/collector/service/extensions/graph.go:52.16,54.3 1 1
go.opentelemetry.io/collector/service/extensions/graph.go:56.2,57.33 2 1
go.opentelemetry.io/collector/service/extensions/graph.go:57.33,59.3 1 1
go.opentelemetry.io/collector/service/extensions/graph.go:60.2,60.19 1 1
go.opentelemetry.io/collector/service/extensions/graph.go:63.55,65.74 2 1
go.opentelemetry.io/collector/service/extensions/graph.go:65.74,67.3 1 1
go.opentelemetry.io/collector/service/extensions/graph.go:69.2,71.26 3 1
go.opentelemetry.io/collector/service/extensions/graph.go:71.26,74.3 2 1
go.opentelemetry.io/collector/service/extensions/graph.go:75.2,76.100 2 1
go.opentelemetry.io/collector/service/internal/builders/builders.go:24.73,25.41 1 0
go.opentelemetry.io/collector/service/internal/builders/builders.go:25.41,27.3 1 0
go.opentelemetry.io/collector/service/internal/builders/builders.go:27.8,29.3 1 0
go.opentelemetry.io/collector/service/internal/builders/builders.go:33.101,35.9 2 1
go.opentelemetry.io/collector/service/internal/builders/builders.go:35.9,37.3 1 1
go.opentelemetry.io/collector/service/internal/builders/builders.go:38.2,39.47 2 1
go.opentelemetry.io/collector/service/internal/builders/builders.go:39.47,41.3 1 1
go.opentelemetry.io/collector/service/internal/builders/connector.go:20.68,22.2 1 0
go.opentelemetry.io/collector/service/internal/builders/connector.go:31.125,33.2 1 0
go.opentelemetry.io/collector/service/internal/builders/connector.go:36.142,37.17 1 0
go.opentelemetry.io/collector/service/internal/builders/connector.go:37.17,39.3 1 0
go.opentelemetry.io/collector/service/internal/builders/connector.go:40.2,41.16 2 0
go.opentelemetry.io/collector/service/internal/builders/connector.go:41.16,43.3 1 0
go.opentelemetry.io/collector/service/internal/builders/connector.go:45.2,46.20 2 0
go.opentelemetry.io/collector/service/internal/builders/connector.go:46.20,48.3 1 0
go.opentelemetry.io/collector/service/internal/builders/connector.go:50.2,52.52 3 0
go.opentelemetry.io/collector/service/internal/builders/connector.go:56.144,57.17 1 0
go.opentelemetry.io/collector/service/internal/builders/connector.go:57.17,59.3 1 0
go.opentelemetry.io/collector/service/internal/builders/connector.go:60.2,61.16 2 0
go.opentelemetry.io/collector/service/internal/builders/connector.go:61.16,63.3 1 0
go.opentelemetry.io/collector/service/internal/builders/connector.go:65.2,66.20 2 0
go.opentelemetry.io/collector/service/internal/builders/connector.go:66.20,68.3 1 0
go.opentelemetry.io/collector/service/internal/builders/connector.go:70.2,72.53 3 0
go.opentelemetry.io/collector/service/internal/builders/connector.go:76.138,77.17 1 0
go.opentelemetry.io/collector/service/internal/builders/connector.go:77.17,79.3 1 0
go.opentelemetry.io/collector/service/internal/builders/connector.go:80.2,81.16 2 0
go.opentelemetry.io/collector/service/internal/builders/connector.go:81.16,83.3 1 0
go.opentelemetry.io/collector/service/internal/builders/connector.go:85.2,86.20 2 0
go.opentelemetry.io/collector/service/internal/builders/connector.go:86.20,88.3 1 0
go.opentelemetry.io/collector/service/internal/builders/connector.go:90.2,92.50 3 0
go.opentelemetry.io/collector/service/internal/builders/connector.go:96.147,97.17 1 0
go.opentelemetry.io/collector/service/internal/builders/connector.go:97.17,99.3 1 0
go.opentelemetry.io/collector/service/internal/builders/connector.go:100.2,101.16 2 0
go.opentelemetry.io/collector/service/internal/builders/connector.go:101.16,103.3 1 0
go.opentelemetry.io/collector/service/internal/builders/connector.go:105.2,106.20 2 0
go.opentelemetry.io/collector/service/internal/builders/connector.go:106.20,108.3 1 0
go.opentelemetry.io/collector/service/internal/builders/connector.go:110.2,111.9 2 0
go.opentelemetry.io/collector/service/internal/builders/connector.go:111.9,113.3 1 0
go.opentelemetry.io/collector/service/internal/builders/connector.go:115.2,117.54 3 0
go.opentelemetry.io/collector/service/internal/builders/connector.go:121.144,122.17 1 0
go.opentelemetry.io/collector/service/internal/builders/connector.go:122.17,124.3 1 0
go.opentelemetry.io/collector/service/internal/builders/connector.go:125.2,126.16 2 0
go.opentelemetry.io/collector/service/internal/builders/connector.go:126.16,128.3 1 0
go.opentelemetry.io/collector/service/internal/builders/connector.go:130.2,131.20 2 0
go.opentelemetry.io/collector/service/internal/builders/connector.go:131.20,133.3 1 0
go.opentelemetry.io/collector/service/internal/builders/connector.go:135.2,137.53 3 0
go.opentelemetry.io/collector/service/internal/builders/connector.go:141.146,142.17 1 0
go.opentelemetry.io/collector/service/internal/builders/connector.go:142.17,144.3 1 0
go.opentelemetry.io/collector/service/internal/builders/connector.go:145.2,146.16 2 0
go.opentelemetry.io/collector/service/internal/builders/connector.go:146.16,148.3 1 0
go.opentelemetry.io/collector/service/internal/builders/connector.go:150.2,151.20 2 0
go.opentelemetry.io/collector/service/internal/builders/connector.go:151.20,153.3 1 0
go.opentelemetry.io/collector/service/internal/builders/connector.go:155.2,157.54 3 0
go.opentelemetry.io/collector/service/internal/builders/connector.go:161.140,162.17 1 0
go.opentelemetry.io/collector/service/internal/builders/connector.go:162.17,164.3 1 0
go.opentelemetry.io/collector/service/internal/builders/connector.go:165.2,166.16 2 0
go.opentelemetry.io/collector/service/internal/builders/connector.go:166.16,168.3 1 0
go.opentelemetry.io/collector/service/internal/builders/connector.go:170.2,171.20 2 0
go.opentelemetry.io/collector/service/internal/builders/connector.go:171.20,173.3 1 0
go.opentelemetry.io/collector/service/internal/builders/connector.go:175.2,177.51 3 0
go.opentelemetry.io/collector/service/internal/builders/connector.go:181.149,182.17 1 0
go.opentelemetry.io/collector/service/internal/builders/connector.go:182.17,184.3 1 0
go.opentelemetry.io/collector/service/internal/builders/connector.go:185.2,186.16 2 0
go.opentelemetry.io/collector/service/internal/builders/connector.go:186.16,188.3 1 0
go.opentelemetry.io/collector/service/internal/builders/connector.go:190.2,191.20 2 0
go.opentelemetry.io/collector/service/internal/builders/connector.go:191.20,193.3 1 0
go.opentelemetry.io/collector/service/internal/builders/connector.go:195.2,196.9 2 0
go.opentelemetry.io/collector/service/internal/builders/connector.go:196.9,198.3 1 0
go.opentelemetry.io/collector/service/internal/builders/connector.go:200.2,202.55 3 0
go.opentelemetry.io/collector/service/internal/builders/connector.go:206.138,207.17 1 0
go.opentelemetry.io/collector/service/internal/builders/connector.go:207.17,209.3 1 0
go.opentelemetry.io/collector/service/internal/builders/connector.go:210.2,211.16 2 0
go.opentelemetry.io/collector/service/internal/builders/connector.go:211.16,213.3 1 0
go.opentelemetry.io/collector/service/internal/builders/connector.go:215.2,216.20 2 0
go.opentelemetry.io/collector/service/internal/builders/connector.go:216.20,218.3 1 0
go.opentelemetry.io/collector/service/internal/builders/connector.go:220.2,222.50 3 0
go.opentelemetry.io/collector/service/internal/builders/connector.go:226.140,227.17 1 0
go.opentelemetry.io/collector/service/internal/builders/connector.go:227.17,229.3 1 0
go.opentelemetry.io/collector/service/internal/builders/connector.go:230.2,231.16 2 0
go.opentelemetry.io/collector/service/internal/builders/connector.go:231.16,233.3 1 0
go.opentelemetry.io/collector/service/internal/builders/connector.go:235.2,236.20 2 0
go.opentelemetry.io/collector/service/internal/builders/connector.go:236.20,238.3 1 0
go.opentelemetry.io/collector/service/internal/builders/connector.go:240.2,242.51 3 0
go.opentelemetry.io/collector/service/internal/builders/connector.go:246.134,247.17 1 0
go.opentelemetry.io/collector/service/internal/builders/connector.go:247.17,249.3 1 0
go.opentelemetry.io/collector/service/internal/builders/connector.go:250.2,251.16 2 0
go.opentelemetry.io/collector/service/internal/builders/connector.go:251.16,253.3 1 0
go.opentelemetry.io/collector/service/internal/builders/connector.go:255.2,256.20 2 0
go.opentelemetry.io/collector/service/internal/builders/connector.go:256.20,258.3 1 0
go.opentelemetry.io/collector/service/internal/builders/connector.go:260.2,262.48 3 0
go.opentelemetry.io/collector/service/internal/builders/connector.go:266.143,267.17 1 0
go.opentelemetry.io/collector/service/internal/builders/connector.go:267.17,269.3 1 0
go.opentelemetry.io/collector/service/internal/builders/connector.go:270.2,271.16 2 0
go.opentelemetry.io/collector/service/internal/builders/connector.go:271.16,273.3 1 0
go.opentelemetry.io/collector/service/internal/builders/connector.go:275.2,276.20 2 0
go.opentelemetry.io/collector/service/internal/builders/connector.go:276.20,278.3 1 0
go.opentelemetry.io/collector/service/internal/builders/connector.go:280.2,281.9 2 0
go.opentelemetry.io/collector/service/internal/builders/connector.go:281.9,283.3 1 0
go.opentelemetry.io/collector/service/internal/builders/connector.go:285.2,287.52 3 0
go.opentelemetry.io/collector/service/internal/builders/connector.go:291.147,292.17 1 0
go.opentelemetry.io/collector/service/internal/builders/connector.go:292.17,294.3 1 0
go.opentelemetry.io/collector/service/internal/builders/connector.go:295.2,296.16 2 0
go.opentelemetry.io/collector/service/internal/builders/connector.go:296.16,298.3 1 0
go.opentelemetry.io/collector/service/internal/builders/connector.go:300.2,301.20 2 0
go.opentelemetry.io/collector/service/internal/builders/connector.go:301.20,303.3 1 0
go.opentelemetry.io/collector/service/internal/builders/connector.go:305.2,306.9 2 0
go.opentelemetry.io/collector/service/internal/builders/connector.go:306.9,308.3 1 0
go.opentelemetry.io/collector/service/internal/builders/connector.go:310.2,312.54 3 0
go.opentelemetry.io/collector/service/internal/builders/connector.go:316.149,317.17 1 0
go.opentelemetry.io/collector/service/internal/builders/connector.go:317.17,319.3 1 0
go.opentelemetry.io/collector/service/internal/builders/connector.go:320.2,321.16 2 0
go.opentelemetry.io/collector/service/internal/builders/connector.go:321.16,323.3 1 0
go.opentelemetry.io/collector/service/internal/builders/connector.go:325.2,326.20 2 0
go.opentelemetry.io/collector/service/internal/builders/connector.go:326.20,328.3 1 0
go.opentelemetry.io/collector/service/internal/builders/connector.go:330.2,331.9 2 0
go.opentelemetry.io/collector/service/internal/builders/connector.go:331.9,333.3 1 0
go.opentelemetry.io/collector/service/internal/builders/connector.go:335.2,337.55 3 0
go.opentelemetry.io/collector/service/internal/builders/connector.go:341.143,342.17 1 0
go.opentelemetry.io/collector/service/internal/builders/connector.go:342.17,344.3 1 0
go.opentelemetry.io/collector/service/internal/builders/connector.go:345.2,346.16 2 0
go.opentelemetry.io/collector/service/internal/builders/connector.go:346.16,348.3 1 0
go.opentelemetry.io/collector/service/internal/builders/connector.go:350.2,351.20 2 0
go.opentelemetry.io/collector/service/internal/builders/connector.go:351.20,353.3 1 0
go.opentelemetry.io/collector/service/internal/builders/connector.go:355.2,356.9 2 0
go.opentelemetry.io/collector/service/internal/builders/connector.go:356.9,358.3 1 0
go.opentelemetry.io/collector/service/internal/builders/connector.go:360.2,362.52 3 0
go.opentelemetry.io/collector/service/internal/builders/connector.go:366.152,367.17 1 0
go.opentelemetry.io/collector/service/internal/builders/connector.go:367.17,369.3 1 0
go.opentelemetry.io/collector/service/internal/builders/connector.go:370.2,371.16 2 0
go.opentelemetry.io/collector/service/internal/builders/connector.go:371.16,373.3 1 0
go.opentelemetry.io/collector/service/internal/builders/connector.go:375.2,376.20 2 0
go.opentelemetry.io/collector/service/internal/builders/connector.go:376.20,378.3 1 0
go.opentelemetry.io/collector/service/internal/builders/connector.go:380.2,381.9 2 0
go.opentelemetry.io/collector/service/internal/builders/connector.go:381.9,383.3 1 0
go.opentelemetry.io/collector/service/internal/builders/connector.go:385.2,387.56 3 0
go.opentelemetry.io/collector/service/internal/builders/connector.go:390.72,393.2 2 0
go.opentelemetry.io/collector/service/internal/builders/connector.go:395.84,397.2 1 0
go.opentelemetry.io/collector/service/internal/builders/connector.go:400.117,415.2 5 0
go.opentelemetry.io/collector/service/internal/builders/exporter.go:24.122,26.2 1 0
go.opentelemetry.io/collector/service/internal/builders/exporter.go:29.109,31.16 2 0
go.opentelemetry.io/collector/service/internal/builders/exporter.go:31.16,33.3 1 0
go.opentelemetry.io/collector/service/internal/builders/exporter.go:35.2,36.20 2 0
go.opentelemetry.io/collector/service/internal/builders/exporter.go:36.20,38.3 1 0
go.opentelemetry.io/collector/service/internal/builders/exporter.go:40.2,42.38 3 0
go.opentelemetry.io/collector/service/internal/builders/exporter.go:46.111,48.16 2 0
go.opentelemetry.io/collector/service/internal/builders/exporter.go:48.16,50.3 1 0
go.opentelemetry.io/collector/service/internal/builders/exporter.go:52.2,53.20 2 0
go.opentelemetry.io/collector/service/internal/builders/exporter.go:53.20,55.3 1 0
go.opentelemetry.io/collector/service/internal/builders/exporter.go:57.2,59.39 3 0
go.opentelemetry.io/collector/service/internal/builders/exporter.go:63.105,65.16 2 0
go.opentelemetry.io/collector/service/internal/builders/exporter.go:65.16,67.3 1 0
go.opentelemetry.io/collector/service/internal/builders/exporter.go:69.2,70.20 2 0
go.opentelemetry.io/collector/service/internal/builders/exporter.go:70.20,72.3 1 0
go.opentelemetry.io/collector/service/internal/builders/exporter.go:74.2,76.36 3 0
go.opentelemetry.io/collector/service/internal/builders/exporter.go:80.114,82.16 2 0
go.opentelemetry.io/collector/service/internal/builders/exporter.go:82.16,84.3 1 0
go.opentelemetry.io/collector/service/internal/builders/exporter.go:86.2,87.20 2 0
go.opentelemetry.io/collector/service/internal/builders/exporter.go:87.20,89.3 1 0
go.opentelemetry.io/collector/service/internal/builders/exporter.go:91.2,92.9 2 0
go.opentelemetry.io/collector/service/internal/builders/exporter.go:92.9,94.3 1 0
go.opentelemetry.io/collector/service/internal/builders/exporter.go:96.2,98.40 3 0
go.opentelemetry.io/collector/service/internal/builders/exporter.go:101.83,103.2 1 0
go.opentelemetry.io/collector/service/internal/builders/exporter.go:106.115,116.2 4 0
go.opentelemetry.io/collector/service/internal/builders/extension.go:30.125,32.2 1 0
go.opentelemetry.io/collector/service/internal/builders/extension.go:35.109,37.16 2 0
go.opentelemetry.io/collector/service/internal/builders/extension.go:37.16,39.3 1 0
go.opentelemetry.io/collector/service/internal/builders/extension.go:41.2,42.20 2 0
go.opentelemetry.io/collector/service/internal/builders/extension.go:42.20,44.3 1 0
go.opentelemetry.io/collector/service/internal/builders/extension.go:46.2,48.32 3 0
go.opentelemetry.io/collector/service/internal/builders/extension.go:51.84,53.2 1 0
go.opentelemetry.io/collector/service/internal/builders/extension.go:56.117,65.2 4 0
go.opentelemetry.io/collector/service/internal/builders/processor.go:27.125,29.2 1 0
go.opentelemetry.io/collector/service/internal/builders/processor.go:32.134,33.17 1 0
go.opentelemetry.io/collector/service/internal/builders/processor.go:33.17,35.3 1 0
go.opentelemetry.io/collector/service/internal/builders/processor.go:36.2,37.16 2 0
go.opentelemetry.io/collector/service/internal/builders/processor.go:37.16,39.3 1 0
go.opentelemetry.io/collector/service/internal/builders/processor.go:41.2,42.20 2 0
go.opentelemetry.io/collector/service/internal/builders/processor.go:42.20,44.3 1 0
go.opentelemetry.io/collector/service/internal/builders/processor.go:46.2,48.44 3 0
go.opentelemetry.io/collector/service/internal/builders/processor.go:52.137,53.17 1 0
go.opentelemetry.io/collector/service/internal/builders/processor.go:53.17,55.3 1 0
go.opentelemetry.io/collector/service/internal/builders/processor.go:56.2,57.16 2 0
go.opentelemetry.io/collector/service/internal/builders/processor.go:57.16,59.3 1 0
go.opentelemetry.io/collector/service/internal/builders/processor.go:61.2,62.20 2 0
go.opentelemetry.io/collector/service/internal/builders/processor.go:62.20,64.3 1 0
go.opentelemetry.io/collector/service/internal/builders/processor.go:66.2,68.45 3 0
go.opentelemetry.io/collector/service/internal/builders/processor.go:72.128,73.17 1 0
go.opentelemetry.io/collector/service/internal/builders/processor.go:73.17,75.3 1 0
go.opentelemetry.io/collector/service/internal/builders/processor.go:76.2,77.16 2 0
go.opentelemetry.io/collector/service/internal/builders/processor.go:77.16,79.3 1 0
go.opentelemetry.io/collector/service/internal/builders/processor.go:81.2,82.20 2 0
go.opentelemetry.io/collector/service/internal/builders/processor.go:82.20,84.3 1 0
go.opentelemetry.io/collector/service/internal/builders/processor.go:86.2,88.42 3 0
go.opentelemetry.io/collector/service/internal/builders/processor.go:92.142,93.17 1 0
go.opentelemetry.io/collector/service/internal/builders/processor.go:93.17,95.3 1 0
go.opentelemetry.io/collector/service/internal/builders/processor.go:96.2,97.16 2 0
go.opentelemetry.io/collector/service/internal/builders/processor.go:97.16,99.3 1 0
go.opentelemetry.io/collector/service/internal/builders/processor.go:101.2,102.20 2 0
go.opentelemetry.io/collector/service/internal/builders/processor.go:102.20,104.3 1 0
go.opentelemetry.io/collector/service/internal/builders/processor.go:106.2,107.9 2 0
go.opentelemetry.io/collector/service/internal/builders/processor.go:107.9,109.3 1 0
go.opentelemetry.io/collector/service/internal/builders/processor.go:110.2,112.46 3 0
go.opentelemetry.io/collector/service/internal/builders/processor.go:115.84,117.2 1 0
go.opentelemetry.io/collector/service/internal/builders/processor.go:120.117,130.2 4 0
go.opentelemetry.io/collector/service/internal/builders/receiver.go:28.122,30.2 1 0
go.opentelemetry.io/collector/service/internal/builders/receiver.go:33.131,34.17 1 0
go.opentelemetry.io/collector/service/internal/builders/receiver.go:34.17,36.3 1 0
go.opentelemetry.io/collector/service/internal/builders/receiver.go:37.2,38.16 2 0
go.opentelemetry.io/collector/service/internal/builders/receiver.go:38.16,40.3 1 0
go.opentelemetry.io/collector/service/internal/builders/receiver.go:42.2,43.20 2 0
go.opentelemetry.io/collector/service/internal/builders/receiver.go:43.20,45.3 1 0
go.opentelemetry.io/collector/service/internal/builders/receiver.go:47.2,49.44 3 0
go.opentelemetry.io/collector/service/internal/builders/receiver.go:53.134,54.17 1 0
go.opentelemetry.io/collector/service/internal/builders/receiver.go:54.17,56.3 1 0
go.opentelemetry.io/collector/service/internal/builders/receiver.go:57.2,58.16 2 0
go.opentelemetry.io/collector/service/internal/builders/receiver.go:58.16,60.3 1 0
go.opentelemetry.io/collector/service/internal/builders/receiver.go:62.2,63.20 2 0
go.opentelemetry.io/collector/service/internal/builders/receiver.go:63.20,65.3 1 0
go.opentelemetry.io/collector/service/internal/builders/receiver.go:67.2,69.45 3 0
go.opentelemetry.io/collector/service/internal/builders/receiver.go:73.125,74.17 1 0
go.opentelemetry.io/collector/service/internal/builders/receiver.go:74.17,76.3 1 0
go.opentelemetry.io/collector/service/internal/builders/receiver.go:77.2,78.16 2 0
go.opentelemetry.io/collector/service/internal/builders/receiver.go:78.16,80.3 1 0
go.opentelemetry.io/collector/service/internal/builders/receiver.go:82.2,83.20 2 0
go.opentelemetry.io/collector/service/internal/builders/receiver.go:83.20,85.3 1 0
go.opentelemetry.io/collector/service/internal/builders/receiver.go:87.2,89.42 3 0
go.opentelemetry.io/collector/service/internal/builders/receiver.go:93.139,94.17 1 0
go.opentelemetry.io/collector/service/internal/builders/receiver.go:94.17,96.3 1 0
go.opentelemetry.io/collector/service/internal/builders/receiver.go:97.2,98.16 2 0
go.opentelemetry.io/collector/service/internal/builders/receiver.go:98.16,100.3 1 0
go.opentelemetry.io/collector/service/internal/builders/receiver.go:102.2,103.20 2 0
go.opentelemetry.io/collector/service/internal/builders/receiver.go:103.20,105.3 1 0
go.opentelemetry.io/collector/service/internal/builders/receiver.go:107.2,108.9 2 0
go.opentelemetry.io/collector/service/internal/builders/receiver.go:108.9,110.3 1 0
go.opentelemetry.io/collector/service/internal/builders/receiver.go:112.2,114.46 3 0
go.opentelemetry.io/collector/service/internal/builders/receiver.go:117.83,119.2 1 0
go.opentelemetry.io/collector/service/internal/builders/receiver.go:122.115,132.2 4 0
go.opentelemetry.io/collector/service/internal/metadata/generated_telemetry.go:17.63,19.2 1 1
go.opentelemetry.io/collector/service/internal/metadata/generated_telemetry.go:21.64,23.2 1 1
go.opentelemetry.io/collector/service/internal/metadata/generated_telemetry.go:58.68,60.2 1 1
go.opentelemetry.io/collector/service/internal/metadata/generated_telemetry.go:63.101,64.96 1 0
go.opentelemetry.io/collector/service/internal/metadata/generated_telemetry.go:64.96,67.3 2 0
go.opentelemetry.io/collector/service/internal/metadata/generated_telemetry.go:68.2,68.16 1 0
go.opentelemetry.io/collector/service/internal/metadata/generated_telemetry.go:68.16,70.3 1 0
go.opentelemetry.io/collector/service/internal/metadata/generated_telemetry.go:71.2,74.12 4 0
go.opentelemetry.io/collector/service/internal/metadata/generated_telemetry.go:78.98,79.96 1 0
go.opentelemetry.io/collector/service/internal/metadata/generated_telemetry.go:79.96,82.3 2 0
go.opentelemetry.io/collector/service/internal/metadata/generated_telemetry.go:83.2,83.16 1 0
go.opentelemetry.io/collector/service/internal/metadata/generated_telemetry.go:83.16,85.3 1 0
go.opentelemetry.io/collector/service/internal/metadata/generated_telemetry.go:86.2,89.12 4 0
go.opentelemetry.io/collector/service/internal/metadata/generated_telemetry.go:93.110,94.96 1 0
go.opentelemetry.io/collector/service/internal/metadata/generated_telemetry.go:94.96,97.3 2 0
go.opentelemetry.io/collector/service/internal/metadata/generated_telemetry.go:98.2,98.16 1 0
go.opentelemetry.io/collector/service/internal/metadata/generated_telemetry.go:98.16,100.3 1 0
go.opentelemetry.io/collector/service/internal/metadata/generated_telemetry.go:101.2,104.12 4 0
go.opentelemetry.io/collector/service/internal/metadata/generated_telemetry.go:108.111,109.96 1 0
go.opentelemetry.io/collector/service/internal/metadata/generated_telemetry.go:109.96,112.3 2 0
go.opentelemetry.io/collector/service/internal/metadata/generated_telemetry.go:113.2,113.16 1 0
go.opentelemetry.io/collector/service/internal/metadata/generated_telemetry.go:113.16,115.3 1 0
go.opentelemetry.io/collector/service/internal/metadata/generated_telemetry.go:116.2,119.12 4 0
go.opentelemetry.io/collector/service/internal/metadata/generated_telemetry.go:123.115,124.96 1 0
go.opentelemetry.io/collector/service/internal/metadata/generated_telemetry.go:124.96,127.3 2 0
go.opentelemetry.io/collector/service/internal/metadata/generated_telemetry.go:128.2,128.16 1 0
go.opentelemetry.io/collector/service/internal/metadata/generated_telemetry.go:128.16,130.3 1 0
go.opentelemetry.io/collector/service/internal/metadata/generated_telemetry.go:131.2,134.12 4 0
go.opentelemetry.io/collector/service/internal/metadata/generated_telemetry.go:138.97,139.96 1 0
go.opentelemetry.io/collector/service/internal/metadata/generated_telemetry.go:139.96,142.3 2 0
go.opentelemetry.io/collector/service/internal/metadata/generated_telemetry.go:143.2,143.16 1 0
go.opentelemetry.io/collector/service/internal/metadata/generated_telemetry.go:143.16,145.3 1 0
go.opentelemetry.io/collector/service/internal/metadata/generated_telemetry.go:146.2,149.12 4 0
go.opentelemetry.io/collector/service/internal/metadata/generated_telemetry.go:158.77,160.2 1 0
go.opentelemetry.io/collector/service/internal/metadata/generated_telemetry.go:168.81,170.2 1 0
go.opentelemetry.io/collector/service/internal/metadata/generated_telemetry.go:173.45,176.44 3 0
go.opentelemetry.io/collector/service/internal/metadata/generated_telemetry.go:176.44,178.3 1 0
go.opentelemetry.io/collector/service/internal/metadata/generated_telemetry.go:183.126,185.29 2 1
go.opentelemetry.io/collector/service/internal/metadata/generated_telemetry.go:185.29,187.3 1 1
go.opentelemetry.io/collector/service/internal/metadata/generated_telemetry.go:188.2,298.23 39 1
go.opentelemetry.io/collector/service/internal/componentattribute/logger_zap.go:25.83,26.35 1 1
go.opentelemetry.io/collector/service/internal/componentattribute/logger_zap.go:26.35,28.3 1 1
go.opentelemetry.io/collector/service/internal/componentattribute/logger_zap.go:29.2,29.12 1 1
go.opentelemetry.io/collector/service/internal/componentattribute/logger_zap.go:32.59,37.2 1 1
go.opentelemetry.io/collector/service/internal/componentattribute/logger_zap.go:39.78,40.47 1 1
go.opentelemetry.io/collector/service/internal/componentattribute/logger_zap.go:40.47,42.3 1 1
go.opentelemetry.io/collector/service/internal/componentattribute/logger_zap.go:43.2,44.9 2 1
go.opentelemetry.io/collector/service/internal/componentattribute/logger_zap.go:44.9,46.3 1 0
go.opentelemetry.io/collector/service/internal/componentattribute/logger_zap.go:47.2,47.24 1 1
go.opentelemetry.io/collector/service/internal/componentattribute/logger_zap.go:59.73,63.2 3 1
go.opentelemetry.io/collector/service/internal/componentattribute/logger_zap.go:65.87,66.75 1 1
go.opentelemetry.io/collector/service/internal/componentattribute/logger_zap.go:66.75,72.3 1 1
go.opentelemetry.io/collector/service/internal/componentattribute/logger_zap.go:75.91,76.90 1 1
go.opentelemetry.io/collector/service/internal/componentattribute/logger_zap.go:76.90,78.3 1 1
go.opentelemetry.io/collector/service/internal/componentattribute/logger_zap.go:79.2,80.12 2 1
go.opentelemetry.io/collector/service/internal/componentattribute/meter_provider.go:18.101,26.2 5 1
go.opentelemetry.io/collector/service/internal/componentattribute/meter_provider.go:28.109,31.87 1 1
go.opentelemetry.io/collector/service/internal/componentattribute/meter_provider.go:31.87,33.4 1 1
go.opentelemetry.io/collector/service/internal/componentattribute/telemetry.go:13.121,20.52 4 1
go.opentelemetry.io/collector/service/internal/componentattribute/telemetry.go:20.52,25.3 1 1
go.opentelemetry.io/collector/service/internal/componentattribute/telemetry.go:26.2,26.11 1 1
go.opentelemetry.io/collector/service/internal/componentattribute/tracer_provider.go:18.106,26.2 5 1
go.opentelemetry.io/collector/service/internal/componentattribute/tracer_provider.go:28.72,30.2 1 1
go.opentelemetry.io/collector/service/internal/componentattribute/tracer_provider.go:32.110,35.87 1 1
go.opentelemetry.io/collector/service/internal/componentattribute/tracer_provider.go:35.87,37.4 1 1
go.opentelemetry.io/collector/service/internal/attribute/attribute.go:27.60,29.27 2 1
go.opentelemetry.io/collector/service/internal/attribute/attribute.go:29.27,31.3 1 1
go.opentelemetry.io/collector/service/internal/attribute/attribute.go:32.2,39.3 1 1
go.opentelemetry.io/collector/service/internal/attribute/attribute.go:42.42,44.2 1 1
go.opentelemetry.io/collector/service/internal/attribute/attribute.go:46.32,48.2 1 1
go.opentelemetry.io/collector/service/internal/attribute/attribute.go:50.73,56.2 1 1
go.opentelemetry.io/collector/service/internal/attribute/attribute.go:58.68,65.2 1 1
go.opentelemetry.io/collector/service/internal/attribute/attribute.go:67.73,73.2 1 1
go.opentelemetry.io/collector/service/internal/attribute/attribute.go:75.96,82.2 1 1
go.opentelemetry.io/collector/service/internal/attribute/attribute.go:84.44,89.2 1 1
go.opentelemetry.io/collector/service/internal/attribute/attribute.go:91.54,96.2 1 1
go.opentelemetry.io/collector/service/internal/attribute/attribute.go:98.48,103.2 1 1
go.opentelemetry.io/collector/service/internal/capabilityconsumer/capabilities.go:11.84,12.41 1 1
go.opentelemetry.io/collector/service/internal/capabilityconsumer/capabilities.go:12.41,14.3 1 1
go.opentelemetry.io/collector/service/internal/capabilityconsumer/capabilities.go:15.2,15.47 1 1
go.opentelemetry.io/collector/service/internal/capabilityconsumer/capabilities.go:23.57,25.2 1 1
go.opentelemetry.io/collector/service/internal/capabilityconsumer/capabilities.go:27.96,28.44 1 1
go.opentelemetry.io/collector/service/internal/capabilityconsumer/capabilities.go:28.44,30.3 1 1
go.opentelemetry.io/collector/service/internal/capabilityconsumer/capabilities.go:31.2,31.56 1 1
go.opentelemetry.io/collector/service/internal/capabilityconsumer/capabilities.go:39.60,41.2 1 1
go.opentelemetry.io/collector/service/internal/capabilityconsumer/capabilities.go:43.92,44.43 1 1
go.opentelemetry.io/collector/service/internal/capabilityconsumer/capabilities.go:44.43,46.3 1 1
go.opentelemetry.io/collector/service/internal/capabilityconsumer/capabilities.go:47.2,47.53 1 1
go.opentelemetry.io/collector/service/internal/capabilityconsumer/capabilities.go:55.59,57.2 1 1
go.opentelemetry.io/collector/service/internal/capabilityconsumer/capabilities.go:59.102,60.45 1 1
go.opentelemetry.io/collector/service/internal/capabilityconsumer/capabilities.go:60.45,62.3 1 1
go.opentelemetry.io/collector/service/internal/capabilityconsumer/capabilities.go:63.2,63.59 1 1
go.opentelemetry.io/collector/service/internal/capabilityconsumer/capabilities.go:71.61,73.2 1 1
go.opentelemetry.io/collector/service/internal/metadatatest/generated_telemetrytest.go:15.149,29.2 4 1
go.opentelemetry.io/collector/service/internal/metadatatest/generated_telemetrytest.go:31.148,45.2 4 1
go.opentelemetry.io/collector/service/internal/metadatatest/generated_telemetrytest.go:47.149,61.2 4 1
go.opentelemetry.io/collector/service/internal/metadatatest/generated_telemetrytest.go:63.148,77.2 4 1
go.opentelemetry.io/collector/service/internal/metadatatest/generated_telemetrytest.go:79.148,93.2 4 1
go.opentelemetry.io/collector/service/internal/metadatatest/generated_telemetrytest.go:95.147,109.2 4 1
go.opentelemetry.io/collector/service/internal/metadatatest/generated_telemetrytest.go:111.146,125.2 4 1
go.opentelemetry.io/collector/service/internal/metadatatest/generated_telemetrytest.go:127.143,139.2 4 1
go.opentelemetry.io/collector/service/internal/metadatatest/generated_telemetrytest.go:141.155,153.2 4 1
go.opentelemetry.io/collector/service/internal/metadatatest/generated_telemetrytest.go:155.156,169.2 4 1
go.opentelemetry.io/collector/service/internal/metadatatest/generated_telemetrytest.go:171.160,183.2 4 1
go.opentelemetry.io/collector/service/internal/metadatatest/generated_telemetrytest.go:185.142,199.2 4 1
go.opentelemetry.io/collector/service/internal/metadatatest/generated_telemetrytest.go:201.149,215.2 4 1
go.opentelemetry.io/collector/service/internal/metadatatest/generated_telemetrytest.go:217.148,231.2 4 1
go.opentelemetry.io/collector/service/internal/metadatatest/generated_telemetrytest.go:233.149,247.2 4 1
go.opentelemetry.io/collector/service/internal/metadatatest/generated_telemetrytest.go:249.148,263.2 4 1
go.opentelemetry.io/collector/service/internal/metadatatest/generated_telemetrytest.go:265.148,279.2 4 1
go.opentelemetry.io/collector/service/internal/metadatatest/generated_telemetrytest.go:281.147,295.2 4 1
go.opentelemetry.io/collector/service/internal/metricviews/views.go:13.62,16.43 2 1
go.opentelemetry.io/collector/service/internal/metricviews/views.go:16.43,31.3 1 1
go.opentelemetry.io/collector/service/internal/metricviews/views.go:35.2,35.41 1 1
go.opentelemetry.io/collector/service/internal/metricviews/views.go:35.41,51.3 2 1
go.opentelemetry.io/collector/service/internal/metricviews/views.go:57.2,57.43 1 1
go.opentelemetry.io/collector/service/internal/metricviews/views.go:57.43,91.3 2 1
go.opentelemetry.io/collector/service/internal/metricviews/views.go:94.2,94.43 1 1
go.opentelemetry.io/collector/service/internal/metricviews/views.go:94.43,117.3 2 1
go.opentelemetry.io/collector/service/internal/metricviews/views.go:120.2,121.41 2 1
go.opentelemetry.io/collector/service/internal/metricviews/views.go:121.41,125.3 1 1
go.opentelemetry.io/collector/service/internal/metricviews/views.go:125.8,125.50 1 1
go.opentelemetry.io/collector/service/internal/metricviews/views.go:125.50,130.3 1 1
go.opentelemetry.io/collector/service/internal/metricviews/views.go:133.2,134.43 2 1
go.opentelemetry.io/collector/service/internal/metricviews/views.go:134.43,144.3 1 1
go.opentelemetry.io/collector/service/internal/metricviews/views.go:146.2,146.14 1 1
go.opentelemetry.io/collector/service/internal/metricviews/views.go:149.64,158.2 1 1
go.opentelemetry.io/collector/service/internal/metricviews/views.go:160.25,162.2 1 1
go.opentelemetry.io/collector/service/internal/obsconsumer/enabled.go:16.68,19.2 2 1
go.opentelemetry.io/collector/service/internal/obsconsumer/logs.go:22.78,23.53 1 1
go.opentelemetry.io/collector/service/internal/obsconsumer/logs.go:23.53,25.3 1 1
go.opentelemetry.io/collector/service/internal/obsconsumer/logs.go:27.2,28.27 2 1
go.opentelemetry.io/collector/service/internal/obsconsumer/logs.go:28.27,30.3 1 1
go.opentelemetry.io/collector/service/internal/obsconsumer/logs.go:32.2,42.3 2 1
go.opentelemetry.io/collector/service/internal/obsconsumer/logs.go:52.71,57.15 3 1
go.opentelemetry.io/collector/service/internal/obsconsumer/logs.go:57.15,59.3 1 1
go.opentelemetry.io/collector/service/internal/obsconsumer/logs.go:61.2,61.39 1 1
go.opentelemetry.io/collector/service/internal/obsconsumer/logs.go:61.39,63.16 2 1
go.opentelemetry.io/collector/service/internal/obsconsumer/logs.go:63.16,65.4 1 1
go.opentelemetry.io/collector/service/internal/obsconsumer/logs.go:68.2,69.16 2 1
go.opentelemetry.io/collector/service/internal/obsconsumer/logs.go:69.16,70.38 1 1
go.opentelemetry.io/collector/service/internal/obsconsumer/logs.go:70.38,72.4 1 1
go.opentelemetry.io/collector/service/internal/obsconsumer/logs.go:72.9,75.4 2 1
go.opentelemetry.io/collector/service/internal/obsconsumer/logs.go:76.3,76.50 1 1
go.opentelemetry.io/collector/service/internal/obsconsumer/logs.go:76.50,78.4 1 1
go.opentelemetry.io/collector/service/internal/obsconsumer/logs.go:80.2,80.12 1 1
go.opentelemetry.io/collector/service/internal/obsconsumer/logs.go:83.55,85.2 1 1
go.opentelemetry.io/collector/service/internal/obsconsumer/metrics.go:22.87,23.53 1 1
go.opentelemetry.io/collector/service/internal/obsconsumer/metrics.go:23.53,25.3 1 1
go.opentelemetry.io/collector/service/internal/obsconsumer/metrics.go:27.2,28.27 2 1
go.opentelemetry.io/collector/service/internal/obsconsumer/metrics.go:28.27,30.3 1 1
go.opentelemetry.io/collector/service/internal/obsconsumer/metrics.go:32.2,42.3 2 1
go.opentelemetry.io/collector/service/internal/obsconsumer/metrics.go:52.83,57.15 3 1
go.opentelemetry.io/collector/service/internal/obsconsumer/metrics.go:57.15,59.3 1 1
go.opentelemetry.io/collector/service/internal/obsconsumer/metrics.go:61.2,61.39 1 1
go.opentelemetry.io/collector/service/internal/obsconsumer/metrics.go:61.39,63.16 2 1
go.opentelemetry.io/collector/service/internal/obsconsumer/metrics.go:63.16,65.4 1 1
go.opentelemetry.io/collector/service/internal/obsconsumer/metrics.go:68.2,69.16 2 1
go.opentelemetry.io/collector/service/internal/obsconsumer/metrics.go:69.16,70.38 1 1
go.opentelemetry.io/collector/service/internal/obsconsumer/metrics.go:70.38,72.4 1 1
go.opentelemetry.io/collector/service/internal/obsconsumer/metrics.go:72.9,75.4 2 1
go.opentelemetry.io/collector/service/internal/obsconsumer/metrics.go:76.3,76.50 1 1
go.opentelemetry.io/collector/service/internal/obsconsumer/metrics.go:76.50,78.4 1 1
go.opentelemetry.io/collector/service/internal/obsconsumer/metrics.go:80.2,80.12 1 1
go.opentelemetry.io/collector/service/internal/obsconsumer/metrics.go:83.58,85.2 1 1
go.opentelemetry.io/collector/service/internal/obsconsumer/option.go:23.67,24.29 1 1
go.opentelemetry.io/collector/service/internal/obsconsumer/option.go:24.29,26.3 1 1
go.opentelemetry.io/collector/service/internal/obsconsumer/option.go:35.45,53.2 10 1
go.opentelemetry.io/collector/service/internal/obsconsumer/profiles.go:23.92,24.53 1 1
go.opentelemetry.io/collector/service/internal/obsconsumer/profiles.go:24.53,26.3 1 1
go.opentelemetry.io/collector/service/internal/obsconsumer/profiles.go:28.2,29.27 2 1
go.opentelemetry.io/collector/service/internal/obsconsumer/profiles.go:29.27,31.3 1 1
go.opentelemetry.io/collector/service/internal/obsconsumer/profiles.go:33.2,43.3 2 1
go.opentelemetry.io/collector/service/internal/obsconsumer/profiles.go:53.87,58.15 3 1
go.opentelemetry.io/collector/service/internal/obsconsumer/profiles.go:58.15,60.3 1 1
go.opentelemetry.io/collector/service/internal/obsconsumer/profiles.go:62.2,62.39 1 1
go.opentelemetry.io/collector/service/internal/obsconsumer/profiles.go:62.39,64.16 2 1
go.opentelemetry.io/collector/service/internal/obsconsumer/profiles.go:64.16,66.4 1 1
go.opentelemetry.io/collector/service/internal/obsconsumer/profiles.go:69.2,70.16 2 1
go.opentelemetry.io/collector/service/internal/obsconsumer/profiles.go:70.16,71.38 1 1
go.opentelemetry.io/collector/service/internal/obsconsumer/profiles.go:71.38,73.4 1 1
go.opentelemetry.io/collector/service/internal/obsconsumer/profiles.go:73.9,76.4 2 1
go.opentelemetry.io/collector/service/internal/obsconsumer/profiles.go:77.3,77.50 1 1
go.opentelemetry.io/collector/service/internal/obsconsumer/profiles.go:77.50,79.4 1 1
go.opentelemetry.io/collector/service/internal/obsconsumer/profiles.go:81.2,81.12 1 1
go.opentelemetry.io/collector/service/internal/obsconsumer/profiles.go:84.59,86.2 1 1
go.opentelemetry.io/collector/service/internal/obsconsumer/traces.go:22.84,23.53 1 1
go.opentelemetry.io/collector/service/internal/obsconsumer/traces.go:23.53,25.3 1 1
go.opentelemetry.io/collector/service/internal/obsconsumer/traces.go:27.2,28.27 2 1
go.opentelemetry.io/collector/service/internal/obsconsumer/traces.go:28.27,30.3 1 1
go.opentelemetry.io/collector/service/internal/obsconsumer/traces.go:32.2,42.3 2 1
go.opentelemetry.io/collector/service/internal/obsconsumer/traces.go:52.79,57.15 3 1
go.opentelemetry.io/collector/service/internal/obsconsumer/traces.go:57.15,59.3 1 1
go.opentelemetry.io/collector/service/internal/obsconsumer/traces.go:61.2,61.39 1 1
go.opentelemetry.io/collector/service/internal/obsconsumer/traces.go:61.39,63.16 2 1
go.opentelemetry.io/collector/service/internal/obsconsumer/traces.go:63.16,65.4 1 1
go.opentelemetry.io/collector/service/internal/obsconsumer/traces.go:68.2,69.16 2 1
go.opentelemetry.io/collector/service/internal/obsconsumer/traces.go:69.16,70.38 1 1
go.opentelemetry.io/collector/service/internal/obsconsumer/traces.go:70.38,72.4 1 1
go.opentelemetry.io/collector/service/internal/obsconsumer/traces.go:72.9,75.4 2 1
go.opentelemetry.io/collector/service/internal/obsconsumer/traces.go:76.3,76.50 1 1
go.opentelemetry.io/collector/service/internal/obsconsumer/traces.go:76.50,78.4 1 1
go.opentelemetry.io/collector/service/internal/obsconsumer/traces.go:80.2,80.12 1 1
go.opentelemetry.io/collector/service/internal/obsconsumer/traces.go:83.57,85.2 1 1
go.opentelemetry.io/collector/service/internal/proctelemetry/process_telemetry.go:44.57,46.2 1 0
go.opentelemetry.io/collector/service/internal/proctelemetry/process_telemetry.go:49.51,50.53 1 0
go.opentelemetry.io/collector/service/internal/proctelemetry/process_telemetry.go:50.53,52.3 1 0
go.opentelemetry.io/collector/service/internal/proctelemetry/process_telemetry.go:57.92,59.27 2 1
go.opentelemetry.io/collector/service/internal/proctelemetry/process_telemetry.go:59.27,61.3 1 0
go.opentelemetry.io/collector/service/internal/proctelemetry/process_telemetry.go:62.2,69.24 4 1
go.opentelemetry.io/collector/service/internal/proctelemetry/process_telemetry.go:69.24,71.3 1 0
go.opentelemetry.io/collector/service/internal/proctelemetry/process_telemetry.go:72.2,74.16 3 1
go.opentelemetry.io/collector/service/internal/proctelemetry/process_telemetry.go:74.16,76.3 1 0
go.opentelemetry.io/collector/service/internal/proctelemetry/process_telemetry.go:78.2,79.16 2 1
go.opentelemetry.io/collector/service/internal/proctelemetry/process_telemetry.go:79.16,81.3 1 0
go.opentelemetry.io/collector/service/internal/proctelemetry/process_telemetry.go:82.2,89.3 1 1
go.opentelemetry.io/collector/service/internal/proctelemetry/process_telemetry.go:92.100,96.2 3 1
go.opentelemetry.io/collector/service/internal/proctelemetry/process_telemetry.go:98.93,104.2 5 1
go.opentelemetry.io/collector/service/internal/proctelemetry/process_telemetry.go:106.98,112.2 5 1
go.opentelemetry.io/collector/service/internal/proctelemetry/process_telemetry.go:114.91,120.2 5 1
go.opentelemetry.io/collector/service/internal/proctelemetry/process_telemetry.go:122.97,124.16 2 1
go.opentelemetry.io/collector/service/internal/proctelemetry/process_telemetry.go:124.16,126.3 1 0
go.opentelemetry.io/collector/service/internal/proctelemetry/process_telemetry.go:128.2,130.12 2 1
go.opentelemetry.io/collector/service/internal/proctelemetry/process_telemetry.go:133.94,135.16 2 1
go.opentelemetry.io/collector/service/internal/proctelemetry/process_telemetry.go:135.16,137.3 1 0
go.opentelemetry.io/collector/service/internal/proctelemetry/process_telemetry.go:138.2,139.12 2 1
go.opentelemetry.io/collector/service/internal/proctelemetry/process_telemetry.go:142.50,145.42 2 1
go.opentelemetry.io/collector/service/internal/proctelemetry/process_telemetry.go:145.42,147.3 1 1
go.opentelemetry.io/collector/service/internal/proctelemetry/process_telemetry.go:148.2,149.29 2 1
go.opentelemetry.io/collector/service/internal/graph/capabilities.go:30.68,35.2 1 1
go.opentelemetry.io/collector/service/internal/graph/capabilities.go:37.55,39.2 1 1
go.opentelemetry.io/collector/service/internal/graph/connector.go:40.111,47.2 1 1
go.opentelemetry.io/collector/service/internal/graph/connector.go:49.52,51.2 1 1
go.opentelemetry.io/collector/service/internal/graph/connector.go:59.9,66.28 2 1
go.opentelemetry.io/collector/service/internal/graph/connector.go:67.29,68.49 1 1
go.opentelemetry.io/collector/service/internal/graph/connector.go:69.30,70.50 1 1
go.opentelemetry.io/collector/service/internal/graph/connector.go:71.27,72.47 1 1
go.opentelemetry.io/collector/service/internal/graph/connector.go:73.32,74.51 1 1
go.opentelemetry.io/collector/service/internal/graph/connector.go:76.2,76.12 1 0
go.opentelemetry.io/collector/service/internal/graph/connector.go:84.9,86.16 2 1
go.opentelemetry.io/collector/service/internal/graph/connector.go:86.16,88.3 1 0
go.opentelemetry.io/collector/service/internal/graph/connector.go:90.2,102.29 4 1
go.opentelemetry.io/collector/service/internal/graph/connector.go:102.29,113.3 1 1
go.opentelemetry.io/collector/service/internal/graph/connector.go:114.2,116.28 2 1
go.opentelemetry.io/collector/service/internal/graph/connector.go:117.29,119.17 2 1
go.opentelemetry.io/collector/service/internal/graph/connector.go:119.17,121.4 1 0
go.opentelemetry.io/collector/service/internal/graph/connector.go:124.3,131.67 2 1
go.opentelemetry.io/collector/service/internal/graph/connector.go:132.30,134.17 2 1
go.opentelemetry.io/collector/service/internal/graph/connector.go:134.17,136.4 1 0
go.opentelemetry.io/collector/service/internal/graph/connector.go:137.3,138.69 2 1
go.opentelemetry.io/collector/service/internal/graph/connector.go:139.27,141.17 2 1
go.opentelemetry.io/collector/service/internal/graph/connector.go:141.17,143.4 1 0
go.opentelemetry.io/collector/service/internal/graph/connector.go:144.3,145.63 2 1
go.opentelemetry.io/collector/service/internal/graph/connector.go:146.32,148.17 2 1
go.opentelemetry.io/collector/service/internal/graph/connector.go:148.17,150.4 1 0
go.opentelemetry.io/collector/service/internal/graph/connector.go:151.3,152.72 2 1
go.opentelemetry.io/collector/service/internal/graph/connector.go:154.2,154.12 1 1
go.opentelemetry.io/collector/service/internal/graph/connector.go:162.9,164.16 2 1
go.opentelemetry.io/collector/service/internal/graph/connector.go:164.16,166.3 1 0
go.opentelemetry.io/collector/service/internal/graph/connector.go:168.2,180.29 4 1
go.opentelemetry.io/collector/service/internal/graph/connector.go:180.29,191.3 1 1
go.opentelemetry.io/collector/service/internal/graph/connector.go:192.2,194.28 2 1
go.opentelemetry.io/collector/service/internal/graph/connector.go:195.30,197.17 2 1
go.opentelemetry.io/collector/service/internal/graph/connector.go:197.17,199.4 1 0
go.opentelemetry.io/collector/service/internal/graph/connector.go:202.3,209.69 2 1
go.opentelemetry.io/collector/service/internal/graph/connector.go:210.29,212.17 2 1
go.opentelemetry.io/collector/service/internal/graph/connector.go:212.17,214.4 1 0
go.opentelemetry.io/collector/service/internal/graph/connector.go:215.3,216.67 2 1
go.opentelemetry.io/collector/service/internal/graph/connector.go:217.27,219.17 2 1
go.opentelemetry.io/collector/service/internal/graph/connector.go:219.17,221.4 1 0
go.opentelemetry.io/collector/service/internal/graph/connector.go:222.3,223.63 2 1
go.opentelemetry.io/collector/service/internal/graph/connector.go:224.32,226.17 2 1
go.opentelemetry.io/collector/service/internal/graph/connector.go:226.17,228.4 1 0
go.opentelemetry.io/collector/service/internal/graph/connector.go:229.3,230.72 2 1
go.opentelemetry.io/collector/service/internal/graph/connector.go:232.2,232.12 1 1
go.opentelemetry.io/collector/service/internal/graph/connector.go:240.9,242.16 2 1
go.opentelemetry.io/collector/service/internal/graph/connector.go:242.16,244.3 1 0
go.opentelemetry.io/collector/service/internal/graph/connector.go:246.2,258.29 4 1
go.opentelemetry.io/collector/service/internal/graph/connector.go:258.29,269.3 1 1
go.opentelemetry.io/collector/service/internal/graph/connector.go:270.2,272.28 2 1
go.opentelemetry.io/collector/service/internal/graph/connector.go:273.27,275.17 2 1
go.opentelemetry.io/collector/service/internal/graph/connector.go:275.17,277.4 1 0
go.opentelemetry.io/collector/service/internal/graph/connector.go:280.3,287.63 2 1
go.opentelemetry.io/collector/service/internal/graph/connector.go:288.29,290.17 2 1
go.opentelemetry.io/collector/service/internal/graph/connector.go:290.17,292.4 1 0
go.opentelemetry.io/collector/service/internal/graph/connector.go:293.3,294.67 2 1
go.opentelemetry.io/collector/service/internal/graph/connector.go:295.30,297.17 2 1
go.opentelemetry.io/collector/service/internal/graph/connector.go:297.17,299.4 1 0
go.opentelemetry.io/collector/service/internal/graph/connector.go:300.3,301.69 2 1
go.opentelemetry.io/collector/service/internal/graph/connector.go:302.32,304.17 2 1
go.opentelemetry.io/collector/service/internal/graph/connector.go:304.17,306.4 1 0
go.opentelemetry.io/collector/service/internal/graph/connector.go:307.3,308.72 2 1
go.opentelemetry.io/collector/service/internal/graph/connector.go:310.2,310.12 1 1
go.opentelemetry.io/collector/service/internal/graph/connector.go:318.9,320.16 2 1
go.opentelemetry.io/collector/service/internal/graph/connector.go:320.16,322.3 1 0
go.opentelemetry.io/collector/service/internal/graph/connector.go:324.2,336.29 4 1
go.opentelemetry.io/collector/service/internal/graph/connector.go:336.29,347.3 1 1
go.opentelemetry.io/collector/service/internal/graph/connector.go:348.2,350.28 2 1
go.opentelemetry.io/collector/service/internal/graph/connector.go:351.32,353.17 2 1
go.opentelemetry.io/collector/service/internal/graph/connector.go:353.17,355.4 1 0
go.opentelemetry.io/collector/service/internal/graph/connector.go:358.3,365.72 2 1
go.opentelemetry.io/collector/service/internal/graph/connector.go:366.29,368.17 2 1
go.opentelemetry.io/collector/service/internal/graph/connector.go:368.17,370.4 1 0
go.opentelemetry.io/collector/service/internal/graph/connector.go:371.3,372.67 2 1
go.opentelemetry.io/collector/service/internal/graph/connector.go:373.30,375.17 2 1
go.opentelemetry.io/collector/service/internal/graph/connector.go:375.17,377.4 1 0
go.opentelemetry.io/collector/service/internal/graph/connector.go:378.3,379.69 2 1
go.opentelemetry.io/collector/service/internal/graph/connector.go:380.27,382.17 2 1
go.opentelemetry.io/collector/service/internal/graph/connector.go:382.17,384.4 1 0
go.opentelemetry.io/collector/service/internal/graph/connector.go:385.3,386.63 2 1
go.opentelemetry.io/collector/service/internal/graph/connector.go:388.2,388.12 1 1
go.opentelemetry.io/collector/service/internal/graph/connector.go:395.82,397.29 2 1
go.opentelemetry.io/collector/service/internal/graph/connector.go:397.29,399.3 1 1
go.opentelemetry.io/collector/service/internal/graph/connector.go:400.2,400.21 1 1
go.opentelemetry.io/collector/service/internal/graph/exporter.go:36.87,42.2 1 1
go.opentelemetry.io/collector/service/internal/graph/exporter.go:44.51,46.2 1 1
go.opentelemetry.io/collector/service/internal/graph/exporter.go:53.9,61.16 3 1
go.opentelemetry.io/collector/service/internal/graph/exporter.go:61.16,63.3 1 0
go.opentelemetry.io/collector/service/internal/graph/exporter.go:65.2,71.24 2 1
go.opentelemetry.io/collector/service/internal/graph/exporter.go:72.29,74.17 2 1
go.opentelemetry.io/collector/service/internal/graph/exporter.go:74.17,76.4 1 1
go.opentelemetry.io/collector/service/internal/graph/exporter.go:77.3,78.67 2 1
go.opentelemetry.io/collector/service/internal/graph/exporter.go:79.30,81.17 2 1
go.opentelemetry.io/collector/service/internal/graph/exporter.go:81.17,83.4 1 1
go.opentelemetry.io/collector/service/internal/graph/exporter.go:84.3,85.69 2 1
go.opentelemetry.io/collector/service/internal/graph/exporter.go:86.27,88.17 2 1
go.opentelemetry.io/collector/service/internal/graph/exporter.go:88.17,90.4 1 1
go.opentelemetry.io/collector/service/internal/graph/exporter.go:91.3,92.63 2 1
go.opentelemetry.io/collector/service/internal/graph/exporter.go:93.32,95.17 2 1
go.opentelemetry.io/collector/service/internal/graph/exporter.go:95.17,97.4 1 1
go.opentelemetry.io/collector/service/internal/graph/exporter.go:98.3,99.72 2 1
go.opentelemetry.io/collector/service/internal/graph/exporter.go:100.10,101.108 1 0
go.opentelemetry.io/collector/service/internal/graph/exporter.go:103.2,103.12 1 1
go.opentelemetry.io/collector/service/internal/graph/fanout.go:21.56,26.2 1 1
go.opentelemetry.io/collector/service/internal/graph/fanout.go:28.49,30.2 1 1
go.opentelemetry.io/collector/service/internal/graph/graph.go:74.63,81.46 2 1
go.opentelemetry.io/collector/service/internal/graph/graph.go:81.46,86.3 1 1
go.opentelemetry.io/collector/service/internal/graph/graph.go:87.2,87.51 1 1
go.opentelemetry.io/collector/service/internal/graph/graph.go:87.51,89.3 1 1
go.opentelemetry.io/collector/service/internal/graph/graph.go:90.2,92.23 3 1
go.opentelemetry.io/collector/service/internal/graph/graph.go:97.49,107.59 4 1
go.opentelemetry.io/collector/service/internal/graph/graph.go:107.59,109.48 2 1
go.opentelemetry.io/collector/service/internal/graph/graph.go:109.48,111.49 1 1
go.opentelemetry.io/collector/service/internal/graph/graph.go:111.49,114.13 3 1
go.opentelemetry.io/collector/service/internal/graph/graph.go:116.4,117.44 2 1
go.opentelemetry.io/collector/service/internal/graph/graph.go:120.3,122.49 2 1
go.opentelemetry.io/collector/service/internal/graph/graph.go:122.49,125.4 2 1
go.opentelemetry.io/collector/service/internal/graph/graph.go:127.3,129.48 2 1
go.opentelemetry.io/collector/service/internal/graph/graph.go:129.48,130.49 1 1
go.opentelemetry.io/collector/service/internal/graph/graph.go:130.49,133.13 3 1
go.opentelemetry.io/collector/service/internal/graph/graph.go:135.4,136.42 2 1
go.opentelemetry.io/collector/service/internal/graph/graph.go:140.2,140.33 1 1
go.opentelemetry.io/collector/service/internal/graph/graph.go:140.33,142.21 2 1
go.opentelemetry.io/collector/service/internal/graph/graph.go:142.21,144.4 1 1
go.opentelemetry.io/collector/service/internal/graph/graph.go:145.3,148.59 3 1
go.opentelemetry.io/collector/service/internal/graph/graph.go:148.59,153.4 1 1
go.opentelemetry.io/collector/service/internal/graph/graph.go:154.3,155.59 2 1
go.opentelemetry.io/collector/service/internal/graph/graph.go:155.59,160.4 1 1
go.opentelemetry.io/collector/service/internal/graph/graph.go:162.3,162.33 1 1
go.opentelemetry.io/collector/service/internal/graph/graph.go:162.33,163.34 1 1
go.opentelemetry.io/collector/service/internal/graph/graph.go:163.34,165.95 1 1
go.opentelemetry.io/collector/service/internal/graph/graph.go:165.95,168.6 2 1
go.opentelemetry.io/collector/service/internal/graph/graph.go:172.3,172.47 1 1
go.opentelemetry.io/collector/service/internal/graph/graph.go:172.47,173.20 1 1
go.opentelemetry.io/collector/service/internal/graph/graph.go:173.20,174.13 1 1
go.opentelemetry.io/collector/service/internal/graph/graph.go:176.4,176.195 1 1
go.opentelemetry.io/collector/service/internal/graph/graph.go:178.3,178.47 1 1
go.opentelemetry.io/collector/service/internal/graph/graph.go:178.47,179.20 1 1
go.opentelemetry.io/collector/service/internal/graph/graph.go:179.20,180.13 1 1
go.opentelemetry.io/collector/service/internal/graph/graph.go:182.4,182.195 1 1
go.opentelemetry.io/collector/service/internal/graph/graph.go:185.3,185.52 1 1
go.opentelemetry.io/collector/service/internal/graph/graph.go:185.52,186.53 1 1
go.opentelemetry.io/collector/service/internal/graph/graph.go:186.53,187.105 1 1
go.opentelemetry.io/collector/service/internal/graph/graph.go:187.105,189.14 1 1
go.opentelemetry.io/collector/service/internal/graph/graph.go:191.5,194.57 3 1
go.opentelemetry.io/collector/service/internal/graph/graph.go:198.2,198.12 1 1
go.opentelemetry.io/collector/service/internal/graph/graph.go:202.96,204.34 2 1
go.opentelemetry.io/collector/service/internal/graph/graph.go:204.34,205.29 1 1
go.opentelemetry.io/collector/service/internal/graph/graph.go:205.29,207.4 1 1
go.opentelemetry.io/collector/service/internal/graph/graph.go:209.2,209.18 1 1
go.opentelemetry.io/collector/service/internal/graph/graph.go:212.91,214.63 2 1
go.opentelemetry.io/collector/service/internal/graph/graph.go:214.63,218.3 3 1
go.opentelemetry.io/collector/service/internal/graph/graph.go:219.2,223.17 3 1
go.opentelemetry.io/collector/service/internal/graph/graph.go:226.93,233.2 4 1
go.opentelemetry.io/collector/service/internal/graph/graph.go:235.91,237.62 2 1
go.opentelemetry.io/collector/service/internal/graph/graph.go:237.62,241.3 3 1
go.opentelemetry.io/collector/service/internal/graph/graph.go:242.2,246.16 3 1
go.opentelemetry.io/collector/service/internal/graph/graph.go:249.113,251.63 2 1
go.opentelemetry.io/collector/service/internal/graph/graph.go:251.63,255.3 3 1
go.opentelemetry.io/collector/service/internal/graph/graph.go:256.2,260.17 3 1
go.opentelemetry.io/collector/service/internal/graph/graph.go:264.31,265.33 1 1
go.opentelemetry.io/collector/service/internal/graph/graph.go:265.33,267.41 1 1
go.opentelemetry.io/collector/service/internal/graph/graph.go:267.41,269.4 1 1
go.opentelemetry.io/collector/service/internal/graph/graph.go:272.3,274.43 3 1
go.opentelemetry.io/collector/service/internal/graph/graph.go:274.43,278.4 3 1
go.opentelemetry.io/collector/service/internal/graph/graph.go:281.3,284.41 3 1
go.opentelemetry.io/collector/service/internal/graph/graph.go:284.41,286.4 1 1
go.opentelemetry.io/collector/service/internal/graph/graph.go:293.74,295.16 2 1
go.opentelemetry.io/collector/service/internal/graph/graph.go:295.16,297.3 1 1
go.opentelemetry.io/collector/service/internal/graph/graph.go:299.2,299.39 1 1
go.opentelemetry.io/collector/service/internal/graph/graph.go:299.39,302.27 2 1
go.opentelemetry.io/collector/service/internal/graph/graph.go:303.22,304.107 1 1
go.opentelemetry.io/collector/service/internal/graph/graph.go:305.23,307.111 1 1
go.opentelemetry.io/collector/service/internal/graph/graph.go:308.22,309.82 1 1
go.opentelemetry.io/collector/service/internal/graph/graph.go:310.23,311.108 1 1
go.opentelemetry.io/collector/service/internal/graph/graph.go:312.26,317.62 2 1
go.opentelemetry.io/collector/service/internal/graph/graph.go:317.62,319.5 1 1
go.opentelemetry.io/collector/service/internal/graph/graph.go:320.4,321.33 2 1
go.opentelemetry.io/collector/service/internal/graph/graph.go:322.31,325.43 3 1
go.opentelemetry.io/collector/service/internal/graph/graph.go:326.32,329.45 3 1
go.opentelemetry.io/collector/service/internal/graph/graph.go:330.29,333.39 3 1
go.opentelemetry.io/collector/service/internal/graph/graph.go:334.34,337.47 3 1
go.opentelemetry.io/collector/service/internal/graph/graph.go:339.20,341.33 2 1
go.opentelemetry.io/collector/service/internal/graph/graph.go:342.31,344.32 2 1
go.opentelemetry.io/collector/service/internal/graph/graph.go:344.32,346.6 1 1
go.opentelemetry.io/collector/service/internal/graph/graph.go:347.5,347.57 1 1
go.opentelemetry.io/collector/service/internal/graph/graph.go:348.32,350.32 2 1
go.opentelemetry.io/collector/service/internal/graph/graph.go:350.32,352.6 1 1
go.opentelemetry.io/collector/service/internal/graph/graph.go:353.5,353.58 1 1
go.opentelemetry.io/collector/service/internal/graph/graph.go:354.29,356.32 2 1
go.opentelemetry.io/collector/service/internal/graph/graph.go:356.32,358.6 1 1
go.opentelemetry.io/collector/service/internal/graph/graph.go:359.5,359.55 1 1
go.opentelemetry.io/collector/service/internal/graph/graph.go:360.34,362.32 2 1
go.opentelemetry.io/collector/service/internal/graph/graph.go:362.32,364.6 1 1
go.opentelemetry.io/collector/service/internal/graph/graph.go:365.5,365.59 1 1
go.opentelemetry.io/collector/service/internal/graph/graph.go:368.3,368.17 1 1
go.opentelemetry.io/collector/service/internal/graph/graph.go:368.17,370.4 1 1
go.opentelemetry.io/collector/service/internal/graph/graph.go:372.2,372.12 1 1
go.opentelemetry.io/collector/service/internal/graph/graph.go:376.60,379.23 3 1
go.opentelemetry.io/collector/service/internal/graph/graph.go:379.23,381.3 1 1
go.opentelemetry.io/collector/service/internal/graph/graph.go:382.2,382.14 1 1
go.opentelemetry.io/collector/service/internal/graph/graph.go:404.65,405.17 1 1
go.opentelemetry.io/collector/service/internal/graph/graph.go:405.17,407.3 1 0
go.opentelemetry.io/collector/service/internal/graph/graph.go:409.2,410.16 2 1
go.opentelemetry.io/collector/service/internal/graph/graph.go:410.16,412.3 1 1
go.opentelemetry.io/collector/service/internal/graph/graph.go:417.2,417.39 1 1
go.opentelemetry.io/collector/service/internal/graph/graph.go:417.39,421.10 3 1
go.opentelemetry.io/collector/service/internal/graph/graph.go:421.10,423.12 1 1
go.opentelemetry.io/collector/service/internal/graph/graph.go:426.3,432.99 3 1
go.opentelemetry.io/collector/service/internal/graph/graph.go:432.99,445.4 3 1
go.opentelemetry.io/collector/service/internal/graph/graph.go:447.3,447.47 1 1
go.opentelemetry.io/collector/service/internal/graph/graph.go:449.2,449.12 1 1
go.opentelemetry.io/collector/service/internal/graph/graph.go:452.82,454.16 2 1
go.opentelemetry.io/collector/service/internal/graph/graph.go:454.16,456.3 1 1
go.opentelemetry.io/collector/service/internal/graph/graph.go:462.2,463.23 2 1
go.opentelemetry.io/collector/service/internal/graph/graph.go:463.23,467.10 3 1
go.opentelemetry.io/collector/service/internal/graph/graph.go:467.10,469.12 1 1
go.opentelemetry.io/collector/service/internal/graph/graph.go:472.3,478.52 3 1
go.opentelemetry.io/collector/service/internal/graph/graph.go:478.52,484.12 3 1
go.opentelemetry.io/collector/service/internal/graph/graph.go:487.3,490.4 1 1
go.opentelemetry.io/collector/service/internal/graph/graph.go:492.2,492.13 1 1
go.opentelemetry.io/collector/service/internal/graph/graph.go:495.89,502.33 6 1
go.opentelemetry.io/collector/service/internal/graph/graph.go:502.33,503.40 1 1
go.opentelemetry.io/collector/service/internal/graph/graph.go:503.40,505.78 1 1
go.opentelemetry.io/collector/service/internal/graph/graph.go:505.78,507.5 1 1
go.opentelemetry.io/collector/service/internal/graph/graph.go:510.2,510.21 1 1
go.opentelemetry.io/collector/service/internal/graph/graph.go:513.55,515.74 2 1
go.opentelemetry.io/collector/service/internal/graph/graph.go:515.74,517.3 1 0
go.opentelemetry.io/collector/service/internal/graph/graph.go:520.2,528.34 3 1
go.opentelemetry.io/collector/service/internal/graph/graph.go:528.34,529.45 1 1
go.opentelemetry.io/collector/service/internal/graph/graph.go:529.45,531.9 2 1
go.opentelemetry.io/collector/service/internal/graph/graph.go:536.2,540.29 3 1
go.opentelemetry.io/collector/service/internal/graph/graph.go:540.29,541.27 1 1
go.opentelemetry.io/collector/service/internal/graph/graph.go:542.23,543.129 1 1
go.opentelemetry.io/collector/service/internal/graph/graph.go:544.23,545.142 1 1
go.opentelemetry.io/collector/service/internal/graph/graph.go:546.11,547.12 1 1
go.opentelemetry.io/collector/service/internal/graph/graph.go:550.2,550.81 1 1
go.opentelemetry.io/collector/service/internal/graph/graph.go:553.105,554.17 1 1
go.opentelemetry.io/collector/service/internal/graph/graph.go:555.29,556.18 1 1
go.opentelemetry.io/collector/service/internal/graph/graph.go:557.30,558.38 1 1
go.opentelemetry.io/collector/service/internal/graph/graph.go:559.31,560.39 1 1
go.opentelemetry.io/collector/service/internal/graph/graph.go:561.28,562.36 1 1
go.opentelemetry.io/collector/service/internal/graph/graph.go:563.33,565.11 2 1
go.opentelemetry.io/collector/service/internal/graph/graph.go:565.11,567.5 1 1
go.opentelemetry.io/collector/service/internal/graph/graph.go:568.4,568.44 1 1
go.opentelemetry.io/collector/service/internal/graph/graph.go:570.30,571.18 1 1
go.opentelemetry.io/collector/service/internal/graph/graph.go:572.30,573.39 1 1
go.opentelemetry.io/collector/service/internal/graph/graph.go:574.31,575.40 1 1
go.opentelemetry.io/collector/service/internal/graph/graph.go:576.28,577.37 1 1
go.opentelemetry.io/collector/service/internal/graph/graph.go:578.33,580.11 2 1
go.opentelemetry.io/collector/service/internal/graph/graph.go:580.11,582.5 1 1
go.opentelemetry.io/collector/service/internal/graph/graph.go:583.4,583.45 1 1
go.opentelemetry.io/collector/service/internal/graph/graph.go:585.27,586.18 1 1
go.opentelemetry.io/collector/service/internal/graph/graph.go:587.30,588.36 1 1
go.opentelemetry.io/collector/service/internal/graph/graph.go:589.31,590.37 1 1
go.opentelemetry.io/collector/service/internal/graph/graph.go:591.28,592.34 1 1
go.opentelemetry.io/collector/service/internal/graph/graph.go:593.33,595.11 2 1
go.opentelemetry.io/collector/service/internal/graph/graph.go:595.11,597.5 1 1
go.opentelemetry.io/collector/service/internal/graph/graph.go:598.4,598.42 1 1
go.opentelemetry.io/collector/service/internal/graph/graph.go:600.32,602.10 2 1
go.opentelemetry.io/collector/service/internal/graph/graph.go:602.10,604.4 1 1
go.opentelemetry.io/collector/service/internal/graph/graph.go:605.3,605.18 1 1
go.opentelemetry.io/collector/service/internal/graph/graph.go:606.30,607.44 1 1
go.opentelemetry.io/collector/service/internal/graph/graph.go:608.31,609.45 1 1
go.opentelemetry.io/collector/service/internal/graph/graph.go:610.28,611.42 1 1
go.opentelemetry.io/collector/service/internal/graph/graph.go:612.33,613.46 1 1
go.opentelemetry.io/collector/service/internal/graph/graph.go:616.2,616.42 1 0
go.opentelemetry.io/collector/service/internal/graph/graph.go:630.63,632.2 1 0
go.opentelemetry.io/collector/service/internal/graph/host.go:48.99,49.14 1 0
go.opentelemetry.io/collector/service/internal/graph/host.go:50.30,51.47 1 0
go.opentelemetry.io/collector/service/internal/graph/host.go:52.31,53.48 1 0
go.opentelemetry.io/collector/service/internal/graph/host.go:54.30,55.47 1 0
go.opentelemetry.io/collector/service/internal/graph/host.go:56.31,57.48 1 0
go.opentelemetry.io/collector/service/internal/graph/host.go:58.31,59.48 1 0
go.opentelemetry.io/collector/service/internal/graph/host.go:61.2,61.12 1 0
go.opentelemetry.io/collector/service/internal/graph/host.go:64.72,66.2 1 0
go.opentelemetry.io/collector/service/internal/graph/host.go:68.59,70.2 1 0
go.opentelemetry.io/collector/service/internal/graph/host.go:78.91,80.2 1 0
go.opentelemetry.io/collector/service/internal/graph/host.go:82.113,84.56 2 0
go.opentelemetry.io/collector/service/internal/graph/host.go:84.56,86.3 1 0
go.opentelemetry.io/collector/service/internal/graph/host.go:100.13,108.2 1 1
go.opentelemetry.io/collector/service/internal/graph/host.go:110.73,115.2 4 0
go.opentelemetry.io/collector/service/internal/graph/host.go:117.73,138.2 8 0
go.opentelemetry.io/collector/service/internal/graph/host.go:140.68,145.2 4 0
go.opentelemetry.io/collector/service/internal/graph/host.go:147.57,149.69 2 0
go.opentelemetry.io/collector/service/internal/graph/host.go:149.69,159.3 1 0
go.opentelemetry.io/collector/service/internal/graph/host.go:160.2,160.13 1 0
go.opentelemetry.io/collector/service/internal/graph/host.go:163.72,169.2 1 0
go.opentelemetry.io/collector/service/internal/graph/processor.go:36.83,42.2 1 1
go.opentelemetry.io/collector/service/internal/graph/processor.go:44.52,46.2 1 1
go.opentelemetry.io/collector/service/internal/graph/processor.go:53.9,61.16 3 1
go.opentelemetry.io/collector/service/internal/graph/processor.go:61.16,63.3 1 0
go.opentelemetry.io/collector/service/internal/graph/processor.go:65.2,76.31 3 1
go.opentelemetry.io/collector/service/internal/graph/processor.go:77.29,81.17 2 1
go.opentelemetry.io/collector/service/internal/graph/processor.go:81.17,83.4 1 1
go.opentelemetry.io/collector/service/internal/graph/processor.go:84.3,85.67 2 1
go.opentelemetry.io/collector/service/internal/graph/processor.go:86.30,89.17 2 1
go.opentelemetry.io/collector/service/internal/graph/processor.go:89.17,91.4 1 1
go.opentelemetry.io/collector/service/internal/graph/processor.go:92.3,93.69 2 1
go.opentelemetry.io/collector/service/internal/graph/processor.go:94.27,97.17 2 1
go.opentelemetry.io/collector/service/internal/graph/processor.go:97.17,99.4 1 1
go.opentelemetry.io/collector/service/internal/graph/processor.go:100.3,101.63 2 1
go.opentelemetry.io/collector/service/internal/graph/processor.go:102.32,105.17 2 1
go.opentelemetry.io/collector/service/internal/graph/processor.go:105.17,107.4 1 1
go.opentelemetry.io/collector/service/internal/graph/processor.go:108.3,109.72 2 1
go.opentelemetry.io/collector/service/internal/graph/processor.go:110.10,111.151 1 0
go.opentelemetry.io/collector/service/internal/graph/processor.go:113.2,113.12 1 1
go.opentelemetry.io/collector/service/internal/graph/receiver.go:33.87,39.2 1 1
go.opentelemetry.io/collector/service/internal/graph/receiver.go:46.9,54.16 3 1
go.opentelemetry.io/collector/service/internal/graph/receiver.go:54.16,56.3 1 0
go.opentelemetry.io/collector/service/internal/graph/receiver.go:58.2,64.24 2 1
go.opentelemetry.io/collector/service/internal/graph/receiver.go:65.29,67.30 2 1
go.opentelemetry.io/collector/service/internal/graph/receiver.go:67.30,69.4 1 1
go.opentelemetry.io/collector/service/internal/graph/receiver.go:70.3,72.4 1 1
go.opentelemetry.io/collector/service/internal/graph/receiver.go:73.30,75.30 2 1
go.opentelemetry.io/collector/service/internal/graph/receiver.go:75.30,77.4 1 1
go.opentelemetry.io/collector/service/internal/graph/receiver.go:78.3,79.83 1 1
go.opentelemetry.io/collector/service/internal/graph/receiver.go:80.27,82.30 2 1
go.opentelemetry.io/collector/service/internal/graph/receiver.go:82.30,84.4 1 1
go.opentelemetry.io/collector/service/internal/graph/receiver.go:85.3,86.77 1 1
go.opentelemetry.io/collector/service/internal/graph/receiver.go:87.32,89.30 2 1
go.opentelemetry.io/collector/service/internal/graph/receiver.go:89.30,91.4 1 1
go.opentelemetry.io/collector/service/internal/graph/receiver.go:92.3,93.85 1 1
go.opentelemetry.io/collector/service/internal/graph/receiver.go:94.10,95.108 1 0
go.opentelemetry.io/collector/service/internal/graph/receiver.go:97.2,97.16 1 1
go.opentelemetry.io/collector/service/internal/graph/receiver.go:97.16,99.3 1 1
go.opentelemetry.io/collector/service/internal/graph/receiver.go:100.2,100.12 1 1
go.opentelemetry.io/collector/service/internal/graph/zpages.go:21.70,32.32 9 0
go.opentelemetry.io/collector/service/internal/graph/zpages.go:32.32,34.33 2 0
go.opentelemetry.io/collector/service/internal/graph/zpages.go:34.33,35.25 1 0
go.opentelemetry.io/collector/service/internal/graph/zpages.go:36.23,37.54 1 0
go.opentelemetry.io/collector/service/internal/graph/zpages.go:38.24,39.69 1 0
go.opentelemetry.io/collector/service/internal/graph/zpages.go:42.3,43.34 2 0
go.opentelemetry.io/collector/service/internal/graph/zpages.go:43.34,45.4 1 0
go.opentelemetry.io/collector/service/internal/graph/zpages.go:46.3,47.33 2 0
go.opentelemetry.io/collector/service/internal/graph/zpages.go:47.33,48.25 1 0
go.opentelemetry.io/collector/service/internal/graph/zpages.go:49.23,50.54 1 0
go.opentelemetry.io/collector/service/internal/graph/zpages.go:51.24,52.69 1 0
go.opentelemetry.io/collector/service/internal/graph/zpages.go:56.3,63.5 1 0
go.opentelemetry.io/collector/service/internal/graph/zpages.go:65.2,65.47 1 0
go.opentelemetry.io/collector/service/internal/graph/zpages.go:65.47,67.3 1 0
go.opentelemetry.io/collector/service/internal/graph/zpages.go:68.2,70.70 2 0
go.opentelemetry.io/collector/service/internal/graph/zpages.go:70.70,72.35 2 0
go.opentelemetry.io/collector/service/internal/graph/zpages.go:72.35,74.4 1 0
go.opentelemetry.io/collector/service/internal/graph/zpages.go:75.3,77.5 1 0
go.opentelemetry.io/collector/service/internal/graph/zpages.go:80.2,80.31 1 0
go.opentelemetry.io/collector/service/internal/refconsumer/logs.go:14.48,18.2 1 1
go.opentelemetry.io/collector/service/internal/refconsumer/logs.go:25.71,26.36 1 1
go.opentelemetry.io/collector/service/internal/refconsumer/logs.go:26.36,28.3 1 1
go.opentelemetry.io/collector/service/internal/refconsumer/logs.go:29.2,29.40 1 1
go.opentelemetry.io/collector/service/internal/refconsumer/logs.go:32.55,34.2 1 0
go.opentelemetry.io/collector/service/internal/refconsumer/metrics.go:14.57,18.2 1 1
go.opentelemetry.io/collector/service/internal/refconsumer/metrics.go:25.83,26.39 1 1
go.opentelemetry.io/collector/service/internal/refconsumer/metrics.go:26.39,28.3 1 1
go.opentelemetry.io/collector/service/internal/refconsumer/metrics.go:29.2,29.43 1 1
[...]
go.opentelemetry.io/collector/service/telemetry/otelconftelemetry/internal/migration/v0.3.0.go:295.31,298.2 2 1
go.opentelemetry.io/collector/service/telemetry/otelconftelemetry/internal/migration/v0.3.0.go:300.34,301.22 1 1
go.opentelemetry.io/collector/service/telemetry/otelconftelemetry/internal/migration/v0.3.0.go:302.107,303.14 1 1
go.opentelemetry.io/collector/service/telemetry/otelconftelemetry/internal/migration/v0.3.0.go:304.10,305.15 1 1
go.opentelemetry.io/collector/service/telemetry/otelconftelemetry/internal/migration/v0.3.0.go:309.53,310.19 1 1
go.opentelemetry.io/collector/service/telemetry/otelconftelemetry/internal/migration/v0.3.0.go:310.19,312.3 1 1
go.opentelemetry.io/collector/service/telemetry/otelconftelemetry/internal/migration/v0.3.0.go:313.2,314.24 2 1
go.opentelemetry.io/collector/service/telemetry/otelconftelemetry/internal/migration/v0.3.0.go:314.24,316.3 1 1
go.opentelemetry.io/collector/service/telemetry/otelconftelemetry/internal/migration/v0.3.0.go:317.2,317.27 1 1
go.opentelemetry.io/collector/service/telemetry/otelconftelemetry/internal/migration/v0.3.0.go:320.101,321.16 1 1
go.opentelemetry.io/collector/service/telemetry/otelconftelemetry/internal/migration/v0.3.0.go:321.16,323.3 1 1
go.opentelemetry.io/collector/service/telemetry/otelconftelemetry/internal/migration/v0.3.0.go:324.2,326.30 3 1
go.opentelemetry.io/collector/service/telemetry/otelconftelemetry/internal/migration/v0.3.0.go:326.30,327.14 1 1
go.opentelemetry.io/collector/service/telemetry/otelconftelemetry/internal/migration/v0.3.0.go:328.80,329.12 1 1
go.opentelemetry.io/collector/service/telemetry/otelconftelemetry/internal/migration/v0.3.0.go:330.11,330.11 0 1
go.opentelemetry.io/collector/service/telemetry/otelconftelemetry/internal/migration/v0.3.0.go:332.3,332.19 1 1
go.opentelemetry.io/collector/service/telemetry/otelconftelemetry/internal/migration/v0.3.0.go:332.19,338.12 3 1
go.opentelemetry.io/collector/service/telemetry/otelconftelemetry/internal/migration/v0.3.0.go:340.3,343.5 1 1
go.opentelemetry.io/collector/service/telemetry/otelconftelemetry/internal/migration/v0.3.0.go:345.2,345.23 1 1
go.opentelemetry.io/collector/service/telemetry/otelconftelemetry/internal/migration/v0.3.0.go:345.23,347.3 1 1
go.opentelemetry.io/collector/service/telemetry/otelconftelemetry/internal/migration/v0.3.0.go:348.2,348.23 1 1
go.opentelemetry.io/collector/service/telemetry/otelconftelemetry/internal/migration/v0.3.0.go:351.62,353.42 2 1
go.opentelemetry.io/collector/service/telemetry/otelconftelemetry/internal/migration/v0.3.0.go:353.42,366.42 2 1
go.opentelemetry.io/collector/service/telemetry/otelconftelemetry/internal/migration/v0.3.0.go:366.42,370.4 1 0
go.opentelemetry.io/collector/service/telemetry/otelconftelemetry/internal/migration/v0.3.0.go:372.3,372.36 1 1
go.opentelemetry.io/collector/service/telemetry/otelconftelemetry/internal/migration/v0.3.0.go:375.2,375.33 1 1
go.opentelemetry.io/collector/service/telemetry/otelconftelemetry/internal/migration/v0.3.0.go:375.33,376.21 1 1
go.opentelemetry.io/collector/service/telemetry/otelconftelemetry/internal/migration/v0.3.0.go:376.21,377.36 1 1
go.opentelemetry.io/collector/service/telemetry/otelconftelemetry/internal/migration/v0.3.0.go:377.36,379.5 1 1
go.opentelemetry.io/collector/service/telemetry/otelconftelemetry/internal/migration/v0.3.0.go:381.3,381.22 1 1
go.opentelemetry.io/collector/service/telemetry/otelconftelemetry/internal/migration/v0.3.0.go:381.22,382.79 1 1
go.opentelemetry.io/collector/service/telemetry/otelconftelemetry/internal/migration/v0.3.0.go:382.79,384.5 1 1
go.opentelemetry.io/collector/service/telemetry/otelconftelemetry/internal/migration/v0.3.0.go:387.2,387.12 1 1
go.opentelemetry.io/collector/service/internal/promtest/server_util.go:16.79,18.2 1 0
go.opentelemetry.io/collector/service/internal/promtest/server_util.go:20.75,22.2 1 0
go.opentelemetry.io/collector/service/internal/promtest/server_util.go:24.58,26.19 2 0
go.opentelemetry.io/collector/service/internal/promtest/server_util.go:26.19,28.3 1 0
go.opentelemetry.io/collector/service/internal/promtest/server_util.go:29.2,29.16 1 0
go.opentelemetry.io/collector/service/internal/promtest/server_util.go:29.16,31.3 1 0
go.opentelemetry.io/collector/service/internal/promtest/server_util.go:32.2,33.16 2 0
go.opentelemetry.io/collector/service/internal/promtest/server_util.go:33.16,35.3 1 0
go.opentelemetry.io/collector/service/internal/promtest/server_util.go:36.2,45.3 1 0
go.opentelemetry.io/collector/service/internal/promtest/server_util.go:48.25,50.2 1 0
go.opentelemetry.io/collector/service/telemetry/otelconftelemetry/config.go:48.35,50.81 1 1
go.opentelemetry.io/collector/service/telemetry/otelconftelemetry/config.go:50.81,52.3 1 1
go.opentelemetry.io/collector/service/telemetry/otelconftelemetry/config.go:54.2,54.80 1 1
go.opentelemetry.io/collector/service/telemetry/otelconftelemetry/config.go:54.80,56.3 1 1
go.opentelemetry.io/collector/service/telemetry/otelconftelemetry/config.go:58.2,58.12 1 1
go.opentelemetry.io/collector/service/telemetry/otelconftelemetry/factory.go:20.37,28.2 1 1
go.opentelemetry.io/collector/service/telemetry/otelconftelemetry/factory.go:30.45,32.83 2 1
go.opentelemetry.io/collector/service/telemetry/otelconftelemetry/factory.go:32.83,34.3 1 1
go.opentelemetry.io/collector/service/telemetry/otelconftelemetry/factory.go:36.2,73.3 1 1
go.opentelemetry.io/collector/service/telemetry/otelconftelemetry/factory.go:76.25,78.2 1 1
go.opentelemetry.io/collector/service/telemetry/otelconftelemetry/logger.go:23.48,26.16 3 1
go.opentelemetry.io/collector/service/telemetry/otelconftelemetry/logger.go:26.16,28.3 1 0
go.opentelemetry.io/collector/service/telemetry/otelconftelemetry/logger.go:30.2,48.34 6 1
go.opentelemetry.io/collector/service/telemetry/otelconftelemetry/logger.go:48.34,51.3 1 1
go.opentelemetry.io/collector/service/telemetry/otelconftelemetry/logger.go:53.2,54.27 2 1
go.opentelemetry.io/collector/service/telemetry/otelconftelemetry/logger.go:54.27,58.3 1 1
go.opentelemetry.io/collector/service/telemetry/otelconftelemetry/logger.go:59.2,60.16 2 1
go.opentelemetry.io/collector/service/telemetry/otelconftelemetry/logger.go:60.16,62.3 1 1
go.opentelemetry.io/collector/service/telemetry/otelconftelemetry/logger.go:71.2,71.77 1 1
go.opentelemetry.io/collector/service/telemetry/otelconftelemetry/logger.go:71.77,72.78 1 1
go.opentelemetry.io/collector/service/telemetry/otelconftelemetry/logger.go:72.78,74.42 2 1
go.opentelemetry.io/collector/service/telemetry/otelconftelemetry/logger.go:74.42,76.5 1 1
go.opentelemetry.io/collector/service/telemetry/otelconftelemetry/logger.go:78.4,79.37 2 1
go.opentelemetry.io/collector/service/telemetry/otelconftelemetry/logger.go:83.2,83.59 1 1
go.opentelemetry.io/collector/service/telemetry/otelconftelemetry/logger.go:83.59,84.81 1 1
go.opentelemetry.io/collector/service/telemetry/otelconftelemetry/logger.go:84.81,91.4 1 1
go.opentelemetry.io/collector/service/telemetry/otelconftelemetry/logger.go:94.2,99.16 2 1
go.opentelemetry.io/collector/service/telemetry/otelconftelemetry/logger.go:99.16,101.3 1 1
go.opentelemetry.io/collector/service/telemetry/otelconftelemetry/logger.go:106.2,107.80 2 1
go.opentelemetry.io/collector/service/telemetry/otelconftelemetry/logger.go:107.80,114.3 2 1
go.opentelemetry.io/collector/service/telemetry/otelconftelemetry/logger.go:116.2,116.34 1 1
go.opentelemetry.io/collector/service/telemetry/otelconftelemetry/logger_tee.go:24.47,33.2 1 1
go.opentelemetry.io/collector/service/telemetry/otelconftelemetry/logger_tee.go:51.61,53.68 2 1
go.opentelemetry.io/collector/service/telemetry/otelconftelemetry/logger_tee.go:53.68,55.10 2 1
go.opentelemetry.io/collector/service/telemetry/otelconftelemetry/logger_tee.go:55.10,57.4 1 1
go.opentelemetry.io/collector/service/telemetry/otelconftelemetry/logger_tee.go:59.3,64.14 2 1
go.opentelemetry.io/collector/service/telemetry/otelconftelemetry/logger_tee.go:66.2,68.11 3 1
go.opentelemetry.io/collector/service/telemetry/otelconftelemetry/logger_tee.go:71.53,73.2 1 1
go.opentelemetry.io/collector/service/telemetry/otelconftelemetry/logger_tee.go:75.94,77.15 2 1
go.opentelemetry.io/collector/service/telemetry/otelconftelemetry/logger_tee.go:77.15,80.3 1 1
go.opentelemetry.io/collector/service/telemetry/otelconftelemetry/logger_tee.go:81.2,81.11 1 1
go.opentelemetry.io/collector/service/telemetry/otelconftelemetry/logger_tee.go:86.76,91.2 1 0
go.opentelemetry.io/collector/service/telemetry/otelconftelemetry/logger_tee.go:93.32,98.2 1 0
go.opentelemetry.io/collector/service/telemetry/otelconftelemetry/metrics.go:21.36,23.52 2 1
go.opentelemetry.io/collector/service/telemetry/otelconftelemetry/metrics.go:23.52,26.3 2 1
go.opentelemetry.io/collector/service/telemetry/otelconftelemetry/metrics.go:26.8,26.64 1 1
go.opentelemetry.io/collector/service/telemetry/otelconftelemetry/metrics.go:26.64,28.3 1 1
go.opentelemetry.io/collector/service/telemetry/otelconftelemetry/metrics.go:30.2,31.16 2 1
go.opentelemetry.io/collector/service/telemetry/otelconftelemetry/metrics.go:31.16,33.3 1 0
go.opentelemetry.io/collector/service/telemetry/otelconftelemetry/metrics.go:34.2,38.16 3 1
go.opentelemetry.io/collector/service/telemetry/otelconftelemetry/metrics.go:38.16,40.3 1 1
go.opentelemetry.io/collector/service/telemetry/otelconftelemetry/metrics.go:41.2,41.59 1 1
go.opentelemetry.io/collector/service/telemetry/otelconftelemetry/metrics.go:48.58,50.2 1 1
go.opentelemetry.io/collector/service/telemetry/otelconftelemetry/resource.go:27.29,30.16 3 1
go.opentelemetry.io/collector/service/telemetry/otelconftelemetry/resource.go:30.16,32.3 1 1
go.opentelemetry.io/collector/service/telemetry/otelconftelemetry/resource.go:33.2,33.42 1 1
go.opentelemetry.io/collector/service/telemetry/otelconftelemetry/resource.go:37.79,39.21 2 1
go.opentelemetry.io/collector/service/telemetry/otelconftelemetry/resource.go:39.21,41.52 2 1
go.opentelemetry.io/collector/service/telemetry/otelconftelemetry/resource.go:41.52,44.4 2 1
go.opentelemetry.io/collector/service/telemetry/otelconftelemetry/resource.go:46.2,46.15 1 1
go.opentelemetry.io/collector/service/telemetry/otelconftelemetry/resource.go:49.124,50.16 1 1
go.opentelemetry.io/collector/service/telemetry/otelconftelemetry/resource.go:50.16,52.3 1 1
go.opentelemetry.io/collector/service/telemetry/otelconftelemetry/resource.go:58.2,61.34 3 1
go.opentelemetry.io/collector/service/telemetry/otelconftelemetry/resource.go:61.34,63.3 1 1
go.opentelemetry.io/collector/service/telemetry/otelconftelemetry/resource.go:65.2,67.46 3 1
go.opentelemetry.io/collector/service/telemetry/otelconftelemetry/resource.go:67.46,68.22 1 1
go.opentelemetry.io/collector/service/telemetry/otelconftelemetry/resource.go:68.22,70.4 1 1
go.opentelemetry.io/collector/service/telemetry/otelconftelemetry/resource.go:71.3,72.24 2 1
go.opentelemetry.io/collector/service/telemetry/otelconftelemetry/resource.go:72.24,74.4 1 1
go.opentelemetry.io/collector/service/telemetry/otelconftelemetry/resource.go:77.2,78.16 2 1
go.opentelemetry.io/collector/service/telemetry/otelconftelemetry/resource.go:78.16,80.3 1 1
go.opentelemetry.io/collector/service/telemetry/otelconftelemetry/resource.go:81.2,81.33 1 1
go.opentelemetry.io/collector/service/telemetry/otelconftelemetry/resource.go:81.33,82.22 1 1
go.opentelemetry.io/collector/service/telemetry/otelconftelemetry/resource.go:82.22,84.4 1 1
go.opentelemetry.io/collector/service/telemetry/otelconftelemetry/resource.go:85.3,85.31 1 1
go.opentelemetry.io/collector/service/telemetry/otelconftelemetry/resource.go:88.2,93.4 2 1
go.opentelemetry.io/collector/service/telemetry/otelconftelemetry/resource.go:93.4,94.26 1 1
go.opentelemetry.io/collector/service/telemetry/otelconftelemetry/resource.go:94.26,96.12 2 1
go.opentelemetry.io/collector/service/telemetry/otelconftelemetry/resource.go:98.3,98.43 1 1
go.opentelemetry.io/collector/service/telemetry/otelconftelemetry/resource.go:98.43,100.4 1 1
go.opentelemetry.io/collector/service/telemetry/otelconftelemetry/resource.go:102.2,103.16 2 1
go.opentelemetry.io/collector/service/telemetry/otelconftelemetry/resource.go:103.16,105.3 1 1
go.opentelemetry.io/collector/service/telemetry/otelconftelemetry/resource.go:106.2,110.4 1 1
go.opentelemetry.io/collector/service/telemetry/otelconftelemetry/resource.go:110.4,111.30 1 1
go.opentelemetry.io/collector/service/telemetry/otelconftelemetry/resource.go:111.30,112.12 1 1
go.opentelemetry.io/collector/service/telemetry/otelconftelemetry/resource.go:114.3,114.38 1 1
go.opentelemetry.io/collector/service/telemetry/otelconftelemetry/resource.go:114.38,120.4 2 1
go.opentelemetry.io/collector/service/telemetry/otelconftelemetry/resource.go:123.2,124.46 2 1
go.opentelemetry.io/collector/service/telemetry/otelconftelemetry/resource.go:124.46,125.24 1 1
go.opentelemetry.io/collector/service/telemetry/otelconftelemetry/resource.go:125.24,126.12 1 1
go.opentelemetry.io/collector/service/telemetry/otelconftelemetry/resource.go:128.3,128.36 1 1
go.opentelemetry.io/collector/service/telemetry/otelconftelemetry/resource.go:131.2,136.8 1 1
go.opentelemetry.io/collector/service/telemetry/otelconftelemetry/resource_convert.go:21.82,25.16 4 1
go.opentelemetry.io/collector/service/telemetry/otelconftelemetry/resource_convert.go:25.16,27.3 1 1
go.opentelemetry.io/collector/service/telemetry/otelconftelemetry/resource_convert.go:28.2,28.30 1 1
go.opentelemetry.io/collector/service/telemetry/otelconftelemetry/resource_convert.go:28.30,30.3 1 1
go.opentelemetry.io/collector/service/telemetry/otelconftelemetry/resource_convert.go:31.2,31.24 1 1
go.opentelemetry.io/collector/service/telemetry/otelconftelemetry/resource_convert.go:34.121,36.16 2 1
go.opentelemetry.io/collector/service/telemetry/otelconftelemetry/resource_convert.go:36.16,38.3 1 1
go.opentelemetry.io/collector/service/telemetry/otelconftelemetry/resource_convert.go:39.2,42.20 4 1
go.opentelemetry.io/collector/service/telemetry/otelconftelemetry/resource_convert.go:45.82,46.22 1 1
go.opentelemetry.io/collector/service/telemetry/otelconftelemetry/resource_convert.go:46.22,48.3 1 1
go.opentelemetry.io/collector/service/telemetry/otelconftelemetry/resource_convert.go:49.2,50.15 2 1
go.opentelemetry.io/collector/service/telemetry/otelconftelemetry/resource_convert.go:50.15,52.3 1 1
go.opentelemetry.io/collector/service/telemetry/otelconftelemetry/resource_convert.go:54.2,57.29 4 1
go.opentelemetry.io/collector/service/telemetry/otelconftelemetry/resource_convert.go:57.29,59.13 2 1
go.opentelemetry.io/collector/service/telemetry/otelconftelemetry/resource_convert.go:59.13,61.12 2 1
go.opentelemetry.io/collector/service/telemetry/otelconftelemetry/resource_convert.go:63.3,65.17 3 1
go.opentelemetry.io/collector/service/telemetry/otelconftelemetry/resource_convert.go:65.17,67.4 1 1
go.opentelemetry.io/collector/service/telemetry/otelconftelemetry/resource_convert.go:68.3,71.5 1 1
go.opentelemetry.io/collector/service/telemetry/otelconftelemetry/resource_convert.go:73.2,73.22 1 1
go.opentelemetry.io/collector/service/telemetry/otelconftelemetry/resource_convert.go:73.22,75.3 1 1
go.opentelemetry.io/collector/service/telemetry/otelconftelemetry/resource_convert.go:76.2,76.19 1 1
go.opentelemetry.io/collector/service/telemetry/otelconftelemetry/resource_convert.go:79.69,80.29 1 1
go.opentelemetry.io/collector/service/telemetry/otelconftelemetry/resource_convert.go:81.12,82.27 1 1
go.opentelemetry.io/collector/service/telemetry/otelconftelemetry/resource_convert.go:83.13,84.26 1 1
go.opentelemetry.io/collector/service/telemetry/otelconftelemetry/resource_convert.go:85.14,86.30 1 1
go.opentelemetry.io/collector/service/telemetry/otelconftelemetry/resource_convert.go:86.30,88.4 1 1
go.opentelemetry.io/collector/service/telemetry/otelconftelemetry/resource_convert.go:88.9,90.4 1 1
go.opentelemetry.io/collector/service/telemetry/otelconftelemetry/resource_convert.go:91.15,92.29 1 1
go.opentelemetry.io/collector/service/telemetry/otelconftelemetry/resource_convert.go:93.12,94.33 1 1
go.opentelemetry.io/collector/service/telemetry/otelconftelemetry/resource_convert.go:95.13,96.33 1 1
go.opentelemetry.io/collector/service/telemetry/otelconftelemetry/resource_convert.go:97.13,98.33 1 1
go.opentelemetry.io/collector/service/telemetry/otelconftelemetry/resource_convert.go:99.14,100.33 1 1
go.opentelemetry.io/collector/service/telemetry/otelconftelemetry/resource_convert.go:101.13,102.33 1 1
go.opentelemetry.io/collector/service/telemetry/otelconftelemetry/resource_convert.go:103.14,104.33 1 1
go.opentelemetry.io/collector/service/telemetry/otelconftelemetry/resource_convert.go:105.15,106.38 1 1
go.opentelemetry.io/collector/service/telemetry/otelconftelemetry/resource_convert.go:107.11,108.33 1 1
go.opentelemetry.io/collector/service/telemetry/otelconftelemetry/resource_convert.go:109.12,110.28 1 1
go.opentelemetry.io/collector/service/telemetry/otelconftelemetry/resource_convert.go:110.28,112.4 1 1
go.opentelemetry.io/collector/service/telemetry/otelconftelemetry/resource_convert.go:112.9,114.4 1 1
go.opentelemetry.io/collector/service/telemetry/otelconftelemetry/resource_convert.go:115.14,116.26 1 1
go.opentelemetry.io/collector/service/telemetry/otelconftelemetry/resource_convert.go:117.10,118.40 1 1
go.opentelemetry.io/collector/service/telemetry/otelconftelemetry/resource_convert.go:122.76,123.18 1 1
go.opentelemetry.io/collector/service/telemetry/otelconftelemetry/resource_convert.go:124.29,125.37 1 1
go.opentelemetry.io/collector/service/telemetry/otelconftelemetry/resource_convert.go:126.28,127.37 1 1
go.opentelemetry.io/collector/service/telemetry/otelconftelemetry/resource_convert.go:128.31,129.42 1 1
go.opentelemetry.io/collector/service/telemetry/otelconftelemetry/resource_convert.go:130.28,131.38 1 1
go.opentelemetry.io/collector/service/telemetry/otelconftelemetry/resource_convert.go:132.30,133.56 1 1
go.opentelemetry.io/collector/service/telemetry/otelconftelemetry/resource_convert.go:134.10,135.52 1 1
go.opentelemetry.io/collector/service/telemetry/otelconftelemetry/sdk.go:12.119,13.19 1 1
go.opentelemetry.io/collector/service/telemetry/otelconftelemetry/sdk.go:13.19,15.3 1 1
go.opentelemetry.io/collector/service/telemetry/otelconftelemetry/sdk.go:16.2,16.92 1 1
go.opentelemetry.io/collector/service/telemetry/otelconftelemetry/tracer.go:34.37,36.51 2 1
go.opentelemetry.io/collector/service/telemetry/otelconftelemetry/tracer.go:36.51,39.3 2 1
go.opentelemetry.io/collector/service/telemetry/otelconftelemetry/tracer.go:41.2,42.16 2 1
go.opentelemetry.io/collector/service/telemetry/otelconftelemetry/tracer.go:42.16,44.3 1 1
go.opentelemetry.io/collector/service/telemetry/otelconftelemetry/tracer.go:45.2,48.16 3 1
go.opentelemetry.io/collector/service/telemetry/otelconftelemetry/tracer.go:48.16,50.3 1 0
go.opentelemetry.io/collector/service/telemetry/otelconftelemetry/tracer.go:51.2,54.16 2 1
go.opentelemetry.io/collector/service/telemetry/otelconftelemetry/tracer.go:54.16,56.3 1 1
go.opentelemetry.io/collector/service/telemetry/otelconftelemetry/tracer.go:57.2,57.61 1 1
go.opentelemetry.io/collector/service/telemetry/otelconftelemetry/tracer.go:68.126,70.2 1 1
go.opentelemetry.io/collector/service/telemetry/otelconftelemetry/tracer.go:76.73,78.2 1 1
go.opentelemetry.io/collector/service/telemetry/otelconftelemetry/tracer.go:80.94,82.2 1 1
go.opentelemetry.io/collector/service/telemetry/otelconftelemetry/tracer.go:84.89,86.29 2 1
go.opentelemetry.io/collector/service/telemetry/otelconftelemetry/tracer.go:86.29,87.15 1 1
go.opentelemetry.io/collector/service/telemetry/otelconftelemetry/tracer.go:88.31,89.79 1 1
go.opentelemetry.io/collector/service/telemetry/otelconftelemetry/tracer.go:90.21,91.61 1 1
go.opentelemetry.io/collector/service/telemetry/otelconftelemetry/tracer.go:92.11,93.40 1 1
go.opentelemetry.io/collector/service/telemetry/otelconftelemetry/tracer.go:96.2,96.78 1 1
